Αυγ 28, 2023 4:34:16 Μ.Μ. User toString
FINE: 4777: User Kal zzx accessed
Αυγ 28, 2023 4:34:16 Μ.Μ. User toString
FINE: 4778: User rwfrwfr rfwrgf accessed
Αυγ 28, 2023 4:34:16 Μ.Μ. User toString
FINE: 4779: User Apostolos Kazopidis accessed
Αυγ 28, 2023 4:34:16 Μ.Μ. User toString
FINE: 4780: User Georgios Sakalas accessed
Αυγ 28, 2023 4:34:16 Μ.Μ. User toString
FINE: 4781: User test accessed
Αυγ 28, 2023 4:34:16 Μ.Μ. User toString
FINE: 4782: User Kal zzx accessed
Αυγ 28, 2023 4:34:16 Μ.Μ. User toString
FINE: 4783: User rwfrwfr rfwrgf accessed
Αυγ 28, 2023 4:34:16 Μ.Μ. User toString
FINE: 4784: User Apostolos Kazopidis accessed
Αυγ 28, 2023 4:34:16 Μ.Μ. User toString
FINE: 4785: User Georgios Sakalas accessed
Αυγ 28, 2023 4:34:16 Μ.Μ. User toString
FINE: 4786: User test accessed
Αυγ 28, 2023 4:34:16 Μ.Μ. User toString
FINE: 4787: User Kal zzx accessed
Αυγ 28, 2023 4:34:16 Μ.Μ. User toString
FINE: 4788: User rwfrwfr rfwrgf accessed
Αυγ 28, 2023 4:34:16 Μ.Μ. User toString
FINE: 4789: User Apostolos Kazopidis accessed
Αυγ 28, 2023 4:34:16 Μ.Μ. User toString
FINE: 4790: User Georgios Sakalas accessed
Αυγ 28, 2023 4:34:16 Μ.Μ. User toString
FINE: 4791: User test accessed
Αυγ 28, 2023 4:34:16 Μ.Μ. User toString
FINE: 4792: User Kal zzx accessed
Αυγ 28, 2023 4:34:16 Μ.Μ. User toString
FINE: 4793: User rwfrwfr rfwrgf accessed
Αυγ 28, 2023 4:34:16 Μ.Μ. User toString
FINE: 4794: User Apostolos Kazopidis accessed
Αυγ 28, 2023 4:34:16 Μ.Μ. User toString
FINE: 4795: User Georgios Sakalas accessed
Αυγ 28, 2023 4:34:16 Μ.Μ. User toString
FINE: 4796: User test accessed
Αυγ 28, 2023 4:34:16 Μ.Μ. User toString
FINE: 4797: User Kal zzx accessed
Αυγ 28, 2023 4:34:16 Μ.Μ. User toString
FINE: 4798: User rwfrwfr rfwrgf accessed
Αυγ 28, 2023 4:34:16 Μ.Μ. User toString
FINE: 4799: User Apostolos Kazopidis accessed
Αυγ 28, 2023 4:34:16 Μ.Μ. User toString
FINE: 4800: User Georgios Sakalas accessed
Αυγ 28, 2023 4:34:16 Μ.Μ. User toString
FINE: 4801: User test accessed
Αυγ 28, 2023 4:34:16 Μ.Μ. User toString
FINE: 4802: User Kal zzx accessed
Αυγ 28, 2023 4:34:16 Μ.Μ. User toString
FINE: 4803: User rwfrwfr rfwrgf accessed
Αυγ 28, 2023 4:34:16 Μ.Μ. User toString
FINE: 4804: User Apostolos Kazopidis accessed
Αυγ 28, 2023 4:34:16 Μ.Μ. User toString
FINE: 4805: User Georgios Sakalas accessed
Αυγ 28, 2023 4:34:16 Μ.Μ. User toString
FINE: 4806: User test accessed
Αυγ 28, 2023 4:34:16 Μ.Μ. User toString
FINE: 4807: User Kal zzx accessed
Αυγ 28, 2023 4:34:16 Μ.Μ. User toString
FINE: 4808: User rwfrwfr rfwrgf accessed
Αυγ 28, 2023 4:34:16 Μ.Μ. User toString
FINE: 4809: User Apostolos Kazopidis accessed
Αυγ 28, 2023 4:34:16 Μ.Μ. User toString
FINE: 4810: User Georgios Sakalas accessed
Αυγ 28, 2023 4:34:16 Μ.Μ. User toString
FINE: 4811: User test accessed
Αυγ 28, 2023 4:34:16 Μ.Μ. User toString
FINE: 4812: User Kal zzx accessed
Αυγ 28, 2023 4:34:16 Μ.Μ. User toString
FINE: 4813: User rwfrwfr rfwrgf accessed
Αυγ 28, 2023 4:34:16 Μ.Μ. User toString
FINE: 4814: User Apostolos Kazopidis accessed
Αυγ 28, 2023 4:34:16 Μ.Μ. User toString
FINE: 4815: User Georgios Sakalas accessed
Αυγ 28, 2023 4:34:16 Μ.Μ. User toString
FINE: 4816: User test accessed
Αυγ 28, 2023 4:34:16 Μ.Μ. User toString
FINE: 4817: User Kal zzx accessed
Αυγ 28, 2023 4:34:16 Μ.Μ. User toString
FINE: 4818: User rwfrwfr rfwrgf accessed
Αυγ 28, 2023 4:34:16 Μ.Μ. User toString
FINE: 4819: User Apostolos Kazopidis accessed
Αυγ 28, 2023 4:34:16 Μ.Μ. User toString
FINE: 4820: User Georgios Sakalas accessed
Αυγ 28, 2023 4:34:16 Μ.Μ. User toString
FINE: 4821: User test accessed
Αυγ 28, 2023 4:34:16 Μ.Μ. User toString
FINE: 4822: User Kal zzx accessed
Αυγ 28, 2023 4:34:16 Μ.Μ. User toString
FINE: 4823: User rwfrwfr rfwrgf accessed
Αυγ 28, 2023 4:34:16 Μ.Μ. User toString
FINE: 4824: User Apostolos Kazopidis accessed
Αυγ 28, 2023 4:34:16 Μ.Μ. User toString
FINE: 4825: User Georgios Sakalas accessed
Αυγ 28, 2023 4:34:16 Μ.Μ. User toString
FINE: 4826: User test accessed
Αυγ 28, 2023 4:34:16 Μ.Μ. User toString
FINE: 4827: User Kal zzx accessed
Αυγ 28, 2023 4:34:16 Μ.Μ. User toString
FINE: 4828: User rwfrwfr rfwrgf accessed
Αυγ 28, 2023 4:34:16 Μ.Μ. User toString
FINE: 4829: User Apostolos Kazopidis accessed
Αυγ 28, 2023 4:34:16 Μ.Μ. User toString
FINE: 4830: User Georgios Sakalas accessed
Αυγ 28, 2023 4:34:16 Μ.Μ. User toString
FINE: 4831: User test accessed
Αυγ 28, 2023 4:34:16 Μ.Μ. User toString
FINE: 4832: User Kal zzx accessed
Αυγ 28, 2023 4:34:16 Μ.Μ. User toString
FINE: 4833: User rwfrwfr rfwrgf accessed
Αυγ 28, 2023 4:34:16 Μ.Μ. User toString
FINE: 4834: User Apostolos Kazopidis accessed
Αυγ 28, 2023 4:34:16 Μ.Μ. User toString
FINE: 4835: User Georgios Sakalas accessed
Αυγ 28, 2023 4:34:16 Μ.Μ. User toString
FINE: 4836: User test accessed
Αυγ 28, 2023 4:34:16 Μ.Μ. User toString
FINE: 4837: User Kal zzx accessed
Αυγ 28, 2023 4:34:16 Μ.Μ. User toString
FINE: 4838: User rwfrwfr rfwrgf accessed
Αυγ 28, 2023 4:34:16 Μ.Μ. User toString
FINE: 4839: User Apostolos Kazopidis accessed
Αυγ 28, 2023 4:34:16 Μ.Μ. User toString
FINE: 4840: User Georgios Sakalas accessed
Αυγ 28, 2023 4:34:16 Μ.Μ. User toString
FINE: 4841: User test accessed
Αυγ 28, 2023 4:34:16 Μ.Μ. User toString
FINE: 4842: User Kal zzx accessed
Αυγ 28, 2023 4:34:16 Μ.Μ. User toString
FINE: 4843: User rwfrwfr rfwrgf accessed
Αυγ 28, 2023 4:34:16 Μ.Μ. User toString
FINE: 4844: User Apostolos Kazopidis accessed
Αυγ 28, 2023 4:34:16 Μ.Μ. User toString
FINE: 4845: User Georgios Sakalas accessed
Αυγ 28, 2023 4:34:16 Μ.Μ. User toString
FINE: 4846: User test accessed
Αυγ 28, 2023 4:34:16 Μ.Μ. User toString
FINE: 4847: User Kal zzx accessed
Αυγ 28, 2023 4:34:16 Μ.Μ. User toString
FINE: 4848: User rwfrwfr rfwrgf accessed
Αυγ 28, 2023 4:34:16 Μ.Μ. User toString
FINE: 4849: User Apostolos Kazopidis accessed
Αυγ 28, 2023 4:34:16 Μ.Μ. User toString
FINE: 4850: User Georgios Sakalas accessed
Αυγ 28, 2023 4:34:16 Μ.Μ. User toString
FINE: 4851: User test accessed
Αυγ 28, 2023 4:34:16 Μ.Μ. User toString
FINE: 4852: User Kal zzx accessed
Αυγ 28, 2023 4:34:16 Μ.Μ. User toString
FINE: 4853: User rwfrwfr rfwrgf accessed
Αυγ 28, 2023 4:34:16 Μ.Μ. User toString
FINE: 4854: User Apostolos Kazopidis accessed
Αυγ 28, 2023 4:34:16 Μ.Μ. User toString
FINE: 4855: User Georgios Sakalas accessed
Αυγ 28, 2023 4:34:16 Μ.Μ. User toString
FINE: 4856: User test accessed
Αυγ 28, 2023 4:34:16 Μ.Μ. User toString
FINE: 4857: User Kal zzx accessed
Αυγ 28, 2023 4:34:16 Μ.Μ. User toString
FINE: 4858: User rwfrwfr rfwrgf accessed
Αυγ 28, 2023 4:34:16 Μ.Μ. User toString
FINE: 4859: User Apostolos Kazopidis accessed
Αυγ 28, 2023 4:34:16 Μ.Μ. User toString
FINE: 4860: User Georgios Sakalas accessed
Αυγ 28, 2023 4:34:16 Μ.Μ. User toString
FINE: 4861: User test accessed
Αυγ 28, 2023 4:34:16 Μ.Μ. User toString
FINE: 4862: User Kal zzx accessed
Αυγ 28, 2023 4:34:16 Μ.Μ. User toString
FINE: 4863: User rwfrwfr rfwrgf accessed
Αυγ 28, 2023 4:34:16 Μ.Μ. User toString
FINE: 4864: User Apostolos Kazopidis accessed
Αυγ 28, 2023 4:34:16 Μ.Μ. User toString
FINE: 4865: User Georgios Sakalas accessed
Αυγ 28, 2023 4:34:16 Μ.Μ. User toString
FINE: 4866: User test accessed
Αυγ 28, 2023 4:34:16 Μ.Μ. User toString
FINE: 4867: User Kal zzx accessed
Αυγ 28, 2023 4:34:16 Μ.Μ. User toString
FINE: 4868: User rwfrwfr rfwrgf accessed
Αυγ 28, 2023 4:34:16 Μ.Μ. User toString
FINE: 4869: User Apostolos Kazopidis accessed
Αυγ 28, 2023 4:34:16 Μ.Μ. User toString
FINE: 4870: User Georgios Sakalas accessed
Αυγ 28, 2023 4:34:16 Μ.Μ. User toString
FINE: 4871: User test accessed
Αυγ 28, 2023 4:34:16 Μ.Μ. User toString
FINE: 4872: User Kal zzx accessed
Αυγ 28, 2023 4:34:16 Μ.Μ. User toString
FINE: 4873: User rwfrwfr rfwrgf accessed
Αυγ 28, 2023 4:34:16 Μ.Μ. User toString
FINE: 4874: User Apostolos Kazopidis accessed
Αυγ 28, 2023 4:34:16 Μ.Μ. User toString
FINE: 4875: User Georgios Sakalas accessed
Αυγ 28, 2023 4:34:16 Μ.Μ. User toString
FINE: 4876: User test accessed
Αυγ 28, 2023 4:34:16 Μ.Μ. User toString
FINE: 4877: User Kal zzx accessed
Αυγ 28, 2023 4:34:16 Μ.Μ. User toString
FINE: 4878: User rwfrwfr rfwrgf accessed
Αυγ 28, 2023 4:34:16 Μ.Μ. User toString
FINE: 4879: User Apostolos Kazopidis accessed
Αυγ 28, 2023 4:34:16 Μ.Μ. User toString
FINE: 4880: User Georgios Sakalas accessed
Αυγ 28, 2023 4:34:16 Μ.Μ. User toString
FINE: 4881: User test accessed
Αυγ 28, 2023 4:34:16 Μ.Μ. User toString
FINE: 4882: User Kal zzx accessed
Αυγ 28, 2023 4:34:16 Μ.Μ. User toString
FINE: 4883: User rwfrwfr rfwrgf accessed
Αυγ 28, 2023 4:34:16 Μ.Μ. User toString
FINE: 4884: User Apostolos Kazopidis accessed
Αυγ 28, 2023 4:34:16 Μ.Μ. User toString
FINE: 4885: User Georgios Sakalas accessed
Αυγ 28, 2023 4:34:16 Μ.Μ. User toString
FINE: 4886: User test accessed
Αυγ 28, 2023 4:34:16 Μ.Μ. User toString
FINE: 4887: User Kal zzx accessed
Αυγ 28, 2023 4:34:16 Μ.Μ. User toString
FINE: 4888: User rwfrwfr rfwrgf accessed
Αυγ 28, 2023 4:34:16 Μ.Μ. User toString
FINE: 4889: User Apostolos Kazopidis accessed
Αυγ 28, 2023 4:34:16 Μ.Μ. User toString
FINE: 4890: User Georgios Sakalas accessed
Αυγ 28, 2023 4:34:16 Μ.Μ. User toString
FINE: 4891: User test accessed
Αυγ 28, 2023 4:34:16 Μ.Μ. User toString
FINE: 4892: User Kal zzx accessed
Αυγ 28, 2023 4:34:16 Μ.Μ. User toString
FINE: 4893: User rwfrwfr rfwrgf accessed
Αυγ 28, 2023 4:34:16 Μ.Μ. User toString
FINE: 4894: User Apostolos Kazopidis accessed
Αυγ 28, 2023 4:34:16 Μ.Μ. User toString
FINE: 4895: User Georgios Sakalas accessed
Αυγ 28, 2023 4:34:16 Μ.Μ. User toString
FINE: 4896: User test accessed
Αυγ 28, 2023 4:34:16 Μ.Μ. User toString
FINE: 4897: User Kal zzx accessed
Αυγ 28, 2023 4:34:16 Μ.Μ. User toString
FINE: 4898: User rwfrwfr rfwrgf accessed
Αυγ 28, 2023 4:34:16 Μ.Μ. User toString
FINE: 4899: User Apostolos Kazopidis accessed
Αυγ 28, 2023 4:34:16 Μ.Μ. User toString
FINE: 4900: User Georgios Sakalas accessed
Αυγ 28, 2023 4:34:16 Μ.Μ. User toString
FINE: 4901: User test accessed
Αυγ 28, 2023 4:34:16 Μ.Μ. User toString
FINE: 4902: User Kal zzx accessed
Αυγ 28, 2023 4:34:16 Μ.Μ. User toString
FINE: 4903: User rwfrwfr rfwrgf accessed
Αυγ 28, 2023 4:34:16 Μ.Μ. User toString
FINE: 4904: User Apostolos Kazopidis accessed
Αυγ 28, 2023 4:34:16 Μ.Μ. User toString
FINE: 4905: User Georgios Sakalas accessed
Αυγ 28, 2023 4:34:16 Μ.Μ. User toString
FINE: 4906: User test accessed
Αυγ 28, 2023 4:34:16 Μ.Μ. User toString
FINE: 4907: User Kal zzx accessed
Αυγ 28, 2023 4:34:16 Μ.Μ. User toString
FINE: 4908: User rwfrwfr rfwrgf accessed
Αυγ 28, 2023 4:34:16 Μ.Μ. User toString
FINE: 4909: User Apostolos Kazopidis accessed
Αυγ 28, 2023 4:34:16 Μ.Μ. User toString
FINE: 4910: User Georgios Sakalas accessed
Αυγ 28, 2023 4:34:16 Μ.Μ. User toString
FINE: 4911: User test accessed
Αυγ 28, 2023 4:34:16 Μ.Μ. User toString
FINE: 4912: User Kal zzx accessed
Αυγ 28, 2023 4:34:16 Μ.Μ. User toString
FINE: 4913: User rwfrwfr rfwrgf accessed
Αυγ 28, 2023 4:34:16 Μ.Μ. User toString
FINE: 4914: User Apostolos Kazopidis accessed
Αυγ 28, 2023 4:34:16 Μ.Μ. User toString
FINE: 4915: User Georgios Sakalas accessed
Αυγ 28, 2023 4:34:16 Μ.Μ. User toString
FINE: 4916: User test accessed
Αυγ 28, 2023 4:34:16 Μ.Μ. User toString
FINE: 4917: User Kal zzx accessed
Αυγ 28, 2023 4:34:16 Μ.Μ. User toString
FINE: 4918: User rwfrwfr rfwrgf accessed
Αυγ 28, 2023 4:34:16 Μ.Μ. User toString
FINE: 4919: User Apostolos Kazopidis accessed
Αυγ 28, 2023 4:34:16 Μ.Μ. User toString
FINE: 4920: User Georgios Sakalas accessed
Αυγ 28, 2023 4:34:16 Μ.Μ. User toString
FINE: 4921: User test accessed
Αυγ 28, 2023 4:34:16 Μ.Μ. User toString
FINE: 4922: User Kal zzx accessed
Αυγ 28, 2023 4:34:16 Μ.Μ. User toString
FINE: 4923: User rwfrwfr rfwrgf accessed
Αυγ 28, 2023 4:34:16 Μ.Μ. User toString
FINE: 4924: User Apostolos Kazopidis accessed
Αυγ 28, 2023 4:34:16 Μ.Μ. User toString
FINE: 4925: User Georgios Sakalas accessed
Αυγ 28, 2023 4:34:16 Μ.Μ. User toString
FINE: 4926: User test accessed
Αυγ 28, 2023 4:34:16 Μ.Μ. User toString
FINE: 4927: User Kal zzx accessed
Αυγ 28, 2023 4:34:16 Μ.Μ. User toString
FINE: 4928: User rwfrwfr rfwrgf accessed
Αυγ 28, 2023 4:34:16 Μ.Μ. User toString
FINE: 4929: User Apostolos Kazopidis accessed
Αυγ 28, 2023 4:34:16 Μ.Μ. User toString
FINE: 4930: User Georgios Sakalas accessed
Αυγ 28, 2023 4:34:16 Μ.Μ. User toString
FINE: 4931: User test accessed
Αυγ 28, 2023 4:34:16 Μ.Μ. User toString
FINE: 4932: User Kal zzx accessed
Αυγ 28, 2023 4:34:16 Μ.Μ. User toString
FINE: 4933: User rwfrwfr rfwrgf accessed
Αυγ 28, 2023 4:34:16 Μ.Μ. User toString
FINE: 4934: User Apostolos Kazopidis accessed
Αυγ 28, 2023 4:34:16 Μ.Μ. User toString
FINE: 4935: User Georgios Sakalas accessed
Αυγ 28, 2023 4:34:16 Μ.Μ. User toString
FINE: 4936: User test accessed
Αυγ 28, 2023 4:34:16 Μ.Μ. User toString
FINE: 4937: User Kal zzx accessed
Αυγ 28, 2023 4:34:16 Μ.Μ. User toString
FINE: 4938: User rwfrwfr rfwrgf accessed
Αυγ 28, 2023 4:34:16 Μ.Μ. User toString
FINE: 4939: User Apostolos Kazopidis accessed
Αυγ 28, 2023 4:34:16 Μ.Μ. User toString
FINE: 4940: User Georgios Sakalas accessed
Αυγ 28, 2023 4:34:16 Μ.Μ. User toString
FINE: 4941: User test accessed
Αυγ 28, 2023 4:34:16 Μ.Μ. User toString
FINE: 4942: User Kal zzx accessed
Αυγ 28, 2023 4:34:16 Μ.Μ. User toString
FINE: 4943: User rwfrwfr rfwrgf accessed
Αυγ 28, 2023 4:34:16 Μ.Μ. User toString
FINE: 4944: User Apostolos Kazopidis accessed
Αυγ 28, 2023 4:34:16 Μ.Μ. User toString
FINE: 4945: User Georgios Sakalas accessed
Αυγ 28, 2023 4:34:16 Μ.Μ. User toString
FINE: 4946: User test accessed
Αυγ 28, 2023 4:34:16 Μ.Μ. User toString
FINE: 4947: User Kal zzx accessed
Αυγ 28, 2023 4:34:16 Μ.Μ. User toString
FINE: 4948: User rwfrwfr rfwrgf accessed
Αυγ 28, 2023 4:34:16 Μ.Μ. User toString
FINE: 4949: User Apostolos Kazopidis accessed
Αυγ 28, 2023 4:34:16 Μ.Μ. User toString
FINE: 4950: User Georgios Sakalas accessed
Αυγ 28, 2023 4:34:16 Μ.Μ. User toString
FINE: 4951: User test accessed
Αυγ 28, 2023 4:34:16 Μ.Μ. User toString
FINE: 4952: User Kal zzx accessed
Αυγ 28, 2023 4:34:16 Μ.Μ. User toString
FINE: 4953: User rwfrwfr rfwrgf accessed
Αυγ 28, 2023 4:34:16 Μ.Μ. User toString
FINE: 4954: User Apostolos Kazopidis accessed
Αυγ 28, 2023 4:34:16 Μ.Μ. User toString
FINE: 4955: User Georgios Sakalas accessed
Αυγ 28, 2023 4:34:16 Μ.Μ. User toString
FINE: 4956: User test accessed
Αυγ 28, 2023 4:34:16 Μ.Μ. User toString
FINE: 4957: User Kal zzx accessed
Αυγ 28, 2023 4:34:16 Μ.Μ. User toString
FINE: 4958: User rwfrwfr rfwrgf accessed
Αυγ 28, 2023 4:34:16 Μ.Μ. User toString
FINE: 4959: User Apostolos Kazopidis accessed
Αυγ 28, 2023 4:34:16 Μ.Μ. User toString
FINE: 4960: User Georgios Sakalas accessed
Αυγ 28, 2023 4:34:16 Μ.Μ. User toString
FINE: 4961: User test accessed
Αυγ 28, 2023 4:34:16 Μ.Μ. User toString
FINE: 4962: User Kal zzx accessed
Αυγ 28, 2023 4:34:16 Μ.Μ. User toString
FINE: 4963: User rwfrwfr rfwrgf accessed
Αυγ 28, 2023 4:34:16 Μ.Μ. User toString
FINE: 4964: User Apostolos Kazopidis accessed
Αυγ 28, 2023 4:34:16 Μ.Μ. User toString
FINE: 4965: User Georgios Sakalas accessed
Αυγ 28, 2023 4:34:16 Μ.Μ. User toString
FINE: 4966: User test accessed
Αυγ 28, 2023 4:34:16 Μ.Μ. User toString
FINE: 4967: User Kal zzx accessed
Αυγ 28, 2023 4:34:16 Μ.Μ. User toString
FINE: 4968: User rwfrwfr rfwrgf accessed
Αυγ 28, 2023 4:34:16 Μ.Μ. User toString
FINE: 4969: User Apostolos Kazopidis accessed
Αυγ 28, 2023 4:34:16 Μ.Μ. User toString
FINE: 4970: User Georgios Sakalas accessed
Αυγ 28, 2023 4:34:16 Μ.Μ. User toString
FINE: 4971: User test accessed
Αυγ 28, 2023 4:34:16 Μ.Μ. User toString
FINE: 4972: User Kal zzx accessed
Αυγ 28, 2023 4:34:16 Μ.Μ. User toString
FINE: 4973: User rwfrwfr rfwrgf accessed
Αυγ 28, 2023 4:34:16 Μ.Μ. User toString
FINE: 4974: User Apostolos Kazopidis accessed
Αυγ 28, 2023 4:34:16 Μ.Μ. User toString
FINE: 4975: User Georgios Sakalas accessed
Αυγ 28, 2023 4:34:16 Μ.Μ. User toString
FINE: 4976: User test accessed
Αυγ 28, 2023 4:34:16 Μ.Μ. User toString
FINE: 4977: User Kal zzx accessed
Αυγ 28, 2023 4:34:16 Μ.Μ. User toString
FINE: 4978: User rwfrwfr rfwrgf accessed
Αυγ 28, 2023 4:34:16 Μ.Μ. User toString
FINE: 4979: User Apostolos Kazopidis accessed
Αυγ 28, 2023 4:34:16 Μ.Μ. User toString
FINE: 4980: User Georgios Sakalas accessed
Αυγ 28, 2023 4:34:16 Μ.Μ. User toString
FINE: 4981: User test accessed
Αυγ 28, 2023 4:34:16 Μ.Μ. User toString
FINE: 4982: User Kal zzx accessed
Αυγ 28, 2023 4:34:16 Μ.Μ. User toString
FINE: 4983: User rwfrwfr rfwrgf accessed
Αυγ 28, 2023 4:34:16 Μ.Μ. User toString
FINE: 4984: User Apostolos Kazopidis accessed
Αυγ 28, 2023 4:34:16 Μ.Μ. User toString
FINE: 4985: User Georgios Sakalas accessed
Αυγ 28, 2023 4:34:16 Μ.Μ. User toString
FINE: 4986: User test accessed
Αυγ 28, 2023 4:34:16 Μ.Μ. User toString
FINE: 4987: User Kal zzx accessed
Αυγ 28, 2023 4:34:16 Μ.Μ. User toString
FINE: 4988: User rwfrwfr rfwrgf accessed
Αυγ 28, 2023 4:34:16 Μ.Μ. User toString
FINE: 4989: User Apostolos Kazopidis accessed
Αυγ 28, 2023 4:34:16 Μ.Μ. User toString
FINE: 4990: User Georgios Sakalas accessed
Αυγ 28, 2023 4:34:16 Μ.Μ. User toString
FINE: 4991: User test accessed
Αυγ 28, 2023 4:34:16 Μ.Μ. User toString
FINE: 4992: User Kal zzx accessed
Αυγ 28, 2023 4:34:16 Μ.Μ. User toString
FINE: 4993: User rwfrwfr rfwrgf accessed
Αυγ 28, 2023 4:34:16 Μ.Μ. User toString
FINE: 4994: User Apostolos Kazopidis accessed
Αυγ 28, 2023 4:34:16 Μ.Μ. User toString
FINE: 4995: User Georgios Sakalas accessed
Αυγ 28, 2023 4:34:16 Μ.Μ. User toString
FINE: 4996: User test accessed
Αυγ 28, 2023 4:34:16 Μ.Μ. User toString
FINE: 4997: User Kal zzx accessed
Αυγ 28, 2023 4:34:16 Μ.Μ. User toString
FINE: 4998: User rwfrwfr rfwrgf accessed
Αυγ 28, 2023 4:34:16 Μ.Μ. User toString
FINE: 4999: User Apostolos Kazopidis accessed
