Αυγ 28, 2023 4:34:16 Μ.Μ. User toString
FINE: 3586: User test accessed
Αυγ 28, 2023 4:34:16 Μ.Μ. User toString
FINE: 3587: User Kal zzx accessed
Αυγ 28, 2023 4:34:16 Μ.Μ. User toString
FINE: 3588: User rwfrwfr rfwrgf accessed
Αυγ 28, 2023 4:34:16 Μ.Μ. User toString
FINE: 3589: User Apostolos Kazopidis accessed
Αυγ 28, 2023 4:34:16 Μ.Μ. User toString
FINE: 3590: User Georgios Sakalas accessed
Αυγ 28, 2023 4:34:16 Μ.Μ. User toString
FINE: 3591: User test accessed
Αυγ 28, 2023 4:34:16 Μ.Μ. User toString
FINE: 3592: User Kal zzx accessed
Αυγ 28, 2023 4:34:16 Μ.Μ. User toString
FINE: 3593: User rwfrwfr rfwrgf accessed
Αυγ 28, 2023 4:34:16 Μ.Μ. User toString
FINE: 3594: User Apostolos Kazopidis accessed
Αυγ 28, 2023 4:34:16 Μ.Μ. User toString
FINE: 3595: User Georgios Sakalas accessed
Αυγ 28, 2023 4:34:16 Μ.Μ. User toString
FINE: 3596: User test accessed
Αυγ 28, 2023 4:34:16 Μ.Μ. User toString
FINE: 3597: User Kal zzx accessed
Αυγ 28, 2023 4:34:16 Μ.Μ. User toString
FINE: 3598: User rwfrwfr rfwrgf accessed
Αυγ 28, 2023 4:34:16 Μ.Μ. User toString
FINE: 3599: User Apostolos Kazopidis accessed
Αυγ 28, 2023 4:34:16 Μ.Μ. User toString
FINE: 3600: User Georgios Sakalas accessed
Αυγ 28, 2023 4:34:16 Μ.Μ. User toString
FINE: 3601: User test accessed
Αυγ 28, 2023 4:34:16 Μ.Μ. User toString
FINE: 3602: User Kal zzx accessed
Αυγ 28, 2023 4:34:16 Μ.Μ. User toString
FINE: 3603: User rwfrwfr rfwrgf accessed
Αυγ 28, 2023 4:34:16 Μ.Μ. User toString
FINE: 3604: User Apostolos Kazopidis accessed
Αυγ 28, 2023 4:34:16 Μ.Μ. User toString
FINE: 3605: User Georgios Sakalas accessed
Αυγ 28, 2023 4:34:16 Μ.Μ. User toString
FINE: 3606: User test accessed
Αυγ 28, 2023 4:34:16 Μ.Μ. User toString
FINE: 3607: User Kal zzx accessed
Αυγ 28, 2023 4:34:16 Μ.Μ. User toString
FINE: 3608: User rwfrwfr rfwrgf accessed
Αυγ 28, 2023 4:34:16 Μ.Μ. User toString
FINE: 3609: User Apostolos Kazopidis accessed
Αυγ 28, 2023 4:34:16 Μ.Μ. User toString
FINE: 3610: User Georgios Sakalas accessed
Αυγ 28, 2023 4:34:16 Μ.Μ. User toString
FINE: 3611: User test accessed
Αυγ 28, 2023 4:34:16 Μ.Μ. User toString
FINE: 3612: User Kal zzx accessed
Αυγ 28, 2023 4:34:16 Μ.Μ. User toString
FINE: 3613: User rwfrwfr rfwrgf accessed
Αυγ 28, 2023 4:34:16 Μ.Μ. User toString
FINE: 3614: User Apostolos Kazopidis accessed
Αυγ 28, 2023 4:34:16 Μ.Μ. User toString
FINE: 3615: User Georgios Sakalas accessed
Αυγ 28, 2023 4:34:16 Μ.Μ. User toString
FINE: 3616: User test accessed
Αυγ 28, 2023 4:34:16 Μ.Μ. User toString
FINE: 3617: User Kal zzx accessed
Αυγ 28, 2023 4:34:16 Μ.Μ. User toString
FINE: 3618: User rwfrwfr rfwrgf accessed
Αυγ 28, 2023 4:34:16 Μ.Μ. User toString
FINE: 3619: User Apostolos Kazopidis accessed
Αυγ 28, 2023 4:34:16 Μ.Μ. User toString
FINE: 3620: User Georgios Sakalas accessed
Αυγ 28, 2023 4:34:16 Μ.Μ. User toString
FINE: 3621: User test accessed
Αυγ 28, 2023 4:34:16 Μ.Μ. User toString
FINE: 3622: User Kal zzx accessed
Αυγ 28, 2023 4:34:16 Μ.Μ. User toString
FINE: 3623: User rwfrwfr rfwrgf accessed
Αυγ 28, 2023 4:34:16 Μ.Μ. User toString
FINE: 3624: User Apostolos Kazopidis accessed
Αυγ 28, 2023 4:34:16 Μ.Μ. User toString
FINE: 3625: User Georgios Sakalas accessed
Αυγ 28, 2023 4:34:16 Μ.Μ. User toString
FINE: 3626: User test accessed
Αυγ 28, 2023 4:34:16 Μ.Μ. User toString
FINE: 3627: User Kal zzx accessed
Αυγ 28, 2023 4:34:16 Μ.Μ. User toString
FINE: 3628: User rwfrwfr rfwrgf accessed
Αυγ 28, 2023 4:34:16 Μ.Μ. User toString
FINE: 3629: User Apostolos Kazopidis accessed
Αυγ 28, 2023 4:34:16 Μ.Μ. User toString
FINE: 3630: User Georgios Sakalas accessed
Αυγ 28, 2023 4:34:16 Μ.Μ. User toString
FINE: 3631: User test accessed
Αυγ 28, 2023 4:34:16 Μ.Μ. User toString
FINE: 3632: User Kal zzx accessed
Αυγ 28, 2023 4:34:16 Μ.Μ. User toString
FINE: 3633: User rwfrwfr rfwrgf accessed
Αυγ 28, 2023 4:34:16 Μ.Μ. User toString
FINE: 3634: User Apostolos Kazopidis accessed
Αυγ 28, 2023 4:34:16 Μ.Μ. User toString
FINE: 3635: User Georgios Sakalas accessed
Αυγ 28, 2023 4:34:16 Μ.Μ. User toString
FINE: 3636: User test accessed
Αυγ 28, 2023 4:34:16 Μ.Μ. User toString
FINE: 3637: User Kal zzx accessed
Αυγ 28, 2023 4:34:16 Μ.Μ. User toString
FINE: 3638: User rwfrwfr rfwrgf accessed
Αυγ 28, 2023 4:34:16 Μ.Μ. User toString
FINE: 3639: User Apostolos Kazopidis accessed
Αυγ 28, 2023 4:34:16 Μ.Μ. User toString
FINE: 3640: User Georgios Sakalas accessed
Αυγ 28, 2023 4:34:16 Μ.Μ. User toString
FINE: 3641: User test accessed
Αυγ 28, 2023 4:34:16 Μ.Μ. User toString
FINE: 3642: User Kal zzx accessed
Αυγ 28, 2023 4:34:16 Μ.Μ. User toString
FINE: 3643: User rwfrwfr rfwrgf accessed
Αυγ 28, 2023 4:34:16 Μ.Μ. User toString
FINE: 3644: User Apostolos Kazopidis accessed
Αυγ 28, 2023 4:34:16 Μ.Μ. User toString
FINE: 3645: User Georgios Sakalas accessed
Αυγ 28, 2023 4:34:16 Μ.Μ. User toString
FINE: 3646: User test accessed
Αυγ 28, 2023 4:34:16 Μ.Μ. User toString
FINE: 3647: User Kal zzx accessed
Αυγ 28, 2023 4:34:16 Μ.Μ. User toString
FINE: 3648: User rwfrwfr rfwrgf accessed
Αυγ 28, 2023 4:34:16 Μ.Μ. User toString
FINE: 3649: User Apostolos Kazopidis accessed
Αυγ 28, 2023 4:34:16 Μ.Μ. User toString
FINE: 3650: User Georgios Sakalas accessed
Αυγ 28, 2023 4:34:16 Μ.Μ. User toString
FINE: 3651: User test accessed
Αυγ 28, 2023 4:34:16 Μ.Μ. User toString
FINE: 3652: User Kal zzx accessed
Αυγ 28, 2023 4:34:16 Μ.Μ. User toString
FINE: 3653: User rwfrwfr rfwrgf accessed
Αυγ 28, 2023 4:34:16 Μ.Μ. User toString
FINE: 3654: User Apostolos Kazopidis accessed
Αυγ 28, 2023 4:34:16 Μ.Μ. User toString
FINE: 3655: User Georgios Sakalas accessed
Αυγ 28, 2023 4:34:16 Μ.Μ. User toString
FINE: 3656: User test accessed
Αυγ 28, 2023 4:34:16 Μ.Μ. User toString
FINE: 3657: User Kal zzx accessed
Αυγ 28, 2023 4:34:16 Μ.Μ. User toString
FINE: 3658: User rwfrwfr rfwrgf accessed
Αυγ 28, 2023 4:34:16 Μ.Μ. User toString
FINE: 3659: User Apostolos Kazopidis accessed
Αυγ 28, 2023 4:34:16 Μ.Μ. User toString
FINE: 3660: User Georgios Sakalas accessed
Αυγ 28, 2023 4:34:16 Μ.Μ. User toString
FINE: 3661: User test accessed
Αυγ 28, 2023 4:34:16 Μ.Μ. User toString
FINE: 3662: User Kal zzx accessed
Αυγ 28, 2023 4:34:16 Μ.Μ. User toString
FINE: 3663: User rwfrwfr rfwrgf accessed
Αυγ 28, 2023 4:34:16 Μ.Μ. User toString
FINE: 3664: User Apostolos Kazopidis accessed
Αυγ 28, 2023 4:34:16 Μ.Μ. User toString
FINE: 3665: User Georgios Sakalas accessed
Αυγ 28, 2023 4:34:16 Μ.Μ. User toString
FINE: 3666: User test accessed
Αυγ 28, 2023 4:34:16 Μ.Μ. User toString
FINE: 3667: User Kal zzx accessed
Αυγ 28, 2023 4:34:16 Μ.Μ. User toString
FINE: 3668: User rwfrwfr rfwrgf accessed
Αυγ 28, 2023 4:34:16 Μ.Μ. User toString
FINE: 3669: User Apostolos Kazopidis accessed
Αυγ 28, 2023 4:34:16 Μ.Μ. User toString
FINE: 3670: User Georgios Sakalas accessed
Αυγ 28, 2023 4:34:16 Μ.Μ. User toString
FINE: 3671: User test accessed
Αυγ 28, 2023 4:34:16 Μ.Μ. User toString
FINE: 3672: User Kal zzx accessed
Αυγ 28, 2023 4:34:16 Μ.Μ. User toString
FINE: 3673: User rwfrwfr rfwrgf accessed
Αυγ 28, 2023 4:34:16 Μ.Μ. User toString
FINE: 3674: User Apostolos Kazopidis accessed
Αυγ 28, 2023 4:34:16 Μ.Μ. User toString
FINE: 3675: User Georgios Sakalas accessed
Αυγ 28, 2023 4:34:16 Μ.Μ. User toString
FINE: 3676: User test accessed
Αυγ 28, 2023 4:34:16 Μ.Μ. User toString
FINE: 3677: User Kal zzx accessed
Αυγ 28, 2023 4:34:16 Μ.Μ. User toString
FINE: 3678: User rwfrwfr rfwrgf accessed
Αυγ 28, 2023 4:34:16 Μ.Μ. User toString
FINE: 3679: User Apostolos Kazopidis accessed
Αυγ 28, 2023 4:34:16 Μ.Μ. User toString
FINE: 3680: User Georgios Sakalas accessed
Αυγ 28, 2023 4:34:16 Μ.Μ. User toString
FINE: 3681: User test accessed
Αυγ 28, 2023 4:34:16 Μ.Μ. User toString
FINE: 3682: User Kal zzx accessed
Αυγ 28, 2023 4:34:16 Μ.Μ. User toString
FINE: 3683: User rwfrwfr rfwrgf accessed
Αυγ 28, 2023 4:34:16 Μ.Μ. User toString
FINE: 3684: User Apostolos Kazopidis accessed
Αυγ 28, 2023 4:34:16 Μ.Μ. User toString
FINE: 3685: User Georgios Sakalas accessed
Αυγ 28, 2023 4:34:16 Μ.Μ. User toString
FINE: 3686: User test accessed
Αυγ 28, 2023 4:34:16 Μ.Μ. User toString
FINE: 3687: User Kal zzx accessed
Αυγ 28, 2023 4:34:16 Μ.Μ. User toString
FINE: 3688: User rwfrwfr rfwrgf accessed
Αυγ 28, 2023 4:34:16 Μ.Μ. User toString
FINE: 3689: User Apostolos Kazopidis accessed
Αυγ 28, 2023 4:34:16 Μ.Μ. User toString
FINE: 3690: User Georgios Sakalas accessed
Αυγ 28, 2023 4:34:16 Μ.Μ. User toString
FINE: 3691: User test accessed
Αυγ 28, 2023 4:34:16 Μ.Μ. User toString
FINE: 3692: User Kal zzx accessed
Αυγ 28, 2023 4:34:16 Μ.Μ. User toString
FINE: 3693: User rwfrwfr rfwrgf accessed
Αυγ 28, 2023 4:34:16 Μ.Μ. User toString
FINE: 3694: User Apostolos Kazopidis accessed
Αυγ 28, 2023 4:34:16 Μ.Μ. User toString
FINE: 3695: User Georgios Sakalas accessed
Αυγ 28, 2023 4:34:16 Μ.Μ. User toString
FINE: 3696: User test accessed
Αυγ 28, 2023 4:34:16 Μ.Μ. User toString
FINE: 3697: User Kal zzx accessed
Αυγ 28, 2023 4:34:16 Μ.Μ. User toString
FINE: 3698: User rwfrwfr rfwrgf accessed
Αυγ 28, 2023 4:34:16 Μ.Μ. User toString
FINE: 3699: User Apostolos Kazopidis accessed
Αυγ 28, 2023 4:34:16 Μ.Μ. User toString
FINE: 3700: User Georgios Sakalas accessed
Αυγ 28, 2023 4:34:16 Μ.Μ. User toString
FINE: 3701: User test accessed
Αυγ 28, 2023 4:34:16 Μ.Μ. User toString
FINE: 3702: User Kal zzx accessed
Αυγ 28, 2023 4:34:16 Μ.Μ. User toString
FINE: 3703: User rwfrwfr rfwrgf accessed
Αυγ 28, 2023 4:34:16 Μ.Μ. User toString
FINE: 3704: User Apostolos Kazopidis accessed
Αυγ 28, 2023 4:34:16 Μ.Μ. User toString
FINE: 3705: User Georgios Sakalas accessed
Αυγ 28, 2023 4:34:16 Μ.Μ. User toString
FINE: 3706: User test accessed
Αυγ 28, 2023 4:34:16 Μ.Μ. User toString
FINE: 3707: User Kal zzx accessed
Αυγ 28, 2023 4:34:16 Μ.Μ. User toString
FINE: 3708: User rwfrwfr rfwrgf accessed
Αυγ 28, 2023 4:34:16 Μ.Μ. User toString
FINE: 3709: User Apostolos Kazopidis accessed
Αυγ 28, 2023 4:34:16 Μ.Μ. User toString
FINE: 3710: User Georgios Sakalas accessed
Αυγ 28, 2023 4:34:16 Μ.Μ. User toString
FINE: 3711: User test accessed
Αυγ 28, 2023 4:34:16 Μ.Μ. User toString
FINE: 3712: User Kal zzx accessed
Αυγ 28, 2023 4:34:16 Μ.Μ. User toString
FINE: 3713: User rwfrwfr rfwrgf accessed
Αυγ 28, 2023 4:34:16 Μ.Μ. User toString
FINE: 3714: User Apostolos Kazopidis accessed
Αυγ 28, 2023 4:34:16 Μ.Μ. User toString
FINE: 3715: User Georgios Sakalas accessed
Αυγ 28, 2023 4:34:16 Μ.Μ. User toString
FINE: 3716: User test accessed
Αυγ 28, 2023 4:34:16 Μ.Μ. User toString
FINE: 3717: User Kal zzx accessed
Αυγ 28, 2023 4:34:16 Μ.Μ. User toString
FINE: 3718: User rwfrwfr rfwrgf accessed
Αυγ 28, 2023 4:34:16 Μ.Μ. User toString
FINE: 3719: User Apostolos Kazopidis accessed
Αυγ 28, 2023 4:34:16 Μ.Μ. User toString
FINE: 3720: User Georgios Sakalas accessed
Αυγ 28, 2023 4:34:16 Μ.Μ. User toString
FINE: 3721: User test accessed
Αυγ 28, 2023 4:34:16 Μ.Μ. User toString
FINE: 3722: User Kal zzx accessed
Αυγ 28, 2023 4:34:16 Μ.Μ. User toString
FINE: 3723: User rwfrwfr rfwrgf accessed
Αυγ 28, 2023 4:34:16 Μ.Μ. User toString
FINE: 3724: User Apostolos Kazopidis accessed
Αυγ 28, 2023 4:34:16 Μ.Μ. User toString
FINE: 3725: User Georgios Sakalas accessed
Αυγ 28, 2023 4:34:16 Μ.Μ. User toString
FINE: 3726: User test accessed
Αυγ 28, 2023 4:34:16 Μ.Μ. User toString
FINE: 3727: User Kal zzx accessed
Αυγ 28, 2023 4:34:16 Μ.Μ. User toString
FINE: 3728: User rwfrwfr rfwrgf accessed
Αυγ 28, 2023 4:34:16 Μ.Μ. User toString
FINE: 3729: User Apostolos Kazopidis accessed
Αυγ 28, 2023 4:34:16 Μ.Μ. User toString
FINE: 3730: User Georgios Sakalas accessed
Αυγ 28, 2023 4:34:16 Μ.Μ. User toString
FINE: 3731: User test accessed
Αυγ 28, 2023 4:34:16 Μ.Μ. User toString
FINE: 3732: User Kal zzx accessed
Αυγ 28, 2023 4:34:16 Μ.Μ. User toString
FINE: 3733: User rwfrwfr rfwrgf accessed
Αυγ 28, 2023 4:34:16 Μ.Μ. User toString
FINE: 3734: User Apostolos Kazopidis accessed
Αυγ 28, 2023 4:34:16 Μ.Μ. User toString
FINE: 3735: User Georgios Sakalas accessed
Αυγ 28, 2023 4:34:16 Μ.Μ. User toString
FINE: 3736: User test accessed
Αυγ 28, 2023 4:34:16 Μ.Μ. User toString
FINE: 3737: User Kal zzx accessed
Αυγ 28, 2023 4:34:16 Μ.Μ. User toString
FINE: 3738: User rwfrwfr rfwrgf accessed
Αυγ 28, 2023 4:34:16 Μ.Μ. User toString
FINE: 3739: User Apostolos Kazopidis accessed
Αυγ 28, 2023 4:34:16 Μ.Μ. User toString
FINE: 3740: User Georgios Sakalas accessed
Αυγ 28, 2023 4:34:16 Μ.Μ. User toString
FINE: 3741: User test accessed
Αυγ 28, 2023 4:34:16 Μ.Μ. User toString
FINE: 3742: User Kal zzx accessed
Αυγ 28, 2023 4:34:16 Μ.Μ. User toString
FINE: 3743: User rwfrwfr rfwrgf accessed
Αυγ 28, 2023 4:34:16 Μ.Μ. User toString
FINE: 3744: User Apostolos Kazopidis accessed
Αυγ 28, 2023 4:34:16 Μ.Μ. User toString
FINE: 3745: User Georgios Sakalas accessed
Αυγ 28, 2023 4:34:16 Μ.Μ. User toString
FINE: 3746: User test accessed
Αυγ 28, 2023 4:34:16 Μ.Μ. User toString
FINE: 3747: User Kal zzx accessed
Αυγ 28, 2023 4:34:16 Μ.Μ. User toString
FINE: 3748: User rwfrwfr rfwrgf accessed
Αυγ 28, 2023 4:34:16 Μ.Μ. User toString
FINE: 3749: User Apostolos Kazopidis accessed
Αυγ 28, 2023 4:34:16 Μ.Μ. User toString
FINE: 3750: User Georgios Sakalas accessed
Αυγ 28, 2023 4:34:16 Μ.Μ. User toString
FINE: 3751: User test accessed
Αυγ 28, 2023 4:34:16 Μ.Μ. User toString
FINE: 3752: User Kal zzx accessed
Αυγ 28, 2023 4:34:16 Μ.Μ. User toString
FINE: 3753: User rwfrwfr rfwrgf accessed
Αυγ 28, 2023 4:34:16 Μ.Μ. User toString
FINE: 3754: User Apostolos Kazopidis accessed
Αυγ 28, 2023 4:34:16 Μ.Μ. User toString
FINE: 3755: User Georgios Sakalas accessed
Αυγ 28, 2023 4:34:16 Μ.Μ. User toString
FINE: 3756: User test accessed
Αυγ 28, 2023 4:34:16 Μ.Μ. User toString
FINE: 3757: User Kal zzx accessed
Αυγ 28, 2023 4:34:16 Μ.Μ. User toString
FINE: 3758: User rwfrwfr rfwrgf accessed
Αυγ 28, 2023 4:34:16 Μ.Μ. User toString
FINE: 3759: User Apostolos Kazopidis accessed
Αυγ 28, 2023 4:34:16 Μ.Μ. User toString
FINE: 3760: User Georgios Sakalas accessed
Αυγ 28, 2023 4:34:16 Μ.Μ. User toString
FINE: 3761: User test accessed
Αυγ 28, 2023 4:34:16 Μ.Μ. User toString
FINE: 3762: User Kal zzx accessed
Αυγ 28, 2023 4:34:16 Μ.Μ. User toString
FINE: 3763: User rwfrwfr rfwrgf accessed
Αυγ 28, 2023 4:34:16 Μ.Μ. User toString
FINE: 3764: User Apostolos Kazopidis accessed
Αυγ 28, 2023 4:34:16 Μ.Μ. User toString
FINE: 3765: User Georgios Sakalas accessed
Αυγ 28, 2023 4:34:16 Μ.Μ. User toString
FINE: 3766: User test accessed
Αυγ 28, 2023 4:34:16 Μ.Μ. User toString
FINE: 3767: User Kal zzx accessed
Αυγ 28, 2023 4:34:16 Μ.Μ. User toString
FINE: 3768: User rwfrwfr rfwrgf accessed
Αυγ 28, 2023 4:34:16 Μ.Μ. User toString
FINE: 3769: User Apostolos Kazopidis accessed
Αυγ 28, 2023 4:34:16 Μ.Μ. User toString
FINE: 3770: User Georgios Sakalas accessed
Αυγ 28, 2023 4:34:16 Μ.Μ. User toString
FINE: 3771: User test accessed
Αυγ 28, 2023 4:34:16 Μ.Μ. User toString
FINE: 3772: User Kal zzx accessed
Αυγ 28, 2023 4:34:16 Μ.Μ. User toString
FINE: 3773: User rwfrwfr rfwrgf accessed
Αυγ 28, 2023 4:34:16 Μ.Μ. User toString
FINE: 3774: User Apostolos Kazopidis accessed
Αυγ 28, 2023 4:34:16 Μ.Μ. User toString
FINE: 3775: User Georgios Sakalas accessed
Αυγ 28, 2023 4:34:16 Μ.Μ. User toString
FINE: 3776: User test accessed
Αυγ 28, 2023 4:34:16 Μ.Μ. User toString
FINE: 3777: User Kal zzx accessed
Αυγ 28, 2023 4:34:16 Μ.Μ. User toString
FINE: 3778: User rwfrwfr rfwrgf accessed
Αυγ 28, 2023 4:34:16 Μ.Μ. User toString
FINE: 3779: User Apostolos Kazopidis accessed
Αυγ 28, 2023 4:34:16 Μ.Μ. User toString
FINE: 3780: User Georgios Sakalas accessed
Αυγ 28, 2023 4:34:16 Μ.Μ. User toString
FINE: 3781: User test accessed
Αυγ 28, 2023 4:34:16 Μ.Μ. User toString
FINE: 3782: User Kal zzx accessed
Αυγ 28, 2023 4:34:16 Μ.Μ. User toString
FINE: 3783: User rwfrwfr rfwrgf accessed
Αυγ 28, 2023 4:34:16 Μ.Μ. User toString
FINE: 3784: User Apostolos Kazopidis accessed
Αυγ 28, 2023 4:34:16 Μ.Μ. User toString
FINE: 3785: User Georgios Sakalas accessed
Αυγ 28, 2023 4:34:16 Μ.Μ. User toString
FINE: 3786: User test accessed
Αυγ 28, 2023 4:34:16 Μ.Μ. User toString
FINE: 3787: User Kal zzx accessed
Αυγ 28, 2023 4:34:16 Μ.Μ. User toString
FINE: 3788: User rwfrwfr rfwrgf accessed
Αυγ 28, 2023 4:34:16 Μ.Μ. User toString
FINE: 3789: User Apostolos Kazopidis accessed
Αυγ 28, 2023 4:34:16 Μ.Μ. User toString
FINE: 3790: User Georgios Sakalas accessed
Αυγ 28, 2023 4:34:16 Μ.Μ. User toString
FINE: 3791: User test accessed
Αυγ 28, 2023 4:34:16 Μ.Μ. User toString
FINE: 3792: User Kal zzx accessed
Αυγ 28, 2023 4:34:16 Μ.Μ. User toString
FINE: 3793: User rwfrwfr rfwrgf accessed
Αυγ 28, 2023 4:34:16 Μ.Μ. User toString
FINE: 3794: User Apostolos Kazopidis accessed
Αυγ 28, 2023 4:34:16 Μ.Μ. User toString
FINE: 3795: User Georgios Sakalas accessed
Αυγ 28, 2023 4:34:16 Μ.Μ. User toString
FINE: 3796: User test accessed
Αυγ 28, 2023 4:34:16 Μ.Μ. User toString
FINE: 3797: User Kal zzx accessed
Αυγ 28, 2023 4:34:16 Μ.Μ. User toString
FINE: 3798: User rwfrwfr rfwrgf accessed
Αυγ 28, 2023 4:34:16 Μ.Μ. User toString
FINE: 3799: User Apostolos Kazopidis accessed
Αυγ 28, 2023 4:34:16 Μ.Μ. User toString
FINE: 3800: User Georgios Sakalas accessed
Αυγ 28, 2023 4:34:16 Μ.Μ. User toString
FINE: 3801: User test accessed
Αυγ 28, 2023 4:34:16 Μ.Μ. User toString
FINE: 3802: User Kal zzx accessed
Αυγ 28, 2023 4:34:16 Μ.Μ. User toString
FINE: 3803: User rwfrwfr rfwrgf accessed
Αυγ 28, 2023 4:34:16 Μ.Μ. User toString
FINE: 3804: User Apostolos Kazopidis accessed
Αυγ 28, 2023 4:34:16 Μ.Μ. User toString
FINE: 3805: User Georgios Sakalas accessed
Αυγ 28, 2023 4:34:16 Μ.Μ. User toString
FINE: 3806: User test accessed
Αυγ 28, 2023 4:34:16 Μ.Μ. User toString
FINE: 3807: User Kal zzx accessed
Αυγ 28, 2023 4:34:16 Μ.Μ. User toString
FINE: 3808: User rwfrwfr rfwrgf accessed
Αυγ 28, 2023 4:34:16 Μ.Μ. User toString
FINE: 3809: User Apostolos Kazopidis accessed
Αυγ 28, 2023 4:34:16 Μ.Μ. User toString
FINE: 3810: User Georgios Sakalas accessed
Αυγ 28, 2023 4:34:16 Μ.Μ. User toString
FINE: 3811: User test accessed
Αυγ 28, 2023 4:34:16 Μ.Μ. User toString
FINE: 3812: User Kal zzx accessed
Αυγ 28, 2023 4:34:16 Μ.Μ. User toString
FINE: 3813: User rwfrwfr rfwrgf accessed
Αυγ 28, 2023 4:34:16 Μ.Μ. User toString
FINE: 3814: User Apostolos Kazopidis accessed
Αυγ 28, 2023 4:34:16 Μ.Μ. User toString
FINE: 3815: User Georgios Sakalas accessed
Αυγ 28, 2023 4:34:16 Μ.Μ. User toString
FINE: 3816: User test accessed
Αυγ 28, 2023 4:34:16 Μ.Μ. User toString
FINE: 3817: User Kal zzx accessed
Αυγ 28, 2023 4:34:16 Μ.Μ. User toString
FINE: 3818: User rwfrwfr rfwrgf accessed
Αυγ 28, 2023 4:34:16 Μ.Μ. User toString
FINE: 3819: User Apostolos Kazopidis accessed
Αυγ 28, 2023 4:34:16 Μ.Μ. User toString
FINE: 3820: User Georgios Sakalas accessed
Αυγ 28, 2023 4:34:16 Μ.Μ. User toString
FINE: 3821: User test accessed
Αυγ 28, 2023 4:34:16 Μ.Μ. User toString
FINE: 3822: User Kal zzx accessed
Αυγ 28, 2023 4:34:16 Μ.Μ. User toString
FINE: 3823: User rwfrwfr rfwrgf accessed
Αυγ 28, 2023 4:34:16 Μ.Μ. User toString
FINE: 3824: User Apostolos Kazopidis accessed
Αυγ 28, 2023 4:34:16 Μ.Μ. User toString
FINE: 3825: User Georgios Sakalas accessed
Αυγ 28, 2023 4:34:16 Μ.Μ. User toString
FINE: 3826: User test accessed
Αυγ 28, 2023 4:34:16 Μ.Μ. User toString
FINE: 3827: User Kal zzx accessed
Αυγ 28, 2023 4:34:16 Μ.Μ. User toString
FINE: 3828: User rwfrwfr rfwrgf accessed
Αυγ 28, 2023 4:34:16 Μ.Μ. User toString
FINE: 3829: User Apostolos Kazopidis accessed
Αυγ 28, 2023 4:34:16 Μ.Μ. User toString
FINE: 3830: User Georgios Sakalas accessed
Αυγ 28, 2023 4:34:16 Μ.Μ. User toString
FINE: 3831: User test accessed
Αυγ 28, 2023 4:34:16 Μ.Μ. User toString
FINE: 3832: User Kal zzx accessed
Αυγ 28, 2023 4:34:16 Μ.Μ. User toString
FINE: 3833: User rwfrwfr rfwrgf accessed
Αυγ 28, 2023 4:34:16 Μ.Μ. User toString
FINE: 3834: User Apostolos Kazopidis accessed
Αυγ 28, 2023 4:34:16 Μ.Μ. User toString
FINE: 3835: User Georgios Sakalas accessed
Αυγ 28, 2023 4:34:16 Μ.Μ. User toString
FINE: 3836: User test accessed
Αυγ 28, 2023 4:34:16 Μ.Μ. User toString
FINE: 3837: User Kal zzx accessed
Αυγ 28, 2023 4:34:16 Μ.Μ. User toString
FINE: 3838: User rwfrwfr rfwrgf accessed
Αυγ 28, 2023 4:34:16 Μ.Μ. User toString
FINE: 3839: User Apostolos Kazopidis accessed
Αυγ 28, 2023 4:34:16 Μ.Μ. User toString
FINE: 3840: User Georgios Sakalas accessed
Αυγ 28, 2023 4:34:16 Μ.Μ. User toString
FINE: 3841: User test accessed
Αυγ 28, 2023 4:34:16 Μ.Μ. User toString
FINE: 3842: User Kal zzx accessed
Αυγ 28, 2023 4:34:16 Μ.Μ. User toString
FINE: 3843: User rwfrwfr rfwrgf accessed
Αυγ 28, 2023 4:34:16 Μ.Μ. User toString
FINE: 3844: User Apostolos Kazopidis accessed
Αυγ 28, 2023 4:34:16 Μ.Μ. User toString
FINE: 3845: User Georgios Sakalas accessed
Αυγ 28, 2023 4:34:16 Μ.Μ. User toString
FINE: 3846: User test accessed
Αυγ 28, 2023 4:34:16 Μ.Μ. User toString
FINE: 3847: User Kal zzx accessed
Αυγ 28, 2023 4:34:16 Μ.Μ. User toString
FINE: 3848: User rwfrwfr rfwrgf accessed
Αυγ 28, 2023 4:34:16 Μ.Μ. User toString
FINE: 3849: User Apostolos Kazopidis accessed
Αυγ 28, 2023 4:34:16 Μ.Μ. User toString
FINE: 3850: User Georgios Sakalas accessed
Αυγ 28, 2023 4:34:16 Μ.Μ. User toString
FINE: 3851: User test accessed
Αυγ 28, 2023 4:34:16 Μ.Μ. User toString
FINE: 3852: User Kal zzx accessed
Αυγ 28, 2023 4:34:16 Μ.Μ. User toString
FINE: 3853: User rwfrwfr rfwrgf accessed
Αυγ 28, 2023 4:34:16 Μ.Μ. User toString
FINE: 3854: User Apostolos Kazopidis accessed
Αυγ 28, 2023 4:34:16 Μ.Μ. User toString
FINE: 3855: User Georgios Sakalas accessed
Αυγ 28, 2023 4:34:16 Μ.Μ. User toString
FINE: 3856: User test accessed
Αυγ 28, 2023 4:34:16 Μ.Μ. User toString
FINE: 3857: User Kal zzx accessed
Αυγ 28, 2023 4:34:16 Μ.Μ. User toString
FINE: 3858: User rwfrwfr rfwrgf accessed
Αυγ 28, 2023 4:34:16 Μ.Μ. User toString
FINE: 3859: User Apostolos Kazopidis accessed
Αυγ 28, 2023 4:34:16 Μ.Μ. User toString
FINE: 3860: User Georgios Sakalas accessed
Αυγ 28, 2023 4:34:16 Μ.Μ. User toString
FINE: 3861: User test accessed
Αυγ 28, 2023 4:34:16 Μ.Μ. User toString
FINE: 3862: User Kal zzx accessed
Αυγ 28, 2023 4:34:16 Μ.Μ. User toString
FINE: 3863: User rwfrwfr rfwrgf accessed
Αυγ 28, 2023 4:34:16 Μ.Μ. User toString
FINE: 3864: User Apostolos Kazopidis accessed
Αυγ 28, 2023 4:34:16 Μ.Μ. User toString
FINE: 3865: User Georgios Sakalas accessed
Αυγ 28, 2023 4:34:16 Μ.Μ. User toString
FINE: 3866: User test accessed
Αυγ 28, 2023 4:34:16 Μ.Μ. User toString
FINE: 3867: User Kal zzx accessed
Αυγ 28, 2023 4:34:16 Μ.Μ. User toString
FINE: 3868: User rwfrwfr rfwrgf accessed
Αυγ 28, 2023 4:34:16 Μ.Μ. User toString
FINE: 3869: User Apostolos Kazopidis accessed
Αυγ 28, 2023 4:34:16 Μ.Μ. User toString
FINE: 3870: User Georgios Sakalas accessed
Αυγ 28, 2023 4:34:16 Μ.Μ. User toString
FINE: 3871: User test accessed
Αυγ 28, 2023 4:34:16 Μ.Μ. User toString
FINE: 3872: User Kal zzx accessed
Αυγ 28, 2023 4:34:16 Μ.Μ. User toString
FINE: 3873: User rwfrwfr rfwrgf accessed
Αυγ 28, 2023 4:34:16 Μ.Μ. User toString
FINE: 3874: User Apostolos Kazopidis accessed
Αυγ 28, 2023 4:34:16 Μ.Μ. User toString
FINE: 3875: User Georgios Sakalas accessed
Αυγ 28, 2023 4:34:16 Μ.Μ. User toString
FINE: 3876: User test accessed
Αυγ 28, 2023 4:34:16 Μ.Μ. User toString
FINE: 3877: User Kal zzx accessed
Αυγ 28, 2023 4:34:16 Μ.Μ. User toString
FINE: 3878: User rwfrwfr rfwrgf accessed
Αυγ 28, 2023 4:34:16 Μ.Μ. User toString
FINE: 3879: User Apostolos Kazopidis accessed
Αυγ 28, 2023 4:34:16 Μ.Μ. User toString
FINE: 3880: User Georgios Sakalas accessed
Αυγ 28, 2023 4:34:16 Μ.Μ. User toString
FINE: 3881: User test accessed
Αυγ 28, 2023 4:34:16 Μ.Μ. User toString
FINE: 3882: User Kal zzx accessed
Αυγ 28, 2023 4:34:16 Μ.Μ. User toString
FINE: 3883: User rwfrwfr rfwrgf accessed
Αυγ 28, 2023 4:34:16 Μ.Μ. User toString
FINE: 3884: User Apostolos Kazopidis accessed
Αυγ 28, 2023 4:34:16 Μ.Μ. User toString
FINE: 3885: User Georgios Sakalas accessed
Αυγ 28, 2023 4:34:16 Μ.Μ. User toString
FINE: 3886: User test accessed
Αυγ 28, 2023 4:34:16 Μ.Μ. User toString
FINE: 3887: User Kal zzx accessed
Αυγ 28, 2023 4:34:16 Μ.Μ. User toString
FINE: 3888: User rwfrwfr rfwrgf accessed
Αυγ 28, 2023 4:34:16 Μ.Μ. User toString
FINE: 3889: User Apostolos Kazopidis accessed
Αυγ 28, 2023 4:34:16 Μ.Μ. User toString
FINE: 3890: User Georgios Sakalas accessed
Αυγ 28, 2023 4:34:16 Μ.Μ. User toString
FINE: 3891: User test accessed
Αυγ 28, 2023 4:34:16 Μ.Μ. User toString
FINE: 3892: User Kal zzx accessed
Αυγ 28, 2023 4:34:16 Μ.Μ. User toString
FINE: 3893: User rwfrwfr rfwrgf accessed
Αυγ 28, 2023 4:34:16 Μ.Μ. User toString
FINE: 3894: User Apostolos Kazopidis accessed
Αυγ 28, 2023 4:34:16 Μ.Μ. User toString
FINE: 3895: User Georgios Sakalas accessed
Αυγ 28, 2023 4:34:16 Μ.Μ. User toString
FINE: 3896: User test accessed
Αυγ 28, 2023 4:34:16 Μ.Μ. User toString
FINE: 3897: User Kal zzx accessed
Αυγ 28, 2023 4:34:16 Μ.Μ. User toString
FINE: 3898: User rwfrwfr rfwrgf accessed
Αυγ 28, 2023 4:34:16 Μ.Μ. User toString
FINE: 3899: User Apostolos Kazopidis accessed
Αυγ 28, 2023 4:34:16 Μ.Μ. User toString
FINE: 3900: User Georgios Sakalas accessed
Αυγ 28, 2023 4:34:16 Μ.Μ. User toString
FINE: 3901: User test accessed
Αυγ 28, 2023 4:34:16 Μ.Μ. User toString
FINE: 3902: User Kal zzx accessed
Αυγ 28, 2023 4:34:16 Μ.Μ. User toString
FINE: 3903: User rwfrwfr rfwrgf accessed
Αυγ 28, 2023 4:34:16 Μ.Μ. User toString
FINE: 3904: User Apostolos Kazopidis accessed
Αυγ 28, 2023 4:34:16 Μ.Μ. User toString
FINE: 3905: User Georgios Sakalas accessed
Αυγ 28, 2023 4:34:16 Μ.Μ. User toString
FINE: 3906: User test accessed
Αυγ 28, 2023 4:34:16 Μ.Μ. User toString
FINE: 3907: User Kal zzx accessed
Αυγ 28, 2023 4:34:16 Μ.Μ. User toString
FINE: 3908: User rwfrwfr rfwrgf accessed
Αυγ 28, 2023 4:34:16 Μ.Μ. User toString
FINE: 3909: User Apostolos Kazopidis accessed
Αυγ 28, 2023 4:34:16 Μ.Μ. User toString
FINE: 3910: User Georgios Sakalas accessed
Αυγ 28, 2023 4:34:16 Μ.Μ. User toString
FINE: 3911: User test accessed
Αυγ 28, 2023 4:34:16 Μ.Μ. User toString
FINE: 3912: User Kal zzx accessed
Αυγ 28, 2023 4:34:16 Μ.Μ. User toString
FINE: 3913: User rwfrwfr rfwrgf accessed
Αυγ 28, 2023 4:34:16 Μ.Μ. User toString
FINE: 3914: User Apostolos Kazopidis accessed
Αυγ 28, 2023 4:34:16 Μ.Μ. User toString
FINE: 3915: User Georgios Sakalas accessed
Αυγ 28, 2023 4:34:16 Μ.Μ. User toString
FINE: 3916: User test accessed
Αυγ 28, 2023 4:34:16 Μ.Μ. User toString
FINE: 3917: User Kal zzx accessed
Αυγ 28, 2023 4:34:16 Μ.Μ. User toString
FINE: 3918: User rwfrwfr rfwrgf accessed
Αυγ 28, 2023 4:34:16 Μ.Μ. User toString
FINE: 3919: User Apostolos Kazopidis accessed
Αυγ 28, 2023 4:34:16 Μ.Μ. User toString
FINE: 3920: User Georgios Sakalas accessed
Αυγ 28, 2023 4:34:16 Μ.Μ. User toString
FINE: 3921: User test accessed
Αυγ 28, 2023 4:34:16 Μ.Μ. User toString
FINE: 3922: User Kal zzx accessed
Αυγ 28, 2023 4:34:16 Μ.Μ. User toString
FINE: 3923: User rwfrwfr rfwrgf accessed
Αυγ 28, 2023 4:34:16 Μ.Μ. User toString
FINE: 3924: User Apostolos Kazopidis accessed
Αυγ 28, 2023 4:34:16 Μ.Μ. User toString
FINE: 3925: User Georgios Sakalas accessed
Αυγ 28, 2023 4:34:16 Μ.Μ. User toString
FINE: 3926: User test accessed
Αυγ 28, 2023 4:34:16 Μ.Μ. User toString
FINE: 3927: User Kal zzx accessed
Αυγ 28, 2023 4:34:16 Μ.Μ. User toString
FINE: 3928: User rwfrwfr rfwrgf accessed
Αυγ 28, 2023 4:34:16 Μ.Μ. User toString
FINE: 3929: User Apostolos Kazopidis accessed
Αυγ 28, 2023 4:34:16 Μ.Μ. User toString
FINE: 3930: User Georgios Sakalas accessed
Αυγ 28, 2023 4:34:16 Μ.Μ. User toString
FINE: 3931: User test accessed
Αυγ 28, 2023 4:34:16 Μ.Μ. User toString
FINE: 3932: User Kal zzx accessed
Αυγ 28, 2023 4:34:16 Μ.Μ. User toString
FINE: 3933: User rwfrwfr rfwrgf accessed
Αυγ 28, 2023 4:34:16 Μ.Μ. User toString
FINE: 3934: User Apostolos Kazopidis accessed
Αυγ 28, 2023 4:34:16 Μ.Μ. User toString
FINE: 3935: User Georgios Sakalas accessed
Αυγ 28, 2023 4:34:16 Μ.Μ. User toString
FINE: 3936: User test accessed
Αυγ 28, 2023 4:34:16 Μ.Μ. User toString
FINE: 3937: User Kal zzx accessed
Αυγ 28, 2023 4:34:16 Μ.Μ. User toString
FINE: 3938: User rwfrwfr rfwrgf accessed
Αυγ 28, 2023 4:34:16 Μ.Μ. User toString
FINE: 3939: User Apostolos Kazopidis accessed
Αυγ 28, 2023 4:34:16 Μ.Μ. User toString
FINE: 3940: User Georgios Sakalas accessed
Αυγ 28, 2023 4:34:16 Μ.Μ. User toString
FINE: 3941: User test accessed
Αυγ 28, 2023 4:34:16 Μ.Μ. User toString
FINE: 3942: User Kal zzx accessed
Αυγ 28, 2023 4:34:16 Μ.Μ. User toString
FINE: 3943: User rwfrwfr rfwrgf accessed
Αυγ 28, 2023 4:34:16 Μ.Μ. User toString
FINE: 3944: User Apostolos Kazopidis accessed
Αυγ 28, 2023 4:34:16 Μ.Μ. User toString
FINE: 3945: User Georgios Sakalas accessed
Αυγ 28, 2023 4:34:16 Μ.Μ. User toString
FINE: 3946: User test accessed
Αυγ 28, 2023 4:34:16 Μ.Μ. User toString
FINE: 3947: User Kal zzx accessed
Αυγ 28, 2023 4:34:16 Μ.Μ. User toString
FINE: 3948: User rwfrwfr rfwrgf accessed
Αυγ 28, 2023 4:34:16 Μ.Μ. User toString
FINE: 3949: User Apostolos Kazopidis accessed
Αυγ 28, 2023 4:34:16 Μ.Μ. User toString
FINE: 3950: User Georgios Sakalas accessed
Αυγ 28, 2023 4:34:16 Μ.Μ. User toString
FINE: 3951: User test accessed
Αυγ 28, 2023 4:34:16 Μ.Μ. User toString
FINE: 3952: User Kal zzx accessed
Αυγ 28, 2023 4:34:16 Μ.Μ. User toString
FINE: 3953: User rwfrwfr rfwrgf accessed
Αυγ 28, 2023 4:34:16 Μ.Μ. User toString
FINE: 3954: User Apostolos Kazopidis accessed
Αυγ 28, 2023 4:34:16 Μ.Μ. User toString
FINE: 3955: User Georgios Sakalas accessed
Αυγ 28, 2023 4:34:16 Μ.Μ. User toString
FINE: 3956: User test accessed
Αυγ 28, 2023 4:34:16 Μ.Μ. User toString
FINE: 3957: User Kal zzx accessed
Αυγ 28, 2023 4:34:16 Μ.Μ. User toString
FINE: 3958: User rwfrwfr rfwrgf accessed
Αυγ 28, 2023 4:34:16 Μ.Μ. User toString
FINE: 3959: User Apostolos Kazopidis accessed
Αυγ 28, 2023 4:34:16 Μ.Μ. User toString
FINE: 3960: User Georgios Sakalas accessed
Αυγ 28, 2023 4:34:16 Μ.Μ. User toString
FINE: 3961: User test accessed
Αυγ 28, 2023 4:34:16 Μ.Μ. User toString
FINE: 3962: User Kal zzx accessed
Αυγ 28, 2023 4:34:16 Μ.Μ. User toString
FINE: 3963: User rwfrwfr rfwrgf accessed
Αυγ 28, 2023 4:34:16 Μ.Μ. User toString
FINE: 3964: User Apostolos Kazopidis accessed
Αυγ 28, 2023 4:34:16 Μ.Μ. User toString
FINE: 3965: User Georgios Sakalas accessed
Αυγ 28, 2023 4:34:16 Μ.Μ. User toString
FINE: 3966: User test accessed
Αυγ 28, 2023 4:34:16 Μ.Μ. User toString
FINE: 3967: User Kal zzx accessed
Αυγ 28, 2023 4:34:16 Μ.Μ. User toString
FINE: 3968: User rwfrwfr rfwrgf accessed
Αυγ 28, 2023 4:34:16 Μ.Μ. User toString
FINE: 3969: User Apostolos Kazopidis accessed
Αυγ 28, 2023 4:34:16 Μ.Μ. User toString
FINE: 3970: User Georgios Sakalas accessed
Αυγ 28, 2023 4:34:16 Μ.Μ. User toString
FINE: 3971: User test accessed
Αυγ 28, 2023 4:34:16 Μ.Μ. User toString
FINE: 3972: User Kal zzx accessed
Αυγ 28, 2023 4:34:16 Μ.Μ. User toString
FINE: 3973: User rwfrwfr rfwrgf accessed
Αυγ 28, 2023 4:34:16 Μ.Μ. User toString
FINE: 3974: User Apostolos Kazopidis accessed
Αυγ 28, 2023 4:34:16 Μ.Μ. User toString
FINE: 3975: User Georgios Sakalas accessed
Αυγ 28, 2023 4:34:16 Μ.Μ. User toString
FINE: 3976: User test accessed
Αυγ 28, 2023 4:34:16 Μ.Μ. User toString
FINE: 3977: User Kal zzx accessed
Αυγ 28, 2023 4:34:16 Μ.Μ. User toString
FINE: 3978: User rwfrwfr rfwrgf accessed
Αυγ 28, 2023 4:34:16 Μ.Μ. User toString
FINE: 3979: User Apostolos Kazopidis accessed
Αυγ 28, 2023 4:34:16 Μ.Μ. User toString
FINE: 3980: User Georgios Sakalas accessed
Αυγ 28, 2023 4:34:16 Μ.Μ. User toString
FINE: 3981: User test accessed
Αυγ 28, 2023 4:34:16 Μ.Μ. User toString
FINE: 3982: User Kal zzx accessed
Αυγ 28, 2023 4:34:16 Μ.Μ. User toString
FINE: 3983: User rwfrwfr rfwrgf accessed
Αυγ 28, 2023 4:34:16 Μ.Μ. User toString
FINE: 3984: User Apostolos Kazopidis accessed
Αυγ 28, 2023 4:34:16 Μ.Μ. User toString
FINE: 3985: User Georgios Sakalas accessed
Αυγ 28, 2023 4:34:16 Μ.Μ. User toString
FINE: 3986: User test accessed
Αυγ 28, 2023 4:34:16 Μ.Μ. User toString
FINE: 3987: User Kal zzx accessed
Αυγ 28, 2023 4:34:16 Μ.Μ. User toString
FINE: 3988: User rwfrwfr rfwrgf accessed
Αυγ 28, 2023 4:34:16 Μ.Μ. User toString
FINE: 3989: User Apostolos Kazopidis accessed
Αυγ 28, 2023 4:34:16 Μ.Μ. User toString
FINE: 3990: User Georgios Sakalas accessed
Αυγ 28, 2023 4:34:16 Μ.Μ. User toString
FINE: 3991: User test accessed
Αυγ 28, 2023 4:34:16 Μ.Μ. User toString
FINE: 3992: User Kal zzx accessed
Αυγ 28, 2023 4:34:16 Μ.Μ. User toString
FINE: 3993: User rwfrwfr rfwrgf accessed
Αυγ 28, 2023 4:34:16 Μ.Μ. User toString
FINE: 3994: User Apostolos Kazopidis accessed
Αυγ 28, 2023 4:34:16 Μ.Μ. User toString
FINE: 3995: User Georgios Sakalas accessed
Αυγ 28, 2023 4:34:16 Μ.Μ. User toString
FINE: 3996: User test accessed
Αυγ 28, 2023 4:34:16 Μ.Μ. User toString
FINE: 3997: User Kal zzx accessed
Αυγ 28, 2023 4:34:16 Μ.Μ. User toString
FINE: 3998: User rwfrwfr rfwrgf accessed
Αυγ 28, 2023 4:34:16 Μ.Μ. User toString
FINE: 3999: User Apostolos Kazopidis accessed
Αυγ 28, 2023 4:34:16 Μ.Μ. User toString
FINE: 4000: User Georgios Sakalas accessed
Αυγ 28, 2023 4:34:16 Μ.Μ. User toString
FINE: 4001: User test accessed
Αυγ 28, 2023 4:34:16 Μ.Μ. User toString
FINE: 4002: User Kal zzx accessed
Αυγ 28, 2023 4:34:16 Μ.Μ. User toString
FINE: 4003: User rwfrwfr rfwrgf accessed
Αυγ 28, 2023 4:34:16 Μ.Μ. User toString
FINE: 4004: User Apostolos Kazopidis accessed
Αυγ 28, 2023 4:34:16 Μ.Μ. User toString
FINE: 4005: User Georgios Sakalas accessed
Αυγ 28, 2023 4:34:16 Μ.Μ. User toString
FINE: 4006: User test accessed
Αυγ 28, 2023 4:34:16 Μ.Μ. User toString
FINE: 4007: User Kal zzx accessed
Αυγ 28, 2023 4:34:16 Μ.Μ. User toString
FINE: 4008: User rwfrwfr rfwrgf accessed
Αυγ 28, 2023 4:34:16 Μ.Μ. User toString
FINE: 4009: User Apostolos Kazopidis accessed
Αυγ 28, 2023 4:34:16 Μ.Μ. User toString
FINE: 4010: User Georgios Sakalas accessed
Αυγ 28, 2023 4:34:16 Μ.Μ. User toString
FINE: 4011: User test accessed
Αυγ 28, 2023 4:34:16 Μ.Μ. User toString
FINE: 4012: User Kal zzx accessed
Αυγ 28, 2023 4:34:16 Μ.Μ. User toString
FINE: 4013: User rwfrwfr rfwrgf accessed
Αυγ 28, 2023 4:34:16 Μ.Μ. User toString
FINE: 4014: User Apostolos Kazopidis accessed
Αυγ 28, 2023 4:34:16 Μ.Μ. User toString
FINE: 4015: User Georgios Sakalas accessed
Αυγ 28, 2023 4:34:16 Μ.Μ. User toString
FINE: 4016: User test accessed
Αυγ 28, 2023 4:34:16 Μ.Μ. User toString
FINE: 4017: User Kal zzx accessed
Αυγ 28, 2023 4:34:16 Μ.Μ. User toString
FINE: 4018: User rwfrwfr rfwrgf accessed
Αυγ 28, 2023 4:34:16 Μ.Μ. User toString
FINE: 4019: User Apostolos Kazopidis accessed
Αυγ 28, 2023 4:34:16 Μ.Μ. User toString
FINE: 4020: User Georgios Sakalas accessed
Αυγ 28, 2023 4:34:16 Μ.Μ. User toString
FINE: 4021: User test accessed
Αυγ 28, 2023 4:34:16 Μ.Μ. User toString
FINE: 4022: User Kal zzx accessed
Αυγ 28, 2023 4:34:16 Μ.Μ. User toString
FINE: 4023: User rwfrwfr rfwrgf accessed
Αυγ 28, 2023 4:34:16 Μ.Μ. User toString
FINE: 4024: User Apostolos Kazopidis accessed
Αυγ 28, 2023 4:34:16 Μ.Μ. User toString
FINE: 4025: User Georgios Sakalas accessed
Αυγ 28, 2023 4:34:16 Μ.Μ. User toString
FINE: 4026: User test accessed
Αυγ 28, 2023 4:34:16 Μ.Μ. User toString
FINE: 4027: User Kal zzx accessed
Αυγ 28, 2023 4:34:16 Μ.Μ. User toString
FINE: 4028: User rwfrwfr rfwrgf accessed
Αυγ 28, 2023 4:34:16 Μ.Μ. User toString
FINE: 4029: User Apostolos Kazopidis accessed
Αυγ 28, 2023 4:34:16 Μ.Μ. User toString
FINE: 4030: User Georgios Sakalas accessed
Αυγ 28, 2023 4:34:16 Μ.Μ. User toString
FINE: 4031: User test accessed
Αυγ 28, 2023 4:34:16 Μ.Μ. User toString
FINE: 4032: User Kal zzx accessed
Αυγ 28, 2023 4:34:16 Μ.Μ. User toString
FINE: 4033: User rwfrwfr rfwrgf accessed
Αυγ 28, 2023 4:34:16 Μ.Μ. User toString
FINE: 4034: User Apostolos Kazopidis accessed
Αυγ 28, 2023 4:34:16 Μ.Μ. User toString
FINE: 4035: User Georgios Sakalas accessed
Αυγ 28, 2023 4:34:16 Μ.Μ. User toString
FINE: 4036: User test accessed
Αυγ 28, 2023 4:34:16 Μ.Μ. User toString
FINE: 4037: User Kal zzx accessed
Αυγ 28, 2023 4:34:16 Μ.Μ. User toString
FINE: 4038: User rwfrwfr rfwrgf accessed
Αυγ 28, 2023 4:34:16 Μ.Μ. User toString
FINE: 4039: User Apostolos Kazopidis accessed
Αυγ 28, 2023 4:34:16 Μ.Μ. User toString
FINE: 4040: User Georgios Sakalas accessed
Αυγ 28, 2023 4:34:16 Μ.Μ. User toString
FINE: 4041: User test accessed
Αυγ 28, 2023 4:34:16 Μ.Μ. User toString
FINE: 4042: User Kal zzx accessed
Αυγ 28, 2023 4:34:16 Μ.Μ. User toString
FINE: 4043: User rwfrwfr rfwrgf accessed
Αυγ 28, 2023 4:34:16 Μ.Μ. User toString
FINE: 4044: User Apostolos Kazopidis accessed
Αυγ 28, 2023 4:34:16 Μ.Μ. User toString
FINE: 4045: User Georgios Sakalas accessed
Αυγ 28, 2023 4:34:16 Μ.Μ. User toString
FINE: 4046: User test accessed
Αυγ 28, 2023 4:34:16 Μ.Μ. User toString
FINE: 4047: User Kal zzx accessed
Αυγ 28, 2023 4:34:16 Μ.Μ. User toString
FINE: 4048: User rwfrwfr rfwrgf accessed
Αυγ 28, 2023 4:34:16 Μ.Μ. User toString
FINE: 4049: User Apostolos Kazopidis accessed
Αυγ 28, 2023 4:34:16 Μ.Μ. User toString
FINE: 4050: User Georgios Sakalas accessed
Αυγ 28, 2023 4:34:16 Μ.Μ. User toString
FINE: 4051: User test accessed
Αυγ 28, 2023 4:34:16 Μ.Μ. User toString
FINE: 4052: User Kal zzx accessed
Αυγ 28, 2023 4:34:16 Μ.Μ. User toString
FINE: 4053: User rwfrwfr rfwrgf accessed
Αυγ 28, 2023 4:34:16 Μ.Μ. User toString
FINE: 4054: User Apostolos Kazopidis accessed
Αυγ 28, 2023 4:34:16 Μ.Μ. User toString
FINE: 4055: User Georgios Sakalas accessed
Αυγ 28, 2023 4:34:16 Μ.Μ. User toString
FINE: 4056: User test accessed
Αυγ 28, 2023 4:34:16 Μ.Μ. User toString
FINE: 4057: User Kal zzx accessed
Αυγ 28, 2023 4:34:16 Μ.Μ. User toString
FINE: 4058: User rwfrwfr rfwrgf accessed
Αυγ 28, 2023 4:34:16 Μ.Μ. User toString
FINE: 4059: User Apostolos Kazopidis accessed
Αυγ 28, 2023 4:34:16 Μ.Μ. User toString
FINE: 4060: User Georgios Sakalas accessed
Αυγ 28, 2023 4:34:16 Μ.Μ. User toString
FINE: 4061: User test accessed
Αυγ 28, 2023 4:34:16 Μ.Μ. User toString
FINE: 4062: User Kal zzx accessed
Αυγ 28, 2023 4:34:16 Μ.Μ. User toString
FINE: 4063: User rwfrwfr rfwrgf accessed
Αυγ 28, 2023 4:34:16 Μ.Μ. User toString
FINE: 4064: User Apostolos Kazopidis accessed
Αυγ 28, 2023 4:34:16 Μ.Μ. User toString
FINE: 4065: User Georgios Sakalas accessed
Αυγ 28, 2023 4:34:16 Μ.Μ. User toString
FINE: 4066: User test accessed
Αυγ 28, 2023 4:34:16 Μ.Μ. User toString
FINE: 4067: User Kal zzx accessed
Αυγ 28, 2023 4:34:16 Μ.Μ. User toString
FINE: 4068: User rwfrwfr rfwrgf accessed
Αυγ 28, 2023 4:34:16 Μ.Μ. User toString
FINE: 4069: User Apostolos Kazopidis accessed
Αυγ 28, 2023 4:34:16 Μ.Μ. User toString
FINE: 4070: User Georgios Sakalas accessed
Αυγ 28, 2023 4:34:16 Μ.Μ. User toString
FINE: 4071: User test accessed
Αυγ 28, 2023 4:34:16 Μ.Μ. User toString
FINE: 4072: User Kal zzx accessed
Αυγ 28, 2023 4:34:16 Μ.Μ. User toString
FINE: 4073: User rwfrwfr rfwrgf accessed
Αυγ 28, 2023 4:34:16 Μ.Μ. User toString
FINE: 4074: User Apostolos Kazopidis accessed
Αυγ 28, 2023 4:34:16 Μ.Μ. User toString
FINE: 4075: User Georgios Sakalas accessed
Αυγ 28, 2023 4:34:16 Μ.Μ. User toString
FINE: 4076: User test accessed
Αυγ 28, 2023 4:34:16 Μ.Μ. User toString
FINE: 4077: User Kal zzx accessed
Αυγ 28, 2023 4:34:16 Μ.Μ. User toString
FINE: 4078: User rwfrwfr rfwrgf accessed
Αυγ 28, 2023 4:34:16 Μ.Μ. User toString
FINE: 4079: User Apostolos Kazopidis accessed
Αυγ 28, 2023 4:34:16 Μ.Μ. User toString
FINE: 4080: User Georgios Sakalas accessed
Αυγ 28, 2023 4:34:16 Μ.Μ. User toString
FINE: 4081: User test accessed
Αυγ 28, 2023 4:34:16 Μ.Μ. User toString
FINE: 4082: User Kal zzx accessed
Αυγ 28, 2023 4:34:16 Μ.Μ. User toString
FINE: 4083: User rwfrwfr rfwrgf accessed
Αυγ 28, 2023 4:34:16 Μ.Μ. User toString
FINE: 4084: User Apostolos Kazopidis accessed
Αυγ 28, 2023 4:34:16 Μ.Μ. User toString
FINE: 4085: User Georgios Sakalas accessed
Αυγ 28, 2023 4:34:16 Μ.Μ. User toString
FINE: 4086: User test accessed
Αυγ 28, 2023 4:34:16 Μ.Μ. User toString
FINE: 4087: User Kal zzx accessed
Αυγ 28, 2023 4:34:16 Μ.Μ. User toString
FINE: 4088: User rwfrwfr rfwrgf accessed
Αυγ 28, 2023 4:34:16 Μ.Μ. User toString
FINE: 4089: User Apostolos Kazopidis accessed
Αυγ 28, 2023 4:34:16 Μ.Μ. User toString
FINE: 4090: User Georgios Sakalas accessed
Αυγ 28, 2023 4:34:16 Μ.Μ. User toString
FINE: 4091: User test accessed
Αυγ 28, 2023 4:34:16 Μ.Μ. User toString
FINE: 4092: User Kal zzx accessed
Αυγ 28, 2023 4:34:16 Μ.Μ. User toString
FINE: 4093: User rwfrwfr rfwrgf accessed
Αυγ 28, 2023 4:34:16 Μ.Μ. User toString
FINE: 4094: User Apostolos Kazopidis accessed
Αυγ 28, 2023 4:34:16 Μ.Μ. User toString
FINE: 4095: User Georgios Sakalas accessed
Αυγ 28, 2023 4:34:16 Μ.Μ. User toString
FINE: 4096: User test accessed
Αυγ 28, 2023 4:34:16 Μ.Μ. User toString
FINE: 4097: User Kal zzx accessed
Αυγ 28, 2023 4:34:16 Μ.Μ. User toString
FINE: 4098: User rwfrwfr rfwrgf accessed
Αυγ 28, 2023 4:34:16 Μ.Μ. User toString
FINE: 4099: User Apostolos Kazopidis accessed
Αυγ 28, 2023 4:34:16 Μ.Μ. User toString
FINE: 4100: User Georgios Sakalas accessed
Αυγ 28, 2023 4:34:16 Μ.Μ. User toString
FINE: 4101: User test accessed
Αυγ 28, 2023 4:34:16 Μ.Μ. User toString
FINE: 4102: User Kal zzx accessed
Αυγ 28, 2023 4:34:16 Μ.Μ. User toString
FINE: 4103: User rwfrwfr rfwrgf accessed
Αυγ 28, 2023 4:34:16 Μ.Μ. User toString
FINE: 4104: User Apostolos Kazopidis accessed
Αυγ 28, 2023 4:34:16 Μ.Μ. User toString
FINE: 4105: User Georgios Sakalas accessed
Αυγ 28, 2023 4:34:16 Μ.Μ. User toString
FINE: 4106: User test accessed
Αυγ 28, 2023 4:34:16 Μ.Μ. User toString
FINE: 4107: User Kal zzx accessed
Αυγ 28, 2023 4:34:16 Μ.Μ. User toString
FINE: 4108: User rwfrwfr rfwrgf accessed
Αυγ 28, 2023 4:34:16 Μ.Μ. User toString
FINE: 4109: User Apostolos Kazopidis accessed
Αυγ 28, 2023 4:34:16 Μ.Μ. User toString
FINE: 4110: User Georgios Sakalas accessed
Αυγ 28, 2023 4:34:16 Μ.Μ. User toString
FINE: 4111: User test accessed
Αυγ 28, 2023 4:34:16 Μ.Μ. User toString
FINE: 4112: User Kal zzx accessed
Αυγ 28, 2023 4:34:16 Μ.Μ. User toString
FINE: 4113: User rwfrwfr rfwrgf accessed
Αυγ 28, 2023 4:34:16 Μ.Μ. User toString
FINE: 4114: User Apostolos Kazopidis accessed
Αυγ 28, 2023 4:34:16 Μ.Μ. User toString
FINE: 4115: User Georgios Sakalas accessed
Αυγ 28, 2023 4:34:16 Μ.Μ. User toString
FINE: 4116: User test accessed
Αυγ 28, 2023 4:34:16 Μ.Μ. User toString
FINE: 4117: User Kal zzx accessed
Αυγ 28, 2023 4:34:16 Μ.Μ. User toString
FINE: 4118: User rwfrwfr rfwrgf accessed
Αυγ 28, 2023 4:34:16 Μ.Μ. User toString
FINE: 4119: User Apostolos Kazopidis accessed
Αυγ 28, 2023 4:34:16 Μ.Μ. User toString
FINE: 4120: User Georgios Sakalas accessed
Αυγ 28, 2023 4:34:16 Μ.Μ. User toString
FINE: 4121: User test accessed
Αυγ 28, 2023 4:34:16 Μ.Μ. User toString
FINE: 4122: User Kal zzx accessed
Αυγ 28, 2023 4:34:16 Μ.Μ. User toString
FINE: 4123: User rwfrwfr rfwrgf accessed
Αυγ 28, 2023 4:34:16 Μ.Μ. User toString
FINE: 4124: User Apostolos Kazopidis accessed
Αυγ 28, 2023 4:34:16 Μ.Μ. User toString
FINE: 4125: User Georgios Sakalas accessed
Αυγ 28, 2023 4:34:16 Μ.Μ. User toString
FINE: 4126: User test accessed
Αυγ 28, 2023 4:34:16 Μ.Μ. User toString
FINE: 4127: User Kal zzx accessed
Αυγ 28, 2023 4:34:16 Μ.Μ. User toString
FINE: 4128: User rwfrwfr rfwrgf accessed
Αυγ 28, 2023 4:34:16 Μ.Μ. User toString
FINE: 4129: User Apostolos Kazopidis accessed
Αυγ 28, 2023 4:34:16 Μ.Μ. User toString
FINE: 4130: User Georgios Sakalas accessed
Αυγ 28, 2023 4:34:16 Μ.Μ. User toString
FINE: 4131: User test accessed
Αυγ 28, 2023 4:34:16 Μ.Μ. User toString
FINE: 4132: User Kal zzx accessed
Αυγ 28, 2023 4:34:16 Μ.Μ. User toString
FINE: 4133: User rwfrwfr rfwrgf accessed
Αυγ 28, 2023 4:34:16 Μ.Μ. User toString
FINE: 4134: User Apostolos Kazopidis accessed
Αυγ 28, 2023 4:34:16 Μ.Μ. User toString
FINE: 4135: User Georgios Sakalas accessed
Αυγ 28, 2023 4:34:16 Μ.Μ. User toString
FINE: 4136: User test accessed
Αυγ 28, 2023 4:34:16 Μ.Μ. User toString
FINE: 4137: User Kal zzx accessed
Αυγ 28, 2023 4:34:16 Μ.Μ. User toString
FINE: 4138: User rwfrwfr rfwrgf accessed
Αυγ 28, 2023 4:34:16 Μ.Μ. User toString
FINE: 4139: User Apostolos Kazopidis accessed
Αυγ 28, 2023 4:34:16 Μ.Μ. User toString
FINE: 4140: User Georgios Sakalas accessed
Αυγ 28, 2023 4:34:16 Μ.Μ. User toString
FINE: 4141: User test accessed
Αυγ 28, 2023 4:34:16 Μ.Μ. User toString
FINE: 4142: User Kal zzx accessed
Αυγ 28, 2023 4:34:16 Μ.Μ. User toString
FINE: 4143: User rwfrwfr rfwrgf accessed
Αυγ 28, 2023 4:34:16 Μ.Μ. User toString
FINE: 4144: User Apostolos Kazopidis accessed
Αυγ 28, 2023 4:34:16 Μ.Μ. User toString
FINE: 4145: User Georgios Sakalas accessed
Αυγ 28, 2023 4:34:16 Μ.Μ. User toString
FINE: 4146: User test accessed
Αυγ 28, 2023 4:34:16 Μ.Μ. User toString
FINE: 4147: User Kal zzx accessed
Αυγ 28, 2023 4:34:16 Μ.Μ. User toString
FINE: 4148: User rwfrwfr rfwrgf accessed
Αυγ 28, 2023 4:34:16 Μ.Μ. User toString
FINE: 4149: User Apostolos Kazopidis accessed
Αυγ 28, 2023 4:34:16 Μ.Μ. User toString
FINE: 4150: User Georgios Sakalas accessed
Αυγ 28, 2023 4:34:16 Μ.Μ. User toString
FINE: 4151: User test accessed
Αυγ 28, 2023 4:34:16 Μ.Μ. User toString
FINE: 4152: User Kal zzx accessed
Αυγ 28, 2023 4:34:16 Μ.Μ. User toString
FINE: 4153: User rwfrwfr rfwrgf accessed
Αυγ 28, 2023 4:34:16 Μ.Μ. User toString
FINE: 4154: User Apostolos Kazopidis accessed
Αυγ 28, 2023 4:34:16 Μ.Μ. User toString
FINE: 4155: User Georgios Sakalas accessed
Αυγ 28, 2023 4:34:16 Μ.Μ. User toString
FINE: 4156: User test accessed
Αυγ 28, 2023 4:34:16 Μ.Μ. User toString
FINE: 4157: User Kal zzx accessed
Αυγ 28, 2023 4:34:16 Μ.Μ. User toString
FINE: 4158: User rwfrwfr rfwrgf accessed
Αυγ 28, 2023 4:34:16 Μ.Μ. User toString
FINE: 4159: User Apostolos Kazopidis accessed
Αυγ 28, 2023 4:34:16 Μ.Μ. User toString
FINE: 4160: User Georgios Sakalas accessed
Αυγ 28, 2023 4:34:16 Μ.Μ. User toString
FINE: 4161: User test accessed
Αυγ 28, 2023 4:34:16 Μ.Μ. User toString
FINE: 4162: User Kal zzx accessed
Αυγ 28, 2023 4:34:16 Μ.Μ. User toString
FINE: 4163: User rwfrwfr rfwrgf accessed
Αυγ 28, 2023 4:34:16 Μ.Μ. User toString
FINE: 4164: User Apostolos Kazopidis accessed
Αυγ 28, 2023 4:34:16 Μ.Μ. User toString
FINE: 4165: User Georgios Sakalas accessed
Αυγ 28, 2023 4:34:16 Μ.Μ. User toString
FINE: 4166: User test accessed
Αυγ 28, 2023 4:34:16 Μ.Μ. User toString
FINE: 4167: User Kal zzx accessed
Αυγ 28, 2023 4:34:16 Μ.Μ. User toString
FINE: 4168: User rwfrwfr rfwrgf accessed
Αυγ 28, 2023 4:34:16 Μ.Μ. User toString
FINE: 4169: User Apostolos Kazopidis accessed
Αυγ 28, 2023 4:34:16 Μ.Μ. User toString
FINE: 4170: User Georgios Sakalas accessed
Αυγ 28, 2023 4:34:16 Μ.Μ. User toString
FINE: 4171: User test accessed
Αυγ 28, 2023 4:34:16 Μ.Μ. User toString
FINE: 4172: User Kal zzx accessed
Αυγ 28, 2023 4:34:16 Μ.Μ. User toString
FINE: 4173: User rwfrwfr rfwrgf accessed
Αυγ 28, 2023 4:34:16 Μ.Μ. User toString
FINE: 4174: User Apostolos Kazopidis accessed
Αυγ 28, 2023 4:34:16 Μ.Μ. User toString
FINE: 4175: User Georgios Sakalas accessed
Αυγ 28, 2023 4:34:16 Μ.Μ. User toString
FINE: 4176: User test accessed
Αυγ 28, 2023 4:34:16 Μ.Μ. User toString
FINE: 4177: User Kal zzx accessed
Αυγ 28, 2023 4:34:16 Μ.Μ. User toString
FINE: 4178: User rwfrwfr rfwrgf accessed
Αυγ 28, 2023 4:34:16 Μ.Μ. User toString
FINE: 4179: User Apostolos Kazopidis accessed
Αυγ 28, 2023 4:34:16 Μ.Μ. User toString
FINE: 4180: User Georgios Sakalas accessed
Αυγ 28, 2023 4:34:16 Μ.Μ. User toString
FINE: 4181: User test accessed
Αυγ 28, 2023 4:34:16 Μ.Μ. User toString
FINE: 4182: User Kal zzx accessed
Αυγ 28, 2023 4:34:16 Μ.Μ. User toString
FINE: 4183: User rwfrwfr rfwrgf accessed
Αυγ 28, 2023 4:34:16 Μ.Μ. User toString
FINE: 4184: User Apostolos Kazopidis accessed
Αυγ 28, 2023 4:34:16 Μ.Μ. User toString
FINE: 4185: User Georgios Sakalas accessed
Αυγ 28, 2023 4:34:16 Μ.Μ. User toString
FINE: 4186: User test accessed
Αυγ 28, 2023 4:34:16 Μ.Μ. User toString
FINE: 4187: User Kal zzx accessed
Αυγ 28, 2023 4:34:16 Μ.Μ. User toString
FINE: 4188: User rwfrwfr rfwrgf accessed
Αυγ 28, 2023 4:34:16 Μ.Μ. User toString
FINE: 4189: User Apostolos Kazopidis accessed
Αυγ 28, 2023 4:34:16 Μ.Μ. User toString
FINE: 4190: User Georgios Sakalas accessed
Αυγ 28, 2023 4:34:16 Μ.Μ. User toString
FINE: 4191: User test accessed
Αυγ 28, 2023 4:34:16 Μ.Μ. User toString
FINE: 4192: User Kal zzx accessed
Αυγ 28, 2023 4:34:16 Μ.Μ. User toString
FINE: 4193: User rwfrwfr rfwrgf accessed
Αυγ 28, 2023 4:34:16 Μ.Μ. User toString
FINE: 4194: User Apostolos Kazopidis accessed
Αυγ 28, 2023 4:34:16 Μ.Μ. User toString
FINE: 4195: User Georgios Sakalas accessed
Αυγ 28, 2023 4:34:16 Μ.Μ. User toString
FINE: 4196: User test accessed
Αυγ 28, 2023 4:34:16 Μ.Μ. User toString
FINE: 4197: User Kal zzx accessed
Αυγ 28, 2023 4:34:16 Μ.Μ. User toString
FINE: 4198: User rwfrwfr rfwrgf accessed
Αυγ 28, 2023 4:34:16 Μ.Μ. User toString
FINE: 4199: User Apostolos Kazopidis accessed
Αυγ 28, 2023 4:34:16 Μ.Μ. User toString
FINE: 4200: User Georgios Sakalas accessed
Αυγ 28, 2023 4:34:16 Μ.Μ. User toString
FINE: 4201: User test accessed
Αυγ 28, 2023 4:34:16 Μ.Μ. User toString
FINE: 4202: User Kal zzx accessed
Αυγ 28, 2023 4:34:16 Μ.Μ. User toString
FINE: 4203: User rwfrwfr rfwrgf accessed
Αυγ 28, 2023 4:34:16 Μ.Μ. User toString
FINE: 4204: User Apostolos Kazopidis accessed
Αυγ 28, 2023 4:34:16 Μ.Μ. User toString
FINE: 4205: User Georgios Sakalas accessed
Αυγ 28, 2023 4:34:16 Μ.Μ. User toString
FINE: 4206: User test accessed
Αυγ 28, 2023 4:34:16 Μ.Μ. User toString
FINE: 4207: User Kal zzx accessed
Αυγ 28, 2023 4:34:16 Μ.Μ. User toString
FINE: 4208: User rwfrwfr rfwrgf accessed
Αυγ 28, 2023 4:34:16 Μ.Μ. User toString
FINE: 4209: User Apostolos Kazopidis accessed
Αυγ 28, 2023 4:34:16 Μ.Μ. User toString
FINE: 4210: User Georgios Sakalas accessed
Αυγ 28, 2023 4:34:16 Μ.Μ. User toString
FINE: 4211: User test accessed
Αυγ 28, 2023 4:34:16 Μ.Μ. User toString
FINE: 4212: User Kal zzx accessed
Αυγ 28, 2023 4:34:16 Μ.Μ. User toString
FINE: 4213: User rwfrwfr rfwrgf accessed
Αυγ 28, 2023 4:34:16 Μ.Μ. User toString
FINE: 4214: User Apostolos Kazopidis accessed
Αυγ 28, 2023 4:34:16 Μ.Μ. User toString
FINE: 4215: User Georgios Sakalas accessed
Αυγ 28, 2023 4:34:16 Μ.Μ. User toString
FINE: 4216: User test accessed
Αυγ 28, 2023 4:34:16 Μ.Μ. User toString
FINE: 4217: User Kal zzx accessed
Αυγ 28, 2023 4:34:16 Μ.Μ. User toString
FINE: 4218: User rwfrwfr rfwrgf accessed
Αυγ 28, 2023 4:34:16 Μ.Μ. User toString
FINE: 4219: User Apostolos Kazopidis accessed
Αυγ 28, 2023 4:34:16 Μ.Μ. User toString
FINE: 4220: User Georgios Sakalas accessed
Αυγ 28, 2023 4:34:16 Μ.Μ. User toString
FINE: 4221: User test accessed
Αυγ 28, 2023 4:34:16 Μ.Μ. User toString
FINE: 4222: User Kal zzx accessed
Αυγ 28, 2023 4:34:16 Μ.Μ. User toString
FINE: 4223: User rwfrwfr rfwrgf accessed
Αυγ 28, 2023 4:34:16 Μ.Μ. User toString
FINE: 4224: User Apostolos Kazopidis accessed
Αυγ 28, 2023 4:34:16 Μ.Μ. User toString
FINE: 4225: User Georgios Sakalas accessed
Αυγ 28, 2023 4:34:16 Μ.Μ. User toString
FINE: 4226: User test accessed
Αυγ 28, 2023 4:34:16 Μ.Μ. User toString
FINE: 4227: User Kal zzx accessed
Αυγ 28, 2023 4:34:16 Μ.Μ. User toString
FINE: 4228: User rwfrwfr rfwrgf accessed
Αυγ 28, 2023 4:34:16 Μ.Μ. User toString
FINE: 4229: User Apostolos Kazopidis accessed
Αυγ 28, 2023 4:34:16 Μ.Μ. User toString
FINE: 4230: User Georgios Sakalas accessed
Αυγ 28, 2023 4:34:16 Μ.Μ. User toString
FINE: 4231: User test accessed
Αυγ 28, 2023 4:34:16 Μ.Μ. User toString
FINE: 4232: User Kal zzx accessed
Αυγ 28, 2023 4:34:16 Μ.Μ. User toString
FINE: 4233: User rwfrwfr rfwrgf accessed
Αυγ 28, 2023 4:34:16 Μ.Μ. User toString
FINE: 4234: User Apostolos Kazopidis accessed
Αυγ 28, 2023 4:34:16 Μ.Μ. User toString
FINE: 4235: User Georgios Sakalas accessed
Αυγ 28, 2023 4:34:16 Μ.Μ. User toString
FINE: 4236: User test accessed
Αυγ 28, 2023 4:34:16 Μ.Μ. User toString
FINE: 4237: User Kal zzx accessed
Αυγ 28, 2023 4:34:16 Μ.Μ. User toString
FINE: 4238: User rwfrwfr rfwrgf accessed
Αυγ 28, 2023 4:34:16 Μ.Μ. User toString
FINE: 4239: User Apostolos Kazopidis accessed
Αυγ 28, 2023 4:34:16 Μ.Μ. User toString
FINE: 4240: User Georgios Sakalas accessed
Αυγ 28, 2023 4:34:16 Μ.Μ. User toString
FINE: 4241: User test accessed
Αυγ 28, 2023 4:34:16 Μ.Μ. User toString
FINE: 4242: User Kal zzx accessed
Αυγ 28, 2023 4:34:16 Μ.Μ. User toString
FINE: 4243: User rwfrwfr rfwrgf accessed
Αυγ 28, 2023 4:34:16 Μ.Μ. User toString
FINE: 4244: User Apostolos Kazopidis accessed
Αυγ 28, 2023 4:34:16 Μ.Μ. User toString
FINE: 4245: User Georgios Sakalas accessed
Αυγ 28, 2023 4:34:16 Μ.Μ. User toString
FINE: 4246: User test accessed
Αυγ 28, 2023 4:34:16 Μ.Μ. User toString
FINE: 4247: User Kal zzx accessed
Αυγ 28, 2023 4:34:16 Μ.Μ. User toString
FINE: 4248: User rwfrwfr rfwrgf accessed
Αυγ 28, 2023 4:34:16 Μ.Μ. User toString
FINE: 4249: User Apostolos Kazopidis accessed
Αυγ 28, 2023 4:34:16 Μ.Μ. User toString
FINE: 4250: User Georgios Sakalas accessed
Αυγ 28, 2023 4:34:16 Μ.Μ. User toString
FINE: 4251: User test accessed
Αυγ 28, 2023 4:34:16 Μ.Μ. User toString
FINE: 4252: User Kal zzx accessed
Αυγ 28, 2023 4:34:16 Μ.Μ. User toString
FINE: 4253: User rwfrwfr rfwrgf accessed
Αυγ 28, 2023 4:34:16 Μ.Μ. User toString
FINE: 4254: User Apostolos Kazopidis accessed
Αυγ 28, 2023 4:34:16 Μ.Μ. User toString
FINE: 4255: User Georgios Sakalas accessed
Αυγ 28, 2023 4:34:16 Μ.Μ. User toString
FINE: 4256: User test accessed
Αυγ 28, 2023 4:34:16 Μ.Μ. User toString
FINE: 4257: User Kal zzx accessed
Αυγ 28, 2023 4:34:16 Μ.Μ. User toString
FINE: 4258: User rwfrwfr rfwrgf accessed
Αυγ 28, 2023 4:34:16 Μ.Μ. User toString
FINE: 4259: User Apostolos Kazopidis accessed
Αυγ 28, 2023 4:34:16 Μ.Μ. User toString
FINE: 4260: User Georgios Sakalas accessed
Αυγ 28, 2023 4:34:16 Μ.Μ. User toString
FINE: 4261: User test accessed
Αυγ 28, 2023 4:34:16 Μ.Μ. User toString
FINE: 4262: User Kal zzx accessed
Αυγ 28, 2023 4:34:16 Μ.Μ. User toString
FINE: 4263: User rwfrwfr rfwrgf accessed
Αυγ 28, 2023 4:34:16 Μ.Μ. User toString
FINE: 4264: User Apostolos Kazopidis accessed
Αυγ 28, 2023 4:34:16 Μ.Μ. User toString
FINE: 4265: User Georgios Sakalas accessed
Αυγ 28, 2023 4:34:16 Μ.Μ. User toString
FINE: 4266: User test accessed
Αυγ 28, 2023 4:34:16 Μ.Μ. User toString
FINE: 4267: User Kal zzx accessed
Αυγ 28, 2023 4:34:16 Μ.Μ. User toString
FINE: 4268: User rwfrwfr rfwrgf accessed
Αυγ 28, 2023 4:34:16 Μ.Μ. User toString
FINE: 4269: User Apostolos Kazopidis accessed
Αυγ 28, 2023 4:34:16 Μ.Μ. User toString
FINE: 4270: User Georgios Sakalas accessed
Αυγ 28, 2023 4:34:16 Μ.Μ. User toString
FINE: 4271: User test accessed
Αυγ 28, 2023 4:34:16 Μ.Μ. User toString
FINE: 4272: User Kal zzx accessed
Αυγ 28, 2023 4:34:16 Μ.Μ. User toString
FINE: 4273: User rwfrwfr rfwrgf accessed
Αυγ 28, 2023 4:34:16 Μ.Μ. User toString
FINE: 4274: User Apostolos Kazopidis accessed
Αυγ 28, 2023 4:34:16 Μ.Μ. User toString
FINE: 4275: User Georgios Sakalas accessed
Αυγ 28, 2023 4:34:16 Μ.Μ. User toString
FINE: 4276: User test accessed
Αυγ 28, 2023 4:34:16 Μ.Μ. User toString
FINE: 4277: User Kal zzx accessed
Αυγ 28, 2023 4:34:16 Μ.Μ. User toString
FINE: 4278: User rwfrwfr rfwrgf accessed
Αυγ 28, 2023 4:34:16 Μ.Μ. User toString
FINE: 4279: User Apostolos Kazopidis accessed
Αυγ 28, 2023 4:34:16 Μ.Μ. User toString
FINE: 4280: User Georgios Sakalas accessed
Αυγ 28, 2023 4:34:16 Μ.Μ. User toString
FINE: 4281: User test accessed
Αυγ 28, 2023 4:34:16 Μ.Μ. User toString
FINE: 4282: User Kal zzx accessed
Αυγ 28, 2023 4:34:16 Μ.Μ. User toString
FINE: 4283: User rwfrwfr rfwrgf accessed
Αυγ 28, 2023 4:34:16 Μ.Μ. User toString
FINE: 4284: User Apostolos Kazopidis accessed
Αυγ 28, 2023 4:34:16 Μ.Μ. User toString
FINE: 4285: User Georgios Sakalas accessed
Αυγ 28, 2023 4:34:16 Μ.Μ. User toString
FINE: 4286: User test accessed
Αυγ 28, 2023 4:34:16 Μ.Μ. User toString
FINE: 4287: User Kal zzx accessed
Αυγ 28, 2023 4:34:16 Μ.Μ. User toString
FINE: 4288: User rwfrwfr rfwrgf accessed
Αυγ 28, 2023 4:34:16 Μ.Μ. User toString
FINE: 4289: User Apostolos Kazopidis accessed
Αυγ 28, 2023 4:34:16 Μ.Μ. User toString
FINE: 4290: User Georgios Sakalas accessed
Αυγ 28, 2023 4:34:16 Μ.Μ. User toString
FINE: 4291: User test accessed
Αυγ 28, 2023 4:34:16 Μ.Μ. User toString
FINE: 4292: User Kal zzx accessed
Αυγ 28, 2023 4:34:16 Μ.Μ. User toString
FINE: 4293: User rwfrwfr rfwrgf accessed
Αυγ 28, 2023 4:34:16 Μ.Μ. User toString
FINE: 4294: User Apostolos Kazopidis accessed
Αυγ 28, 2023 4:34:16 Μ.Μ. User toString
FINE: 4295: User Georgios Sakalas accessed
Αυγ 28, 2023 4:34:16 Μ.Μ. User toString
FINE: 4296: User test accessed
Αυγ 28, 2023 4:34:16 Μ.Μ. User toString
FINE: 4297: User Kal zzx accessed
Αυγ 28, 2023 4:34:16 Μ.Μ. User toString
FINE: 4298: User rwfrwfr rfwrgf accessed
Αυγ 28, 2023 4:34:16 Μ.Μ. User toString
FINE: 4299: User Apostolos Kazopidis accessed
Αυγ 28, 2023 4:34:16 Μ.Μ. User toString
FINE: 4300: User Georgios Sakalas accessed
Αυγ 28, 2023 4:34:16 Μ.Μ. User toString
FINE: 4301: User test accessed
Αυγ 28, 2023 4:34:16 Μ.Μ. User toString
FINE: 4302: User Kal zzx accessed
Αυγ 28, 2023 4:34:16 Μ.Μ. User toString
FINE: 4303: User rwfrwfr rfwrgf accessed
Αυγ 28, 2023 4:34:16 Μ.Μ. User toString
FINE: 4304: User Apostolos Kazopidis accessed
Αυγ 28, 2023 4:34:16 Μ.Μ. User toString
FINE: 4305: User Georgios Sakalas accessed
Αυγ 28, 2023 4:34:16 Μ.Μ. User toString
FINE: 4306: User test accessed
Αυγ 28, 2023 4:34:16 Μ.Μ. User toString
FINE: 4307: User Kal zzx accessed
Αυγ 28, 2023 4:34:16 Μ.Μ. User toString
FINE: 4308: User rwfrwfr rfwrgf accessed
Αυγ 28, 2023 4:34:16 Μ.Μ. User toString
FINE: 4309: User Apostolos Kazopidis accessed
Αυγ 28, 2023 4:34:16 Μ.Μ. User toString
FINE: 4310: User Georgios Sakalas accessed
Αυγ 28, 2023 4:34:16 Μ.Μ. User toString
FINE: 4311: User test accessed
Αυγ 28, 2023 4:34:16 Μ.Μ. User toString
FINE: 4312: User Kal zzx accessed
Αυγ 28, 2023 4:34:16 Μ.Μ. User toString
FINE: 4313: User rwfrwfr rfwrgf accessed
Αυγ 28, 2023 4:34:16 Μ.Μ. User toString
FINE: 4314: User Apostolos Kazopidis accessed
Αυγ 28, 2023 4:34:16 Μ.Μ. User toString
FINE: 4315: User Georgios Sakalas accessed
Αυγ 28, 2023 4:34:16 Μ.Μ. User toString
FINE: 4316: User test accessed
Αυγ 28, 2023 4:34:16 Μ.Μ. User toString
FINE: 4317: User Kal zzx accessed
Αυγ 28, 2023 4:34:16 Μ.Μ. User toString
FINE: 4318: User rwfrwfr rfwrgf accessed
Αυγ 28, 2023 4:34:16 Μ.Μ. User toString
FINE: 4319: User Apostolos Kazopidis accessed
Αυγ 28, 2023 4:34:16 Μ.Μ. User toString
FINE: 4320: User Georgios Sakalas accessed
Αυγ 28, 2023 4:34:16 Μ.Μ. User toString
FINE: 4321: User test accessed
Αυγ 28, 2023 4:34:16 Μ.Μ. User toString
FINE: 4322: User Kal zzx accessed
Αυγ 28, 2023 4:34:16 Μ.Μ. User toString
FINE: 4323: User rwfrwfr rfwrgf accessed
Αυγ 28, 2023 4:34:16 Μ.Μ. User toString
FINE: 4324: User Apostolos Kazopidis accessed
Αυγ 28, 2023 4:34:16 Μ.Μ. User toString
FINE: 4325: User Georgios Sakalas accessed
Αυγ 28, 2023 4:34:16 Μ.Μ. User toString
FINE: 4326: User test accessed
Αυγ 28, 2023 4:34:16 Μ.Μ. User toString
FINE: 4327: User Kal zzx accessed
Αυγ 28, 2023 4:34:16 Μ.Μ. User toString
FINE: 4328: User rwfrwfr rfwrgf accessed
Αυγ 28, 2023 4:34:16 Μ.Μ. User toString
FINE: 4329: User Apostolos Kazopidis accessed
Αυγ 28, 2023 4:34:16 Μ.Μ. User toString
FINE: 4330: User Georgios Sakalas accessed
Αυγ 28, 2023 4:34:16 Μ.Μ. User toString
FINE: 4331: User test accessed
Αυγ 28, 2023 4:34:16 Μ.Μ. User toString
FINE: 4332: User Kal zzx accessed
Αυγ 28, 2023 4:34:16 Μ.Μ. User toString
FINE: 4333: User rwfrwfr rfwrgf accessed
Αυγ 28, 2023 4:34:16 Μ.Μ. User toString
FINE: 4334: User Apostolos Kazopidis accessed
Αυγ 28, 2023 4:34:16 Μ.Μ. User toString
FINE: 4335: User Georgios Sakalas accessed
Αυγ 28, 2023 4:34:16 Μ.Μ. User toString
FINE: 4336: User test accessed
Αυγ 28, 2023 4:34:16 Μ.Μ. User toString
FINE: 4337: User Kal zzx accessed
Αυγ 28, 2023 4:34:16 Μ.Μ. User toString
FINE: 4338: User rwfrwfr rfwrgf accessed
Αυγ 28, 2023 4:34:16 Μ.Μ. User toString
FINE: 4339: User Apostolos Kazopidis accessed
Αυγ 28, 2023 4:34:16 Μ.Μ. User toString
FINE: 4340: User Georgios Sakalas accessed
Αυγ 28, 2023 4:34:16 Μ.Μ. User toString
FINE: 4341: User test accessed
Αυγ 28, 2023 4:34:16 Μ.Μ. User toString
FINE: 4342: User Kal zzx accessed
Αυγ 28, 2023 4:34:16 Μ.Μ. User toString
FINE: 4343: User rwfrwfr rfwrgf accessed
Αυγ 28, 2023 4:34:16 Μ.Μ. User toString
FINE: 4344: User Apostolos Kazopidis accessed
Αυγ 28, 2023 4:34:16 Μ.Μ. User toString
FINE: 4345: User Georgios Sakalas accessed
Αυγ 28, 2023 4:34:16 Μ.Μ. User toString
FINE: 4346: User test accessed
Αυγ 28, 2023 4:34:16 Μ.Μ. User toString
FINE: 4347: User Kal zzx accessed
Αυγ 28, 2023 4:34:16 Μ.Μ. User toString
FINE: 4348: User rwfrwfr rfwrgf accessed
Αυγ 28, 2023 4:34:16 Μ.Μ. User toString
FINE: 4349: User Apostolos Kazopidis accessed
Αυγ 28, 2023 4:34:16 Μ.Μ. User toString
FINE: 4350: User Georgios Sakalas accessed
Αυγ 28, 2023 4:34:16 Μ.Μ. User toString
FINE: 4351: User test accessed
Αυγ 28, 2023 4:34:16 Μ.Μ. User toString
FINE: 4352: User Kal zzx accessed
Αυγ 28, 2023 4:34:16 Μ.Μ. User toString
FINE: 4353: User rwfrwfr rfwrgf accessed
Αυγ 28, 2023 4:34:16 Μ.Μ. User toString
FINE: 4354: User Apostolos Kazopidis accessed
Αυγ 28, 2023 4:34:16 Μ.Μ. User toString
FINE: 4355: User Georgios Sakalas accessed
Αυγ 28, 2023 4:34:16 Μ.Μ. User toString
FINE: 4356: User test accessed
Αυγ 28, 2023 4:34:16 Μ.Μ. User toString
FINE: 4357: User Kal zzx accessed
Αυγ 28, 2023 4:34:16 Μ.Μ. User toString
FINE: 4358: User rwfrwfr rfwrgf accessed
Αυγ 28, 2023 4:34:16 Μ.Μ. User toString
FINE: 4359: User Apostolos Kazopidis accessed
Αυγ 28, 2023 4:34:16 Μ.Μ. User toString
FINE: 4360: User Georgios Sakalas accessed
Αυγ 28, 2023 4:34:16 Μ.Μ. User toString
FINE: 4361: User test accessed
Αυγ 28, 2023 4:34:16 Μ.Μ. User toString
FINE: 4362: User Kal zzx accessed
Αυγ 28, 2023 4:34:16 Μ.Μ. User toString
FINE: 4363: User rwfrwfr rfwrgf accessed
Αυγ 28, 2023 4:34:16 Μ.Μ. User toString
FINE: 4364: User Apostolos Kazopidis accessed
Αυγ 28, 2023 4:34:16 Μ.Μ. User toString
FINE: 4365: User Georgios Sakalas accessed
Αυγ 28, 2023 4:34:16 Μ.Μ. User toString
FINE: 4366: User test accessed
Αυγ 28, 2023 4:34:16 Μ.Μ. User toString
FINE: 4367: User Kal zzx accessed
Αυγ 28, 2023 4:34:16 Μ.Μ. User toString
FINE: 4368: User rwfrwfr rfwrgf accessed
Αυγ 28, 2023 4:34:16 Μ.Μ. User toString
FINE: 4369: User Apostolos Kazopidis accessed
Αυγ 28, 2023 4:34:16 Μ.Μ. User toString
FINE: 4370: User Georgios Sakalas accessed
Αυγ 28, 2023 4:34:16 Μ.Μ. User toString
FINE: 4371: User test accessed
Αυγ 28, 2023 4:34:16 Μ.Μ. User toString
FINE: 4372: User Kal zzx accessed
Αυγ 28, 2023 4:34:16 Μ.Μ. User toString
FINE: 4373: User rwfrwfr rfwrgf accessed
Αυγ 28, 2023 4:34:16 Μ.Μ. User toString
FINE: 4374: User Apostolos Kazopidis accessed
Αυγ 28, 2023 4:34:16 Μ.Μ. User toString
FINE: 4375: User Georgios Sakalas accessed
Αυγ 28, 2023 4:34:16 Μ.Μ. User toString
FINE: 4376: User test accessed
Αυγ 28, 2023 4:34:16 Μ.Μ. User toString
FINE: 4377: User Kal zzx accessed
Αυγ 28, 2023 4:34:16 Μ.Μ. User toString
FINE: 4378: User rwfrwfr rfwrgf accessed
Αυγ 28, 2023 4:34:16 Μ.Μ. User toString
FINE: 4379: User Apostolos Kazopidis accessed
Αυγ 28, 2023 4:34:16 Μ.Μ. User toString
FINE: 4380: User Georgios Sakalas accessed
Αυγ 28, 2023 4:34:16 Μ.Μ. User toString
FINE: 4381: User test accessed
Αυγ 28, 2023 4:34:16 Μ.Μ. User toString
FINE: 4382: User Kal zzx accessed
Αυγ 28, 2023 4:34:16 Μ.Μ. User toString
FINE: 4383: User rwfrwfr rfwrgf accessed
Αυγ 28, 2023 4:34:16 Μ.Μ. User toString
FINE: 4384: User Apostolos Kazopidis accessed
Αυγ 28, 2023 4:34:16 Μ.Μ. User toString
FINE: 4385: User Georgios Sakalas accessed
Αυγ 28, 2023 4:34:16 Μ.Μ. User toString
FINE: 4386: User test accessed
Αυγ 28, 2023 4:34:16 Μ.Μ. User toString
FINE: 4387: User Kal zzx accessed
Αυγ 28, 2023 4:34:16 Μ.Μ. User toString
FINE: 4388: User rwfrwfr rfwrgf accessed
Αυγ 28, 2023 4:34:16 Μ.Μ. User toString
FINE: 4389: User Apostolos Kazopidis accessed
Αυγ 28, 2023 4:34:16 Μ.Μ. User toString
FINE: 4390: User Georgios Sakalas accessed
Αυγ 28, 2023 4:34:16 Μ.Μ. User toString
FINE: 4391: User test accessed
Αυγ 28, 2023 4:34:16 Μ.Μ. User toString
FINE: 4392: User Kal zzx accessed
Αυγ 28, 2023 4:34:16 Μ.Μ. User toString
FINE: 4393: User rwfrwfr rfwrgf accessed
Αυγ 28, 2023 4:34:16 Μ.Μ. User toString
FINE: 4394: User Apostolos Kazopidis accessed
Αυγ 28, 2023 4:34:16 Μ.Μ. User toString
FINE: 4395: User Georgios Sakalas accessed
Αυγ 28, 2023 4:34:16 Μ.Μ. User toString
FINE: 4396: User test accessed
Αυγ 28, 2023 4:34:16 Μ.Μ. User toString
FINE: 4397: User Kal zzx accessed
Αυγ 28, 2023 4:34:16 Μ.Μ. User toString
FINE: 4398: User rwfrwfr rfwrgf accessed
Αυγ 28, 2023 4:34:16 Μ.Μ. User toString
FINE: 4399: User Apostolos Kazopidis accessed
Αυγ 28, 2023 4:34:16 Μ.Μ. User toString
FINE: 4400: User Georgios Sakalas accessed
Αυγ 28, 2023 4:34:16 Μ.Μ. User toString
FINE: 4401: User test accessed
Αυγ 28, 2023 4:34:16 Μ.Μ. User toString
FINE: 4402: User Kal zzx accessed
Αυγ 28, 2023 4:34:16 Μ.Μ. User toString
FINE: 4403: User rwfrwfr rfwrgf accessed
Αυγ 28, 2023 4:34:16 Μ.Μ. User toString
FINE: 4404: User Apostolos Kazopidis accessed
Αυγ 28, 2023 4:34:16 Μ.Μ. User toString
FINE: 4405: User Georgios Sakalas accessed
Αυγ 28, 2023 4:34:16 Μ.Μ. User toString
FINE: 4406: User test accessed
Αυγ 28, 2023 4:34:16 Μ.Μ. User toString
FINE: 4407: User Kal zzx accessed
Αυγ 28, 2023 4:34:16 Μ.Μ. User toString
FINE: 4408: User rwfrwfr rfwrgf accessed
Αυγ 28, 2023 4:34:16 Μ.Μ. User toString
FINE: 4409: User Apostolos Kazopidis accessed
Αυγ 28, 2023 4:34:16 Μ.Μ. User toString
FINE: 4410: User Georgios Sakalas accessed
Αυγ 28, 2023 4:34:16 Μ.Μ. User toString
FINE: 4411: User test accessed
Αυγ 28, 2023 4:34:16 Μ.Μ. User toString
FINE: 4412: User Kal zzx accessed
Αυγ 28, 2023 4:34:16 Μ.Μ. User toString
FINE: 4413: User rwfrwfr rfwrgf accessed
Αυγ 28, 2023 4:34:16 Μ.Μ. User toString
FINE: 4414: User Apostolos Kazopidis accessed
Αυγ 28, 2023 4:34:16 Μ.Μ. User toString
FINE: 4415: User Georgios Sakalas accessed
Αυγ 28, 2023 4:34:16 Μ.Μ. User toString
FINE: 4416: User test accessed
Αυγ 28, 2023 4:34:16 Μ.Μ. User toString
FINE: 4417: User Kal zzx accessed
Αυγ 28, 2023 4:34:16 Μ.Μ. User toString
FINE: 4418: User rwfrwfr rfwrgf accessed
Αυγ 28, 2023 4:34:16 Μ.Μ. User toString
FINE: 4419: User Apostolos Kazopidis accessed
Αυγ 28, 2023 4:34:16 Μ.Μ. User toString
FINE: 4420: User Georgios Sakalas accessed
Αυγ 28, 2023 4:34:16 Μ.Μ. User toString
FINE: 4421: User test accessed
Αυγ 28, 2023 4:34:16 Μ.Μ. User toString
FINE: 4422: User Kal zzx accessed
Αυγ 28, 2023 4:34:16 Μ.Μ. User toString
FINE: 4423: User rwfrwfr rfwrgf accessed
Αυγ 28, 2023 4:34:16 Μ.Μ. User toString
FINE: 4424: User Apostolos Kazopidis accessed
Αυγ 28, 2023 4:34:16 Μ.Μ. User toString
FINE: 4425: User Georgios Sakalas accessed
Αυγ 28, 2023 4:34:16 Μ.Μ. User toString
FINE: 4426: User test accessed
Αυγ 28, 2023 4:34:16 Μ.Μ. User toString
FINE: 4427: User Kal zzx accessed
Αυγ 28, 2023 4:34:16 Μ.Μ. User toString
FINE: 4428: User rwfrwfr rfwrgf accessed
Αυγ 28, 2023 4:34:16 Μ.Μ. User toString
FINE: 4429: User Apostolos Kazopidis accessed
Αυγ 28, 2023 4:34:16 Μ.Μ. User toString
FINE: 4430: User Georgios Sakalas accessed
Αυγ 28, 2023 4:34:16 Μ.Μ. User toString
FINE: 4431: User test accessed
Αυγ 28, 2023 4:34:16 Μ.Μ. User toString
FINE: 4432: User Kal zzx accessed
Αυγ 28, 2023 4:34:16 Μ.Μ. User toString
FINE: 4433: User rwfrwfr rfwrgf accessed
Αυγ 28, 2023 4:34:16 Μ.Μ. User toString
FINE: 4434: User Apostolos Kazopidis accessed
Αυγ 28, 2023 4:34:16 Μ.Μ. User toString
FINE: 4435: User Georgios Sakalas accessed
Αυγ 28, 2023 4:34:16 Μ.Μ. User toString
FINE: 4436: User test accessed
Αυγ 28, 2023 4:34:16 Μ.Μ. User toString
FINE: 4437: User Kal zzx accessed
Αυγ 28, 2023 4:34:16 Μ.Μ. User toString
FINE: 4438: User rwfrwfr rfwrgf accessed
Αυγ 28, 2023 4:34:16 Μ.Μ. User toString
FINE: 4439: User Apostolos Kazopidis accessed
Αυγ 28, 2023 4:34:16 Μ.Μ. User toString
FINE: 4440: User Georgios Sakalas accessed
Αυγ 28, 2023 4:34:16 Μ.Μ. User toString
FINE: 4441: User test accessed
Αυγ 28, 2023 4:34:16 Μ.Μ. User toString
FINE: 4442: User Kal zzx accessed
Αυγ 28, 2023 4:34:16 Μ.Μ. User toString
FINE: 4443: User rwfrwfr rfwrgf accessed
Αυγ 28, 2023 4:34:16 Μ.Μ. User toString
FINE: 4444: User Apostolos Kazopidis accessed
Αυγ 28, 2023 4:34:16 Μ.Μ. User toString
FINE: 4445: User Georgios Sakalas accessed
Αυγ 28, 2023 4:34:16 Μ.Μ. User toString
FINE: 4446: User test accessed
Αυγ 28, 2023 4:34:16 Μ.Μ. User toString
FINE: 4447: User Kal zzx accessed
Αυγ 28, 2023 4:34:16 Μ.Μ. User toString
FINE: 4448: User rwfrwfr rfwrgf accessed
Αυγ 28, 2023 4:34:16 Μ.Μ. User toString
FINE: 4449: User Apostolos Kazopidis accessed
Αυγ 28, 2023 4:34:16 Μ.Μ. User toString
FINE: 4450: User Georgios Sakalas accessed
Αυγ 28, 2023 4:34:16 Μ.Μ. User toString
FINE: 4451: User test accessed
Αυγ 28, 2023 4:34:16 Μ.Μ. User toString
FINE: 4452: User Kal zzx accessed
Αυγ 28, 2023 4:34:16 Μ.Μ. User toString
FINE: 4453: User rwfrwfr rfwrgf accessed
Αυγ 28, 2023 4:34:16 Μ.Μ. User toString
FINE: 4454: User Apostolos Kazopidis accessed
Αυγ 28, 2023 4:34:16 Μ.Μ. User toString
FINE: 4455: User Georgios Sakalas accessed
Αυγ 28, 2023 4:34:16 Μ.Μ. User toString
FINE: 4456: User test accessed
Αυγ 28, 2023 4:34:16 Μ.Μ. User toString
FINE: 4457: User Kal zzx accessed
Αυγ 28, 2023 4:34:16 Μ.Μ. User toString
FINE: 4458: User rwfrwfr rfwrgf accessed
Αυγ 28, 2023 4:34:16 Μ.Μ. User toString
FINE: 4459: User Apostolos Kazopidis accessed
Αυγ 28, 2023 4:34:16 Μ.Μ. User toString
FINE: 4460: User Georgios Sakalas accessed
Αυγ 28, 2023 4:34:16 Μ.Μ. User toString
FINE: 4461: User test accessed
Αυγ 28, 2023 4:34:16 Μ.Μ. User toString
FINE: 4462: User Kal zzx accessed
Αυγ 28, 2023 4:34:16 Μ.Μ. User toString
FINE: 4463: User rwfrwfr rfwrgf accessed
Αυγ 28, 2023 4:34:16 Μ.Μ. User toString
FINE: 4464: User Apostolos Kazopidis accessed
Αυγ 28, 2023 4:34:16 Μ.Μ. User toString
FINE: 4465: User Georgios Sakalas accessed
Αυγ 28, 2023 4:34:16 Μ.Μ. User toString
FINE: 4466: User test accessed
Αυγ 28, 2023 4:34:16 Μ.Μ. User toString
FINE: 4467: User Kal zzx accessed
Αυγ 28, 2023 4:34:16 Μ.Μ. User toString
FINE: 4468: User rwfrwfr rfwrgf accessed
Αυγ 28, 2023 4:34:16 Μ.Μ. User toString
FINE: 4469: User Apostolos Kazopidis accessed
Αυγ 28, 2023 4:34:16 Μ.Μ. User toString
FINE: 4470: User Georgios Sakalas accessed
Αυγ 28, 2023 4:34:16 Μ.Μ. User toString
FINE: 4471: User test accessed
Αυγ 28, 2023 4:34:16 Μ.Μ. User toString
FINE: 4472: User Kal zzx accessed
Αυγ 28, 2023 4:34:16 Μ.Μ. User toString
FINE: 4473: User rwfrwfr rfwrgf accessed
Αυγ 28, 2023 4:34:16 Μ.Μ. User toString
FINE: 4474: User Apostolos Kazopidis accessed
Αυγ 28, 2023 4:34:16 Μ.Μ. User toString
FINE: 4475: User Georgios Sakalas accessed
Αυγ 28, 2023 4:34:16 Μ.Μ. User toString
FINE: 4476: User test accessed
Αυγ 28, 2023 4:34:16 Μ.Μ. User toString
FINE: 4477: User Kal zzx accessed
Αυγ 28, 2023 4:34:16 Μ.Μ. User toString
FINE: 4478: User rwfrwfr rfwrgf accessed
Αυγ 28, 2023 4:34:16 Μ.Μ. User toString
FINE: 4479: User Apostolos Kazopidis accessed
Αυγ 28, 2023 4:34:16 Μ.Μ. User toString
FINE: 4480: User Georgios Sakalas accessed
Αυγ 28, 2023 4:34:16 Μ.Μ. User toString
FINE: 4481: User test accessed
Αυγ 28, 2023 4:34:16 Μ.Μ. User toString
FINE: 4482: User Kal zzx accessed
Αυγ 28, 2023 4:34:16 Μ.Μ. User toString
FINE: 4483: User rwfrwfr rfwrgf accessed
Αυγ 28, 2023 4:34:16 Μ.Μ. User toString
FINE: 4484: User Apostolos Kazopidis accessed
Αυγ 28, 2023 4:34:16 Μ.Μ. User toString
FINE: 4485: User Georgios Sakalas accessed
Αυγ 28, 2023 4:34:16 Μ.Μ. User toString
FINE: 4486: User test accessed
Αυγ 28, 2023 4:34:16 Μ.Μ. User toString
FINE: 4487: User Kal zzx accessed
Αυγ 28, 2023 4:34:16 Μ.Μ. User toString
FINE: 4488: User rwfrwfr rfwrgf accessed
Αυγ 28, 2023 4:34:16 Μ.Μ. User toString
FINE: 4489: User Apostolos Kazopidis accessed
Αυγ 28, 2023 4:34:16 Μ.Μ. User toString
FINE: 4490: User Georgios Sakalas accessed
Αυγ 28, 2023 4:34:16 Μ.Μ. User toString
FINE: 4491: User test accessed
Αυγ 28, 2023 4:34:16 Μ.Μ. User toString
FINE: 4492: User Kal zzx accessed
Αυγ 28, 2023 4:34:16 Μ.Μ. User toString
FINE: 4493: User rwfrwfr rfwrgf accessed
Αυγ 28, 2023 4:34:16 Μ.Μ. User toString
FINE: 4494: User Apostolos Kazopidis accessed
Αυγ 28, 2023 4:34:16 Μ.Μ. User toString
FINE: 4495: User Georgios Sakalas accessed
Αυγ 28, 2023 4:34:16 Μ.Μ. User toString
FINE: 4496: User test accessed
Αυγ 28, 2023 4:34:16 Μ.Μ. User toString
FINE: 4497: User Kal zzx accessed
Αυγ 28, 2023 4:34:16 Μ.Μ. User toString
FINE: 4498: User rwfrwfr rfwrgf accessed
Αυγ 28, 2023 4:34:16 Μ.Μ. User toString
FINE: 4499: User Apostolos Kazopidis accessed
Αυγ 28, 2023 4:34:16 Μ.Μ. User toString
FINE: 4500: User Georgios Sakalas accessed
Αυγ 28, 2023 4:34:16 Μ.Μ. User toString
FINE: 4501: User test accessed
Αυγ 28, 2023 4:34:16 Μ.Μ. User toString
FINE: 4502: User Kal zzx accessed
Αυγ 28, 2023 4:34:16 Μ.Μ. User toString
FINE: 4503: User rwfrwfr rfwrgf accessed
Αυγ 28, 2023 4:34:16 Μ.Μ. User toString
FINE: 4504: User Apostolos Kazopidis accessed
Αυγ 28, 2023 4:34:16 Μ.Μ. User toString
FINE: 4505: User Georgios Sakalas accessed
Αυγ 28, 2023 4:34:16 Μ.Μ. User toString
FINE: 4506: User test accessed
Αυγ 28, 2023 4:34:16 Μ.Μ. User toString
FINE: 4507: User Kal zzx accessed
Αυγ 28, 2023 4:34:16 Μ.Μ. User toString
FINE: 4508: User rwfrwfr rfwrgf accessed
Αυγ 28, 2023 4:34:16 Μ.Μ. User toString
FINE: 4509: User Apostolos Kazopidis accessed
Αυγ 28, 2023 4:34:16 Μ.Μ. User toString
FINE: 4510: User Georgios Sakalas accessed
Αυγ 28, 2023 4:34:16 Μ.Μ. User toString
FINE: 4511: User test accessed
Αυγ 28, 2023 4:34:16 Μ.Μ. User toString
FINE: 4512: User Kal zzx accessed
Αυγ 28, 2023 4:34:16 Μ.Μ. User toString
FINE: 4513: User rwfrwfr rfwrgf accessed
Αυγ 28, 2023 4:34:16 Μ.Μ. User toString
FINE: 4514: User Apostolos Kazopidis accessed
Αυγ 28, 2023 4:34:16 Μ.Μ. User toString
FINE: 4515: User Georgios Sakalas accessed
Αυγ 28, 2023 4:34:16 Μ.Μ. User toString
FINE: 4516: User test accessed
Αυγ 28, 2023 4:34:16 Μ.Μ. User toString
FINE: 4517: User Kal zzx accessed
Αυγ 28, 2023 4:34:16 Μ.Μ. User toString
FINE: 4518: User rwfrwfr rfwrgf accessed
Αυγ 28, 2023 4:34:16 Μ.Μ. User toString
FINE: 4519: User Apostolos Kazopidis accessed
Αυγ 28, 2023 4:34:16 Μ.Μ. User toString
FINE: 4520: User Georgios Sakalas accessed
Αυγ 28, 2023 4:34:16 Μ.Μ. User toString
FINE: 4521: User test accessed
Αυγ 28, 2023 4:34:16 Μ.Μ. User toString
FINE: 4522: User Kal zzx accessed
Αυγ 28, 2023 4:34:16 Μ.Μ. User toString
FINE: 4523: User rwfrwfr rfwrgf accessed
Αυγ 28, 2023 4:34:16 Μ.Μ. User toString
FINE: 4524: User Apostolos Kazopidis accessed
Αυγ 28, 2023 4:34:16 Μ.Μ. User toString
FINE: 4525: User Georgios Sakalas accessed
Αυγ 28, 2023 4:34:16 Μ.Μ. User toString
FINE: 4526: User test accessed
Αυγ 28, 2023 4:34:16 Μ.Μ. User toString
FINE: 4527: User Kal zzx accessed
Αυγ 28, 2023 4:34:16 Μ.Μ. User toString
FINE: 4528: User rwfrwfr rfwrgf accessed
Αυγ 28, 2023 4:34:16 Μ.Μ. User toString
FINE: 4529: User Apostolos Kazopidis accessed
Αυγ 28, 2023 4:34:16 Μ.Μ. User toString
FINE: 4530: User Georgios Sakalas accessed
Αυγ 28, 2023 4:34:16 Μ.Μ. User toString
FINE: 4531: User test accessed
Αυγ 28, 2023 4:34:16 Μ.Μ. User toString
FINE: 4532: User Kal zzx accessed
Αυγ 28, 2023 4:34:16 Μ.Μ. User toString
FINE: 4533: User rwfrwfr rfwrgf accessed
Αυγ 28, 2023 4:34:16 Μ.Μ. User toString
FINE: 4534: User Apostolos Kazopidis accessed
Αυγ 28, 2023 4:34:16 Μ.Μ. User toString
FINE: 4535: User Georgios Sakalas accessed
Αυγ 28, 2023 4:34:16 Μ.Μ. User toString
FINE: 4536: User test accessed
Αυγ 28, 2023 4:34:16 Μ.Μ. User toString
FINE: 4537: User Kal zzx accessed
Αυγ 28, 2023 4:34:16 Μ.Μ. User toString
FINE: 4538: User rwfrwfr rfwrgf accessed
Αυγ 28, 2023 4:34:16 Μ.Μ. User toString
FINE: 4539: User Apostolos Kazopidis accessed
Αυγ 28, 2023 4:34:16 Μ.Μ. User toString
FINE: 4540: User Georgios Sakalas accessed
Αυγ 28, 2023 4:34:16 Μ.Μ. User toString
FINE: 4541: User test accessed
Αυγ 28, 2023 4:34:16 Μ.Μ. User toString
FINE: 4542: User Kal zzx accessed
Αυγ 28, 2023 4:34:16 Μ.Μ. User toString
FINE: 4543: User rwfrwfr rfwrgf accessed
Αυγ 28, 2023 4:34:16 Μ.Μ. User toString
FINE: 4544: User Apostolos Kazopidis accessed
Αυγ 28, 2023 4:34:16 Μ.Μ. User toString
FINE: 4545: User Georgios Sakalas accessed
Αυγ 28, 2023 4:34:16 Μ.Μ. User toString
FINE: 4546: User test accessed
Αυγ 28, 2023 4:34:16 Μ.Μ. User toString
FINE: 4547: User Kal zzx accessed
Αυγ 28, 2023 4:34:16 Μ.Μ. User toString
FINE: 4548: User rwfrwfr rfwrgf accessed
Αυγ 28, 2023 4:34:16 Μ.Μ. User toString
FINE: 4549: User Apostolos Kazopidis accessed
Αυγ 28, 2023 4:34:16 Μ.Μ. User toString
FINE: 4550: User Georgios Sakalas accessed
Αυγ 28, 2023 4:34:16 Μ.Μ. User toString
FINE: 4551: User test accessed
Αυγ 28, 2023 4:34:16 Μ.Μ. User toString
FINE: 4552: User Kal zzx accessed
Αυγ 28, 2023 4:34:16 Μ.Μ. User toString
FINE: 4553: User rwfrwfr rfwrgf accessed
Αυγ 28, 2023 4:34:16 Μ.Μ. User toString
FINE: 4554: User Apostolos Kazopidis accessed
Αυγ 28, 2023 4:34:16 Μ.Μ. User toString
FINE: 4555: User Georgios Sakalas accessed
Αυγ 28, 2023 4:34:16 Μ.Μ. User toString
FINE: 4556: User test accessed
Αυγ 28, 2023 4:34:16 Μ.Μ. User toString
FINE: 4557: User Kal zzx accessed
Αυγ 28, 2023 4:34:16 Μ.Μ. User toString
FINE: 4558: User rwfrwfr rfwrgf accessed
Αυγ 28, 2023 4:34:16 Μ.Μ. User toString
FINE: 4559: User Apostolos Kazopidis accessed
Αυγ 28, 2023 4:34:16 Μ.Μ. User toString
FINE: 4560: User Georgios Sakalas accessed
Αυγ 28, 2023 4:34:16 Μ.Μ. User toString
FINE: 4561: User test accessed
Αυγ 28, 2023 4:34:16 Μ.Μ. User toString
FINE: 4562: User Kal zzx accessed
Αυγ 28, 2023 4:34:16 Μ.Μ. User toString
FINE: 4563: User rwfrwfr rfwrgf accessed
Αυγ 28, 2023 4:34:16 Μ.Μ. User toString
FINE: 4564: User Apostolos Kazopidis accessed
Αυγ 28, 2023 4:34:16 Μ.Μ. User toString
FINE: 4565: User Georgios Sakalas accessed
Αυγ 28, 2023 4:34:16 Μ.Μ. User toString
FINE: 4566: User test accessed
Αυγ 28, 2023 4:34:16 Μ.Μ. User toString
FINE: 4567: User Kal zzx accessed
Αυγ 28, 2023 4:34:16 Μ.Μ. User toString
FINE: 4568: User rwfrwfr rfwrgf accessed
Αυγ 28, 2023 4:34:16 Μ.Μ. User toString
FINE: 4569: User Apostolos Kazopidis accessed
Αυγ 28, 2023 4:34:16 Μ.Μ. User toString
FINE: 4570: User Georgios Sakalas accessed
Αυγ 28, 2023 4:34:16 Μ.Μ. User toString
FINE: 4571: User test accessed
Αυγ 28, 2023 4:34:16 Μ.Μ. User toString
FINE: 4572: User Kal zzx accessed
Αυγ 28, 2023 4:34:16 Μ.Μ. User toString
FINE: 4573: User rwfrwfr rfwrgf accessed
Αυγ 28, 2023 4:34:16 Μ.Μ. User toString
FINE: 4574: User Apostolos Kazopidis accessed
Αυγ 28, 2023 4:34:16 Μ.Μ. User toString
FINE: 4575: User Georgios Sakalas accessed
Αυγ 28, 2023 4:34:16 Μ.Μ. User toString
FINE: 4576: User test accessed
Αυγ 28, 2023 4:34:16 Μ.Μ. User toString
FINE: 4577: User Kal zzx accessed
Αυγ 28, 2023 4:34:16 Μ.Μ. User toString
FINE: 4578: User rwfrwfr rfwrgf accessed
Αυγ 28, 2023 4:34:16 Μ.Μ. User toString
FINE: 4579: User Apostolos Kazopidis accessed
Αυγ 28, 2023 4:34:16 Μ.Μ. User toString
FINE: 4580: User Georgios Sakalas accessed
Αυγ 28, 2023 4:34:16 Μ.Μ. User toString
FINE: 4581: User test accessed
Αυγ 28, 2023 4:34:16 Μ.Μ. User toString
FINE: 4582: User Kal zzx accessed
Αυγ 28, 2023 4:34:16 Μ.Μ. User toString
FINE: 4583: User rwfrwfr rfwrgf accessed
Αυγ 28, 2023 4:34:16 Μ.Μ. User toString
FINE: 4584: User Apostolos Kazopidis accessed
Αυγ 28, 2023 4:34:16 Μ.Μ. User toString
FINE: 4585: User Georgios Sakalas accessed
Αυγ 28, 2023 4:34:16 Μ.Μ. User toString
FINE: 4586: User test accessed
Αυγ 28, 2023 4:34:16 Μ.Μ. User toString
FINE: 4587: User Kal zzx accessed
Αυγ 28, 2023 4:34:16 Μ.Μ. User toString
FINE: 4588: User rwfrwfr rfwrgf accessed
Αυγ 28, 2023 4:34:16 Μ.Μ. User toString
FINE: 4589: User Apostolos Kazopidis accessed
Αυγ 28, 2023 4:34:16 Μ.Μ. User toString
FINE: 4590: User Georgios Sakalas accessed
Αυγ 28, 2023 4:34:16 Μ.Μ. User toString
FINE: 4591: User test accessed
Αυγ 28, 2023 4:34:16 Μ.Μ. User toString
FINE: 4592: User Kal zzx accessed
Αυγ 28, 2023 4:34:16 Μ.Μ. User toString
FINE: 4593: User rwfrwfr rfwrgf accessed
Αυγ 28, 2023 4:34:16 Μ.Μ. User toString
FINE: 4594: User Apostolos Kazopidis accessed
Αυγ 28, 2023 4:34:16 Μ.Μ. User toString
FINE: 4595: User Georgios Sakalas accessed
Αυγ 28, 2023 4:34:16 Μ.Μ. User toString
FINE: 4596: User test accessed
Αυγ 28, 2023 4:34:16 Μ.Μ. User toString
FINE: 4597: User Kal zzx accessed
Αυγ 28, 2023 4:34:16 Μ.Μ. User toString
FINE: 4598: User rwfrwfr rfwrgf accessed
Αυγ 28, 2023 4:34:16 Μ.Μ. User toString
FINE: 4599: User Apostolos Kazopidis accessed
Αυγ 28, 2023 4:34:16 Μ.Μ. User toString
FINE: 4600: User Georgios Sakalas accessed
Αυγ 28, 2023 4:34:16 Μ.Μ. User toString
FINE: 4601: User test accessed
Αυγ 28, 2023 4:34:16 Μ.Μ. User toString
FINE: 4602: User Kal zzx accessed
Αυγ 28, 2023 4:34:16 Μ.Μ. User toString
FINE: 4603: User rwfrwfr rfwrgf accessed
Αυγ 28, 2023 4:34:16 Μ.Μ. User toString
FINE: 4604: User Apostolos Kazopidis accessed
Αυγ 28, 2023 4:34:16 Μ.Μ. User toString
FINE: 4605: User Georgios Sakalas accessed
Αυγ 28, 2023 4:34:16 Μ.Μ. User toString
FINE: 4606: User test accessed
Αυγ 28, 2023 4:34:16 Μ.Μ. User toString
FINE: 4607: User Kal zzx accessed
Αυγ 28, 2023 4:34:16 Μ.Μ. User toString
FINE: 4608: User rwfrwfr rfwrgf accessed
Αυγ 28, 2023 4:34:16 Μ.Μ. User toString
FINE: 4609: User Apostolos Kazopidis accessed
Αυγ 28, 2023 4:34:16 Μ.Μ. User toString
FINE: 4610: User Georgios Sakalas accessed
Αυγ 28, 2023 4:34:16 Μ.Μ. User toString
FINE: 4611: User test accessed
Αυγ 28, 2023 4:34:16 Μ.Μ. User toString
FINE: 4612: User Kal zzx accessed
Αυγ 28, 2023 4:34:16 Μ.Μ. User toString
FINE: 4613: User rwfrwfr rfwrgf accessed
Αυγ 28, 2023 4:34:16 Μ.Μ. User toString
FINE: 4614: User Apostolos Kazopidis accessed
Αυγ 28, 2023 4:34:16 Μ.Μ. User toString
FINE: 4615: User Georgios Sakalas accessed
Αυγ 28, 2023 4:34:16 Μ.Μ. User toString
FINE: 4616: User test accessed
Αυγ 28, 2023 4:34:16 Μ.Μ. User toString
FINE: 4617: User Kal zzx accessed
Αυγ 28, 2023 4:34:16 Μ.Μ. User toString
FINE: 4618: User rwfrwfr rfwrgf accessed
Αυγ 28, 2023 4:34:16 Μ.Μ. User toString
FINE: 4619: User Apostolos Kazopidis accessed
Αυγ 28, 2023 4:34:16 Μ.Μ. User toString
FINE: 4620: User Georgios Sakalas accessed
Αυγ 28, 2023 4:34:16 Μ.Μ. User toString
FINE: 4621: User test accessed
Αυγ 28, 2023 4:34:16 Μ.Μ. User toString
FINE: 4622: User Kal zzx accessed
Αυγ 28, 2023 4:34:16 Μ.Μ. User toString
FINE: 4623: User rwfrwfr rfwrgf accessed
Αυγ 28, 2023 4:34:16 Μ.Μ. User toString
FINE: 4624: User Apostolos Kazopidis accessed
Αυγ 28, 2023 4:34:16 Μ.Μ. User toString
FINE: 4625: User Georgios Sakalas accessed
Αυγ 28, 2023 4:34:16 Μ.Μ. User toString
FINE: 4626: User test accessed
Αυγ 28, 2023 4:34:16 Μ.Μ. User toString
FINE: 4627: User Kal zzx accessed
Αυγ 28, 2023 4:34:16 Μ.Μ. User toString
FINE: 4628: User rwfrwfr rfwrgf accessed
Αυγ 28, 2023 4:34:16 Μ.Μ. User toString
FINE: 4629: User Apostolos Kazopidis accessed
Αυγ 28, 2023 4:34:16 Μ.Μ. User toString
FINE: 4630: User Georgios Sakalas accessed
Αυγ 28, 2023 4:34:16 Μ.Μ. User toString
FINE: 4631: User test accessed
Αυγ 28, 2023 4:34:16 Μ.Μ. User toString
FINE: 4632: User Kal zzx accessed
Αυγ 28, 2023 4:34:16 Μ.Μ. User toString
FINE: 4633: User rwfrwfr rfwrgf accessed
Αυγ 28, 2023 4:34:16 Μ.Μ. User toString
FINE: 4634: User Apostolos Kazopidis accessed
Αυγ 28, 2023 4:34:16 Μ.Μ. User toString
FINE: 4635: User Georgios Sakalas accessed
Αυγ 28, 2023 4:34:16 Μ.Μ. User toString
FINE: 4636: User test accessed
Αυγ 28, 2023 4:34:16 Μ.Μ. User toString
FINE: 4637: User Kal zzx accessed
Αυγ 28, 2023 4:34:16 Μ.Μ. User toString
FINE: 4638: User rwfrwfr rfwrgf accessed
Αυγ 28, 2023 4:34:16 Μ.Μ. User toString
FINE: 4639: User Apostolos Kazopidis accessed
Αυγ 28, 2023 4:34:16 Μ.Μ. User toString
FINE: 4640: User Georgios Sakalas accessed
Αυγ 28, 2023 4:34:16 Μ.Μ. User toString
FINE: 4641: User test accessed
Αυγ 28, 2023 4:34:16 Μ.Μ. User toString
FINE: 4642: User Kal zzx accessed
Αυγ 28, 2023 4:34:16 Μ.Μ. User toString
FINE: 4643: User rwfrwfr rfwrgf accessed
Αυγ 28, 2023 4:34:16 Μ.Μ. User toString
FINE: 4644: User Apostolos Kazopidis accessed
Αυγ 28, 2023 4:34:16 Μ.Μ. User toString
FINE: 4645: User Georgios Sakalas accessed
Αυγ 28, 2023 4:34:16 Μ.Μ. User toString
FINE: 4646: User test accessed
Αυγ 28, 2023 4:34:16 Μ.Μ. User toString
FINE: 4647: User Kal zzx accessed
Αυγ 28, 2023 4:34:16 Μ.Μ. User toString
FINE: 4648: User rwfrwfr rfwrgf accessed
Αυγ 28, 2023 4:34:16 Μ.Μ. User toString
FINE: 4649: User Apostolos Kazopidis accessed
Αυγ 28, 2023 4:34:16 Μ.Μ. User toString
FINE: 4650: User Georgios Sakalas accessed
Αυγ 28, 2023 4:34:16 Μ.Μ. User toString
FINE: 4651: User test accessed
Αυγ 28, 2023 4:34:16 Μ.Μ. User toString
FINE: 4652: User Kal zzx accessed
Αυγ 28, 2023 4:34:16 Μ.Μ. User toString
FINE: 4653: User rwfrwfr rfwrgf accessed
Αυγ 28, 2023 4:34:16 Μ.Μ. User toString
FINE: 4654: User Apostolos Kazopidis accessed
Αυγ 28, 2023 4:34:16 Μ.Μ. User toString
FINE: 4655: User Georgios Sakalas accessed
Αυγ 28, 2023 4:34:16 Μ.Μ. User toString
FINE: 4656: User test accessed
Αυγ 28, 2023 4:34:16 Μ.Μ. User toString
FINE: 4657: User Kal zzx accessed
Αυγ 28, 2023 4:34:16 Μ.Μ. User toString
FINE: 4658: User rwfrwfr rfwrgf accessed
Αυγ 28, 2023 4:34:16 Μ.Μ. User toString
FINE: 4659: User Apostolos Kazopidis accessed
Αυγ 28, 2023 4:34:16 Μ.Μ. User toString
FINE: 4660: User Georgios Sakalas accessed
Αυγ 28, 2023 4:34:16 Μ.Μ. User toString
FINE: 4661: User test accessed
Αυγ 28, 2023 4:34:16 Μ.Μ. User toString
FINE: 4662: User Kal zzx accessed
Αυγ 28, 2023 4:34:16 Μ.Μ. User toString
FINE: 4663: User rwfrwfr rfwrgf accessed
Αυγ 28, 2023 4:34:16 Μ.Μ. User toString
FINE: 4664: User Apostolos Kazopidis accessed
Αυγ 28, 2023 4:34:16 Μ.Μ. User toString
FINE: 4665: User Georgios Sakalas accessed
Αυγ 28, 2023 4:34:16 Μ.Μ. User toString
FINE: 4666: User test accessed
Αυγ 28, 2023 4:34:16 Μ.Μ. User toString
FINE: 4667: User Kal zzx accessed
Αυγ 28, 2023 4:34:16 Μ.Μ. User toString
FINE: 4668: User rwfrwfr rfwrgf accessed
Αυγ 28, 2023 4:34:16 Μ.Μ. User toString
FINE: 4669: User Apostolos Kazopidis accessed
Αυγ 28, 2023 4:34:16 Μ.Μ. User toString
FINE: 4670: User Georgios Sakalas accessed
Αυγ 28, 2023 4:34:16 Μ.Μ. User toString
FINE: 4671: User test accessed
Αυγ 28, 2023 4:34:16 Μ.Μ. User toString
FINE: 4672: User Kal zzx accessed
Αυγ 28, 2023 4:34:16 Μ.Μ. User toString
FINE: 4673: User rwfrwfr rfwrgf accessed
Αυγ 28, 2023 4:34:16 Μ.Μ. User toString
FINE: 4674: User Apostolos Kazopidis accessed
Αυγ 28, 2023 4:34:16 Μ.Μ. User toString
FINE: 4675: User Georgios Sakalas accessed
Αυγ 28, 2023 4:34:16 Μ.Μ. User toString
FINE: 4676: User test accessed
Αυγ 28, 2023 4:34:16 Μ.Μ. User toString
FINE: 4677: User Kal zzx accessed
Αυγ 28, 2023 4:34:16 Μ.Μ. User toString
FINE: 4678: User rwfrwfr rfwrgf accessed
Αυγ 28, 2023 4:34:16 Μ.Μ. User toString
FINE: 4679: User Apostolos Kazopidis accessed
Αυγ 28, 2023 4:34:16 Μ.Μ. User toString
FINE: 4680: User Georgios Sakalas accessed
Αυγ 28, 2023 4:34:16 Μ.Μ. User toString
FINE: 4681: User test accessed
Αυγ 28, 2023 4:34:16 Μ.Μ. User toString
FINE: 4682: User Kal zzx accessed
Αυγ 28, 2023 4:34:16 Μ.Μ. User toString
FINE: 4683: User rwfrwfr rfwrgf accessed
Αυγ 28, 2023 4:34:16 Μ.Μ. User toString
FINE: 4684: User Apostolos Kazopidis accessed
Αυγ 28, 2023 4:34:16 Μ.Μ. User toString
FINE: 4685: User Georgios Sakalas accessed
Αυγ 28, 2023 4:34:16 Μ.Μ. User toString
FINE: 4686: User test accessed
Αυγ 28, 2023 4:34:16 Μ.Μ. User toString
FINE: 4687: User Kal zzx accessed
Αυγ 28, 2023 4:34:16 Μ.Μ. User toString
FINE: 4688: User rwfrwfr rfwrgf accessed
Αυγ 28, 2023 4:34:16 Μ.Μ. User toString
FINE: 4689: User Apostolos Kazopidis accessed
Αυγ 28, 2023 4:34:16 Μ.Μ. User toString
FINE: 4690: User Georgios Sakalas accessed
Αυγ 28, 2023 4:34:16 Μ.Μ. User toString
FINE: 4691: User test accessed
Αυγ 28, 2023 4:34:16 Μ.Μ. User toString
FINE: 4692: User Kal zzx accessed
Αυγ 28, 2023 4:34:16 Μ.Μ. User toString
FINE: 4693: User rwfrwfr rfwrgf accessed
Αυγ 28, 2023 4:34:16 Μ.Μ. User toString
FINE: 4694: User Apostolos Kazopidis accessed
Αυγ 28, 2023 4:34:16 Μ.Μ. User toString
FINE: 4695: User Georgios Sakalas accessed
Αυγ 28, 2023 4:34:16 Μ.Μ. User toString
FINE: 4696: User test accessed
Αυγ 28, 2023 4:34:16 Μ.Μ. User toString
FINE: 4697: User Kal zzx accessed
Αυγ 28, 2023 4:34:16 Μ.Μ. User toString
FINE: 4698: User rwfrwfr rfwrgf accessed
Αυγ 28, 2023 4:34:16 Μ.Μ. User toString
FINE: 4699: User Apostolos Kazopidis accessed
Αυγ 28, 2023 4:34:16 Μ.Μ. User toString
FINE: 4700: User Georgios Sakalas accessed
Αυγ 28, 2023 4:34:16 Μ.Μ. User toString
FINE: 4701: User test accessed
Αυγ 28, 2023 4:34:16 Μ.Μ. User toString
FINE: 4702: User Kal zzx accessed
Αυγ 28, 2023 4:34:16 Μ.Μ. User toString
FINE: 4703: User rwfrwfr rfwrgf accessed
Αυγ 28, 2023 4:34:16 Μ.Μ. User toString
FINE: 4704: User Apostolos Kazopidis accessed
Αυγ 28, 2023 4:34:16 Μ.Μ. User toString
FINE: 4705: User Georgios Sakalas accessed
Αυγ 28, 2023 4:34:16 Μ.Μ. User toString
FINE: 4706: User test accessed
Αυγ 28, 2023 4:34:16 Μ.Μ. User toString
FINE: 4707: User Kal zzx accessed
Αυγ 28, 2023 4:34:16 Μ.Μ. User toString
FINE: 4708: User rwfrwfr rfwrgf accessed
Αυγ 28, 2023 4:34:16 Μ.Μ. User toString
FINE: 4709: User Apostolos Kazopidis accessed
Αυγ 28, 2023 4:34:16 Μ.Μ. User toString
FINE: 4710: User Georgios Sakalas accessed
Αυγ 28, 2023 4:34:16 Μ.Μ. User toString
FINE: 4711: User test accessed
Αυγ 28, 2023 4:34:16 Μ.Μ. User toString
FINE: 4712: User Kal zzx accessed
Αυγ 28, 2023 4:34:16 Μ.Μ. User toString
FINE: 4713: User rwfrwfr rfwrgf accessed
Αυγ 28, 2023 4:34:16 Μ.Μ. User toString
FINE: 4714: User Apostolos Kazopidis accessed
Αυγ 28, 2023 4:34:16 Μ.Μ. User toString
FINE: 4715: User Georgios Sakalas accessed
Αυγ 28, 2023 4:34:16 Μ.Μ. User toString
FINE: 4716: User test accessed
Αυγ 28, 2023 4:34:16 Μ.Μ. User toString
FINE: 4717: User Kal zzx accessed
Αυγ 28, 2023 4:34:16 Μ.Μ. User toString
FINE: 4718: User rwfrwfr rfwrgf accessed
Αυγ 28, 2023 4:34:16 Μ.Μ. User toString
FINE: 4719: User Apostolos Kazopidis accessed
Αυγ 28, 2023 4:34:16 Μ.Μ. User toString
FINE: 4720: User Georgios Sakalas accessed
Αυγ 28, 2023 4:34:16 Μ.Μ. User toString
FINE: 4721: User test accessed
Αυγ 28, 2023 4:34:16 Μ.Μ. User toString
FINE: 4722: User Kal zzx accessed
Αυγ 28, 2023 4:34:16 Μ.Μ. User toString
FINE: 4723: User rwfrwfr rfwrgf accessed
Αυγ 28, 2023 4:34:16 Μ.Μ. User toString
FINE: 4724: User Apostolos Kazopidis accessed
Αυγ 28, 2023 4:34:16 Μ.Μ. User toString
FINE: 4725: User Georgios Sakalas accessed
Αυγ 28, 2023 4:34:16 Μ.Μ. User toString
FINE: 4726: User test accessed
Αυγ 28, 2023 4:34:16 Μ.Μ. User toString
FINE: 4727: User Kal zzx accessed
Αυγ 28, 2023 4:34:16 Μ.Μ. User toString
FINE: 4728: User rwfrwfr rfwrgf accessed
Αυγ 28, 2023 4:34:16 Μ.Μ. User toString
FINE: 4729: User Apostolos Kazopidis accessed
Αυγ 28, 2023 4:34:16 Μ.Μ. User toString
FINE: 4730: User Georgios Sakalas accessed
Αυγ 28, 2023 4:34:16 Μ.Μ. User toString
FINE: 4731: User test accessed
Αυγ 28, 2023 4:34:16 Μ.Μ. User toString
FINE: 4732: User Kal zzx accessed
Αυγ 28, 2023 4:34:16 Μ.Μ. User toString
FINE: 4733: User rwfrwfr rfwrgf accessed
Αυγ 28, 2023 4:34:16 Μ.Μ. User toString
FINE: 4734: User Apostolos Kazopidis accessed
Αυγ 28, 2023 4:34:16 Μ.Μ. User toString
FINE: 4735: User Georgios Sakalas accessed
Αυγ 28, 2023 4:34:16 Μ.Μ. User toString
FINE: 4736: User test accessed
Αυγ 28, 2023 4:34:16 Μ.Μ. User toString
FINE: 4737: User Kal zzx accessed
Αυγ 28, 2023 4:34:16 Μ.Μ. User toString
FINE: 4738: User rwfrwfr rfwrgf accessed
Αυγ 28, 2023 4:34:16 Μ.Μ. User toString
FINE: 4739: User Apostolos Kazopidis accessed
Αυγ 28, 2023 4:34:16 Μ.Μ. User toString
FINE: 4740: User Georgios Sakalas accessed
Αυγ 28, 2023 4:34:16 Μ.Μ. User toString
FINE: 4741: User test accessed
Αυγ 28, 2023 4:34:16 Μ.Μ. User toString
FINE: 4742: User Kal zzx accessed
Αυγ 28, 2023 4:34:16 Μ.Μ. User toString
FINE: 4743: User rwfrwfr rfwrgf accessed
Αυγ 28, 2023 4:34:16 Μ.Μ. User toString
FINE: 4744: User Apostolos Kazopidis accessed
Αυγ 28, 2023 4:34:16 Μ.Μ. User toString
FINE: 4745: User Georgios Sakalas accessed
Αυγ 28, 2023 4:34:16 Μ.Μ. User toString
FINE: 4746: User test accessed
Αυγ 28, 2023 4:34:16 Μ.Μ. User toString
FINE: 4747: User Kal zzx accessed
Αυγ 28, 2023 4:34:16 Μ.Μ. User toString
FINE: 4748: User rwfrwfr rfwrgf accessed
Αυγ 28, 2023 4:34:16 Μ.Μ. User toString
FINE: 4749: User Apostolos Kazopidis accessed
Αυγ 28, 2023 4:34:16 Μ.Μ. User toString
FINE: 4750: User Georgios Sakalas accessed
Αυγ 28, 2023 4:34:16 Μ.Μ. User toString
FINE: 4751: User test accessed
Αυγ 28, 2023 4:34:16 Μ.Μ. User toString
FINE: 4752: User Kal zzx accessed
Αυγ 28, 2023 4:34:16 Μ.Μ. User toString
FINE: 4753: User rwfrwfr rfwrgf accessed
Αυγ 28, 2023 4:34:16 Μ.Μ. User toString
FINE: 4754: User Apostolos Kazopidis accessed
Αυγ 28, 2023 4:34:16 Μ.Μ. User toString
FINE: 4755: User Georgios Sakalas accessed
Αυγ 28, 2023 4:34:16 Μ.Μ. User toString
FINE: 4756: User test accessed
Αυγ 28, 2023 4:34:16 Μ.Μ. User toString
FINE: 4757: User Kal zzx accessed
Αυγ 28, 2023 4:34:16 Μ.Μ. User toString
FINE: 4758: User rwfrwfr rfwrgf accessed
Αυγ 28, 2023 4:34:16 Μ.Μ. User toString
FINE: 4759: User Apostolos Kazopidis accessed
Αυγ 28, 2023 4:34:16 Μ.Μ. User toString
FINE: 4760: User Georgios Sakalas accessed
Αυγ 28, 2023 4:34:16 Μ.Μ. User toString
FINE: 4761: User test accessed
Αυγ 28, 2023 4:34:16 Μ.Μ. User toString
FINE: 4762: User Kal zzx accessed
Αυγ 28, 2023 4:34:16 Μ.Μ. User toString
FINE: 4763: User rwfrwfr rfwrgf accessed
Αυγ 28, 2023 4:34:16 Μ.Μ. User toString
FINE: 4764: User Apostolos Kazopidis accessed
Αυγ 28, 2023 4:34:16 Μ.Μ. User toString
FINE: 4765: User Georgios Sakalas accessed
Αυγ 28, 2023 4:34:16 Μ.Μ. User toString
FINE: 4766: User test accessed
Αυγ 28, 2023 4:34:16 Μ.Μ. User toString
FINE: 4767: User Kal zzx accessed
Αυγ 28, 2023 4:34:16 Μ.Μ. User toString
FINE: 4768: User rwfrwfr rfwrgf accessed
Αυγ 28, 2023 4:34:16 Μ.Μ. User toString
FINE: 4769: User Apostolos Kazopidis accessed
Αυγ 28, 2023 4:34:16 Μ.Μ. User toString
FINE: 4770: User Georgios Sakalas accessed
Αυγ 28, 2023 4:34:16 Μ.Μ. User toString
FINE: 4771: User test accessed
Αυγ 28, 2023 4:34:16 Μ.Μ. User toString
FINE: 4772: User Kal zzx accessed
Αυγ 28, 2023 4:34:16 Μ.Μ. User toString
FINE: 4773: User rwfrwfr rfwrgf accessed
Αυγ 28, 2023 4:34:16 Μ.Μ. User toString
FINE: 4774: User Apostolos Kazopidis accessed
Αυγ 28, 2023 4:34:16 Μ.Μ. User toString
FINE: 4775: User Georgios Sakalas accessed
Αυγ 28, 2023 4:34:16 Μ.Μ. User toString
FINE: 4776: User test accessed
