Αυγ 28, 2023 4:34:16 Μ.Μ. User toString
FINE: 2395: User Georgios Sakalas accessed
Αυγ 28, 2023 4:34:16 Μ.Μ. User toString
FINE: 2396: User test accessed
Αυγ 28, 2023 4:34:16 Μ.Μ. User toString
FINE: 2397: User Kal zzx accessed
Αυγ 28, 2023 4:34:16 Μ.Μ. User toString
FINE: 2398: User rwfrwfr rfwrgf accessed
Αυγ 28, 2023 4:34:16 Μ.Μ. User toString
FINE: 2399: User Apostolos Kazopidis accessed
Αυγ 28, 2023 4:34:16 Μ.Μ. User toString
FINE: 2400: User Georgios Sakalas accessed
Αυγ 28, 2023 4:34:16 Μ.Μ. User toString
FINE: 2401: User test accessed
Αυγ 28, 2023 4:34:16 Μ.Μ. User toString
FINE: 2402: User Kal zzx accessed
Αυγ 28, 2023 4:34:16 Μ.Μ. User toString
FINE: 2403: User rwfrwfr rfwrgf accessed
Αυγ 28, 2023 4:34:16 Μ.Μ. User toString
FINE: 2404: User Apostolos Kazopidis accessed
Αυγ 28, 2023 4:34:16 Μ.Μ. User toString
FINE: 2405: User Georgios Sakalas accessed
Αυγ 28, 2023 4:34:16 Μ.Μ. User toString
FINE: 2406: User test accessed
Αυγ 28, 2023 4:34:16 Μ.Μ. User toString
FINE: 2407: User Kal zzx accessed
Αυγ 28, 2023 4:34:16 Μ.Μ. User toString
FINE: 2408: User rwfrwfr rfwrgf accessed
Αυγ 28, 2023 4:34:16 Μ.Μ. User toString
FINE: 2409: User Apostolos Kazopidis accessed
Αυγ 28, 2023 4:34:16 Μ.Μ. User toString
FINE: 2410: User Georgios Sakalas accessed
Αυγ 28, 2023 4:34:16 Μ.Μ. User toString
FINE: 2411: User test accessed
Αυγ 28, 2023 4:34:16 Μ.Μ. User toString
FINE: 2412: User Kal zzx accessed
Αυγ 28, 2023 4:34:16 Μ.Μ. User toString
FINE: 2413: User rwfrwfr rfwrgf accessed
Αυγ 28, 2023 4:34:16 Μ.Μ. User toString
FINE: 2414: User Apostolos Kazopidis accessed
Αυγ 28, 2023 4:34:16 Μ.Μ. User toString
FINE: 2415: User Georgios Sakalas accessed
Αυγ 28, 2023 4:34:16 Μ.Μ. User toString
FINE: 2416: User test accessed
Αυγ 28, 2023 4:34:16 Μ.Μ. User toString
FINE: 2417: User Kal zzx accessed
Αυγ 28, 2023 4:34:16 Μ.Μ. User toString
FINE: 2418: User rwfrwfr rfwrgf accessed
Αυγ 28, 2023 4:34:16 Μ.Μ. User toString
FINE: 2419: User Apostolos Kazopidis accessed
Αυγ 28, 2023 4:34:16 Μ.Μ. User toString
FINE: 2420: User Georgios Sakalas accessed
Αυγ 28, 2023 4:34:16 Μ.Μ. User toString
FINE: 2421: User test accessed
Αυγ 28, 2023 4:34:16 Μ.Μ. User toString
FINE: 2422: User Kal zzx accessed
Αυγ 28, 2023 4:34:16 Μ.Μ. User toString
FINE: 2423: User rwfrwfr rfwrgf accessed
Αυγ 28, 2023 4:34:16 Μ.Μ. User toString
FINE: 2424: User Apostolos Kazopidis accessed
Αυγ 28, 2023 4:34:16 Μ.Μ. User toString
FINE: 2425: User Georgios Sakalas accessed
Αυγ 28, 2023 4:34:16 Μ.Μ. User toString
FINE: 2426: User test accessed
Αυγ 28, 2023 4:34:16 Μ.Μ. User toString
FINE: 2427: User Kal zzx accessed
Αυγ 28, 2023 4:34:16 Μ.Μ. User toString
FINE: 2428: User rwfrwfr rfwrgf accessed
Αυγ 28, 2023 4:34:16 Μ.Μ. User toString
FINE: 2429: User Apostolos Kazopidis accessed
Αυγ 28, 2023 4:34:16 Μ.Μ. User toString
FINE: 2430: User Georgios Sakalas accessed
Αυγ 28, 2023 4:34:16 Μ.Μ. User toString
FINE: 2431: User test accessed
Αυγ 28, 2023 4:34:16 Μ.Μ. User toString
FINE: 2432: User Kal zzx accessed
Αυγ 28, 2023 4:34:16 Μ.Μ. User toString
FINE: 2433: User rwfrwfr rfwrgf accessed
Αυγ 28, 2023 4:34:16 Μ.Μ. User toString
FINE: 2434: User Apostolos Kazopidis accessed
Αυγ 28, 2023 4:34:16 Μ.Μ. User toString
FINE: 2435: User Georgios Sakalas accessed
Αυγ 28, 2023 4:34:16 Μ.Μ. User toString
FINE: 2436: User test accessed
Αυγ 28, 2023 4:34:16 Μ.Μ. User toString
FINE: 2437: User Kal zzx accessed
Αυγ 28, 2023 4:34:16 Μ.Μ. User toString
FINE: 2438: User rwfrwfr rfwrgf accessed
Αυγ 28, 2023 4:34:16 Μ.Μ. User toString
FINE: 2439: User Apostolos Kazopidis accessed
Αυγ 28, 2023 4:34:16 Μ.Μ. User toString
FINE: 2440: User Georgios Sakalas accessed
Αυγ 28, 2023 4:34:16 Μ.Μ. User toString
FINE: 2441: User test accessed
Αυγ 28, 2023 4:34:16 Μ.Μ. User toString
FINE: 2442: User Kal zzx accessed
Αυγ 28, 2023 4:34:16 Μ.Μ. User toString
FINE: 2443: User rwfrwfr rfwrgf accessed
Αυγ 28, 2023 4:34:16 Μ.Μ. User toString
FINE: 2444: User Apostolos Kazopidis accessed
Αυγ 28, 2023 4:34:16 Μ.Μ. User toString
FINE: 2445: User Georgios Sakalas accessed
Αυγ 28, 2023 4:34:16 Μ.Μ. User toString
FINE: 2446: User test accessed
Αυγ 28, 2023 4:34:16 Μ.Μ. User toString
FINE: 2447: User Kal zzx accessed
Αυγ 28, 2023 4:34:16 Μ.Μ. User toString
FINE: 2448: User rwfrwfr rfwrgf accessed
Αυγ 28, 2023 4:34:16 Μ.Μ. User toString
FINE: 2449: User Apostolos Kazopidis accessed
Αυγ 28, 2023 4:34:16 Μ.Μ. User toString
FINE: 2450: User Georgios Sakalas accessed
Αυγ 28, 2023 4:34:16 Μ.Μ. User toString
FINE: 2451: User test accessed
Αυγ 28, 2023 4:34:16 Μ.Μ. User toString
FINE: 2452: User Kal zzx accessed
Αυγ 28, 2023 4:34:16 Μ.Μ. User toString
FINE: 2453: User rwfrwfr rfwrgf accessed
Αυγ 28, 2023 4:34:16 Μ.Μ. User toString
FINE: 2454: User Apostolos Kazopidis accessed
Αυγ 28, 2023 4:34:16 Μ.Μ. User toString
FINE: 2455: User Georgios Sakalas accessed
Αυγ 28, 2023 4:34:16 Μ.Μ. User toString
FINE: 2456: User test accessed
Αυγ 28, 2023 4:34:16 Μ.Μ. User toString
FINE: 2457: User Kal zzx accessed
Αυγ 28, 2023 4:34:16 Μ.Μ. User toString
FINE: 2458: User rwfrwfr rfwrgf accessed
Αυγ 28, 2023 4:34:16 Μ.Μ. User toString
FINE: 2459: User Apostolos Kazopidis accessed
Αυγ 28, 2023 4:34:16 Μ.Μ. User toString
FINE: 2460: User Georgios Sakalas accessed
Αυγ 28, 2023 4:34:16 Μ.Μ. User toString
FINE: 2461: User test accessed
Αυγ 28, 2023 4:34:16 Μ.Μ. User toString
FINE: 2462: User Kal zzx accessed
Αυγ 28, 2023 4:34:16 Μ.Μ. User toString
FINE: 2463: User rwfrwfr rfwrgf accessed
Αυγ 28, 2023 4:34:16 Μ.Μ. User toString
FINE: 2464: User Apostolos Kazopidis accessed
Αυγ 28, 2023 4:34:16 Μ.Μ. User toString
FINE: 2465: User Georgios Sakalas accessed
Αυγ 28, 2023 4:34:16 Μ.Μ. User toString
FINE: 2466: User test accessed
Αυγ 28, 2023 4:34:16 Μ.Μ. User toString
FINE: 2467: User Kal zzx accessed
Αυγ 28, 2023 4:34:16 Μ.Μ. User toString
FINE: 2468: User rwfrwfr rfwrgf accessed
Αυγ 28, 2023 4:34:16 Μ.Μ. User toString
FINE: 2469: User Apostolos Kazopidis accessed
Αυγ 28, 2023 4:34:16 Μ.Μ. User toString
FINE: 2470: User Georgios Sakalas accessed
Αυγ 28, 2023 4:34:16 Μ.Μ. User toString
FINE: 2471: User test accessed
Αυγ 28, 2023 4:34:16 Μ.Μ. User toString
FINE: 2472: User Kal zzx accessed
Αυγ 28, 2023 4:34:16 Μ.Μ. User toString
FINE: 2473: User rwfrwfr rfwrgf accessed
Αυγ 28, 2023 4:34:16 Μ.Μ. User toString
FINE: 2474: User Apostolos Kazopidis accessed
Αυγ 28, 2023 4:34:16 Μ.Μ. User toString
FINE: 2475: User Georgios Sakalas accessed
Αυγ 28, 2023 4:34:16 Μ.Μ. User toString
FINE: 2476: User test accessed
Αυγ 28, 2023 4:34:16 Μ.Μ. User toString
FINE: 2477: User Kal zzx accessed
Αυγ 28, 2023 4:34:16 Μ.Μ. User toString
FINE: 2478: User rwfrwfr rfwrgf accessed
Αυγ 28, 2023 4:34:16 Μ.Μ. User toString
FINE: 2479: User Apostolos Kazopidis accessed
Αυγ 28, 2023 4:34:16 Μ.Μ. User toString
FINE: 2480: User Georgios Sakalas accessed
Αυγ 28, 2023 4:34:16 Μ.Μ. User toString
FINE: 2481: User test accessed
Αυγ 28, 2023 4:34:16 Μ.Μ. User toString
FINE: 2482: User Kal zzx accessed
Αυγ 28, 2023 4:34:16 Μ.Μ. User toString
FINE: 2483: User rwfrwfr rfwrgf accessed
Αυγ 28, 2023 4:34:16 Μ.Μ. User toString
FINE: 2484: User Apostolos Kazopidis accessed
Αυγ 28, 2023 4:34:16 Μ.Μ. User toString
FINE: 2485: User Georgios Sakalas accessed
Αυγ 28, 2023 4:34:16 Μ.Μ. User toString
FINE: 2486: User test accessed
Αυγ 28, 2023 4:34:16 Μ.Μ. User toString
FINE: 2487: User Kal zzx accessed
Αυγ 28, 2023 4:34:16 Μ.Μ. User toString
FINE: 2488: User rwfrwfr rfwrgf accessed
Αυγ 28, 2023 4:34:16 Μ.Μ. User toString
FINE: 2489: User Apostolos Kazopidis accessed
Αυγ 28, 2023 4:34:16 Μ.Μ. User toString
FINE: 2490: User Georgios Sakalas accessed
Αυγ 28, 2023 4:34:16 Μ.Μ. User toString
FINE: 2491: User test accessed
Αυγ 28, 2023 4:34:16 Μ.Μ. User toString
FINE: 2492: User Kal zzx accessed
Αυγ 28, 2023 4:34:16 Μ.Μ. User toString
FINE: 2493: User rwfrwfr rfwrgf accessed
Αυγ 28, 2023 4:34:16 Μ.Μ. User toString
FINE: 2494: User Apostolos Kazopidis accessed
Αυγ 28, 2023 4:34:16 Μ.Μ. User toString
FINE: 2495: User Georgios Sakalas accessed
Αυγ 28, 2023 4:34:16 Μ.Μ. User toString
FINE: 2496: User test accessed
Αυγ 28, 2023 4:34:16 Μ.Μ. User toString
FINE: 2497: User Kal zzx accessed
Αυγ 28, 2023 4:34:16 Μ.Μ. User toString
FINE: 2498: User rwfrwfr rfwrgf accessed
Αυγ 28, 2023 4:34:16 Μ.Μ. User toString
FINE: 2499: User Apostolos Kazopidis accessed
Αυγ 28, 2023 4:34:16 Μ.Μ. User toString
FINE: 2500: User Georgios Sakalas accessed
Αυγ 28, 2023 4:34:16 Μ.Μ. User toString
FINE: 2501: User test accessed
Αυγ 28, 2023 4:34:16 Μ.Μ. User toString
FINE: 2502: User Kal zzx accessed
Αυγ 28, 2023 4:34:16 Μ.Μ. User toString
FINE: 2503: User rwfrwfr rfwrgf accessed
Αυγ 28, 2023 4:34:16 Μ.Μ. User toString
FINE: 2504: User Apostolos Kazopidis accessed
Αυγ 28, 2023 4:34:16 Μ.Μ. User toString
FINE: 2505: User Georgios Sakalas accessed
Αυγ 28, 2023 4:34:16 Μ.Μ. User toString
FINE: 2506: User test accessed
Αυγ 28, 2023 4:34:16 Μ.Μ. User toString
FINE: 2507: User Kal zzx accessed
Αυγ 28, 2023 4:34:16 Μ.Μ. User toString
FINE: 2508: User rwfrwfr rfwrgf accessed
Αυγ 28, 2023 4:34:16 Μ.Μ. User toString
FINE: 2509: User Apostolos Kazopidis accessed
Αυγ 28, 2023 4:34:16 Μ.Μ. User toString
FINE: 2510: User Georgios Sakalas accessed
Αυγ 28, 2023 4:34:16 Μ.Μ. User toString
FINE: 2511: User test accessed
Αυγ 28, 2023 4:34:16 Μ.Μ. User toString
FINE: 2512: User Kal zzx accessed
Αυγ 28, 2023 4:34:16 Μ.Μ. User toString
FINE: 2513: User rwfrwfr rfwrgf accessed
Αυγ 28, 2023 4:34:16 Μ.Μ. User toString
FINE: 2514: User Apostolos Kazopidis accessed
Αυγ 28, 2023 4:34:16 Μ.Μ. User toString
FINE: 2515: User Georgios Sakalas accessed
Αυγ 28, 2023 4:34:16 Μ.Μ. User toString
FINE: 2516: User test accessed
Αυγ 28, 2023 4:34:16 Μ.Μ. User toString
FINE: 2517: User Kal zzx accessed
Αυγ 28, 2023 4:34:16 Μ.Μ. User toString
FINE: 2518: User rwfrwfr rfwrgf accessed
Αυγ 28, 2023 4:34:16 Μ.Μ. User toString
FINE: 2519: User Apostolos Kazopidis accessed
Αυγ 28, 2023 4:34:16 Μ.Μ. User toString
FINE: 2520: User Georgios Sakalas accessed
Αυγ 28, 2023 4:34:16 Μ.Μ. User toString
FINE: 2521: User test accessed
Αυγ 28, 2023 4:34:16 Μ.Μ. User toString
FINE: 2522: User Kal zzx accessed
Αυγ 28, 2023 4:34:16 Μ.Μ. User toString
FINE: 2523: User rwfrwfr rfwrgf accessed
Αυγ 28, 2023 4:34:16 Μ.Μ. User toString
FINE: 2524: User Apostolos Kazopidis accessed
Αυγ 28, 2023 4:34:16 Μ.Μ. User toString
FINE: 2525: User Georgios Sakalas accessed
Αυγ 28, 2023 4:34:16 Μ.Μ. User toString
FINE: 2526: User test accessed
Αυγ 28, 2023 4:34:16 Μ.Μ. User toString
FINE: 2527: User Kal zzx accessed
Αυγ 28, 2023 4:34:16 Μ.Μ. User toString
FINE: 2528: User rwfrwfr rfwrgf accessed
Αυγ 28, 2023 4:34:16 Μ.Μ. User toString
FINE: 2529: User Apostolos Kazopidis accessed
Αυγ 28, 2023 4:34:16 Μ.Μ. User toString
FINE: 2530: User Georgios Sakalas accessed
Αυγ 28, 2023 4:34:16 Μ.Μ. User toString
FINE: 2531: User test accessed
Αυγ 28, 2023 4:34:16 Μ.Μ. User toString
FINE: 2532: User Kal zzx accessed
Αυγ 28, 2023 4:34:16 Μ.Μ. User toString
FINE: 2533: User rwfrwfr rfwrgf accessed
Αυγ 28, 2023 4:34:16 Μ.Μ. User toString
FINE: 2534: User Apostolos Kazopidis accessed
Αυγ 28, 2023 4:34:16 Μ.Μ. User toString
FINE: 2535: User Georgios Sakalas accessed
Αυγ 28, 2023 4:34:16 Μ.Μ. User toString
FINE: 2536: User test accessed
Αυγ 28, 2023 4:34:16 Μ.Μ. User toString
FINE: 2537: User Kal zzx accessed
Αυγ 28, 2023 4:34:16 Μ.Μ. User toString
FINE: 2538: User rwfrwfr rfwrgf accessed
Αυγ 28, 2023 4:34:16 Μ.Μ. User toString
FINE: 2539: User Apostolos Kazopidis accessed
Αυγ 28, 2023 4:34:16 Μ.Μ. User toString
FINE: 2540: User Georgios Sakalas accessed
Αυγ 28, 2023 4:34:16 Μ.Μ. User toString
FINE: 2541: User test accessed
Αυγ 28, 2023 4:34:16 Μ.Μ. User toString
FINE: 2542: User Kal zzx accessed
Αυγ 28, 2023 4:34:16 Μ.Μ. User toString
FINE: 2543: User rwfrwfr rfwrgf accessed
Αυγ 28, 2023 4:34:16 Μ.Μ. User toString
FINE: 2544: User Apostolos Kazopidis accessed
Αυγ 28, 2023 4:34:16 Μ.Μ. User toString
FINE: 2545: User Georgios Sakalas accessed
Αυγ 28, 2023 4:34:16 Μ.Μ. User toString
FINE: 2546: User test accessed
Αυγ 28, 2023 4:34:16 Μ.Μ. User toString
FINE: 2547: User Kal zzx accessed
Αυγ 28, 2023 4:34:16 Μ.Μ. User toString
FINE: 2548: User rwfrwfr rfwrgf accessed
Αυγ 28, 2023 4:34:16 Μ.Μ. User toString
FINE: 2549: User Apostolos Kazopidis accessed
Αυγ 28, 2023 4:34:16 Μ.Μ. User toString
FINE: 2550: User Georgios Sakalas accessed
Αυγ 28, 2023 4:34:16 Μ.Μ. User toString
FINE: 2551: User test accessed
Αυγ 28, 2023 4:34:16 Μ.Μ. User toString
FINE: 2552: User Kal zzx accessed
Αυγ 28, 2023 4:34:16 Μ.Μ. User toString
FINE: 2553: User rwfrwfr rfwrgf accessed
Αυγ 28, 2023 4:34:16 Μ.Μ. User toString
FINE: 2554: User Apostolos Kazopidis accessed
Αυγ 28, 2023 4:34:16 Μ.Μ. User toString
FINE: 2555: User Georgios Sakalas accessed
Αυγ 28, 2023 4:34:16 Μ.Μ. User toString
FINE: 2556: User test accessed
Αυγ 28, 2023 4:34:16 Μ.Μ. User toString
FINE: 2557: User Kal zzx accessed
Αυγ 28, 2023 4:34:16 Μ.Μ. User toString
FINE: 2558: User rwfrwfr rfwrgf accessed
Αυγ 28, 2023 4:34:16 Μ.Μ. User toString
FINE: 2559: User Apostolos Kazopidis accessed
Αυγ 28, 2023 4:34:16 Μ.Μ. User toString
FINE: 2560: User Georgios Sakalas accessed
Αυγ 28, 2023 4:34:16 Μ.Μ. User toString
FINE: 2561: User test accessed
Αυγ 28, 2023 4:34:16 Μ.Μ. User toString
FINE: 2562: User Kal zzx accessed
Αυγ 28, 2023 4:34:16 Μ.Μ. User toString
FINE: 2563: User rwfrwfr rfwrgf accessed
Αυγ 28, 2023 4:34:16 Μ.Μ. User toString
FINE: 2564: User Apostolos Kazopidis accessed
Αυγ 28, 2023 4:34:16 Μ.Μ. User toString
FINE: 2565: User Georgios Sakalas accessed
Αυγ 28, 2023 4:34:16 Μ.Μ. User toString
FINE: 2566: User test accessed
Αυγ 28, 2023 4:34:16 Μ.Μ. User toString
FINE: 2567: User Kal zzx accessed
Αυγ 28, 2023 4:34:16 Μ.Μ. User toString
FINE: 2568: User rwfrwfr rfwrgf accessed
Αυγ 28, 2023 4:34:16 Μ.Μ. User toString
FINE: 2569: User Apostolos Kazopidis accessed
Αυγ 28, 2023 4:34:16 Μ.Μ. User toString
FINE: 2570: User Georgios Sakalas accessed
Αυγ 28, 2023 4:34:16 Μ.Μ. User toString
FINE: 2571: User test accessed
Αυγ 28, 2023 4:34:16 Μ.Μ. User toString
FINE: 2572: User Kal zzx accessed
Αυγ 28, 2023 4:34:16 Μ.Μ. User toString
FINE: 2573: User rwfrwfr rfwrgf accessed
Αυγ 28, 2023 4:34:16 Μ.Μ. User toString
FINE: 2574: User Apostolos Kazopidis accessed
Αυγ 28, 2023 4:34:16 Μ.Μ. User toString
FINE: 2575: User Georgios Sakalas accessed
Αυγ 28, 2023 4:34:16 Μ.Μ. User toString
FINE: 2576: User test accessed
Αυγ 28, 2023 4:34:16 Μ.Μ. User toString
FINE: 2577: User Kal zzx accessed
Αυγ 28, 2023 4:34:16 Μ.Μ. User toString
FINE: 2578: User rwfrwfr rfwrgf accessed
Αυγ 28, 2023 4:34:16 Μ.Μ. User toString
FINE: 2579: User Apostolos Kazopidis accessed
Αυγ 28, 2023 4:34:16 Μ.Μ. User toString
FINE: 2580: User Georgios Sakalas accessed
Αυγ 28, 2023 4:34:16 Μ.Μ. User toString
FINE: 2581: User test accessed
Αυγ 28, 2023 4:34:16 Μ.Μ. User toString
FINE: 2582: User Kal zzx accessed
Αυγ 28, 2023 4:34:16 Μ.Μ. User toString
FINE: 2583: User rwfrwfr rfwrgf accessed
Αυγ 28, 2023 4:34:16 Μ.Μ. User toString
FINE: 2584: User Apostolos Kazopidis accessed
Αυγ 28, 2023 4:34:16 Μ.Μ. User toString
FINE: 2585: User Georgios Sakalas accessed
Αυγ 28, 2023 4:34:16 Μ.Μ. User toString
FINE: 2586: User test accessed
Αυγ 28, 2023 4:34:16 Μ.Μ. User toString
FINE: 2587: User Kal zzx accessed
Αυγ 28, 2023 4:34:16 Μ.Μ. User toString
FINE: 2588: User rwfrwfr rfwrgf accessed
Αυγ 28, 2023 4:34:16 Μ.Μ. User toString
FINE: 2589: User Apostolos Kazopidis accessed
Αυγ 28, 2023 4:34:16 Μ.Μ. User toString
FINE: 2590: User Georgios Sakalas accessed
Αυγ 28, 2023 4:34:16 Μ.Μ. User toString
FINE: 2591: User test accessed
Αυγ 28, 2023 4:34:16 Μ.Μ. User toString
FINE: 2592: User Kal zzx accessed
Αυγ 28, 2023 4:34:16 Μ.Μ. User toString
FINE: 2593: User rwfrwfr rfwrgf accessed
Αυγ 28, 2023 4:34:16 Μ.Μ. User toString
FINE: 2594: User Apostolos Kazopidis accessed
Αυγ 28, 2023 4:34:16 Μ.Μ. User toString
FINE: 2595: User Georgios Sakalas accessed
Αυγ 28, 2023 4:34:16 Μ.Μ. User toString
FINE: 2596: User test accessed
Αυγ 28, 2023 4:34:16 Μ.Μ. User toString
FINE: 2597: User Kal zzx accessed
Αυγ 28, 2023 4:34:16 Μ.Μ. User toString
FINE: 2598: User rwfrwfr rfwrgf accessed
Αυγ 28, 2023 4:34:16 Μ.Μ. User toString
FINE: 2599: User Apostolos Kazopidis accessed
Αυγ 28, 2023 4:34:16 Μ.Μ. User toString
FINE: 2600: User Georgios Sakalas accessed
Αυγ 28, 2023 4:34:16 Μ.Μ. User toString
FINE: 2601: User test accessed
Αυγ 28, 2023 4:34:16 Μ.Μ. User toString
FINE: 2602: User Kal zzx accessed
Αυγ 28, 2023 4:34:16 Μ.Μ. User toString
FINE: 2603: User rwfrwfr rfwrgf accessed
Αυγ 28, 2023 4:34:16 Μ.Μ. User toString
FINE: 2604: User Apostolos Kazopidis accessed
Αυγ 28, 2023 4:34:16 Μ.Μ. User toString
FINE: 2605: User Georgios Sakalas accessed
Αυγ 28, 2023 4:34:16 Μ.Μ. User toString
FINE: 2606: User test accessed
Αυγ 28, 2023 4:34:16 Μ.Μ. User toString
FINE: 2607: User Kal zzx accessed
Αυγ 28, 2023 4:34:16 Μ.Μ. User toString
FINE: 2608: User rwfrwfr rfwrgf accessed
Αυγ 28, 2023 4:34:16 Μ.Μ. User toString
FINE: 2609: User Apostolos Kazopidis accessed
Αυγ 28, 2023 4:34:16 Μ.Μ. User toString
FINE: 2610: User Georgios Sakalas accessed
Αυγ 28, 2023 4:34:16 Μ.Μ. User toString
FINE: 2611: User test accessed
Αυγ 28, 2023 4:34:16 Μ.Μ. User toString
FINE: 2612: User Kal zzx accessed
Αυγ 28, 2023 4:34:16 Μ.Μ. User toString
FINE: 2613: User rwfrwfr rfwrgf accessed
Αυγ 28, 2023 4:34:16 Μ.Μ. User toString
FINE: 2614: User Apostolos Kazopidis accessed
Αυγ 28, 2023 4:34:16 Μ.Μ. User toString
FINE: 2615: User Georgios Sakalas accessed
Αυγ 28, 2023 4:34:16 Μ.Μ. User toString
FINE: 2616: User test accessed
Αυγ 28, 2023 4:34:16 Μ.Μ. User toString
FINE: 2617: User Kal zzx accessed
Αυγ 28, 2023 4:34:16 Μ.Μ. User toString
FINE: 2618: User rwfrwfr rfwrgf accessed
Αυγ 28, 2023 4:34:16 Μ.Μ. User toString
FINE: 2619: User Apostolos Kazopidis accessed
Αυγ 28, 2023 4:34:16 Μ.Μ. User toString
FINE: 2620: User Georgios Sakalas accessed
Αυγ 28, 2023 4:34:16 Μ.Μ. User toString
FINE: 2621: User test accessed
Αυγ 28, 2023 4:34:16 Μ.Μ. User toString
FINE: 2622: User Kal zzx accessed
Αυγ 28, 2023 4:34:16 Μ.Μ. User toString
FINE: 2623: User rwfrwfr rfwrgf accessed
Αυγ 28, 2023 4:34:16 Μ.Μ. User toString
FINE: 2624: User Apostolos Kazopidis accessed
Αυγ 28, 2023 4:34:16 Μ.Μ. User toString
FINE: 2625: User Georgios Sakalas accessed
Αυγ 28, 2023 4:34:16 Μ.Μ. User toString
FINE: 2626: User test accessed
Αυγ 28, 2023 4:34:16 Μ.Μ. User toString
FINE: 2627: User Kal zzx accessed
Αυγ 28, 2023 4:34:16 Μ.Μ. User toString
FINE: 2628: User rwfrwfr rfwrgf accessed
Αυγ 28, 2023 4:34:16 Μ.Μ. User toString
FINE: 2629: User Apostolos Kazopidis accessed
Αυγ 28, 2023 4:34:16 Μ.Μ. User toString
FINE: 2630: User Georgios Sakalas accessed
Αυγ 28, 2023 4:34:16 Μ.Μ. User toString
FINE: 2631: User test accessed
Αυγ 28, 2023 4:34:16 Μ.Μ. User toString
FINE: 2632: User Kal zzx accessed
Αυγ 28, 2023 4:34:16 Μ.Μ. User toString
FINE: 2633: User rwfrwfr rfwrgf accessed
Αυγ 28, 2023 4:34:16 Μ.Μ. User toString
FINE: 2634: User Apostolos Kazopidis accessed
Αυγ 28, 2023 4:34:16 Μ.Μ. User toString
FINE: 2635: User Georgios Sakalas accessed
Αυγ 28, 2023 4:34:16 Μ.Μ. User toString
FINE: 2636: User test accessed
Αυγ 28, 2023 4:34:16 Μ.Μ. User toString
FINE: 2637: User Kal zzx accessed
Αυγ 28, 2023 4:34:16 Μ.Μ. User toString
FINE: 2638: User rwfrwfr rfwrgf accessed
Αυγ 28, 2023 4:34:16 Μ.Μ. User toString
FINE: 2639: User Apostolos Kazopidis accessed
Αυγ 28, 2023 4:34:16 Μ.Μ. User toString
FINE: 2640: User Georgios Sakalas accessed
Αυγ 28, 2023 4:34:16 Μ.Μ. User toString
FINE: 2641: User test accessed
Αυγ 28, 2023 4:34:16 Μ.Μ. User toString
FINE: 2642: User Kal zzx accessed
Αυγ 28, 2023 4:34:16 Μ.Μ. User toString
FINE: 2643: User rwfrwfr rfwrgf accessed
Αυγ 28, 2023 4:34:16 Μ.Μ. User toString
FINE: 2644: User Apostolos Kazopidis accessed
Αυγ 28, 2023 4:34:16 Μ.Μ. User toString
FINE: 2645: User Georgios Sakalas accessed
Αυγ 28, 2023 4:34:16 Μ.Μ. User toString
FINE: 2646: User test accessed
Αυγ 28, 2023 4:34:16 Μ.Μ. User toString
FINE: 2647: User Kal zzx accessed
Αυγ 28, 2023 4:34:16 Μ.Μ. User toString
FINE: 2648: User rwfrwfr rfwrgf accessed
Αυγ 28, 2023 4:34:16 Μ.Μ. User toString
FINE: 2649: User Apostolos Kazopidis accessed
Αυγ 28, 2023 4:34:16 Μ.Μ. User toString
FINE: 2650: User Georgios Sakalas accessed
Αυγ 28, 2023 4:34:16 Μ.Μ. User toString
FINE: 2651: User test accessed
Αυγ 28, 2023 4:34:16 Μ.Μ. User toString
FINE: 2652: User Kal zzx accessed
Αυγ 28, 2023 4:34:16 Μ.Μ. User toString
FINE: 2653: User rwfrwfr rfwrgf accessed
Αυγ 28, 2023 4:34:16 Μ.Μ. User toString
FINE: 2654: User Apostolos Kazopidis accessed
Αυγ 28, 2023 4:34:16 Μ.Μ. User toString
FINE: 2655: User Georgios Sakalas accessed
Αυγ 28, 2023 4:34:16 Μ.Μ. User toString
FINE: 2656: User test accessed
Αυγ 28, 2023 4:34:16 Μ.Μ. User toString
FINE: 2657: User Kal zzx accessed
Αυγ 28, 2023 4:34:16 Μ.Μ. User toString
FINE: 2658: User rwfrwfr rfwrgf accessed
Αυγ 28, 2023 4:34:16 Μ.Μ. User toString
FINE: 2659: User Apostolos Kazopidis accessed
Αυγ 28, 2023 4:34:16 Μ.Μ. User toString
FINE: 2660: User Georgios Sakalas accessed
Αυγ 28, 2023 4:34:16 Μ.Μ. User toString
FINE: 2661: User test accessed
Αυγ 28, 2023 4:34:16 Μ.Μ. User toString
FINE: 2662: User Kal zzx accessed
Αυγ 28, 2023 4:34:16 Μ.Μ. User toString
FINE: 2663: User rwfrwfr rfwrgf accessed
Αυγ 28, 2023 4:34:16 Μ.Μ. User toString
FINE: 2664: User Apostolos Kazopidis accessed
Αυγ 28, 2023 4:34:16 Μ.Μ. User toString
FINE: 2665: User Georgios Sakalas accessed
Αυγ 28, 2023 4:34:16 Μ.Μ. User toString
FINE: 2666: User test accessed
Αυγ 28, 2023 4:34:16 Μ.Μ. User toString
FINE: 2667: User Kal zzx accessed
Αυγ 28, 2023 4:34:16 Μ.Μ. User toString
FINE: 2668: User rwfrwfr rfwrgf accessed
Αυγ 28, 2023 4:34:16 Μ.Μ. User toString
FINE: 2669: User Apostolos Kazopidis accessed
Αυγ 28, 2023 4:34:16 Μ.Μ. User toString
FINE: 2670: User Georgios Sakalas accessed
Αυγ 28, 2023 4:34:16 Μ.Μ. User toString
FINE: 2671: User test accessed
Αυγ 28, 2023 4:34:16 Μ.Μ. User toString
FINE: 2672: User Kal zzx accessed
Αυγ 28, 2023 4:34:16 Μ.Μ. User toString
FINE: 2673: User rwfrwfr rfwrgf accessed
Αυγ 28, 2023 4:34:16 Μ.Μ. User toString
FINE: 2674: User Apostolos Kazopidis accessed
Αυγ 28, 2023 4:34:16 Μ.Μ. User toString
FINE: 2675: User Georgios Sakalas accessed
Αυγ 28, 2023 4:34:16 Μ.Μ. User toString
FINE: 2676: User test accessed
Αυγ 28, 2023 4:34:16 Μ.Μ. User toString
FINE: 2677: User Kal zzx accessed
Αυγ 28, 2023 4:34:16 Μ.Μ. User toString
FINE: 2678: User rwfrwfr rfwrgf accessed
Αυγ 28, 2023 4:34:16 Μ.Μ. User toString
FINE: 2679: User Apostolos Kazopidis accessed
Αυγ 28, 2023 4:34:16 Μ.Μ. User toString
FINE: 2680: User Georgios Sakalas accessed
Αυγ 28, 2023 4:34:16 Μ.Μ. User toString
FINE: 2681: User test accessed
Αυγ 28, 2023 4:34:16 Μ.Μ. User toString
FINE: 2682: User Kal zzx accessed
Αυγ 28, 2023 4:34:16 Μ.Μ. User toString
FINE: 2683: User rwfrwfr rfwrgf accessed
Αυγ 28, 2023 4:34:16 Μ.Μ. User toString
FINE: 2684: User Apostolos Kazopidis accessed
Αυγ 28, 2023 4:34:16 Μ.Μ. User toString
FINE: 2685: User Georgios Sakalas accessed
Αυγ 28, 2023 4:34:16 Μ.Μ. User toString
FINE: 2686: User test accessed
Αυγ 28, 2023 4:34:16 Μ.Μ. User toString
FINE: 2687: User Kal zzx accessed
Αυγ 28, 2023 4:34:16 Μ.Μ. User toString
FINE: 2688: User rwfrwfr rfwrgf accessed
Αυγ 28, 2023 4:34:16 Μ.Μ. User toString
FINE: 2689: User Apostolos Kazopidis accessed
Αυγ 28, 2023 4:34:16 Μ.Μ. User toString
FINE: 2690: User Georgios Sakalas accessed
Αυγ 28, 2023 4:34:16 Μ.Μ. User toString
FINE: 2691: User test accessed
Αυγ 28, 2023 4:34:16 Μ.Μ. User toString
FINE: 2692: User Kal zzx accessed
Αυγ 28, 2023 4:34:16 Μ.Μ. User toString
FINE: 2693: User rwfrwfr rfwrgf accessed
Αυγ 28, 2023 4:34:16 Μ.Μ. User toString
FINE: 2694: User Apostolos Kazopidis accessed
Αυγ 28, 2023 4:34:16 Μ.Μ. User toString
FINE: 2695: User Georgios Sakalas accessed
Αυγ 28, 2023 4:34:16 Μ.Μ. User toString
FINE: 2696: User test accessed
Αυγ 28, 2023 4:34:16 Μ.Μ. User toString
FINE: 2697: User Kal zzx accessed
Αυγ 28, 2023 4:34:16 Μ.Μ. User toString
FINE: 2698: User rwfrwfr rfwrgf accessed
Αυγ 28, 2023 4:34:16 Μ.Μ. User toString
FINE: 2699: User Apostolos Kazopidis accessed
Αυγ 28, 2023 4:34:16 Μ.Μ. User toString
FINE: 2700: User Georgios Sakalas accessed
Αυγ 28, 2023 4:34:16 Μ.Μ. User toString
FINE: 2701: User test accessed
Αυγ 28, 2023 4:34:16 Μ.Μ. User toString
FINE: 2702: User Kal zzx accessed
Αυγ 28, 2023 4:34:16 Μ.Μ. User toString
FINE: 2703: User rwfrwfr rfwrgf accessed
Αυγ 28, 2023 4:34:16 Μ.Μ. User toString
FINE: 2704: User Apostolos Kazopidis accessed
Αυγ 28, 2023 4:34:16 Μ.Μ. User toString
FINE: 2705: User Georgios Sakalas accessed
Αυγ 28, 2023 4:34:16 Μ.Μ. User toString
FINE: 2706: User test accessed
Αυγ 28, 2023 4:34:16 Μ.Μ. User toString
FINE: 2707: User Kal zzx accessed
Αυγ 28, 2023 4:34:16 Μ.Μ. User toString
FINE: 2708: User rwfrwfr rfwrgf accessed
Αυγ 28, 2023 4:34:16 Μ.Μ. User toString
FINE: 2709: User Apostolos Kazopidis accessed
Αυγ 28, 2023 4:34:16 Μ.Μ. User toString
FINE: 2710: User Georgios Sakalas accessed
Αυγ 28, 2023 4:34:16 Μ.Μ. User toString
FINE: 2711: User test accessed
Αυγ 28, 2023 4:34:16 Μ.Μ. User toString
FINE: 2712: User Kal zzx accessed
Αυγ 28, 2023 4:34:16 Μ.Μ. User toString
FINE: 2713: User rwfrwfr rfwrgf accessed
Αυγ 28, 2023 4:34:16 Μ.Μ. User toString
FINE: 2714: User Apostolos Kazopidis accessed
Αυγ 28, 2023 4:34:16 Μ.Μ. User toString
FINE: 2715: User Georgios Sakalas accessed
Αυγ 28, 2023 4:34:16 Μ.Μ. User toString
FINE: 2716: User test accessed
Αυγ 28, 2023 4:34:16 Μ.Μ. User toString
FINE: 2717: User Kal zzx accessed
Αυγ 28, 2023 4:34:16 Μ.Μ. User toString
FINE: 2718: User rwfrwfr rfwrgf accessed
Αυγ 28, 2023 4:34:16 Μ.Μ. User toString
FINE: 2719: User Apostolos Kazopidis accessed
Αυγ 28, 2023 4:34:16 Μ.Μ. User toString
FINE: 2720: User Georgios Sakalas accessed
Αυγ 28, 2023 4:34:16 Μ.Μ. User toString
FINE: 2721: User test accessed
Αυγ 28, 2023 4:34:16 Μ.Μ. User toString
FINE: 2722: User Kal zzx accessed
Αυγ 28, 2023 4:34:16 Μ.Μ. User toString
FINE: 2723: User rwfrwfr rfwrgf accessed
Αυγ 28, 2023 4:34:16 Μ.Μ. User toString
FINE: 2724: User Apostolos Kazopidis accessed
Αυγ 28, 2023 4:34:16 Μ.Μ. User toString
FINE: 2725: User Georgios Sakalas accessed
Αυγ 28, 2023 4:34:16 Μ.Μ. User toString
FINE: 2726: User test accessed
Αυγ 28, 2023 4:34:16 Μ.Μ. User toString
FINE: 2727: User Kal zzx accessed
Αυγ 28, 2023 4:34:16 Μ.Μ. User toString
FINE: 2728: User rwfrwfr rfwrgf accessed
Αυγ 28, 2023 4:34:16 Μ.Μ. User toString
FINE: 2729: User Apostolos Kazopidis accessed
Αυγ 28, 2023 4:34:16 Μ.Μ. User toString
FINE: 2730: User Georgios Sakalas accessed
Αυγ 28, 2023 4:34:16 Μ.Μ. User toString
FINE: 2731: User test accessed
Αυγ 28, 2023 4:34:16 Μ.Μ. User toString
FINE: 2732: User Kal zzx accessed
Αυγ 28, 2023 4:34:16 Μ.Μ. User toString
FINE: 2733: User rwfrwfr rfwrgf accessed
Αυγ 28, 2023 4:34:16 Μ.Μ. User toString
FINE: 2734: User Apostolos Kazopidis accessed
Αυγ 28, 2023 4:34:16 Μ.Μ. User toString
FINE: 2735: User Georgios Sakalas accessed
Αυγ 28, 2023 4:34:16 Μ.Μ. User toString
FINE: 2736: User test accessed
Αυγ 28, 2023 4:34:16 Μ.Μ. User toString
FINE: 2737: User Kal zzx accessed
Αυγ 28, 2023 4:34:16 Μ.Μ. User toString
FINE: 2738: User rwfrwfr rfwrgf accessed
Αυγ 28, 2023 4:34:16 Μ.Μ. User toString
FINE: 2739: User Apostolos Kazopidis accessed
Αυγ 28, 2023 4:34:16 Μ.Μ. User toString
FINE: 2740: User Georgios Sakalas accessed
Αυγ 28, 2023 4:34:16 Μ.Μ. User toString
FINE: 2741: User test accessed
Αυγ 28, 2023 4:34:16 Μ.Μ. User toString
FINE: 2742: User Kal zzx accessed
Αυγ 28, 2023 4:34:16 Μ.Μ. User toString
FINE: 2743: User rwfrwfr rfwrgf accessed
Αυγ 28, 2023 4:34:16 Μ.Μ. User toString
FINE: 2744: User Apostolos Kazopidis accessed
Αυγ 28, 2023 4:34:16 Μ.Μ. User toString
FINE: 2745: User Georgios Sakalas accessed
Αυγ 28, 2023 4:34:16 Μ.Μ. User toString
FINE: 2746: User test accessed
Αυγ 28, 2023 4:34:16 Μ.Μ. User toString
FINE: 2747: User Kal zzx accessed
Αυγ 28, 2023 4:34:16 Μ.Μ. User toString
FINE: 2748: User rwfrwfr rfwrgf accessed
Αυγ 28, 2023 4:34:16 Μ.Μ. User toString
FINE: 2749: User Apostolos Kazopidis accessed
Αυγ 28, 2023 4:34:16 Μ.Μ. User toString
FINE: 2750: User Georgios Sakalas accessed
Αυγ 28, 2023 4:34:16 Μ.Μ. User toString
FINE: 2751: User test accessed
Αυγ 28, 2023 4:34:16 Μ.Μ. User toString
FINE: 2752: User Kal zzx accessed
Αυγ 28, 2023 4:34:16 Μ.Μ. User toString
FINE: 2753: User rwfrwfr rfwrgf accessed
Αυγ 28, 2023 4:34:16 Μ.Μ. User toString
FINE: 2754: User Apostolos Kazopidis accessed
Αυγ 28, 2023 4:34:16 Μ.Μ. User toString
FINE: 2755: User Georgios Sakalas accessed
Αυγ 28, 2023 4:34:16 Μ.Μ. User toString
FINE: 2756: User test accessed
Αυγ 28, 2023 4:34:16 Μ.Μ. User toString
FINE: 2757: User Kal zzx accessed
Αυγ 28, 2023 4:34:16 Μ.Μ. User toString
FINE: 2758: User rwfrwfr rfwrgf accessed
Αυγ 28, 2023 4:34:16 Μ.Μ. User toString
FINE: 2759: User Apostolos Kazopidis accessed
Αυγ 28, 2023 4:34:16 Μ.Μ. User toString
FINE: 2760: User Georgios Sakalas accessed
Αυγ 28, 2023 4:34:16 Μ.Μ. User toString
FINE: 2761: User test accessed
Αυγ 28, 2023 4:34:16 Μ.Μ. User toString
FINE: 2762: User Kal zzx accessed
Αυγ 28, 2023 4:34:16 Μ.Μ. User toString
FINE: 2763: User rwfrwfr rfwrgf accessed
Αυγ 28, 2023 4:34:16 Μ.Μ. User toString
FINE: 2764: User Apostolos Kazopidis accessed
Αυγ 28, 2023 4:34:16 Μ.Μ. User toString
FINE: 2765: User Georgios Sakalas accessed
Αυγ 28, 2023 4:34:16 Μ.Μ. User toString
FINE: 2766: User test accessed
Αυγ 28, 2023 4:34:16 Μ.Μ. User toString
FINE: 2767: User Kal zzx accessed
Αυγ 28, 2023 4:34:16 Μ.Μ. User toString
FINE: 2768: User rwfrwfr rfwrgf accessed
Αυγ 28, 2023 4:34:16 Μ.Μ. User toString
FINE: 2769: User Apostolos Kazopidis accessed
Αυγ 28, 2023 4:34:16 Μ.Μ. User toString
FINE: 2770: User Georgios Sakalas accessed
Αυγ 28, 2023 4:34:16 Μ.Μ. User toString
FINE: 2771: User test accessed
Αυγ 28, 2023 4:34:16 Μ.Μ. User toString
FINE: 2772: User Kal zzx accessed
Αυγ 28, 2023 4:34:16 Μ.Μ. User toString
FINE: 2773: User rwfrwfr rfwrgf accessed
Αυγ 28, 2023 4:34:16 Μ.Μ. User toString
FINE: 2774: User Apostolos Kazopidis accessed
Αυγ 28, 2023 4:34:16 Μ.Μ. User toString
FINE: 2775: User Georgios Sakalas accessed
Αυγ 28, 2023 4:34:16 Μ.Μ. User toString
FINE: 2776: User test accessed
Αυγ 28, 2023 4:34:16 Μ.Μ. User toString
FINE: 2777: User Kal zzx accessed
Αυγ 28, 2023 4:34:16 Μ.Μ. User toString
FINE: 2778: User rwfrwfr rfwrgf accessed
Αυγ 28, 2023 4:34:16 Μ.Μ. User toString
FINE: 2779: User Apostolos Kazopidis accessed
Αυγ 28, 2023 4:34:16 Μ.Μ. User toString
FINE: 2780: User Georgios Sakalas accessed
Αυγ 28, 2023 4:34:16 Μ.Μ. User toString
FINE: 2781: User test accessed
Αυγ 28, 2023 4:34:16 Μ.Μ. User toString
FINE: 2782: User Kal zzx accessed
Αυγ 28, 2023 4:34:16 Μ.Μ. User toString
FINE: 2783: User rwfrwfr rfwrgf accessed
Αυγ 28, 2023 4:34:16 Μ.Μ. User toString
FINE: 2784: User Apostolos Kazopidis accessed
Αυγ 28, 2023 4:34:16 Μ.Μ. User toString
FINE: 2785: User Georgios Sakalas accessed
Αυγ 28, 2023 4:34:16 Μ.Μ. User toString
FINE: 2786: User test accessed
Αυγ 28, 2023 4:34:16 Μ.Μ. User toString
FINE: 2787: User Kal zzx accessed
Αυγ 28, 2023 4:34:16 Μ.Μ. User toString
FINE: 2788: User rwfrwfr rfwrgf accessed
Αυγ 28, 2023 4:34:16 Μ.Μ. User toString
FINE: 2789: User Apostolos Kazopidis accessed
Αυγ 28, 2023 4:34:16 Μ.Μ. User toString
FINE: 2790: User Georgios Sakalas accessed
Αυγ 28, 2023 4:34:16 Μ.Μ. User toString
FINE: 2791: User test accessed
Αυγ 28, 2023 4:34:16 Μ.Μ. User toString
FINE: 2792: User Kal zzx accessed
Αυγ 28, 2023 4:34:16 Μ.Μ. User toString
FINE: 2793: User rwfrwfr rfwrgf accessed
Αυγ 28, 2023 4:34:16 Μ.Μ. User toString
FINE: 2794: User Apostolos Kazopidis accessed
Αυγ 28, 2023 4:34:16 Μ.Μ. User toString
FINE: 2795: User Georgios Sakalas accessed
Αυγ 28, 2023 4:34:16 Μ.Μ. User toString
FINE: 2796: User test accessed
Αυγ 28, 2023 4:34:16 Μ.Μ. User toString
FINE: 2797: User Kal zzx accessed
Αυγ 28, 2023 4:34:16 Μ.Μ. User toString
FINE: 2798: User rwfrwfr rfwrgf accessed
Αυγ 28, 2023 4:34:16 Μ.Μ. User toString
FINE: 2799: User Apostolos Kazopidis accessed
Αυγ 28, 2023 4:34:16 Μ.Μ. User toString
FINE: 2800: User Georgios Sakalas accessed
Αυγ 28, 2023 4:34:16 Μ.Μ. User toString
FINE: 2801: User test accessed
Αυγ 28, 2023 4:34:16 Μ.Μ. User toString
FINE: 2802: User Kal zzx accessed
Αυγ 28, 2023 4:34:16 Μ.Μ. User toString
FINE: 2803: User rwfrwfr rfwrgf accessed
Αυγ 28, 2023 4:34:16 Μ.Μ. User toString
FINE: 2804: User Apostolos Kazopidis accessed
Αυγ 28, 2023 4:34:16 Μ.Μ. User toString
FINE: 2805: User Georgios Sakalas accessed
Αυγ 28, 2023 4:34:16 Μ.Μ. User toString
FINE: 2806: User test accessed
Αυγ 28, 2023 4:34:16 Μ.Μ. User toString
FINE: 2807: User Kal zzx accessed
Αυγ 28, 2023 4:34:16 Μ.Μ. User toString
FINE: 2808: User rwfrwfr rfwrgf accessed
Αυγ 28, 2023 4:34:16 Μ.Μ. User toString
FINE: 2809: User Apostolos Kazopidis accessed
Αυγ 28, 2023 4:34:16 Μ.Μ. User toString
FINE: 2810: User Georgios Sakalas accessed
Αυγ 28, 2023 4:34:16 Μ.Μ. User toString
FINE: 2811: User test accessed
Αυγ 28, 2023 4:34:16 Μ.Μ. User toString
FINE: 2812: User Kal zzx accessed
Αυγ 28, 2023 4:34:16 Μ.Μ. User toString
FINE: 2813: User rwfrwfr rfwrgf accessed
Αυγ 28, 2023 4:34:16 Μ.Μ. User toString
FINE: 2814: User Apostolos Kazopidis accessed
Αυγ 28, 2023 4:34:16 Μ.Μ. User toString
FINE: 2815: User Georgios Sakalas accessed
Αυγ 28, 2023 4:34:16 Μ.Μ. User toString
FINE: 2816: User test accessed
Αυγ 28, 2023 4:34:16 Μ.Μ. User toString
FINE: 2817: User Kal zzx accessed
Αυγ 28, 2023 4:34:16 Μ.Μ. User toString
FINE: 2818: User rwfrwfr rfwrgf accessed
Αυγ 28, 2023 4:34:16 Μ.Μ. User toString
FINE: 2819: User Apostolos Kazopidis accessed
Αυγ 28, 2023 4:34:16 Μ.Μ. User toString
FINE: 2820: User Georgios Sakalas accessed
Αυγ 28, 2023 4:34:16 Μ.Μ. User toString
FINE: 2821: User test accessed
Αυγ 28, 2023 4:34:16 Μ.Μ. User toString
FINE: 2822: User Kal zzx accessed
Αυγ 28, 2023 4:34:16 Μ.Μ. User toString
FINE: 2823: User rwfrwfr rfwrgf accessed
Αυγ 28, 2023 4:34:16 Μ.Μ. User toString
FINE: 2824: User Apostolos Kazopidis accessed
Αυγ 28, 2023 4:34:16 Μ.Μ. User toString
FINE: 2825: User Georgios Sakalas accessed
Αυγ 28, 2023 4:34:16 Μ.Μ. User toString
FINE: 2826: User test accessed
Αυγ 28, 2023 4:34:16 Μ.Μ. User toString
FINE: 2827: User Kal zzx accessed
Αυγ 28, 2023 4:34:16 Μ.Μ. User toString
FINE: 2828: User rwfrwfr rfwrgf accessed
Αυγ 28, 2023 4:34:16 Μ.Μ. User toString
FINE: 2829: User Apostolos Kazopidis accessed
Αυγ 28, 2023 4:34:16 Μ.Μ. User toString
FINE: 2830: User Georgios Sakalas accessed
Αυγ 28, 2023 4:34:16 Μ.Μ. User toString
FINE: 2831: User test accessed
Αυγ 28, 2023 4:34:16 Μ.Μ. User toString
FINE: 2832: User Kal zzx accessed
Αυγ 28, 2023 4:34:16 Μ.Μ. User toString
FINE: 2833: User rwfrwfr rfwrgf accessed
Αυγ 28, 2023 4:34:16 Μ.Μ. User toString
FINE: 2834: User Apostolos Kazopidis accessed
Αυγ 28, 2023 4:34:16 Μ.Μ. User toString
FINE: 2835: User Georgios Sakalas accessed
Αυγ 28, 2023 4:34:16 Μ.Μ. User toString
FINE: 2836: User test accessed
Αυγ 28, 2023 4:34:16 Μ.Μ. User toString
FINE: 2837: User Kal zzx accessed
Αυγ 28, 2023 4:34:16 Μ.Μ. User toString
FINE: 2838: User rwfrwfr rfwrgf accessed
Αυγ 28, 2023 4:34:16 Μ.Μ. User toString
FINE: 2839: User Apostolos Kazopidis accessed
Αυγ 28, 2023 4:34:16 Μ.Μ. User toString
FINE: 2840: User Georgios Sakalas accessed
Αυγ 28, 2023 4:34:16 Μ.Μ. User toString
FINE: 2841: User test accessed
Αυγ 28, 2023 4:34:16 Μ.Μ. User toString
FINE: 2842: User Kal zzx accessed
Αυγ 28, 2023 4:34:16 Μ.Μ. User toString
FINE: 2843: User rwfrwfr rfwrgf accessed
Αυγ 28, 2023 4:34:16 Μ.Μ. User toString
FINE: 2844: User Apostolos Kazopidis accessed
Αυγ 28, 2023 4:34:16 Μ.Μ. User toString
FINE: 2845: User Georgios Sakalas accessed
Αυγ 28, 2023 4:34:16 Μ.Μ. User toString
FINE: 2846: User test accessed
Αυγ 28, 2023 4:34:16 Μ.Μ. User toString
FINE: 2847: User Kal zzx accessed
Αυγ 28, 2023 4:34:16 Μ.Μ. User toString
FINE: 2848: User rwfrwfr rfwrgf accessed
Αυγ 28, 2023 4:34:16 Μ.Μ. User toString
FINE: 2849: User Apostolos Kazopidis accessed
Αυγ 28, 2023 4:34:16 Μ.Μ. User toString
FINE: 2850: User Georgios Sakalas accessed
Αυγ 28, 2023 4:34:16 Μ.Μ. User toString
FINE: 2851: User test accessed
Αυγ 28, 2023 4:34:16 Μ.Μ. User toString
FINE: 2852: User Kal zzx accessed
Αυγ 28, 2023 4:34:16 Μ.Μ. User toString
FINE: 2853: User rwfrwfr rfwrgf accessed
Αυγ 28, 2023 4:34:16 Μ.Μ. User toString
FINE: 2854: User Apostolos Kazopidis accessed
Αυγ 28, 2023 4:34:16 Μ.Μ. User toString
FINE: 2855: User Georgios Sakalas accessed
Αυγ 28, 2023 4:34:16 Μ.Μ. User toString
FINE: 2856: User test accessed
Αυγ 28, 2023 4:34:16 Μ.Μ. User toString
FINE: 2857: User Kal zzx accessed
Αυγ 28, 2023 4:34:16 Μ.Μ. User toString
FINE: 2858: User rwfrwfr rfwrgf accessed
Αυγ 28, 2023 4:34:16 Μ.Μ. User toString
FINE: 2859: User Apostolos Kazopidis accessed
Αυγ 28, 2023 4:34:16 Μ.Μ. User toString
FINE: 2860: User Georgios Sakalas accessed
Αυγ 28, 2023 4:34:16 Μ.Μ. User toString
FINE: 2861: User test accessed
Αυγ 28, 2023 4:34:16 Μ.Μ. User toString
FINE: 2862: User Kal zzx accessed
Αυγ 28, 2023 4:34:16 Μ.Μ. User toString
FINE: 2863: User rwfrwfr rfwrgf accessed
Αυγ 28, 2023 4:34:16 Μ.Μ. User toString
FINE: 2864: User Apostolos Kazopidis accessed
Αυγ 28, 2023 4:34:16 Μ.Μ. User toString
FINE: 2865: User Georgios Sakalas accessed
Αυγ 28, 2023 4:34:16 Μ.Μ. User toString
FINE: 2866: User test accessed
Αυγ 28, 2023 4:34:16 Μ.Μ. User toString
FINE: 2867: User Kal zzx accessed
Αυγ 28, 2023 4:34:16 Μ.Μ. User toString
FINE: 2868: User rwfrwfr rfwrgf accessed
Αυγ 28, 2023 4:34:16 Μ.Μ. User toString
FINE: 2869: User Apostolos Kazopidis accessed
Αυγ 28, 2023 4:34:16 Μ.Μ. User toString
FINE: 2870: User Georgios Sakalas accessed
Αυγ 28, 2023 4:34:16 Μ.Μ. User toString
FINE: 2871: User test accessed
Αυγ 28, 2023 4:34:16 Μ.Μ. User toString
FINE: 2872: User Kal zzx accessed
Αυγ 28, 2023 4:34:16 Μ.Μ. User toString
FINE: 2873: User rwfrwfr rfwrgf accessed
Αυγ 28, 2023 4:34:16 Μ.Μ. User toString
FINE: 2874: User Apostolos Kazopidis accessed
Αυγ 28, 2023 4:34:16 Μ.Μ. User toString
FINE: 2875: User Georgios Sakalas accessed
Αυγ 28, 2023 4:34:16 Μ.Μ. User toString
FINE: 2876: User test accessed
Αυγ 28, 2023 4:34:16 Μ.Μ. User toString
FINE: 2877: User Kal zzx accessed
Αυγ 28, 2023 4:34:16 Μ.Μ. User toString
FINE: 2878: User rwfrwfr rfwrgf accessed
Αυγ 28, 2023 4:34:16 Μ.Μ. User toString
FINE: 2879: User Apostolos Kazopidis accessed
Αυγ 28, 2023 4:34:16 Μ.Μ. User toString
FINE: 2880: User Georgios Sakalas accessed
Αυγ 28, 2023 4:34:16 Μ.Μ. User toString
FINE: 2881: User test accessed
Αυγ 28, 2023 4:34:16 Μ.Μ. User toString
FINE: 2882: User Kal zzx accessed
Αυγ 28, 2023 4:34:16 Μ.Μ. User toString
FINE: 2883: User rwfrwfr rfwrgf accessed
Αυγ 28, 2023 4:34:16 Μ.Μ. User toString
FINE: 2884: User Apostolos Kazopidis accessed
Αυγ 28, 2023 4:34:16 Μ.Μ. User toString
FINE: 2885: User Georgios Sakalas accessed
Αυγ 28, 2023 4:34:16 Μ.Μ. User toString
FINE: 2886: User test accessed
Αυγ 28, 2023 4:34:16 Μ.Μ. User toString
FINE: 2887: User Kal zzx accessed
Αυγ 28, 2023 4:34:16 Μ.Μ. User toString
FINE: 2888: User rwfrwfr rfwrgf accessed
Αυγ 28, 2023 4:34:16 Μ.Μ. User toString
FINE: 2889: User Apostolos Kazopidis accessed
Αυγ 28, 2023 4:34:16 Μ.Μ. User toString
FINE: 2890: User Georgios Sakalas accessed
Αυγ 28, 2023 4:34:16 Μ.Μ. User toString
FINE: 2891: User test accessed
Αυγ 28, 2023 4:34:16 Μ.Μ. User toString
FINE: 2892: User Kal zzx accessed
Αυγ 28, 2023 4:34:16 Μ.Μ. User toString
FINE: 2893: User rwfrwfr rfwrgf accessed
Αυγ 28, 2023 4:34:16 Μ.Μ. User toString
FINE: 2894: User Apostolos Kazopidis accessed
Αυγ 28, 2023 4:34:16 Μ.Μ. User toString
FINE: 2895: User Georgios Sakalas accessed
Αυγ 28, 2023 4:34:16 Μ.Μ. User toString
FINE: 2896: User test accessed
Αυγ 28, 2023 4:34:16 Μ.Μ. User toString
FINE: 2897: User Kal zzx accessed
Αυγ 28, 2023 4:34:16 Μ.Μ. User toString
FINE: 2898: User rwfrwfr rfwrgf accessed
Αυγ 28, 2023 4:34:16 Μ.Μ. User toString
FINE: 2899: User Apostolos Kazopidis accessed
Αυγ 28, 2023 4:34:16 Μ.Μ. User toString
FINE: 2900: User Georgios Sakalas accessed
Αυγ 28, 2023 4:34:16 Μ.Μ. User toString
FINE: 2901: User test accessed
Αυγ 28, 2023 4:34:16 Μ.Μ. User toString
FINE: 2902: User Kal zzx accessed
Αυγ 28, 2023 4:34:16 Μ.Μ. User toString
FINE: 2903: User rwfrwfr rfwrgf accessed
Αυγ 28, 2023 4:34:16 Μ.Μ. User toString
FINE: 2904: User Apostolos Kazopidis accessed
Αυγ 28, 2023 4:34:16 Μ.Μ. User toString
FINE: 2905: User Georgios Sakalas accessed
Αυγ 28, 2023 4:34:16 Μ.Μ. User toString
FINE: 2906: User test accessed
Αυγ 28, 2023 4:34:16 Μ.Μ. User toString
FINE: 2907: User Kal zzx accessed
Αυγ 28, 2023 4:34:16 Μ.Μ. User toString
FINE: 2908: User rwfrwfr rfwrgf accessed
Αυγ 28, 2023 4:34:16 Μ.Μ. User toString
FINE: 2909: User Apostolos Kazopidis accessed
Αυγ 28, 2023 4:34:16 Μ.Μ. User toString
FINE: 2910: User Georgios Sakalas accessed
Αυγ 28, 2023 4:34:16 Μ.Μ. User toString
FINE: 2911: User test accessed
Αυγ 28, 2023 4:34:16 Μ.Μ. User toString
FINE: 2912: User Kal zzx accessed
Αυγ 28, 2023 4:34:16 Μ.Μ. User toString
FINE: 2913: User rwfrwfr rfwrgf accessed
Αυγ 28, 2023 4:34:16 Μ.Μ. User toString
FINE: 2914: User Apostolos Kazopidis accessed
Αυγ 28, 2023 4:34:16 Μ.Μ. User toString
FINE: 2915: User Georgios Sakalas accessed
Αυγ 28, 2023 4:34:16 Μ.Μ. User toString
FINE: 2916: User test accessed
Αυγ 28, 2023 4:34:16 Μ.Μ. User toString
FINE: 2917: User Kal zzx accessed
Αυγ 28, 2023 4:34:16 Μ.Μ. User toString
FINE: 2918: User rwfrwfr rfwrgf accessed
Αυγ 28, 2023 4:34:16 Μ.Μ. User toString
FINE: 2919: User Apostolos Kazopidis accessed
Αυγ 28, 2023 4:34:16 Μ.Μ. User toString
FINE: 2920: User Georgios Sakalas accessed
Αυγ 28, 2023 4:34:16 Μ.Μ. User toString
FINE: 2921: User test accessed
Αυγ 28, 2023 4:34:16 Μ.Μ. User toString
FINE: 2922: User Kal zzx accessed
Αυγ 28, 2023 4:34:16 Μ.Μ. User toString
FINE: 2923: User rwfrwfr rfwrgf accessed
Αυγ 28, 2023 4:34:16 Μ.Μ. User toString
FINE: 2924: User Apostolos Kazopidis accessed
Αυγ 28, 2023 4:34:16 Μ.Μ. User toString
FINE: 2925: User Georgios Sakalas accessed
Αυγ 28, 2023 4:34:16 Μ.Μ. User toString
FINE: 2926: User test accessed
Αυγ 28, 2023 4:34:16 Μ.Μ. User toString
FINE: 2927: User Kal zzx accessed
Αυγ 28, 2023 4:34:16 Μ.Μ. User toString
FINE: 2928: User rwfrwfr rfwrgf accessed
Αυγ 28, 2023 4:34:16 Μ.Μ. User toString
FINE: 2929: User Apostolos Kazopidis accessed
Αυγ 28, 2023 4:34:16 Μ.Μ. User toString
FINE: 2930: User Georgios Sakalas accessed
Αυγ 28, 2023 4:34:16 Μ.Μ. User toString
FINE: 2931: User test accessed
Αυγ 28, 2023 4:34:16 Μ.Μ. User toString
FINE: 2932: User Kal zzx accessed
Αυγ 28, 2023 4:34:16 Μ.Μ. User toString
FINE: 2933: User rwfrwfr rfwrgf accessed
Αυγ 28, 2023 4:34:16 Μ.Μ. User toString
FINE: 2934: User Apostolos Kazopidis accessed
Αυγ 28, 2023 4:34:16 Μ.Μ. User toString
FINE: 2935: User Georgios Sakalas accessed
Αυγ 28, 2023 4:34:16 Μ.Μ. User toString
FINE: 2936: User test accessed
Αυγ 28, 2023 4:34:16 Μ.Μ. User toString
FINE: 2937: User Kal zzx accessed
Αυγ 28, 2023 4:34:16 Μ.Μ. User toString
FINE: 2938: User rwfrwfr rfwrgf accessed
Αυγ 28, 2023 4:34:16 Μ.Μ. User toString
FINE: 2939: User Apostolos Kazopidis accessed
Αυγ 28, 2023 4:34:16 Μ.Μ. User toString
FINE: 2940: User Georgios Sakalas accessed
Αυγ 28, 2023 4:34:16 Μ.Μ. User toString
FINE: 2941: User test accessed
Αυγ 28, 2023 4:34:16 Μ.Μ. User toString
FINE: 2942: User Kal zzx accessed
Αυγ 28, 2023 4:34:16 Μ.Μ. User toString
FINE: 2943: User rwfrwfr rfwrgf accessed
Αυγ 28, 2023 4:34:16 Μ.Μ. User toString
FINE: 2944: User Apostolos Kazopidis accessed
Αυγ 28, 2023 4:34:16 Μ.Μ. User toString
FINE: 2945: User Georgios Sakalas accessed
Αυγ 28, 2023 4:34:16 Μ.Μ. User toString
FINE: 2946: User test accessed
Αυγ 28, 2023 4:34:16 Μ.Μ. User toString
FINE: 2947: User Kal zzx accessed
Αυγ 28, 2023 4:34:16 Μ.Μ. User toString
FINE: 2948: User rwfrwfr rfwrgf accessed
Αυγ 28, 2023 4:34:16 Μ.Μ. User toString
FINE: 2949: User Apostolos Kazopidis accessed
Αυγ 28, 2023 4:34:16 Μ.Μ. User toString
FINE: 2950: User Georgios Sakalas accessed
Αυγ 28, 2023 4:34:16 Μ.Μ. User toString
FINE: 2951: User test accessed
Αυγ 28, 2023 4:34:16 Μ.Μ. User toString
FINE: 2952: User Kal zzx accessed
Αυγ 28, 2023 4:34:16 Μ.Μ. User toString
FINE: 2953: User rwfrwfr rfwrgf accessed
Αυγ 28, 2023 4:34:16 Μ.Μ. User toString
FINE: 2954: User Apostolos Kazopidis accessed
Αυγ 28, 2023 4:34:16 Μ.Μ. User toString
FINE: 2955: User Georgios Sakalas accessed
Αυγ 28, 2023 4:34:16 Μ.Μ. User toString
FINE: 2956: User test accessed
Αυγ 28, 2023 4:34:16 Μ.Μ. User toString
FINE: 2957: User Kal zzx accessed
Αυγ 28, 2023 4:34:16 Μ.Μ. User toString
FINE: 2958: User rwfrwfr rfwrgf accessed
Αυγ 28, 2023 4:34:16 Μ.Μ. User toString
FINE: 2959: User Apostolos Kazopidis accessed
Αυγ 28, 2023 4:34:16 Μ.Μ. User toString
FINE: 2960: User Georgios Sakalas accessed
Αυγ 28, 2023 4:34:16 Μ.Μ. User toString
FINE: 2961: User test accessed
Αυγ 28, 2023 4:34:16 Μ.Μ. User toString
FINE: 2962: User Kal zzx accessed
Αυγ 28, 2023 4:34:16 Μ.Μ. User toString
FINE: 2963: User rwfrwfr rfwrgf accessed
Αυγ 28, 2023 4:34:16 Μ.Μ. User toString
FINE: 2964: User Apostolos Kazopidis accessed
Αυγ 28, 2023 4:34:16 Μ.Μ. User toString
FINE: 2965: User Georgios Sakalas accessed
Αυγ 28, 2023 4:34:16 Μ.Μ. User toString
FINE: 2966: User test accessed
Αυγ 28, 2023 4:34:16 Μ.Μ. User toString
FINE: 2967: User Kal zzx accessed
Αυγ 28, 2023 4:34:16 Μ.Μ. User toString
FINE: 2968: User rwfrwfr rfwrgf accessed
Αυγ 28, 2023 4:34:16 Μ.Μ. User toString
FINE: 2969: User Apostolos Kazopidis accessed
Αυγ 28, 2023 4:34:16 Μ.Μ. User toString
FINE: 2970: User Georgios Sakalas accessed
Αυγ 28, 2023 4:34:16 Μ.Μ. User toString
FINE: 2971: User test accessed
Αυγ 28, 2023 4:34:16 Μ.Μ. User toString
FINE: 2972: User Kal zzx accessed
Αυγ 28, 2023 4:34:16 Μ.Μ. User toString
FINE: 2973: User rwfrwfr rfwrgf accessed
Αυγ 28, 2023 4:34:16 Μ.Μ. User toString
FINE: 2974: User Apostolos Kazopidis accessed
Αυγ 28, 2023 4:34:16 Μ.Μ. User toString
FINE: 2975: User Georgios Sakalas accessed
Αυγ 28, 2023 4:34:16 Μ.Μ. User toString
FINE: 2976: User test accessed
Αυγ 28, 2023 4:34:16 Μ.Μ. User toString
FINE: 2977: User Kal zzx accessed
Αυγ 28, 2023 4:34:16 Μ.Μ. User toString
FINE: 2978: User rwfrwfr rfwrgf accessed
Αυγ 28, 2023 4:34:16 Μ.Μ. User toString
FINE: 2979: User Apostolos Kazopidis accessed
Αυγ 28, 2023 4:34:16 Μ.Μ. User toString
FINE: 2980: User Georgios Sakalas accessed
Αυγ 28, 2023 4:34:16 Μ.Μ. User toString
FINE: 2981: User test accessed
Αυγ 28, 2023 4:34:16 Μ.Μ. User toString
FINE: 2982: User Kal zzx accessed
Αυγ 28, 2023 4:34:16 Μ.Μ. User toString
FINE: 2983: User rwfrwfr rfwrgf accessed
Αυγ 28, 2023 4:34:16 Μ.Μ. User toString
FINE: 2984: User Apostolos Kazopidis accessed
Αυγ 28, 2023 4:34:16 Μ.Μ. User toString
FINE: 2985: User Georgios Sakalas accessed
Αυγ 28, 2023 4:34:16 Μ.Μ. User toString
FINE: 2986: User test accessed
Αυγ 28, 2023 4:34:16 Μ.Μ. User toString
FINE: 2987: User Kal zzx accessed
Αυγ 28, 2023 4:34:16 Μ.Μ. User toString
FINE: 2988: User rwfrwfr rfwrgf accessed
Αυγ 28, 2023 4:34:16 Μ.Μ. User toString
FINE: 2989: User Apostolos Kazopidis accessed
Αυγ 28, 2023 4:34:16 Μ.Μ. User toString
FINE: 2990: User Georgios Sakalas accessed
Αυγ 28, 2023 4:34:16 Μ.Μ. User toString
FINE: 2991: User test accessed
Αυγ 28, 2023 4:34:16 Μ.Μ. User toString
FINE: 2992: User Kal zzx accessed
Αυγ 28, 2023 4:34:16 Μ.Μ. User toString
FINE: 2993: User rwfrwfr rfwrgf accessed
Αυγ 28, 2023 4:34:16 Μ.Μ. User toString
FINE: 2994: User Apostolos Kazopidis accessed
Αυγ 28, 2023 4:34:16 Μ.Μ. User toString
FINE: 2995: User Georgios Sakalas accessed
Αυγ 28, 2023 4:34:16 Μ.Μ. User toString
FINE: 2996: User test accessed
Αυγ 28, 2023 4:34:16 Μ.Μ. User toString
FINE: 2997: User Kal zzx accessed
Αυγ 28, 2023 4:34:16 Μ.Μ. User toString
FINE: 2998: User rwfrwfr rfwrgf accessed
Αυγ 28, 2023 4:34:16 Μ.Μ. User toString
FINE: 2999: User Apostolos Kazopidis accessed
Αυγ 28, 2023 4:34:16 Μ.Μ. User toString
FINE: 3000: User Georgios Sakalas accessed
Αυγ 28, 2023 4:34:16 Μ.Μ. User toString
FINE: 3001: User test accessed
Αυγ 28, 2023 4:34:16 Μ.Μ. User toString
FINE: 3002: User Kal zzx accessed
Αυγ 28, 2023 4:34:16 Μ.Μ. User toString
FINE: 3003: User rwfrwfr rfwrgf accessed
Αυγ 28, 2023 4:34:16 Μ.Μ. User toString
FINE: 3004: User Apostolos Kazopidis accessed
Αυγ 28, 2023 4:34:16 Μ.Μ. User toString
FINE: 3005: User Georgios Sakalas accessed
Αυγ 28, 2023 4:34:16 Μ.Μ. User toString
FINE: 3006: User test accessed
Αυγ 28, 2023 4:34:16 Μ.Μ. User toString
FINE: 3007: User Kal zzx accessed
Αυγ 28, 2023 4:34:16 Μ.Μ. User toString
FINE: 3008: User rwfrwfr rfwrgf accessed
Αυγ 28, 2023 4:34:16 Μ.Μ. User toString
FINE: 3009: User Apostolos Kazopidis accessed
Αυγ 28, 2023 4:34:16 Μ.Μ. User toString
FINE: 3010: User Georgios Sakalas accessed
Αυγ 28, 2023 4:34:16 Μ.Μ. User toString
FINE: 3011: User test accessed
Αυγ 28, 2023 4:34:16 Μ.Μ. User toString
FINE: 3012: User Kal zzx accessed
Αυγ 28, 2023 4:34:16 Μ.Μ. User toString
FINE: 3013: User rwfrwfr rfwrgf accessed
Αυγ 28, 2023 4:34:16 Μ.Μ. User toString
FINE: 3014: User Apostolos Kazopidis accessed
Αυγ 28, 2023 4:34:16 Μ.Μ. User toString
FINE: 3015: User Georgios Sakalas accessed
Αυγ 28, 2023 4:34:16 Μ.Μ. User toString
FINE: 3016: User test accessed
Αυγ 28, 2023 4:34:16 Μ.Μ. User toString
FINE: 3017: User Kal zzx accessed
Αυγ 28, 2023 4:34:16 Μ.Μ. User toString
FINE: 3018: User rwfrwfr rfwrgf accessed
Αυγ 28, 2023 4:34:16 Μ.Μ. User toString
FINE: 3019: User Apostolos Kazopidis accessed
Αυγ 28, 2023 4:34:16 Μ.Μ. User toString
FINE: 3020: User Georgios Sakalas accessed
Αυγ 28, 2023 4:34:16 Μ.Μ. User toString
FINE: 3021: User test accessed
Αυγ 28, 2023 4:34:16 Μ.Μ. User toString
FINE: 3022: User Kal zzx accessed
Αυγ 28, 2023 4:34:16 Μ.Μ. User toString
FINE: 3023: User rwfrwfr rfwrgf accessed
Αυγ 28, 2023 4:34:16 Μ.Μ. User toString
FINE: 3024: User Apostolos Kazopidis accessed
Αυγ 28, 2023 4:34:16 Μ.Μ. User toString
FINE: 3025: User Georgios Sakalas accessed
Αυγ 28, 2023 4:34:16 Μ.Μ. User toString
FINE: 3026: User test accessed
Αυγ 28, 2023 4:34:16 Μ.Μ. User toString
FINE: 3027: User Kal zzx accessed
Αυγ 28, 2023 4:34:16 Μ.Μ. User toString
FINE: 3028: User rwfrwfr rfwrgf accessed
Αυγ 28, 2023 4:34:16 Μ.Μ. User toString
FINE: 3029: User Apostolos Kazopidis accessed
Αυγ 28, 2023 4:34:16 Μ.Μ. User toString
FINE: 3030: User Georgios Sakalas accessed
Αυγ 28, 2023 4:34:16 Μ.Μ. User toString
FINE: 3031: User test accessed
Αυγ 28, 2023 4:34:16 Μ.Μ. User toString
FINE: 3032: User Kal zzx accessed
Αυγ 28, 2023 4:34:16 Μ.Μ. User toString
FINE: 3033: User rwfrwfr rfwrgf accessed
Αυγ 28, 2023 4:34:16 Μ.Μ. User toString
FINE: 3034: User Apostolos Kazopidis accessed
Αυγ 28, 2023 4:34:16 Μ.Μ. User toString
FINE: 3035: User Georgios Sakalas accessed
Αυγ 28, 2023 4:34:16 Μ.Μ. User toString
FINE: 3036: User test accessed
Αυγ 28, 2023 4:34:16 Μ.Μ. User toString
FINE: 3037: User Kal zzx accessed
Αυγ 28, 2023 4:34:16 Μ.Μ. User toString
FINE: 3038: User rwfrwfr rfwrgf accessed
Αυγ 28, 2023 4:34:16 Μ.Μ. User toString
FINE: 3039: User Apostolos Kazopidis accessed
Αυγ 28, 2023 4:34:16 Μ.Μ. User toString
FINE: 3040: User Georgios Sakalas accessed
Αυγ 28, 2023 4:34:16 Μ.Μ. User toString
FINE: 3041: User test accessed
Αυγ 28, 2023 4:34:16 Μ.Μ. User toString
FINE: 3042: User Kal zzx accessed
Αυγ 28, 2023 4:34:16 Μ.Μ. User toString
FINE: 3043: User rwfrwfr rfwrgf accessed
Αυγ 28, 2023 4:34:16 Μ.Μ. User toString
FINE: 3044: User Apostolos Kazopidis accessed
Αυγ 28, 2023 4:34:16 Μ.Μ. User toString
FINE: 3045: User Georgios Sakalas accessed
Αυγ 28, 2023 4:34:16 Μ.Μ. User toString
FINE: 3046: User test accessed
Αυγ 28, 2023 4:34:16 Μ.Μ. User toString
FINE: 3047: User Kal zzx accessed
Αυγ 28, 2023 4:34:16 Μ.Μ. User toString
FINE: 3048: User rwfrwfr rfwrgf accessed
Αυγ 28, 2023 4:34:16 Μ.Μ. User toString
FINE: 3049: User Apostolos Kazopidis accessed
Αυγ 28, 2023 4:34:16 Μ.Μ. User toString
FINE: 3050: User Georgios Sakalas accessed
Αυγ 28, 2023 4:34:16 Μ.Μ. User toString
FINE: 3051: User test accessed
Αυγ 28, 2023 4:34:16 Μ.Μ. User toString
FINE: 3052: User Kal zzx accessed
Αυγ 28, 2023 4:34:16 Μ.Μ. User toString
FINE: 3053: User rwfrwfr rfwrgf accessed
Αυγ 28, 2023 4:34:16 Μ.Μ. User toString
FINE: 3054: User Apostolos Kazopidis accessed
Αυγ 28, 2023 4:34:16 Μ.Μ. User toString
FINE: 3055: User Georgios Sakalas accessed
Αυγ 28, 2023 4:34:16 Μ.Μ. User toString
FINE: 3056: User test accessed
Αυγ 28, 2023 4:34:16 Μ.Μ. User toString
FINE: 3057: User Kal zzx accessed
Αυγ 28, 2023 4:34:16 Μ.Μ. User toString
FINE: 3058: User rwfrwfr rfwrgf accessed
Αυγ 28, 2023 4:34:16 Μ.Μ. User toString
FINE: 3059: User Apostolos Kazopidis accessed
Αυγ 28, 2023 4:34:16 Μ.Μ. User toString
FINE: 3060: User Georgios Sakalas accessed
Αυγ 28, 2023 4:34:16 Μ.Μ. User toString
FINE: 3061: User test accessed
Αυγ 28, 2023 4:34:16 Μ.Μ. User toString
FINE: 3062: User Kal zzx accessed
Αυγ 28, 2023 4:34:16 Μ.Μ. User toString
FINE: 3063: User rwfrwfr rfwrgf accessed
Αυγ 28, 2023 4:34:16 Μ.Μ. User toString
FINE: 3064: User Apostolos Kazopidis accessed
Αυγ 28, 2023 4:34:16 Μ.Μ. User toString
FINE: 3065: User Georgios Sakalas accessed
Αυγ 28, 2023 4:34:16 Μ.Μ. User toString
FINE: 3066: User test accessed
Αυγ 28, 2023 4:34:16 Μ.Μ. User toString
FINE: 3067: User Kal zzx accessed
Αυγ 28, 2023 4:34:16 Μ.Μ. User toString
FINE: 3068: User rwfrwfr rfwrgf accessed
Αυγ 28, 2023 4:34:16 Μ.Μ. User toString
FINE: 3069: User Apostolos Kazopidis accessed
Αυγ 28, 2023 4:34:16 Μ.Μ. User toString
FINE: 3070: User Georgios Sakalas accessed
Αυγ 28, 2023 4:34:16 Μ.Μ. User toString
FINE: 3071: User test accessed
Αυγ 28, 2023 4:34:16 Μ.Μ. User toString
FINE: 3072: User Kal zzx accessed
Αυγ 28, 2023 4:34:16 Μ.Μ. User toString
FINE: 3073: User rwfrwfr rfwrgf accessed
Αυγ 28, 2023 4:34:16 Μ.Μ. User toString
FINE: 3074: User Apostolos Kazopidis accessed
Αυγ 28, 2023 4:34:16 Μ.Μ. User toString
FINE: 3075: User Georgios Sakalas accessed
Αυγ 28, 2023 4:34:16 Μ.Μ. User toString
FINE: 3076: User test accessed
Αυγ 28, 2023 4:34:16 Μ.Μ. User toString
FINE: 3077: User Kal zzx accessed
Αυγ 28, 2023 4:34:16 Μ.Μ. User toString
FINE: 3078: User rwfrwfr rfwrgf accessed
Αυγ 28, 2023 4:34:16 Μ.Μ. User toString
FINE: 3079: User Apostolos Kazopidis accessed
Αυγ 28, 2023 4:34:16 Μ.Μ. User toString
FINE: 3080: User Georgios Sakalas accessed
Αυγ 28, 2023 4:34:16 Μ.Μ. User toString
FINE: 3081: User test accessed
Αυγ 28, 2023 4:34:16 Μ.Μ. User toString
FINE: 3082: User Kal zzx accessed
Αυγ 28, 2023 4:34:16 Μ.Μ. User toString
FINE: 3083: User rwfrwfr rfwrgf accessed
Αυγ 28, 2023 4:34:16 Μ.Μ. User toString
FINE: 3084: User Apostolos Kazopidis accessed
Αυγ 28, 2023 4:34:16 Μ.Μ. User toString
FINE: 3085: User Georgios Sakalas accessed
Αυγ 28, 2023 4:34:16 Μ.Μ. User toString
FINE: 3086: User test accessed
Αυγ 28, 2023 4:34:16 Μ.Μ. User toString
FINE: 3087: User Kal zzx accessed
Αυγ 28, 2023 4:34:16 Μ.Μ. User toString
FINE: 3088: User rwfrwfr rfwrgf accessed
Αυγ 28, 2023 4:34:16 Μ.Μ. User toString
FINE: 3089: User Apostolos Kazopidis accessed
Αυγ 28, 2023 4:34:16 Μ.Μ. User toString
FINE: 3090: User Georgios Sakalas accessed
Αυγ 28, 2023 4:34:16 Μ.Μ. User toString
FINE: 3091: User test accessed
Αυγ 28, 2023 4:34:16 Μ.Μ. User toString
FINE: 3092: User Kal zzx accessed
Αυγ 28, 2023 4:34:16 Μ.Μ. User toString
FINE: 3093: User rwfrwfr rfwrgf accessed
Αυγ 28, 2023 4:34:16 Μ.Μ. User toString
FINE: 3094: User Apostolos Kazopidis accessed
Αυγ 28, 2023 4:34:16 Μ.Μ. User toString
FINE: 3095: User Georgios Sakalas accessed
Αυγ 28, 2023 4:34:16 Μ.Μ. User toString
FINE: 3096: User test accessed
Αυγ 28, 2023 4:34:16 Μ.Μ. User toString
FINE: 3097: User Kal zzx accessed
Αυγ 28, 2023 4:34:16 Μ.Μ. User toString
FINE: 3098: User rwfrwfr rfwrgf accessed
Αυγ 28, 2023 4:34:16 Μ.Μ. User toString
FINE: 3099: User Apostolos Kazopidis accessed
Αυγ 28, 2023 4:34:16 Μ.Μ. User toString
FINE: 3100: User Georgios Sakalas accessed
Αυγ 28, 2023 4:34:16 Μ.Μ. User toString
FINE: 3101: User test accessed
Αυγ 28, 2023 4:34:16 Μ.Μ. User toString
FINE: 3102: User Kal zzx accessed
Αυγ 28, 2023 4:34:16 Μ.Μ. User toString
FINE: 3103: User rwfrwfr rfwrgf accessed
Αυγ 28, 2023 4:34:16 Μ.Μ. User toString
FINE: 3104: User Apostolos Kazopidis accessed
Αυγ 28, 2023 4:34:16 Μ.Μ. User toString
FINE: 3105: User Georgios Sakalas accessed
Αυγ 28, 2023 4:34:16 Μ.Μ. User toString
FINE: 3106: User test accessed
Αυγ 28, 2023 4:34:16 Μ.Μ. User toString
FINE: 3107: User Kal zzx accessed
Αυγ 28, 2023 4:34:16 Μ.Μ. User toString
FINE: 3108: User rwfrwfr rfwrgf accessed
Αυγ 28, 2023 4:34:16 Μ.Μ. User toString
FINE: 3109: User Apostolos Kazopidis accessed
Αυγ 28, 2023 4:34:16 Μ.Μ. User toString
FINE: 3110: User Georgios Sakalas accessed
Αυγ 28, 2023 4:34:16 Μ.Μ. User toString
FINE: 3111: User test accessed
Αυγ 28, 2023 4:34:16 Μ.Μ. User toString
FINE: 3112: User Kal zzx accessed
Αυγ 28, 2023 4:34:16 Μ.Μ. User toString
FINE: 3113: User rwfrwfr rfwrgf accessed
Αυγ 28, 2023 4:34:16 Μ.Μ. User toString
FINE: 3114: User Apostolos Kazopidis accessed
Αυγ 28, 2023 4:34:16 Μ.Μ. User toString
FINE: 3115: User Georgios Sakalas accessed
Αυγ 28, 2023 4:34:16 Μ.Μ. User toString
FINE: 3116: User test accessed
Αυγ 28, 2023 4:34:16 Μ.Μ. User toString
FINE: 3117: User Kal zzx accessed
Αυγ 28, 2023 4:34:16 Μ.Μ. User toString
FINE: 3118: User rwfrwfr rfwrgf accessed
Αυγ 28, 2023 4:34:16 Μ.Μ. User toString
FINE: 3119: User Apostolos Kazopidis accessed
Αυγ 28, 2023 4:34:16 Μ.Μ. User toString
FINE: 3120: User Georgios Sakalas accessed
Αυγ 28, 2023 4:34:16 Μ.Μ. User toString
FINE: 3121: User test accessed
Αυγ 28, 2023 4:34:16 Μ.Μ. User toString
FINE: 3122: User Kal zzx accessed
Αυγ 28, 2023 4:34:16 Μ.Μ. User toString
FINE: 3123: User rwfrwfr rfwrgf accessed
Αυγ 28, 2023 4:34:16 Μ.Μ. User toString
FINE: 3124: User Apostolos Kazopidis accessed
Αυγ 28, 2023 4:34:16 Μ.Μ. User toString
FINE: 3125: User Georgios Sakalas accessed
Αυγ 28, 2023 4:34:16 Μ.Μ. User toString
FINE: 3126: User test accessed
Αυγ 28, 2023 4:34:16 Μ.Μ. User toString
FINE: 3127: User Kal zzx accessed
Αυγ 28, 2023 4:34:16 Μ.Μ. User toString
FINE: 3128: User rwfrwfr rfwrgf accessed
Αυγ 28, 2023 4:34:16 Μ.Μ. User toString
FINE: 3129: User Apostolos Kazopidis accessed
Αυγ 28, 2023 4:34:16 Μ.Μ. User toString
FINE: 3130: User Georgios Sakalas accessed
Αυγ 28, 2023 4:34:16 Μ.Μ. User toString
FINE: 3131: User test accessed
Αυγ 28, 2023 4:34:16 Μ.Μ. User toString
FINE: 3132: User Kal zzx accessed
Αυγ 28, 2023 4:34:16 Μ.Μ. User toString
FINE: 3133: User rwfrwfr rfwrgf accessed
Αυγ 28, 2023 4:34:16 Μ.Μ. User toString
FINE: 3134: User Apostolos Kazopidis accessed
Αυγ 28, 2023 4:34:16 Μ.Μ. User toString
FINE: 3135: User Georgios Sakalas accessed
Αυγ 28, 2023 4:34:16 Μ.Μ. User toString
FINE: 3136: User test accessed
Αυγ 28, 2023 4:34:16 Μ.Μ. User toString
FINE: 3137: User Kal zzx accessed
Αυγ 28, 2023 4:34:16 Μ.Μ. User toString
FINE: 3138: User rwfrwfr rfwrgf accessed
Αυγ 28, 2023 4:34:16 Μ.Μ. User toString
FINE: 3139: User Apostolos Kazopidis accessed
Αυγ 28, 2023 4:34:16 Μ.Μ. User toString
FINE: 3140: User Georgios Sakalas accessed
Αυγ 28, 2023 4:34:16 Μ.Μ. User toString
FINE: 3141: User test accessed
Αυγ 28, 2023 4:34:16 Μ.Μ. User toString
FINE: 3142: User Kal zzx accessed
Αυγ 28, 2023 4:34:16 Μ.Μ. User toString
FINE: 3143: User rwfrwfr rfwrgf accessed
Αυγ 28, 2023 4:34:16 Μ.Μ. User toString
FINE: 3144: User Apostolos Kazopidis accessed
Αυγ 28, 2023 4:34:16 Μ.Μ. User toString
FINE: 3145: User Georgios Sakalas accessed
Αυγ 28, 2023 4:34:16 Μ.Μ. User toString
FINE: 3146: User test accessed
Αυγ 28, 2023 4:34:16 Μ.Μ. User toString
FINE: 3147: User Kal zzx accessed
Αυγ 28, 2023 4:34:16 Μ.Μ. User toString
FINE: 3148: User rwfrwfr rfwrgf accessed
Αυγ 28, 2023 4:34:16 Μ.Μ. User toString
FINE: 3149: User Apostolos Kazopidis accessed
Αυγ 28, 2023 4:34:16 Μ.Μ. User toString
FINE: 3150: User Georgios Sakalas accessed
Αυγ 28, 2023 4:34:16 Μ.Μ. User toString
FINE: 3151: User test accessed
Αυγ 28, 2023 4:34:16 Μ.Μ. User toString
FINE: 3152: User Kal zzx accessed
Αυγ 28, 2023 4:34:16 Μ.Μ. User toString
FINE: 3153: User rwfrwfr rfwrgf accessed
Αυγ 28, 2023 4:34:16 Μ.Μ. User toString
FINE: 3154: User Apostolos Kazopidis accessed
Αυγ 28, 2023 4:34:16 Μ.Μ. User toString
FINE: 3155: User Georgios Sakalas accessed
Αυγ 28, 2023 4:34:16 Μ.Μ. User toString
FINE: 3156: User test accessed
Αυγ 28, 2023 4:34:16 Μ.Μ. User toString
FINE: 3157: User Kal zzx accessed
Αυγ 28, 2023 4:34:16 Μ.Μ. User toString
FINE: 3158: User rwfrwfr rfwrgf accessed
Αυγ 28, 2023 4:34:16 Μ.Μ. User toString
FINE: 3159: User Apostolos Kazopidis accessed
Αυγ 28, 2023 4:34:16 Μ.Μ. User toString
FINE: 3160: User Georgios Sakalas accessed
Αυγ 28, 2023 4:34:16 Μ.Μ. User toString
FINE: 3161: User test accessed
Αυγ 28, 2023 4:34:16 Μ.Μ. User toString
FINE: 3162: User Kal zzx accessed
Αυγ 28, 2023 4:34:16 Μ.Μ. User toString
FINE: 3163: User rwfrwfr rfwrgf accessed
Αυγ 28, 2023 4:34:16 Μ.Μ. User toString
FINE: 3164: User Apostolos Kazopidis accessed
Αυγ 28, 2023 4:34:16 Μ.Μ. User toString
FINE: 3165: User Georgios Sakalas accessed
Αυγ 28, 2023 4:34:16 Μ.Μ. User toString
FINE: 3166: User test accessed
Αυγ 28, 2023 4:34:16 Μ.Μ. User toString
FINE: 3167: User Kal zzx accessed
Αυγ 28, 2023 4:34:16 Μ.Μ. User toString
FINE: 3168: User rwfrwfr rfwrgf accessed
Αυγ 28, 2023 4:34:16 Μ.Μ. User toString
FINE: 3169: User Apostolos Kazopidis accessed
Αυγ 28, 2023 4:34:16 Μ.Μ. User toString
FINE: 3170: User Georgios Sakalas accessed
Αυγ 28, 2023 4:34:16 Μ.Μ. User toString
FINE: 3171: User test accessed
Αυγ 28, 2023 4:34:16 Μ.Μ. User toString
FINE: 3172: User Kal zzx accessed
Αυγ 28, 2023 4:34:16 Μ.Μ. User toString
FINE: 3173: User rwfrwfr rfwrgf accessed
Αυγ 28, 2023 4:34:16 Μ.Μ. User toString
FINE: 3174: User Apostolos Kazopidis accessed
Αυγ 28, 2023 4:34:16 Μ.Μ. User toString
FINE: 3175: User Georgios Sakalas accessed
Αυγ 28, 2023 4:34:16 Μ.Μ. User toString
FINE: 3176: User test accessed
Αυγ 28, 2023 4:34:16 Μ.Μ. User toString
FINE: 3177: User Kal zzx accessed
Αυγ 28, 2023 4:34:16 Μ.Μ. User toString
FINE: 3178: User rwfrwfr rfwrgf accessed
Αυγ 28, 2023 4:34:16 Μ.Μ. User toString
FINE: 3179: User Apostolos Kazopidis accessed
Αυγ 28, 2023 4:34:16 Μ.Μ. User toString
FINE: 3180: User Georgios Sakalas accessed
Αυγ 28, 2023 4:34:16 Μ.Μ. User toString
FINE: 3181: User test accessed
Αυγ 28, 2023 4:34:16 Μ.Μ. User toString
FINE: 3182: User Kal zzx accessed
Αυγ 28, 2023 4:34:16 Μ.Μ. User toString
FINE: 3183: User rwfrwfr rfwrgf accessed
Αυγ 28, 2023 4:34:16 Μ.Μ. User toString
FINE: 3184: User Apostolos Kazopidis accessed
Αυγ 28, 2023 4:34:16 Μ.Μ. User toString
FINE: 3185: User Georgios Sakalas accessed
Αυγ 28, 2023 4:34:16 Μ.Μ. User toString
FINE: 3186: User test accessed
Αυγ 28, 2023 4:34:16 Μ.Μ. User toString
FINE: 3187: User Kal zzx accessed
Αυγ 28, 2023 4:34:16 Μ.Μ. User toString
FINE: 3188: User rwfrwfr rfwrgf accessed
Αυγ 28, 2023 4:34:16 Μ.Μ. User toString
FINE: 3189: User Apostolos Kazopidis accessed
Αυγ 28, 2023 4:34:16 Μ.Μ. User toString
FINE: 3190: User Georgios Sakalas accessed
Αυγ 28, 2023 4:34:16 Μ.Μ. User toString
FINE: 3191: User test accessed
Αυγ 28, 2023 4:34:16 Μ.Μ. User toString
FINE: 3192: User Kal zzx accessed
Αυγ 28, 2023 4:34:16 Μ.Μ. User toString
FINE: 3193: User rwfrwfr rfwrgf accessed
Αυγ 28, 2023 4:34:16 Μ.Μ. User toString
FINE: 3194: User Apostolos Kazopidis accessed
Αυγ 28, 2023 4:34:16 Μ.Μ. User toString
FINE: 3195: User Georgios Sakalas accessed
Αυγ 28, 2023 4:34:16 Μ.Μ. User toString
FINE: 3196: User test accessed
Αυγ 28, 2023 4:34:16 Μ.Μ. User toString
FINE: 3197: User Kal zzx accessed
Αυγ 28, 2023 4:34:16 Μ.Μ. User toString
FINE: 3198: User rwfrwfr rfwrgf accessed
Αυγ 28, 2023 4:34:16 Μ.Μ. User toString
FINE: 3199: User Apostolos Kazopidis accessed
Αυγ 28, 2023 4:34:16 Μ.Μ. User toString
FINE: 3200: User Georgios Sakalas accessed
Αυγ 28, 2023 4:34:16 Μ.Μ. User toString
FINE: 3201: User test accessed
Αυγ 28, 2023 4:34:16 Μ.Μ. User toString
FINE: 3202: User Kal zzx accessed
Αυγ 28, 2023 4:34:16 Μ.Μ. User toString
FINE: 3203: User rwfrwfr rfwrgf accessed
Αυγ 28, 2023 4:34:16 Μ.Μ. User toString
FINE: 3204: User Apostolos Kazopidis accessed
Αυγ 28, 2023 4:34:16 Μ.Μ. User toString
FINE: 3205: User Georgios Sakalas accessed
Αυγ 28, 2023 4:34:16 Μ.Μ. User toString
FINE: 3206: User test accessed
Αυγ 28, 2023 4:34:16 Μ.Μ. User toString
FINE: 3207: User Kal zzx accessed
Αυγ 28, 2023 4:34:16 Μ.Μ. User toString
FINE: 3208: User rwfrwfr rfwrgf accessed
Αυγ 28, 2023 4:34:16 Μ.Μ. User toString
FINE: 3209: User Apostolos Kazopidis accessed
Αυγ 28, 2023 4:34:16 Μ.Μ. User toString
FINE: 3210: User Georgios Sakalas accessed
Αυγ 28, 2023 4:34:16 Μ.Μ. User toString
FINE: 3211: User test accessed
Αυγ 28, 2023 4:34:16 Μ.Μ. User toString
FINE: 3212: User Kal zzx accessed
Αυγ 28, 2023 4:34:16 Μ.Μ. User toString
FINE: 3213: User rwfrwfr rfwrgf accessed
Αυγ 28, 2023 4:34:16 Μ.Μ. User toString
FINE: 3214: User Apostolos Kazopidis accessed
Αυγ 28, 2023 4:34:16 Μ.Μ. User toString
FINE: 3215: User Georgios Sakalas accessed
Αυγ 28, 2023 4:34:16 Μ.Μ. User toString
FINE: 3216: User test accessed
Αυγ 28, 2023 4:34:16 Μ.Μ. User toString
FINE: 3217: User Kal zzx accessed
Αυγ 28, 2023 4:34:16 Μ.Μ. User toString
FINE: 3218: User rwfrwfr rfwrgf accessed
Αυγ 28, 2023 4:34:16 Μ.Μ. User toString
FINE: 3219: User Apostolos Kazopidis accessed
Αυγ 28, 2023 4:34:16 Μ.Μ. User toString
FINE: 3220: User Georgios Sakalas accessed
Αυγ 28, 2023 4:34:16 Μ.Μ. User toString
FINE: 3221: User test accessed
Αυγ 28, 2023 4:34:16 Μ.Μ. User toString
FINE: 3222: User Kal zzx accessed
Αυγ 28, 2023 4:34:16 Μ.Μ. User toString
FINE: 3223: User rwfrwfr rfwrgf accessed
Αυγ 28, 2023 4:34:16 Μ.Μ. User toString
FINE: 3224: User Apostolos Kazopidis accessed
Αυγ 28, 2023 4:34:16 Μ.Μ. User toString
FINE: 3225: User Georgios Sakalas accessed
Αυγ 28, 2023 4:34:16 Μ.Μ. User toString
FINE: 3226: User test accessed
Αυγ 28, 2023 4:34:16 Μ.Μ. User toString
FINE: 3227: User Kal zzx accessed
Αυγ 28, 2023 4:34:16 Μ.Μ. User toString
FINE: 3228: User rwfrwfr rfwrgf accessed
Αυγ 28, 2023 4:34:16 Μ.Μ. User toString
FINE: 3229: User Apostolos Kazopidis accessed
Αυγ 28, 2023 4:34:16 Μ.Μ. User toString
FINE: 3230: User Georgios Sakalas accessed
Αυγ 28, 2023 4:34:16 Μ.Μ. User toString
FINE: 3231: User test accessed
Αυγ 28, 2023 4:34:16 Μ.Μ. User toString
FINE: 3232: User Kal zzx accessed
Αυγ 28, 2023 4:34:16 Μ.Μ. User toString
FINE: 3233: User rwfrwfr rfwrgf accessed
Αυγ 28, 2023 4:34:16 Μ.Μ. User toString
FINE: 3234: User Apostolos Kazopidis accessed
Αυγ 28, 2023 4:34:16 Μ.Μ. User toString
FINE: 3235: User Georgios Sakalas accessed
Αυγ 28, 2023 4:34:16 Μ.Μ. User toString
FINE: 3236: User test accessed
Αυγ 28, 2023 4:34:16 Μ.Μ. User toString
FINE: 3237: User Kal zzx accessed
Αυγ 28, 2023 4:34:16 Μ.Μ. User toString
FINE: 3238: User rwfrwfr rfwrgf accessed
Αυγ 28, 2023 4:34:16 Μ.Μ. User toString
FINE: 3239: User Apostolos Kazopidis accessed
Αυγ 28, 2023 4:34:16 Μ.Μ. User toString
FINE: 3240: User Georgios Sakalas accessed
Αυγ 28, 2023 4:34:16 Μ.Μ. User toString
FINE: 3241: User test accessed
Αυγ 28, 2023 4:34:16 Μ.Μ. User toString
FINE: 3242: User Kal zzx accessed
Αυγ 28, 2023 4:34:16 Μ.Μ. User toString
FINE: 3243: User rwfrwfr rfwrgf accessed
Αυγ 28, 2023 4:34:16 Μ.Μ. User toString
FINE: 3244: User Apostolos Kazopidis accessed
Αυγ 28, 2023 4:34:16 Μ.Μ. User toString
FINE: 3245: User Georgios Sakalas accessed
Αυγ 28, 2023 4:34:16 Μ.Μ. User toString
FINE: 3246: User test accessed
Αυγ 28, 2023 4:34:16 Μ.Μ. User toString
FINE: 3247: User Kal zzx accessed
Αυγ 28, 2023 4:34:16 Μ.Μ. User toString
FINE: 3248: User rwfrwfr rfwrgf accessed
Αυγ 28, 2023 4:34:16 Μ.Μ. User toString
FINE: 3249: User Apostolos Kazopidis accessed
Αυγ 28, 2023 4:34:16 Μ.Μ. User toString
FINE: 3250: User Georgios Sakalas accessed
Αυγ 28, 2023 4:34:16 Μ.Μ. User toString
FINE: 3251: User test accessed
Αυγ 28, 2023 4:34:16 Μ.Μ. User toString
FINE: 3252: User Kal zzx accessed
Αυγ 28, 2023 4:34:16 Μ.Μ. User toString
FINE: 3253: User rwfrwfr rfwrgf accessed
Αυγ 28, 2023 4:34:16 Μ.Μ. User toString
FINE: 3254: User Apostolos Kazopidis accessed
Αυγ 28, 2023 4:34:16 Μ.Μ. User toString
FINE: 3255: User Georgios Sakalas accessed
Αυγ 28, 2023 4:34:16 Μ.Μ. User toString
FINE: 3256: User test accessed
Αυγ 28, 2023 4:34:16 Μ.Μ. User toString
FINE: 3257: User Kal zzx accessed
Αυγ 28, 2023 4:34:16 Μ.Μ. User toString
FINE: 3258: User rwfrwfr rfwrgf accessed
Αυγ 28, 2023 4:34:16 Μ.Μ. User toString
FINE: 3259: User Apostolos Kazopidis accessed
Αυγ 28, 2023 4:34:16 Μ.Μ. User toString
FINE: 3260: User Georgios Sakalas accessed
Αυγ 28, 2023 4:34:16 Μ.Μ. User toString
FINE: 3261: User test accessed
Αυγ 28, 2023 4:34:16 Μ.Μ. User toString
FINE: 3262: User Kal zzx accessed
Αυγ 28, 2023 4:34:16 Μ.Μ. User toString
FINE: 3263: User rwfrwfr rfwrgf accessed
Αυγ 28, 2023 4:34:16 Μ.Μ. User toString
FINE: 3264: User Apostolos Kazopidis accessed
Αυγ 28, 2023 4:34:16 Μ.Μ. User toString
FINE: 3265: User Georgios Sakalas accessed
Αυγ 28, 2023 4:34:16 Μ.Μ. User toString
FINE: 3266: User test accessed
Αυγ 28, 2023 4:34:16 Μ.Μ. User toString
FINE: 3267: User Kal zzx accessed
Αυγ 28, 2023 4:34:16 Μ.Μ. User toString
FINE: 3268: User rwfrwfr rfwrgf accessed
Αυγ 28, 2023 4:34:16 Μ.Μ. User toString
FINE: 3269: User Apostolos Kazopidis accessed
Αυγ 28, 2023 4:34:16 Μ.Μ. User toString
FINE: 3270: User Georgios Sakalas accessed
Αυγ 28, 2023 4:34:16 Μ.Μ. User toString
FINE: 3271: User test accessed
Αυγ 28, 2023 4:34:16 Μ.Μ. User toString
FINE: 3272: User Kal zzx accessed
Αυγ 28, 2023 4:34:16 Μ.Μ. User toString
FINE: 3273: User rwfrwfr rfwrgf accessed
Αυγ 28, 2023 4:34:16 Μ.Μ. User toString
FINE: 3274: User Apostolos Kazopidis accessed
Αυγ 28, 2023 4:34:16 Μ.Μ. User toString
FINE: 3275: User Georgios Sakalas accessed
Αυγ 28, 2023 4:34:16 Μ.Μ. User toString
FINE: 3276: User test accessed
Αυγ 28, 2023 4:34:16 Μ.Μ. User toString
FINE: 3277: User Kal zzx accessed
Αυγ 28, 2023 4:34:16 Μ.Μ. User toString
FINE: 3278: User rwfrwfr rfwrgf accessed
Αυγ 28, 2023 4:34:16 Μ.Μ. User toString
FINE: 3279: User Apostolos Kazopidis accessed
Αυγ 28, 2023 4:34:16 Μ.Μ. User toString
FINE: 3280: User Georgios Sakalas accessed
Αυγ 28, 2023 4:34:16 Μ.Μ. User toString
FINE: 3281: User test accessed
Αυγ 28, 2023 4:34:16 Μ.Μ. User toString
FINE: 3282: User Kal zzx accessed
Αυγ 28, 2023 4:34:16 Μ.Μ. User toString
FINE: 3283: User rwfrwfr rfwrgf accessed
Αυγ 28, 2023 4:34:16 Μ.Μ. User toString
FINE: 3284: User Apostolos Kazopidis accessed
Αυγ 28, 2023 4:34:16 Μ.Μ. User toString
FINE: 3285: User Georgios Sakalas accessed
Αυγ 28, 2023 4:34:16 Μ.Μ. User toString
FINE: 3286: User test accessed
Αυγ 28, 2023 4:34:16 Μ.Μ. User toString
FINE: 3287: User Kal zzx accessed
Αυγ 28, 2023 4:34:16 Μ.Μ. User toString
FINE: 3288: User rwfrwfr rfwrgf accessed
Αυγ 28, 2023 4:34:16 Μ.Μ. User toString
FINE: 3289: User Apostolos Kazopidis accessed
Αυγ 28, 2023 4:34:16 Μ.Μ. User toString
FINE: 3290: User Georgios Sakalas accessed
Αυγ 28, 2023 4:34:16 Μ.Μ. User toString
FINE: 3291: User test accessed
Αυγ 28, 2023 4:34:16 Μ.Μ. User toString
FINE: 3292: User Kal zzx accessed
Αυγ 28, 2023 4:34:16 Μ.Μ. User toString
FINE: 3293: User rwfrwfr rfwrgf accessed
Αυγ 28, 2023 4:34:16 Μ.Μ. User toString
FINE: 3294: User Apostolos Kazopidis accessed
Αυγ 28, 2023 4:34:16 Μ.Μ. User toString
FINE: 3295: User Georgios Sakalas accessed
Αυγ 28, 2023 4:34:16 Μ.Μ. User toString
FINE: 3296: User test accessed
Αυγ 28, 2023 4:34:16 Μ.Μ. User toString
FINE: 3297: User Kal zzx accessed
Αυγ 28, 2023 4:34:16 Μ.Μ. User toString
FINE: 3298: User rwfrwfr rfwrgf accessed
Αυγ 28, 2023 4:34:16 Μ.Μ. User toString
FINE: 3299: User Apostolos Kazopidis accessed
Αυγ 28, 2023 4:34:16 Μ.Μ. User toString
FINE: 3300: User Georgios Sakalas accessed
Αυγ 28, 2023 4:34:16 Μ.Μ. User toString
FINE: 3301: User test accessed
Αυγ 28, 2023 4:34:16 Μ.Μ. User toString
FINE: 3302: User Kal zzx accessed
Αυγ 28, 2023 4:34:16 Μ.Μ. User toString
FINE: 3303: User rwfrwfr rfwrgf accessed
Αυγ 28, 2023 4:34:16 Μ.Μ. User toString
FINE: 3304: User Apostolos Kazopidis accessed
Αυγ 28, 2023 4:34:16 Μ.Μ. User toString
FINE: 3305: User Georgios Sakalas accessed
Αυγ 28, 2023 4:34:16 Μ.Μ. User toString
FINE: 3306: User test accessed
Αυγ 28, 2023 4:34:16 Μ.Μ. User toString
FINE: 3307: User Kal zzx accessed
Αυγ 28, 2023 4:34:16 Μ.Μ. User toString
FINE: 3308: User rwfrwfr rfwrgf accessed
Αυγ 28, 2023 4:34:16 Μ.Μ. User toString
FINE: 3309: User Apostolos Kazopidis accessed
Αυγ 28, 2023 4:34:16 Μ.Μ. User toString
FINE: 3310: User Georgios Sakalas accessed
Αυγ 28, 2023 4:34:16 Μ.Μ. User toString
FINE: 3311: User test accessed
Αυγ 28, 2023 4:34:16 Μ.Μ. User toString
FINE: 3312: User Kal zzx accessed
Αυγ 28, 2023 4:34:16 Μ.Μ. User toString
FINE: 3313: User rwfrwfr rfwrgf accessed
Αυγ 28, 2023 4:34:16 Μ.Μ. User toString
FINE: 3314: User Apostolos Kazopidis accessed
Αυγ 28, 2023 4:34:16 Μ.Μ. User toString
FINE: 3315: User Georgios Sakalas accessed
Αυγ 28, 2023 4:34:16 Μ.Μ. User toString
FINE: 3316: User test accessed
Αυγ 28, 2023 4:34:16 Μ.Μ. User toString
FINE: 3317: User Kal zzx accessed
Αυγ 28, 2023 4:34:16 Μ.Μ. User toString
FINE: 3318: User rwfrwfr rfwrgf accessed
Αυγ 28, 2023 4:34:16 Μ.Μ. User toString
FINE: 3319: User Apostolos Kazopidis accessed
Αυγ 28, 2023 4:34:16 Μ.Μ. User toString
FINE: 3320: User Georgios Sakalas accessed
Αυγ 28, 2023 4:34:16 Μ.Μ. User toString
FINE: 3321: User test accessed
Αυγ 28, 2023 4:34:16 Μ.Μ. User toString
FINE: 3322: User Kal zzx accessed
Αυγ 28, 2023 4:34:16 Μ.Μ. User toString
FINE: 3323: User rwfrwfr rfwrgf accessed
Αυγ 28, 2023 4:34:16 Μ.Μ. User toString
FINE: 3324: User Apostolos Kazopidis accessed
Αυγ 28, 2023 4:34:16 Μ.Μ. User toString
FINE: 3325: User Georgios Sakalas accessed
Αυγ 28, 2023 4:34:16 Μ.Μ. User toString
FINE: 3326: User test accessed
Αυγ 28, 2023 4:34:16 Μ.Μ. User toString
FINE: 3327: User Kal zzx accessed
Αυγ 28, 2023 4:34:16 Μ.Μ. User toString
FINE: 3328: User rwfrwfr rfwrgf accessed
Αυγ 28, 2023 4:34:16 Μ.Μ. User toString
FINE: 3329: User Apostolos Kazopidis accessed
Αυγ 28, 2023 4:34:16 Μ.Μ. User toString
FINE: 3330: User Georgios Sakalas accessed
Αυγ 28, 2023 4:34:16 Μ.Μ. User toString
FINE: 3331: User test accessed
Αυγ 28, 2023 4:34:16 Μ.Μ. User toString
FINE: 3332: User Kal zzx accessed
Αυγ 28, 2023 4:34:16 Μ.Μ. User toString
FINE: 3333: User rwfrwfr rfwrgf accessed
Αυγ 28, 2023 4:34:16 Μ.Μ. User toString
FINE: 3334: User Apostolos Kazopidis accessed
Αυγ 28, 2023 4:34:16 Μ.Μ. User toString
FINE: 3335: User Georgios Sakalas accessed
Αυγ 28, 2023 4:34:16 Μ.Μ. User toString
FINE: 3336: User test accessed
Αυγ 28, 2023 4:34:16 Μ.Μ. User toString
FINE: 3337: User Kal zzx accessed
Αυγ 28, 2023 4:34:16 Μ.Μ. User toString
FINE: 3338: User rwfrwfr rfwrgf accessed
Αυγ 28, 2023 4:34:16 Μ.Μ. User toString
FINE: 3339: User Apostolos Kazopidis accessed
Αυγ 28, 2023 4:34:16 Μ.Μ. User toString
FINE: 3340: User Georgios Sakalas accessed
Αυγ 28, 2023 4:34:16 Μ.Μ. User toString
FINE: 3341: User test accessed
Αυγ 28, 2023 4:34:16 Μ.Μ. User toString
FINE: 3342: User Kal zzx accessed
Αυγ 28, 2023 4:34:16 Μ.Μ. User toString
FINE: 3343: User rwfrwfr rfwrgf accessed
Αυγ 28, 2023 4:34:16 Μ.Μ. User toString
FINE: 3344: User Apostolos Kazopidis accessed
Αυγ 28, 2023 4:34:16 Μ.Μ. User toString
FINE: 3345: User Georgios Sakalas accessed
Αυγ 28, 2023 4:34:16 Μ.Μ. User toString
FINE: 3346: User test accessed
Αυγ 28, 2023 4:34:16 Μ.Μ. User toString
FINE: 3347: User Kal zzx accessed
Αυγ 28, 2023 4:34:16 Μ.Μ. User toString
FINE: 3348: User rwfrwfr rfwrgf accessed
Αυγ 28, 2023 4:34:16 Μ.Μ. User toString
FINE: 3349: User Apostolos Kazopidis accessed
Αυγ 28, 2023 4:34:16 Μ.Μ. User toString
FINE: 3350: User Georgios Sakalas accessed
Αυγ 28, 2023 4:34:16 Μ.Μ. User toString
FINE: 3351: User test accessed
Αυγ 28, 2023 4:34:16 Μ.Μ. User toString
FINE: 3352: User Kal zzx accessed
Αυγ 28, 2023 4:34:16 Μ.Μ. User toString
FINE: 3353: User rwfrwfr rfwrgf accessed
Αυγ 28, 2023 4:34:16 Μ.Μ. User toString
FINE: 3354: User Apostolos Kazopidis accessed
Αυγ 28, 2023 4:34:16 Μ.Μ. User toString
FINE: 3355: User Georgios Sakalas accessed
Αυγ 28, 2023 4:34:16 Μ.Μ. User toString
FINE: 3356: User test accessed
Αυγ 28, 2023 4:34:16 Μ.Μ. User toString
FINE: 3357: User Kal zzx accessed
Αυγ 28, 2023 4:34:16 Μ.Μ. User toString
FINE: 3358: User rwfrwfr rfwrgf accessed
Αυγ 28, 2023 4:34:16 Μ.Μ. User toString
FINE: 3359: User Apostolos Kazopidis accessed
Αυγ 28, 2023 4:34:16 Μ.Μ. User toString
FINE: 3360: User Georgios Sakalas accessed
Αυγ 28, 2023 4:34:16 Μ.Μ. User toString
FINE: 3361: User test accessed
Αυγ 28, 2023 4:34:16 Μ.Μ. User toString
FINE: 3362: User Kal zzx accessed
Αυγ 28, 2023 4:34:16 Μ.Μ. User toString
FINE: 3363: User rwfrwfr rfwrgf accessed
Αυγ 28, 2023 4:34:16 Μ.Μ. User toString
FINE: 3364: User Apostolos Kazopidis accessed
Αυγ 28, 2023 4:34:16 Μ.Μ. User toString
FINE: 3365: User Georgios Sakalas accessed
Αυγ 28, 2023 4:34:16 Μ.Μ. User toString
FINE: 3366: User test accessed
Αυγ 28, 2023 4:34:16 Μ.Μ. User toString
FINE: 3367: User Kal zzx accessed
Αυγ 28, 2023 4:34:16 Μ.Μ. User toString
FINE: 3368: User rwfrwfr rfwrgf accessed
Αυγ 28, 2023 4:34:16 Μ.Μ. User toString
FINE: 3369: User Apostolos Kazopidis accessed
Αυγ 28, 2023 4:34:16 Μ.Μ. User toString
FINE: 3370: User Georgios Sakalas accessed
Αυγ 28, 2023 4:34:16 Μ.Μ. User toString
FINE: 3371: User test accessed
Αυγ 28, 2023 4:34:16 Μ.Μ. User toString
FINE: 3372: User Kal zzx accessed
Αυγ 28, 2023 4:34:16 Μ.Μ. User toString
FINE: 3373: User rwfrwfr rfwrgf accessed
Αυγ 28, 2023 4:34:16 Μ.Μ. User toString
FINE: 3374: User Apostolos Kazopidis accessed
Αυγ 28, 2023 4:34:16 Μ.Μ. User toString
FINE: 3375: User Georgios Sakalas accessed
Αυγ 28, 2023 4:34:16 Μ.Μ. User toString
FINE: 3376: User test accessed
Αυγ 28, 2023 4:34:16 Μ.Μ. User toString
FINE: 3377: User Kal zzx accessed
Αυγ 28, 2023 4:34:16 Μ.Μ. User toString
FINE: 3378: User rwfrwfr rfwrgf accessed
Αυγ 28, 2023 4:34:16 Μ.Μ. User toString
FINE: 3379: User Apostolos Kazopidis accessed
Αυγ 28, 2023 4:34:16 Μ.Μ. User toString
FINE: 3380: User Georgios Sakalas accessed
Αυγ 28, 2023 4:34:16 Μ.Μ. User toString
FINE: 3381: User test accessed
Αυγ 28, 2023 4:34:16 Μ.Μ. User toString
FINE: 3382: User Kal zzx accessed
Αυγ 28, 2023 4:34:16 Μ.Μ. User toString
FINE: 3383: User rwfrwfr rfwrgf accessed
Αυγ 28, 2023 4:34:16 Μ.Μ. User toString
FINE: 3384: User Apostolos Kazopidis accessed
Αυγ 28, 2023 4:34:16 Μ.Μ. User toString
FINE: 3385: User Georgios Sakalas accessed
Αυγ 28, 2023 4:34:16 Μ.Μ. User toString
FINE: 3386: User test accessed
Αυγ 28, 2023 4:34:16 Μ.Μ. User toString
FINE: 3387: User Kal zzx accessed
Αυγ 28, 2023 4:34:16 Μ.Μ. User toString
FINE: 3388: User rwfrwfr rfwrgf accessed
Αυγ 28, 2023 4:34:16 Μ.Μ. User toString
FINE: 3389: User Apostolos Kazopidis accessed
Αυγ 28, 2023 4:34:16 Μ.Μ. User toString
FINE: 3390: User Georgios Sakalas accessed
Αυγ 28, 2023 4:34:16 Μ.Μ. User toString
FINE: 3391: User test accessed
Αυγ 28, 2023 4:34:16 Μ.Μ. User toString
FINE: 3392: User Kal zzx accessed
Αυγ 28, 2023 4:34:16 Μ.Μ. User toString
FINE: 3393: User rwfrwfr rfwrgf accessed
Αυγ 28, 2023 4:34:16 Μ.Μ. User toString
FINE: 3394: User Apostolos Kazopidis accessed
Αυγ 28, 2023 4:34:16 Μ.Μ. User toString
FINE: 3395: User Georgios Sakalas accessed
Αυγ 28, 2023 4:34:16 Μ.Μ. User toString
FINE: 3396: User test accessed
Αυγ 28, 2023 4:34:16 Μ.Μ. User toString
FINE: 3397: User Kal zzx accessed
Αυγ 28, 2023 4:34:16 Μ.Μ. User toString
FINE: 3398: User rwfrwfr rfwrgf accessed
Αυγ 28, 2023 4:34:16 Μ.Μ. User toString
FINE: 3399: User Apostolos Kazopidis accessed
Αυγ 28, 2023 4:34:16 Μ.Μ. User toString
FINE: 3400: User Georgios Sakalas accessed
Αυγ 28, 2023 4:34:16 Μ.Μ. User toString
FINE: 3401: User test accessed
Αυγ 28, 2023 4:34:16 Μ.Μ. User toString
FINE: 3402: User Kal zzx accessed
Αυγ 28, 2023 4:34:16 Μ.Μ. User toString
FINE: 3403: User rwfrwfr rfwrgf accessed
Αυγ 28, 2023 4:34:16 Μ.Μ. User toString
FINE: 3404: User Apostolos Kazopidis accessed
Αυγ 28, 2023 4:34:16 Μ.Μ. User toString
FINE: 3405: User Georgios Sakalas accessed
Αυγ 28, 2023 4:34:16 Μ.Μ. User toString
FINE: 3406: User test accessed
Αυγ 28, 2023 4:34:16 Μ.Μ. User toString
FINE: 3407: User Kal zzx accessed
Αυγ 28, 2023 4:34:16 Μ.Μ. User toString
FINE: 3408: User rwfrwfr rfwrgf accessed
Αυγ 28, 2023 4:34:16 Μ.Μ. User toString
FINE: 3409: User Apostolos Kazopidis accessed
Αυγ 28, 2023 4:34:16 Μ.Μ. User toString
FINE: 3410: User Georgios Sakalas accessed
Αυγ 28, 2023 4:34:16 Μ.Μ. User toString
FINE: 3411: User test accessed
Αυγ 28, 2023 4:34:16 Μ.Μ. User toString
FINE: 3412: User Kal zzx accessed
Αυγ 28, 2023 4:34:16 Μ.Μ. User toString
FINE: 3413: User rwfrwfr rfwrgf accessed
Αυγ 28, 2023 4:34:16 Μ.Μ. User toString
FINE: 3414: User Apostolos Kazopidis accessed
Αυγ 28, 2023 4:34:16 Μ.Μ. User toString
FINE: 3415: User Georgios Sakalas accessed
Αυγ 28, 2023 4:34:16 Μ.Μ. User toString
FINE: 3416: User test accessed
Αυγ 28, 2023 4:34:16 Μ.Μ. User toString
FINE: 3417: User Kal zzx accessed
Αυγ 28, 2023 4:34:16 Μ.Μ. User toString
FINE: 3418: User rwfrwfr rfwrgf accessed
Αυγ 28, 2023 4:34:16 Μ.Μ. User toString
FINE: 3419: User Apostolos Kazopidis accessed
Αυγ 28, 2023 4:34:16 Μ.Μ. User toString
FINE: 3420: User Georgios Sakalas accessed
Αυγ 28, 2023 4:34:16 Μ.Μ. User toString
FINE: 3421: User test accessed
Αυγ 28, 2023 4:34:16 Μ.Μ. User toString
FINE: 3422: User Kal zzx accessed
Αυγ 28, 2023 4:34:16 Μ.Μ. User toString
FINE: 3423: User rwfrwfr rfwrgf accessed
Αυγ 28, 2023 4:34:16 Μ.Μ. User toString
FINE: 3424: User Apostolos Kazopidis accessed
Αυγ 28, 2023 4:34:16 Μ.Μ. User toString
FINE: 3425: User Georgios Sakalas accessed
Αυγ 28, 2023 4:34:16 Μ.Μ. User toString
FINE: 3426: User test accessed
Αυγ 28, 2023 4:34:16 Μ.Μ. User toString
FINE: 3427: User Kal zzx accessed
Αυγ 28, 2023 4:34:16 Μ.Μ. User toString
FINE: 3428: User rwfrwfr rfwrgf accessed
Αυγ 28, 2023 4:34:16 Μ.Μ. User toString
FINE: 3429: User Apostolos Kazopidis accessed
Αυγ 28, 2023 4:34:16 Μ.Μ. User toString
FINE: 3430: User Georgios Sakalas accessed
Αυγ 28, 2023 4:34:16 Μ.Μ. User toString
FINE: 3431: User test accessed
Αυγ 28, 2023 4:34:16 Μ.Μ. User toString
FINE: 3432: User Kal zzx accessed
Αυγ 28, 2023 4:34:16 Μ.Μ. User toString
FINE: 3433: User rwfrwfr rfwrgf accessed
Αυγ 28, 2023 4:34:16 Μ.Μ. User toString
FINE: 3434: User Apostolos Kazopidis accessed
Αυγ 28, 2023 4:34:16 Μ.Μ. User toString
FINE: 3435: User Georgios Sakalas accessed
Αυγ 28, 2023 4:34:16 Μ.Μ. User toString
FINE: 3436: User test accessed
Αυγ 28, 2023 4:34:16 Μ.Μ. User toString
FINE: 3437: User Kal zzx accessed
Αυγ 28, 2023 4:34:16 Μ.Μ. User toString
FINE: 3438: User rwfrwfr rfwrgf accessed
Αυγ 28, 2023 4:34:16 Μ.Μ. User toString
FINE: 3439: User Apostolos Kazopidis accessed
Αυγ 28, 2023 4:34:16 Μ.Μ. User toString
FINE: 3440: User Georgios Sakalas accessed
Αυγ 28, 2023 4:34:16 Μ.Μ. User toString
FINE: 3441: User test accessed
Αυγ 28, 2023 4:34:16 Μ.Μ. User toString
FINE: 3442: User Kal zzx accessed
Αυγ 28, 2023 4:34:16 Μ.Μ. User toString
FINE: 3443: User rwfrwfr rfwrgf accessed
Αυγ 28, 2023 4:34:16 Μ.Μ. User toString
FINE: 3444: User Apostolos Kazopidis accessed
Αυγ 28, 2023 4:34:16 Μ.Μ. User toString
FINE: 3445: User Georgios Sakalas accessed
Αυγ 28, 2023 4:34:16 Μ.Μ. User toString
FINE: 3446: User test accessed
Αυγ 28, 2023 4:34:16 Μ.Μ. User toString
FINE: 3447: User Kal zzx accessed
Αυγ 28, 2023 4:34:16 Μ.Μ. User toString
FINE: 3448: User rwfrwfr rfwrgf accessed
Αυγ 28, 2023 4:34:16 Μ.Μ. User toString
FINE: 3449: User Apostolos Kazopidis accessed
Αυγ 28, 2023 4:34:16 Μ.Μ. User toString
FINE: 3450: User Georgios Sakalas accessed
Αυγ 28, 2023 4:34:16 Μ.Μ. User toString
FINE: 3451: User test accessed
Αυγ 28, 2023 4:34:16 Μ.Μ. User toString
FINE: 3452: User Kal zzx accessed
Αυγ 28, 2023 4:34:16 Μ.Μ. User toString
FINE: 3453: User rwfrwfr rfwrgf accessed
Αυγ 28, 2023 4:34:16 Μ.Μ. User toString
FINE: 3454: User Apostolos Kazopidis accessed
Αυγ 28, 2023 4:34:16 Μ.Μ. User toString
FINE: 3455: User Georgios Sakalas accessed
Αυγ 28, 2023 4:34:16 Μ.Μ. User toString
FINE: 3456: User test accessed
Αυγ 28, 2023 4:34:16 Μ.Μ. User toString
FINE: 3457: User Kal zzx accessed
Αυγ 28, 2023 4:34:16 Μ.Μ. User toString
FINE: 3458: User rwfrwfr rfwrgf accessed
Αυγ 28, 2023 4:34:16 Μ.Μ. User toString
FINE: 3459: User Apostolos Kazopidis accessed
Αυγ 28, 2023 4:34:16 Μ.Μ. User toString
FINE: 3460: User Georgios Sakalas accessed
Αυγ 28, 2023 4:34:16 Μ.Μ. User toString
FINE: 3461: User test accessed
Αυγ 28, 2023 4:34:16 Μ.Μ. User toString
FINE: 3462: User Kal zzx accessed
Αυγ 28, 2023 4:34:16 Μ.Μ. User toString
FINE: 3463: User rwfrwfr rfwrgf accessed
Αυγ 28, 2023 4:34:16 Μ.Μ. User toString
FINE: 3464: User Apostolos Kazopidis accessed
Αυγ 28, 2023 4:34:16 Μ.Μ. User toString
FINE: 3465: User Georgios Sakalas accessed
Αυγ 28, 2023 4:34:16 Μ.Μ. User toString
FINE: 3466: User test accessed
Αυγ 28, 2023 4:34:16 Μ.Μ. User toString
FINE: 3467: User Kal zzx accessed
Αυγ 28, 2023 4:34:16 Μ.Μ. User toString
FINE: 3468: User rwfrwfr rfwrgf accessed
Αυγ 28, 2023 4:34:16 Μ.Μ. User toString
FINE: 3469: User Apostolos Kazopidis accessed
Αυγ 28, 2023 4:34:16 Μ.Μ. User toString
FINE: 3470: User Georgios Sakalas accessed
Αυγ 28, 2023 4:34:16 Μ.Μ. User toString
FINE: 3471: User test accessed
Αυγ 28, 2023 4:34:16 Μ.Μ. User toString
FINE: 3472: User Kal zzx accessed
Αυγ 28, 2023 4:34:16 Μ.Μ. User toString
FINE: 3473: User rwfrwfr rfwrgf accessed
Αυγ 28, 2023 4:34:16 Μ.Μ. User toString
FINE: 3474: User Apostolos Kazopidis accessed
Αυγ 28, 2023 4:34:16 Μ.Μ. User toString
FINE: 3475: User Georgios Sakalas accessed
Αυγ 28, 2023 4:34:16 Μ.Μ. User toString
FINE: 3476: User test accessed
Αυγ 28, 2023 4:34:16 Μ.Μ. User toString
FINE: 3477: User Kal zzx accessed
Αυγ 28, 2023 4:34:16 Μ.Μ. User toString
FINE: 3478: User rwfrwfr rfwrgf accessed
Αυγ 28, 2023 4:34:16 Μ.Μ. User toString
FINE: 3479: User Apostolos Kazopidis accessed
Αυγ 28, 2023 4:34:16 Μ.Μ. User toString
FINE: 3480: User Georgios Sakalas accessed
Αυγ 28, 2023 4:34:16 Μ.Μ. User toString
FINE: 3481: User test accessed
Αυγ 28, 2023 4:34:16 Μ.Μ. User toString
FINE: 3482: User Kal zzx accessed
Αυγ 28, 2023 4:34:16 Μ.Μ. User toString
FINE: 3483: User rwfrwfr rfwrgf accessed
Αυγ 28, 2023 4:34:16 Μ.Μ. User toString
FINE: 3484: User Apostolos Kazopidis accessed
Αυγ 28, 2023 4:34:16 Μ.Μ. User toString
FINE: 3485: User Georgios Sakalas accessed
Αυγ 28, 2023 4:34:16 Μ.Μ. User toString
FINE: 3486: User test accessed
Αυγ 28, 2023 4:34:16 Μ.Μ. User toString
FINE: 3487: User Kal zzx accessed
Αυγ 28, 2023 4:34:16 Μ.Μ. User toString
FINE: 3488: User rwfrwfr rfwrgf accessed
Αυγ 28, 2023 4:34:16 Μ.Μ. User toString
FINE: 3489: User Apostolos Kazopidis accessed
Αυγ 28, 2023 4:34:16 Μ.Μ. User toString
FINE: 3490: User Georgios Sakalas accessed
Αυγ 28, 2023 4:34:16 Μ.Μ. User toString
FINE: 3491: User test accessed
Αυγ 28, 2023 4:34:16 Μ.Μ. User toString
FINE: 3492: User Kal zzx accessed
Αυγ 28, 2023 4:34:16 Μ.Μ. User toString
FINE: 3493: User rwfrwfr rfwrgf accessed
Αυγ 28, 2023 4:34:16 Μ.Μ. User toString
FINE: 3494: User Apostolos Kazopidis accessed
Αυγ 28, 2023 4:34:16 Μ.Μ. User toString
FINE: 3495: User Georgios Sakalas accessed
Αυγ 28, 2023 4:34:16 Μ.Μ. User toString
FINE: 3496: User test accessed
Αυγ 28, 2023 4:34:16 Μ.Μ. User toString
FINE: 3497: User Kal zzx accessed
Αυγ 28, 2023 4:34:16 Μ.Μ. User toString
FINE: 3498: User rwfrwfr rfwrgf accessed
Αυγ 28, 2023 4:34:16 Μ.Μ. User toString
FINE: 3499: User Apostolos Kazopidis accessed
Αυγ 28, 2023 4:34:16 Μ.Μ. User toString
FINE: 3500: User Georgios Sakalas accessed
Αυγ 28, 2023 4:34:16 Μ.Μ. User toString
FINE: 3501: User test accessed
Αυγ 28, 2023 4:34:16 Μ.Μ. User toString
FINE: 3502: User Kal zzx accessed
Αυγ 28, 2023 4:34:16 Μ.Μ. User toString
FINE: 3503: User rwfrwfr rfwrgf accessed
Αυγ 28, 2023 4:34:16 Μ.Μ. User toString
FINE: 3504: User Apostolos Kazopidis accessed
Αυγ 28, 2023 4:34:16 Μ.Μ. User toString
FINE: 3505: User Georgios Sakalas accessed
Αυγ 28, 2023 4:34:16 Μ.Μ. User toString
FINE: 3506: User test accessed
Αυγ 28, 2023 4:34:16 Μ.Μ. User toString
FINE: 3507: User Kal zzx accessed
Αυγ 28, 2023 4:34:16 Μ.Μ. User toString
FINE: 3508: User rwfrwfr rfwrgf accessed
Αυγ 28, 2023 4:34:16 Μ.Μ. User toString
FINE: 3509: User Apostolos Kazopidis accessed
Αυγ 28, 2023 4:34:16 Μ.Μ. User toString
FINE: 3510: User Georgios Sakalas accessed
Αυγ 28, 2023 4:34:16 Μ.Μ. User toString
FINE: 3511: User test accessed
Αυγ 28, 2023 4:34:16 Μ.Μ. User toString
FINE: 3512: User Kal zzx accessed
Αυγ 28, 2023 4:34:16 Μ.Μ. User toString
FINE: 3513: User rwfrwfr rfwrgf accessed
Αυγ 28, 2023 4:34:16 Μ.Μ. User toString
FINE: 3514: User Apostolos Kazopidis accessed
Αυγ 28, 2023 4:34:16 Μ.Μ. User toString
FINE: 3515: User Georgios Sakalas accessed
Αυγ 28, 2023 4:34:16 Μ.Μ. User toString
FINE: 3516: User test accessed
Αυγ 28, 2023 4:34:16 Μ.Μ. User toString
FINE: 3517: User Kal zzx accessed
Αυγ 28, 2023 4:34:16 Μ.Μ. User toString
FINE: 3518: User rwfrwfr rfwrgf accessed
Αυγ 28, 2023 4:34:16 Μ.Μ. User toString
FINE: 3519: User Apostolos Kazopidis accessed
Αυγ 28, 2023 4:34:16 Μ.Μ. User toString
FINE: 3520: User Georgios Sakalas accessed
Αυγ 28, 2023 4:34:16 Μ.Μ. User toString
FINE: 3521: User test accessed
Αυγ 28, 2023 4:34:16 Μ.Μ. User toString
FINE: 3522: User Kal zzx accessed
Αυγ 28, 2023 4:34:16 Μ.Μ. User toString
FINE: 3523: User rwfrwfr rfwrgf accessed
Αυγ 28, 2023 4:34:16 Μ.Μ. User toString
FINE: 3524: User Apostolos Kazopidis accessed
Αυγ 28, 2023 4:34:16 Μ.Μ. User toString
FINE: 3525: User Georgios Sakalas accessed
Αυγ 28, 2023 4:34:16 Μ.Μ. User toString
FINE: 3526: User test accessed
Αυγ 28, 2023 4:34:16 Μ.Μ. User toString
FINE: 3527: User Kal zzx accessed
Αυγ 28, 2023 4:34:16 Μ.Μ. User toString
FINE: 3528: User rwfrwfr rfwrgf accessed
Αυγ 28, 2023 4:34:16 Μ.Μ. User toString
FINE: 3529: User Apostolos Kazopidis accessed
Αυγ 28, 2023 4:34:16 Μ.Μ. User toString
FINE: 3530: User Georgios Sakalas accessed
Αυγ 28, 2023 4:34:16 Μ.Μ. User toString
FINE: 3531: User test accessed
Αυγ 28, 2023 4:34:16 Μ.Μ. User toString
FINE: 3532: User Kal zzx accessed
Αυγ 28, 2023 4:34:16 Μ.Μ. User toString
FINE: 3533: User rwfrwfr rfwrgf accessed
Αυγ 28, 2023 4:34:16 Μ.Μ. User toString
FINE: 3534: User Apostolos Kazopidis accessed
Αυγ 28, 2023 4:34:16 Μ.Μ. User toString
FINE: 3535: User Georgios Sakalas accessed
Αυγ 28, 2023 4:34:16 Μ.Μ. User toString
FINE: 3536: User test accessed
Αυγ 28, 2023 4:34:16 Μ.Μ. User toString
FINE: 3537: User Kal zzx accessed
Αυγ 28, 2023 4:34:16 Μ.Μ. User toString
FINE: 3538: User rwfrwfr rfwrgf accessed
Αυγ 28, 2023 4:34:16 Μ.Μ. User toString
FINE: 3539: User Apostolos Kazopidis accessed
Αυγ 28, 2023 4:34:16 Μ.Μ. User toString
FINE: 3540: User Georgios Sakalas accessed
Αυγ 28, 2023 4:34:16 Μ.Μ. User toString
FINE: 3541: User test accessed
Αυγ 28, 2023 4:34:16 Μ.Μ. User toString
FINE: 3542: User Kal zzx accessed
Αυγ 28, 2023 4:34:16 Μ.Μ. User toString
FINE: 3543: User rwfrwfr rfwrgf accessed
Αυγ 28, 2023 4:34:16 Μ.Μ. User toString
FINE: 3544: User Apostolos Kazopidis accessed
Αυγ 28, 2023 4:34:16 Μ.Μ. User toString
FINE: 3545: User Georgios Sakalas accessed
Αυγ 28, 2023 4:34:16 Μ.Μ. User toString
FINE: 3546: User test accessed
Αυγ 28, 2023 4:34:16 Μ.Μ. User toString
FINE: 3547: User Kal zzx accessed
Αυγ 28, 2023 4:34:16 Μ.Μ. User toString
FINE: 3548: User rwfrwfr rfwrgf accessed
Αυγ 28, 2023 4:34:16 Μ.Μ. User toString
FINE: 3549: User Apostolos Kazopidis accessed
Αυγ 28, 2023 4:34:16 Μ.Μ. User toString
FINE: 3550: User Georgios Sakalas accessed
Αυγ 28, 2023 4:34:16 Μ.Μ. User toString
FINE: 3551: User test accessed
Αυγ 28, 2023 4:34:16 Μ.Μ. User toString
FINE: 3552: User Kal zzx accessed
Αυγ 28, 2023 4:34:16 Μ.Μ. User toString
FINE: 3553: User rwfrwfr rfwrgf accessed
Αυγ 28, 2023 4:34:16 Μ.Μ. User toString
FINE: 3554: User Apostolos Kazopidis accessed
Αυγ 28, 2023 4:34:16 Μ.Μ. User toString
FINE: 3555: User Georgios Sakalas accessed
Αυγ 28, 2023 4:34:16 Μ.Μ. User toString
FINE: 3556: User test accessed
Αυγ 28, 2023 4:34:16 Μ.Μ. User toString
FINE: 3557: User Kal zzx accessed
Αυγ 28, 2023 4:34:16 Μ.Μ. User toString
FINE: 3558: User rwfrwfr rfwrgf accessed
Αυγ 28, 2023 4:34:16 Μ.Μ. User toString
FINE: 3559: User Apostolos Kazopidis accessed
Αυγ 28, 2023 4:34:16 Μ.Μ. User toString
FINE: 3560: User Georgios Sakalas accessed
Αυγ 28, 2023 4:34:16 Μ.Μ. User toString
FINE: 3561: User test accessed
Αυγ 28, 2023 4:34:16 Μ.Μ. User toString
FINE: 3562: User Kal zzx accessed
Αυγ 28, 2023 4:34:16 Μ.Μ. User toString
FINE: 3563: User rwfrwfr rfwrgf accessed
Αυγ 28, 2023 4:34:16 Μ.Μ. User toString
FINE: 3564: User Apostolos Kazopidis accessed
Αυγ 28, 2023 4:34:16 Μ.Μ. User toString
FINE: 3565: User Georgios Sakalas accessed
Αυγ 28, 2023 4:34:16 Μ.Μ. User toString
FINE: 3566: User test accessed
Αυγ 28, 2023 4:34:16 Μ.Μ. User toString
FINE: 3567: User Kal zzx accessed
Αυγ 28, 2023 4:34:16 Μ.Μ. User toString
FINE: 3568: User rwfrwfr rfwrgf accessed
Αυγ 28, 2023 4:34:16 Μ.Μ. User toString
FINE: 3569: User Apostolos Kazopidis accessed
Αυγ 28, 2023 4:34:16 Μ.Μ. User toString
FINE: 3570: User Georgios Sakalas accessed
Αυγ 28, 2023 4:34:16 Μ.Μ. User toString
FINE: 3571: User test accessed
Αυγ 28, 2023 4:34:16 Μ.Μ. User toString
FINE: 3572: User Kal zzx accessed
Αυγ 28, 2023 4:34:16 Μ.Μ. User toString
FINE: 3573: User rwfrwfr rfwrgf accessed
Αυγ 28, 2023 4:34:16 Μ.Μ. User toString
FINE: 3574: User Apostolos Kazopidis accessed
Αυγ 28, 2023 4:34:16 Μ.Μ. User toString
FINE: 3575: User Georgios Sakalas accessed
Αυγ 28, 2023 4:34:16 Μ.Μ. User toString
FINE: 3576: User test accessed
Αυγ 28, 2023 4:34:16 Μ.Μ. User toString
FINE: 3577: User Kal zzx accessed
Αυγ 28, 2023 4:34:16 Μ.Μ. User toString
FINE: 3578: User rwfrwfr rfwrgf accessed
Αυγ 28, 2023 4:34:16 Μ.Μ. User toString
FINE: 3579: User Apostolos Kazopidis accessed
Αυγ 28, 2023 4:34:16 Μ.Μ. User toString
FINE: 3580: User Georgios Sakalas accessed
Αυγ 28, 2023 4:34:16 Μ.Μ. User toString
FINE: 3581: User test accessed
Αυγ 28, 2023 4:34:16 Μ.Μ. User toString
FINE: 3582: User Kal zzx accessed
Αυγ 28, 2023 4:34:16 Μ.Μ. User toString
FINE: 3583: User rwfrwfr rfwrgf accessed
Αυγ 28, 2023 4:34:16 Μ.Μ. User toString
FINE: 3584: User Apostolos Kazopidis accessed
Αυγ 28, 2023 4:34:16 Μ.Μ. User toString
FINE: 3585: User Georgios Sakalas accessed
