Αυγ 28, 2023 4:34:16 Μ.Μ. User toString
FINE: 1204: User Apostolos Kazopidis accessed
Αυγ 28, 2023 4:34:16 Μ.Μ. User toString
FINE: 1205: User Georgios Sakalas accessed
Αυγ 28, 2023 4:34:16 Μ.Μ. User toString
FINE: 1206: User test accessed
Αυγ 28, 2023 4:34:16 Μ.Μ. User toString
FINE: 1207: User Kal zzx accessed
Αυγ 28, 2023 4:34:16 Μ.Μ. User toString
FINE: 1208: User rwfrwfr rfwrgf accessed
Αυγ 28, 2023 4:34:16 Μ.Μ. User toString
FINE: 1209: User Apostolos Kazopidis accessed
Αυγ 28, 2023 4:34:16 Μ.Μ. User toString
FINE: 1210: User Georgios Sakalas accessed
Αυγ 28, 2023 4:34:16 Μ.Μ. User toString
FINE: 1211: User test accessed
Αυγ 28, 2023 4:34:16 Μ.Μ. User toString
FINE: 1212: User Kal zzx accessed
Αυγ 28, 2023 4:34:16 Μ.Μ. User toString
FINE: 1213: User rwfrwfr rfwrgf accessed
Αυγ 28, 2023 4:34:16 Μ.Μ. User toString
FINE: 1214: User Apostolos Kazopidis accessed
Αυγ 28, 2023 4:34:16 Μ.Μ. User toString
FINE: 1215: User Georgios Sakalas accessed
Αυγ 28, 2023 4:34:16 Μ.Μ. User toString
FINE: 1216: User test accessed
Αυγ 28, 2023 4:34:16 Μ.Μ. User toString
FINE: 1217: User Kal zzx accessed
Αυγ 28, 2023 4:34:16 Μ.Μ. User toString
FINE: 1218: User rwfrwfr rfwrgf accessed
Αυγ 28, 2023 4:34:16 Μ.Μ. User toString
FINE: 1219: User Apostolos Kazopidis accessed
Αυγ 28, 2023 4:34:16 Μ.Μ. User toString
FINE: 1220: User Georgios Sakalas accessed
Αυγ 28, 2023 4:34:16 Μ.Μ. User toString
FINE: 1221: User test accessed
Αυγ 28, 2023 4:34:16 Μ.Μ. User toString
FINE: 1222: User Kal zzx accessed
Αυγ 28, 2023 4:34:16 Μ.Μ. User toString
FINE: 1223: User rwfrwfr rfwrgf accessed
Αυγ 28, 2023 4:34:16 Μ.Μ. User toString
FINE: 1224: User Apostolos Kazopidis accessed
Αυγ 28, 2023 4:34:16 Μ.Μ. User toString
FINE: 1225: User Georgios Sakalas accessed
Αυγ 28, 2023 4:34:16 Μ.Μ. User toString
FINE: 1226: User test accessed
Αυγ 28, 2023 4:34:16 Μ.Μ. User toString
FINE: 1227: User Kal zzx accessed
Αυγ 28, 2023 4:34:16 Μ.Μ. User toString
FINE: 1228: User rwfrwfr rfwrgf accessed
Αυγ 28, 2023 4:34:16 Μ.Μ. User toString
FINE: 1229: User Apostolos Kazopidis accessed
Αυγ 28, 2023 4:34:16 Μ.Μ. User toString
FINE: 1230: User Georgios Sakalas accessed
Αυγ 28, 2023 4:34:16 Μ.Μ. User toString
FINE: 1231: User test accessed
Αυγ 28, 2023 4:34:16 Μ.Μ. User toString
FINE: 1232: User Kal zzx accessed
Αυγ 28, 2023 4:34:16 Μ.Μ. User toString
FINE: 1233: User rwfrwfr rfwrgf accessed
Αυγ 28, 2023 4:34:16 Μ.Μ. User toString
FINE: 1234: User Apostolos Kazopidis accessed
Αυγ 28, 2023 4:34:16 Μ.Μ. User toString
FINE: 1235: User Georgios Sakalas accessed
Αυγ 28, 2023 4:34:16 Μ.Μ. User toString
FINE: 1236: User test accessed
Αυγ 28, 2023 4:34:16 Μ.Μ. User toString
FINE: 1237: User Kal zzx accessed
Αυγ 28, 2023 4:34:16 Μ.Μ. User toString
FINE: 1238: User rwfrwfr rfwrgf accessed
Αυγ 28, 2023 4:34:16 Μ.Μ. User toString
FINE: 1239: User Apostolos Kazopidis accessed
Αυγ 28, 2023 4:34:16 Μ.Μ. User toString
FINE: 1240: User Georgios Sakalas accessed
Αυγ 28, 2023 4:34:16 Μ.Μ. User toString
FINE: 1241: User test accessed
Αυγ 28, 2023 4:34:16 Μ.Μ. User toString
FINE: 1242: User Kal zzx accessed
Αυγ 28, 2023 4:34:16 Μ.Μ. User toString
FINE: 1243: User rwfrwfr rfwrgf accessed
Αυγ 28, 2023 4:34:16 Μ.Μ. User toString
FINE: 1244: User Apostolos Kazopidis accessed
Αυγ 28, 2023 4:34:16 Μ.Μ. User toString
FINE: 1245: User Georgios Sakalas accessed
Αυγ 28, 2023 4:34:16 Μ.Μ. User toString
FINE: 1246: User test accessed
Αυγ 28, 2023 4:34:16 Μ.Μ. User toString
FINE: 1247: User Kal zzx accessed
Αυγ 28, 2023 4:34:16 Μ.Μ. User toString
FINE: 1248: User rwfrwfr rfwrgf accessed
Αυγ 28, 2023 4:34:16 Μ.Μ. User toString
FINE: 1249: User Apostolos Kazopidis accessed
Αυγ 28, 2023 4:34:16 Μ.Μ. User toString
FINE: 1250: User Georgios Sakalas accessed
Αυγ 28, 2023 4:34:16 Μ.Μ. User toString
FINE: 1251: User test accessed
Αυγ 28, 2023 4:34:16 Μ.Μ. User toString
FINE: 1252: User Kal zzx accessed
Αυγ 28, 2023 4:34:16 Μ.Μ. User toString
FINE: 1253: User rwfrwfr rfwrgf accessed
Αυγ 28, 2023 4:34:16 Μ.Μ. User toString
FINE: 1254: User Apostolos Kazopidis accessed
Αυγ 28, 2023 4:34:16 Μ.Μ. User toString
FINE: 1255: User Georgios Sakalas accessed
Αυγ 28, 2023 4:34:16 Μ.Μ. User toString
FINE: 1256: User test accessed
Αυγ 28, 2023 4:34:16 Μ.Μ. User toString
FINE: 1257: User Kal zzx accessed
Αυγ 28, 2023 4:34:16 Μ.Μ. User toString
FINE: 1258: User rwfrwfr rfwrgf accessed
Αυγ 28, 2023 4:34:16 Μ.Μ. User toString
FINE: 1259: User Apostolos Kazopidis accessed
Αυγ 28, 2023 4:34:16 Μ.Μ. User toString
FINE: 1260: User Georgios Sakalas accessed
Αυγ 28, 2023 4:34:16 Μ.Μ. User toString
FINE: 1261: User test accessed
Αυγ 28, 2023 4:34:16 Μ.Μ. User toString
FINE: 1262: User Kal zzx accessed
Αυγ 28, 2023 4:34:16 Μ.Μ. User toString
FINE: 1263: User rwfrwfr rfwrgf accessed
Αυγ 28, 2023 4:34:16 Μ.Μ. User toString
FINE: 1264: User Apostolos Kazopidis accessed
Αυγ 28, 2023 4:34:16 Μ.Μ. User toString
FINE: 1265: User Georgios Sakalas accessed
Αυγ 28, 2023 4:34:16 Μ.Μ. User toString
FINE: 1266: User test accessed
Αυγ 28, 2023 4:34:16 Μ.Μ. User toString
FINE: 1267: User Kal zzx accessed
Αυγ 28, 2023 4:34:16 Μ.Μ. User toString
FINE: 1268: User rwfrwfr rfwrgf accessed
Αυγ 28, 2023 4:34:16 Μ.Μ. User toString
FINE: 1269: User Apostolos Kazopidis accessed
Αυγ 28, 2023 4:34:16 Μ.Μ. User toString
FINE: 1270: User Georgios Sakalas accessed
Αυγ 28, 2023 4:34:16 Μ.Μ. User toString
FINE: 1271: User test accessed
Αυγ 28, 2023 4:34:16 Μ.Μ. User toString
FINE: 1272: User Kal zzx accessed
Αυγ 28, 2023 4:34:16 Μ.Μ. User toString
FINE: 1273: User rwfrwfr rfwrgf accessed
Αυγ 28, 2023 4:34:16 Μ.Μ. User toString
FINE: 1274: User Apostolos Kazopidis accessed
Αυγ 28, 2023 4:34:16 Μ.Μ. User toString
FINE: 1275: User Georgios Sakalas accessed
Αυγ 28, 2023 4:34:16 Μ.Μ. User toString
FINE: 1276: User test accessed
Αυγ 28, 2023 4:34:16 Μ.Μ. User toString
FINE: 1277: User Kal zzx accessed
Αυγ 28, 2023 4:34:16 Μ.Μ. User toString
FINE: 1278: User rwfrwfr rfwrgf accessed
Αυγ 28, 2023 4:34:16 Μ.Μ. User toString
FINE: 1279: User Apostolos Kazopidis accessed
Αυγ 28, 2023 4:34:16 Μ.Μ. User toString
FINE: 1280: User Georgios Sakalas accessed
Αυγ 28, 2023 4:34:16 Μ.Μ. User toString
FINE: 1281: User test accessed
Αυγ 28, 2023 4:34:16 Μ.Μ. User toString
FINE: 1282: User Kal zzx accessed
Αυγ 28, 2023 4:34:16 Μ.Μ. User toString
FINE: 1283: User rwfrwfr rfwrgf accessed
Αυγ 28, 2023 4:34:16 Μ.Μ. User toString
FINE: 1284: User Apostolos Kazopidis accessed
Αυγ 28, 2023 4:34:16 Μ.Μ. User toString
FINE: 1285: User Georgios Sakalas accessed
Αυγ 28, 2023 4:34:16 Μ.Μ. User toString
FINE: 1286: User test accessed
Αυγ 28, 2023 4:34:16 Μ.Μ. User toString
FINE: 1287: User Kal zzx accessed
Αυγ 28, 2023 4:34:16 Μ.Μ. User toString
FINE: 1288: User rwfrwfr rfwrgf accessed
Αυγ 28, 2023 4:34:16 Μ.Μ. User toString
FINE: 1289: User Apostolos Kazopidis accessed
Αυγ 28, 2023 4:34:16 Μ.Μ. User toString
FINE: 1290: User Georgios Sakalas accessed
Αυγ 28, 2023 4:34:16 Μ.Μ. User toString
FINE: 1291: User test accessed
Αυγ 28, 2023 4:34:16 Μ.Μ. User toString
FINE: 1292: User Kal zzx accessed
Αυγ 28, 2023 4:34:16 Μ.Μ. User toString
FINE: 1293: User rwfrwfr rfwrgf accessed
Αυγ 28, 2023 4:34:16 Μ.Μ. User toString
FINE: 1294: User Apostolos Kazopidis accessed
Αυγ 28, 2023 4:34:16 Μ.Μ. User toString
FINE: 1295: User Georgios Sakalas accessed
Αυγ 28, 2023 4:34:16 Μ.Μ. User toString
FINE: 1296: User test accessed
Αυγ 28, 2023 4:34:16 Μ.Μ. User toString
FINE: 1297: User Kal zzx accessed
Αυγ 28, 2023 4:34:16 Μ.Μ. User toString
FINE: 1298: User rwfrwfr rfwrgf accessed
Αυγ 28, 2023 4:34:16 Μ.Μ. User toString
FINE: 1299: User Apostolos Kazopidis accessed
Αυγ 28, 2023 4:34:16 Μ.Μ. User toString
FINE: 1300: User Georgios Sakalas accessed
Αυγ 28, 2023 4:34:16 Μ.Μ. User toString
FINE: 1301: User test accessed
Αυγ 28, 2023 4:34:16 Μ.Μ. User toString
FINE: 1302: User Kal zzx accessed
Αυγ 28, 2023 4:34:16 Μ.Μ. User toString
FINE: 1303: User rwfrwfr rfwrgf accessed
Αυγ 28, 2023 4:34:16 Μ.Μ. User toString
FINE: 1304: User Apostolos Kazopidis accessed
Αυγ 28, 2023 4:34:16 Μ.Μ. User toString
FINE: 1305: User Georgios Sakalas accessed
Αυγ 28, 2023 4:34:16 Μ.Μ. User toString
FINE: 1306: User test accessed
Αυγ 28, 2023 4:34:16 Μ.Μ. User toString
FINE: 1307: User Kal zzx accessed
Αυγ 28, 2023 4:34:16 Μ.Μ. User toString
FINE: 1308: User rwfrwfr rfwrgf accessed
Αυγ 28, 2023 4:34:16 Μ.Μ. User toString
FINE: 1309: User Apostolos Kazopidis accessed
Αυγ 28, 2023 4:34:16 Μ.Μ. User toString
FINE: 1310: User Georgios Sakalas accessed
Αυγ 28, 2023 4:34:16 Μ.Μ. User toString
FINE: 1311: User test accessed
Αυγ 28, 2023 4:34:16 Μ.Μ. User toString
FINE: 1312: User Kal zzx accessed
Αυγ 28, 2023 4:34:16 Μ.Μ. User toString
FINE: 1313: User rwfrwfr rfwrgf accessed
Αυγ 28, 2023 4:34:16 Μ.Μ. User toString
FINE: 1314: User Apostolos Kazopidis accessed
Αυγ 28, 2023 4:34:16 Μ.Μ. User toString
FINE: 1315: User Georgios Sakalas accessed
Αυγ 28, 2023 4:34:16 Μ.Μ. User toString
FINE: 1316: User test accessed
Αυγ 28, 2023 4:34:16 Μ.Μ. User toString
FINE: 1317: User Kal zzx accessed
Αυγ 28, 2023 4:34:16 Μ.Μ. User toString
FINE: 1318: User rwfrwfr rfwrgf accessed
Αυγ 28, 2023 4:34:16 Μ.Μ. User toString
FINE: 1319: User Apostolos Kazopidis accessed
Αυγ 28, 2023 4:34:16 Μ.Μ. User toString
FINE: 1320: User Georgios Sakalas accessed
Αυγ 28, 2023 4:34:16 Μ.Μ. User toString
FINE: 1321: User test accessed
Αυγ 28, 2023 4:34:16 Μ.Μ. User toString
FINE: 1322: User Kal zzx accessed
Αυγ 28, 2023 4:34:16 Μ.Μ. User toString
FINE: 1323: User rwfrwfr rfwrgf accessed
Αυγ 28, 2023 4:34:16 Μ.Μ. User toString
FINE: 1324: User Apostolos Kazopidis accessed
Αυγ 28, 2023 4:34:16 Μ.Μ. User toString
FINE: 1325: User Georgios Sakalas accessed
Αυγ 28, 2023 4:34:16 Μ.Μ. User toString
FINE: 1326: User test accessed
Αυγ 28, 2023 4:34:16 Μ.Μ. User toString
FINE: 1327: User Kal zzx accessed
Αυγ 28, 2023 4:34:16 Μ.Μ. User toString
FINE: 1328: User rwfrwfr rfwrgf accessed
Αυγ 28, 2023 4:34:16 Μ.Μ. User toString
FINE: 1329: User Apostolos Kazopidis accessed
Αυγ 28, 2023 4:34:16 Μ.Μ. User toString
FINE: 1330: User Georgios Sakalas accessed
Αυγ 28, 2023 4:34:16 Μ.Μ. User toString
FINE: 1331: User test accessed
Αυγ 28, 2023 4:34:16 Μ.Μ. User toString
FINE: 1332: User Kal zzx accessed
Αυγ 28, 2023 4:34:16 Μ.Μ. User toString
FINE: 1333: User rwfrwfr rfwrgf accessed
Αυγ 28, 2023 4:34:16 Μ.Μ. User toString
FINE: 1334: User Apostolos Kazopidis accessed
Αυγ 28, 2023 4:34:16 Μ.Μ. User toString
FINE: 1335: User Georgios Sakalas accessed
Αυγ 28, 2023 4:34:16 Μ.Μ. User toString
FINE: 1336: User test accessed
Αυγ 28, 2023 4:34:16 Μ.Μ. User toString
FINE: 1337: User Kal zzx accessed
Αυγ 28, 2023 4:34:16 Μ.Μ. User toString
FINE: 1338: User rwfrwfr rfwrgf accessed
Αυγ 28, 2023 4:34:16 Μ.Μ. User toString
FINE: 1339: User Apostolos Kazopidis accessed
Αυγ 28, 2023 4:34:16 Μ.Μ. User toString
FINE: 1340: User Georgios Sakalas accessed
Αυγ 28, 2023 4:34:16 Μ.Μ. User toString
FINE: 1341: User test accessed
Αυγ 28, 2023 4:34:16 Μ.Μ. User toString
FINE: 1342: User Kal zzx accessed
Αυγ 28, 2023 4:34:16 Μ.Μ. User toString
FINE: 1343: User rwfrwfr rfwrgf accessed
Αυγ 28, 2023 4:34:16 Μ.Μ. User toString
FINE: 1344: User Apostolos Kazopidis accessed
Αυγ 28, 2023 4:34:16 Μ.Μ. User toString
FINE: 1345: User Georgios Sakalas accessed
Αυγ 28, 2023 4:34:16 Μ.Μ. User toString
FINE: 1346: User test accessed
Αυγ 28, 2023 4:34:16 Μ.Μ. User toString
FINE: 1347: User Kal zzx accessed
Αυγ 28, 2023 4:34:16 Μ.Μ. User toString
FINE: 1348: User rwfrwfr rfwrgf accessed
Αυγ 28, 2023 4:34:16 Μ.Μ. User toString
FINE: 1349: User Apostolos Kazopidis accessed
Αυγ 28, 2023 4:34:16 Μ.Μ. User toString
FINE: 1350: User Georgios Sakalas accessed
Αυγ 28, 2023 4:34:16 Μ.Μ. User toString
FINE: 1351: User test accessed
Αυγ 28, 2023 4:34:16 Μ.Μ. User toString
FINE: 1352: User Kal zzx accessed
Αυγ 28, 2023 4:34:16 Μ.Μ. User toString
FINE: 1353: User rwfrwfr rfwrgf accessed
Αυγ 28, 2023 4:34:16 Μ.Μ. User toString
FINE: 1354: User Apostolos Kazopidis accessed
Αυγ 28, 2023 4:34:16 Μ.Μ. User toString
FINE: 1355: User Georgios Sakalas accessed
Αυγ 28, 2023 4:34:16 Μ.Μ. User toString
FINE: 1356: User test accessed
Αυγ 28, 2023 4:34:16 Μ.Μ. User toString
FINE: 1357: User Kal zzx accessed
Αυγ 28, 2023 4:34:16 Μ.Μ. User toString
FINE: 1358: User rwfrwfr rfwrgf accessed
Αυγ 28, 2023 4:34:16 Μ.Μ. User toString
FINE: 1359: User Apostolos Kazopidis accessed
Αυγ 28, 2023 4:34:16 Μ.Μ. User toString
FINE: 1360: User Georgios Sakalas accessed
Αυγ 28, 2023 4:34:16 Μ.Μ. User toString
FINE: 1361: User test accessed
Αυγ 28, 2023 4:34:16 Μ.Μ. User toString
FINE: 1362: User Kal zzx accessed
Αυγ 28, 2023 4:34:16 Μ.Μ. User toString
FINE: 1363: User rwfrwfr rfwrgf accessed
Αυγ 28, 2023 4:34:16 Μ.Μ. User toString
FINE: 1364: User Apostolos Kazopidis accessed
Αυγ 28, 2023 4:34:16 Μ.Μ. User toString
FINE: 1365: User Georgios Sakalas accessed
Αυγ 28, 2023 4:34:16 Μ.Μ. User toString
FINE: 1366: User test accessed
Αυγ 28, 2023 4:34:16 Μ.Μ. User toString
FINE: 1367: User Kal zzx accessed
Αυγ 28, 2023 4:34:16 Μ.Μ. User toString
FINE: 1368: User rwfrwfr rfwrgf accessed
Αυγ 28, 2023 4:34:16 Μ.Μ. User toString
FINE: 1369: User Apostolos Kazopidis accessed
Αυγ 28, 2023 4:34:16 Μ.Μ. User toString
FINE: 1370: User Georgios Sakalas accessed
Αυγ 28, 2023 4:34:16 Μ.Μ. User toString
FINE: 1371: User test accessed
Αυγ 28, 2023 4:34:16 Μ.Μ. User toString
FINE: 1372: User Kal zzx accessed
Αυγ 28, 2023 4:34:16 Μ.Μ. User toString
FINE: 1373: User rwfrwfr rfwrgf accessed
Αυγ 28, 2023 4:34:16 Μ.Μ. User toString
FINE: 1374: User Apostolos Kazopidis accessed
Αυγ 28, 2023 4:34:16 Μ.Μ. User toString
FINE: 1375: User Georgios Sakalas accessed
Αυγ 28, 2023 4:34:16 Μ.Μ. User toString
FINE: 1376: User test accessed
Αυγ 28, 2023 4:34:16 Μ.Μ. User toString
FINE: 1377: User Kal zzx accessed
Αυγ 28, 2023 4:34:16 Μ.Μ. User toString
FINE: 1378: User rwfrwfr rfwrgf accessed
Αυγ 28, 2023 4:34:16 Μ.Μ. User toString
FINE: 1379: User Apostolos Kazopidis accessed
Αυγ 28, 2023 4:34:16 Μ.Μ. User toString
FINE: 1380: User Georgios Sakalas accessed
Αυγ 28, 2023 4:34:16 Μ.Μ. User toString
FINE: 1381: User test accessed
Αυγ 28, 2023 4:34:16 Μ.Μ. User toString
FINE: 1382: User Kal zzx accessed
Αυγ 28, 2023 4:34:16 Μ.Μ. User toString
FINE: 1383: User rwfrwfr rfwrgf accessed
Αυγ 28, 2023 4:34:16 Μ.Μ. User toString
FINE: 1384: User Apostolos Kazopidis accessed
Αυγ 28, 2023 4:34:16 Μ.Μ. User toString
FINE: 1385: User Georgios Sakalas accessed
Αυγ 28, 2023 4:34:16 Μ.Μ. User toString
FINE: 1386: User test accessed
Αυγ 28, 2023 4:34:16 Μ.Μ. User toString
FINE: 1387: User Kal zzx accessed
Αυγ 28, 2023 4:34:16 Μ.Μ. User toString
FINE: 1388: User rwfrwfr rfwrgf accessed
Αυγ 28, 2023 4:34:16 Μ.Μ. User toString
FINE: 1389: User Apostolos Kazopidis accessed
Αυγ 28, 2023 4:34:16 Μ.Μ. User toString
FINE: 1390: User Georgios Sakalas accessed
Αυγ 28, 2023 4:34:16 Μ.Μ. User toString
FINE: 1391: User test accessed
Αυγ 28, 2023 4:34:16 Μ.Μ. User toString
FINE: 1392: User Kal zzx accessed
Αυγ 28, 2023 4:34:16 Μ.Μ. User toString
FINE: 1393: User rwfrwfr rfwrgf accessed
Αυγ 28, 2023 4:34:16 Μ.Μ. User toString
FINE: 1394: User Apostolos Kazopidis accessed
Αυγ 28, 2023 4:34:16 Μ.Μ. User toString
FINE: 1395: User Georgios Sakalas accessed
Αυγ 28, 2023 4:34:16 Μ.Μ. User toString
FINE: 1396: User test accessed
Αυγ 28, 2023 4:34:16 Μ.Μ. User toString
FINE: 1397: User Kal zzx accessed
Αυγ 28, 2023 4:34:16 Μ.Μ. User toString
FINE: 1398: User rwfrwfr rfwrgf accessed
Αυγ 28, 2023 4:34:16 Μ.Μ. User toString
FINE: 1399: User Apostolos Kazopidis accessed
Αυγ 28, 2023 4:34:16 Μ.Μ. User toString
FINE: 1400: User Georgios Sakalas accessed
Αυγ 28, 2023 4:34:16 Μ.Μ. User toString
FINE: 1401: User test accessed
Αυγ 28, 2023 4:34:16 Μ.Μ. User toString
FINE: 1402: User Kal zzx accessed
Αυγ 28, 2023 4:34:16 Μ.Μ. User toString
FINE: 1403: User rwfrwfr rfwrgf accessed
Αυγ 28, 2023 4:34:16 Μ.Μ. User toString
FINE: 1404: User Apostolos Kazopidis accessed
Αυγ 28, 2023 4:34:16 Μ.Μ. User toString
FINE: 1405: User Georgios Sakalas accessed
Αυγ 28, 2023 4:34:16 Μ.Μ. User toString
FINE: 1406: User test accessed
Αυγ 28, 2023 4:34:16 Μ.Μ. User toString
FINE: 1407: User Kal zzx accessed
Αυγ 28, 2023 4:34:16 Μ.Μ. User toString
FINE: 1408: User rwfrwfr rfwrgf accessed
Αυγ 28, 2023 4:34:16 Μ.Μ. User toString
FINE: 1409: User Apostolos Kazopidis accessed
Αυγ 28, 2023 4:34:16 Μ.Μ. User toString
FINE: 1410: User Georgios Sakalas accessed
Αυγ 28, 2023 4:34:16 Μ.Μ. User toString
FINE: 1411: User test accessed
Αυγ 28, 2023 4:34:16 Μ.Μ. User toString
FINE: 1412: User Kal zzx accessed
Αυγ 28, 2023 4:34:16 Μ.Μ. User toString
FINE: 1413: User rwfrwfr rfwrgf accessed
Αυγ 28, 2023 4:34:16 Μ.Μ. User toString
FINE: 1414: User Apostolos Kazopidis accessed
Αυγ 28, 2023 4:34:16 Μ.Μ. User toString
FINE: 1415: User Georgios Sakalas accessed
Αυγ 28, 2023 4:34:16 Μ.Μ. User toString
FINE: 1416: User test accessed
Αυγ 28, 2023 4:34:16 Μ.Μ. User toString
FINE: 1417: User Kal zzx accessed
Αυγ 28, 2023 4:34:16 Μ.Μ. User toString
FINE: 1418: User rwfrwfr rfwrgf accessed
Αυγ 28, 2023 4:34:16 Μ.Μ. User toString
FINE: 1419: User Apostolos Kazopidis accessed
Αυγ 28, 2023 4:34:16 Μ.Μ. User toString
FINE: 1420: User Georgios Sakalas accessed
Αυγ 28, 2023 4:34:16 Μ.Μ. User toString
FINE: 1421: User test accessed
Αυγ 28, 2023 4:34:16 Μ.Μ. User toString
FINE: 1422: User Kal zzx accessed
Αυγ 28, 2023 4:34:16 Μ.Μ. User toString
FINE: 1423: User rwfrwfr rfwrgf accessed
Αυγ 28, 2023 4:34:16 Μ.Μ. User toString
FINE: 1424: User Apostolos Kazopidis accessed
Αυγ 28, 2023 4:34:16 Μ.Μ. User toString
FINE: 1425: User Georgios Sakalas accessed
Αυγ 28, 2023 4:34:16 Μ.Μ. User toString
FINE: 1426: User test accessed
Αυγ 28, 2023 4:34:16 Μ.Μ. User toString
FINE: 1427: User Kal zzx accessed
Αυγ 28, 2023 4:34:16 Μ.Μ. User toString
FINE: 1428: User rwfrwfr rfwrgf accessed
Αυγ 28, 2023 4:34:16 Μ.Μ. User toString
FINE: 1429: User Apostolos Kazopidis accessed
Αυγ 28, 2023 4:34:16 Μ.Μ. User toString
FINE: 1430: User Georgios Sakalas accessed
Αυγ 28, 2023 4:34:16 Μ.Μ. User toString
FINE: 1431: User test accessed
Αυγ 28, 2023 4:34:16 Μ.Μ. User toString
FINE: 1432: User Kal zzx accessed
Αυγ 28, 2023 4:34:16 Μ.Μ. User toString
FINE: 1433: User rwfrwfr rfwrgf accessed
Αυγ 28, 2023 4:34:16 Μ.Μ. User toString
FINE: 1434: User Apostolos Kazopidis accessed
Αυγ 28, 2023 4:34:16 Μ.Μ. User toString
FINE: 1435: User Georgios Sakalas accessed
Αυγ 28, 2023 4:34:16 Μ.Μ. User toString
FINE: 1436: User test accessed
Αυγ 28, 2023 4:34:16 Μ.Μ. User toString
FINE: 1437: User Kal zzx accessed
Αυγ 28, 2023 4:34:16 Μ.Μ. User toString
FINE: 1438: User rwfrwfr rfwrgf accessed
Αυγ 28, 2023 4:34:16 Μ.Μ. User toString
FINE: 1439: User Apostolos Kazopidis accessed
Αυγ 28, 2023 4:34:16 Μ.Μ. User toString
FINE: 1440: User Georgios Sakalas accessed
Αυγ 28, 2023 4:34:16 Μ.Μ. User toString
FINE: 1441: User test accessed
Αυγ 28, 2023 4:34:16 Μ.Μ. User toString
FINE: 1442: User Kal zzx accessed
Αυγ 28, 2023 4:34:16 Μ.Μ. User toString
FINE: 1443: User rwfrwfr rfwrgf accessed
Αυγ 28, 2023 4:34:16 Μ.Μ. User toString
FINE: 1444: User Apostolos Kazopidis accessed
Αυγ 28, 2023 4:34:16 Μ.Μ. User toString
FINE: 1445: User Georgios Sakalas accessed
Αυγ 28, 2023 4:34:16 Μ.Μ. User toString
FINE: 1446: User test accessed
Αυγ 28, 2023 4:34:16 Μ.Μ. User toString
FINE: 1447: User Kal zzx accessed
Αυγ 28, 2023 4:34:16 Μ.Μ. User toString
FINE: 1448: User rwfrwfr rfwrgf accessed
Αυγ 28, 2023 4:34:16 Μ.Μ. User toString
FINE: 1449: User Apostolos Kazopidis accessed
Αυγ 28, 2023 4:34:16 Μ.Μ. User toString
FINE: 1450: User Georgios Sakalas accessed
Αυγ 28, 2023 4:34:16 Μ.Μ. User toString
FINE: 1451: User test accessed
Αυγ 28, 2023 4:34:16 Μ.Μ. User toString
FINE: 1452: User Kal zzx accessed
Αυγ 28, 2023 4:34:16 Μ.Μ. User toString
FINE: 1453: User rwfrwfr rfwrgf accessed
Αυγ 28, 2023 4:34:16 Μ.Μ. User toString
FINE: 1454: User Apostolos Kazopidis accessed
Αυγ 28, 2023 4:34:16 Μ.Μ. User toString
FINE: 1455: User Georgios Sakalas accessed
Αυγ 28, 2023 4:34:16 Μ.Μ. User toString
FINE: 1456: User test accessed
Αυγ 28, 2023 4:34:16 Μ.Μ. User toString
FINE: 1457: User Kal zzx accessed
Αυγ 28, 2023 4:34:16 Μ.Μ. User toString
FINE: 1458: User rwfrwfr rfwrgf accessed
Αυγ 28, 2023 4:34:16 Μ.Μ. User toString
FINE: 1459: User Apostolos Kazopidis accessed
Αυγ 28, 2023 4:34:16 Μ.Μ. User toString
FINE: 1460: User Georgios Sakalas accessed
Αυγ 28, 2023 4:34:16 Μ.Μ. User toString
FINE: 1461: User test accessed
Αυγ 28, 2023 4:34:16 Μ.Μ. User toString
FINE: 1462: User Kal zzx accessed
Αυγ 28, 2023 4:34:16 Μ.Μ. User toString
FINE: 1463: User rwfrwfr rfwrgf accessed
Αυγ 28, 2023 4:34:16 Μ.Μ. User toString
FINE: 1464: User Apostolos Kazopidis accessed
Αυγ 28, 2023 4:34:16 Μ.Μ. User toString
FINE: 1465: User Georgios Sakalas accessed
Αυγ 28, 2023 4:34:16 Μ.Μ. User toString
FINE: 1466: User test accessed
Αυγ 28, 2023 4:34:16 Μ.Μ. User toString
FINE: 1467: User Kal zzx accessed
Αυγ 28, 2023 4:34:16 Μ.Μ. User toString
FINE: 1468: User rwfrwfr rfwrgf accessed
Αυγ 28, 2023 4:34:16 Μ.Μ. User toString
FINE: 1469: User Apostolos Kazopidis accessed
Αυγ 28, 2023 4:34:16 Μ.Μ. User toString
FINE: 1470: User Georgios Sakalas accessed
Αυγ 28, 2023 4:34:16 Μ.Μ. User toString
FINE: 1471: User test accessed
Αυγ 28, 2023 4:34:16 Μ.Μ. User toString
FINE: 1472: User Kal zzx accessed
Αυγ 28, 2023 4:34:16 Μ.Μ. User toString
FINE: 1473: User rwfrwfr rfwrgf accessed
Αυγ 28, 2023 4:34:16 Μ.Μ. User toString
FINE: 1474: User Apostolos Kazopidis accessed
Αυγ 28, 2023 4:34:16 Μ.Μ. User toString
FINE: 1475: User Georgios Sakalas accessed
Αυγ 28, 2023 4:34:16 Μ.Μ. User toString
FINE: 1476: User test accessed
Αυγ 28, 2023 4:34:16 Μ.Μ. User toString
FINE: 1477: User Kal zzx accessed
Αυγ 28, 2023 4:34:16 Μ.Μ. User toString
FINE: 1478: User rwfrwfr rfwrgf accessed
Αυγ 28, 2023 4:34:16 Μ.Μ. User toString
FINE: 1479: User Apostolos Kazopidis accessed
Αυγ 28, 2023 4:34:16 Μ.Μ. User toString
FINE: 1480: User Georgios Sakalas accessed
Αυγ 28, 2023 4:34:16 Μ.Μ. User toString
FINE: 1481: User test accessed
Αυγ 28, 2023 4:34:16 Μ.Μ. User toString
FINE: 1482: User Kal zzx accessed
Αυγ 28, 2023 4:34:16 Μ.Μ. User toString
FINE: 1483: User rwfrwfr rfwrgf accessed
Αυγ 28, 2023 4:34:16 Μ.Μ. User toString
FINE: 1484: User Apostolos Kazopidis accessed
Αυγ 28, 2023 4:34:16 Μ.Μ. User toString
FINE: 1485: User Georgios Sakalas accessed
Αυγ 28, 2023 4:34:16 Μ.Μ. User toString
FINE: 1486: User test accessed
Αυγ 28, 2023 4:34:16 Μ.Μ. User toString
FINE: 1487: User Kal zzx accessed
Αυγ 28, 2023 4:34:16 Μ.Μ. User toString
FINE: 1488: User rwfrwfr rfwrgf accessed
Αυγ 28, 2023 4:34:16 Μ.Μ. User toString
FINE: 1489: User Apostolos Kazopidis accessed
Αυγ 28, 2023 4:34:16 Μ.Μ. User toString
FINE: 1490: User Georgios Sakalas accessed
Αυγ 28, 2023 4:34:16 Μ.Μ. User toString
FINE: 1491: User test accessed
Αυγ 28, 2023 4:34:16 Μ.Μ. User toString
FINE: 1492: User Kal zzx accessed
Αυγ 28, 2023 4:34:16 Μ.Μ. User toString
FINE: 1493: User rwfrwfr rfwrgf accessed
Αυγ 28, 2023 4:34:16 Μ.Μ. User toString
FINE: 1494: User Apostolos Kazopidis accessed
Αυγ 28, 2023 4:34:16 Μ.Μ. User toString
FINE: 1495: User Georgios Sakalas accessed
Αυγ 28, 2023 4:34:16 Μ.Μ. User toString
FINE: 1496: User test accessed
Αυγ 28, 2023 4:34:16 Μ.Μ. User toString
FINE: 1497: User Kal zzx accessed
Αυγ 28, 2023 4:34:16 Μ.Μ. User toString
FINE: 1498: User rwfrwfr rfwrgf accessed
Αυγ 28, 2023 4:34:16 Μ.Μ. User toString
FINE: 1499: User Apostolos Kazopidis accessed
Αυγ 28, 2023 4:34:16 Μ.Μ. User toString
FINE: 1500: User Georgios Sakalas accessed
Αυγ 28, 2023 4:34:16 Μ.Μ. User toString
FINE: 1501: User test accessed
Αυγ 28, 2023 4:34:16 Μ.Μ. User toString
FINE: 1502: User Kal zzx accessed
Αυγ 28, 2023 4:34:16 Μ.Μ. User toString
FINE: 1503: User rwfrwfr rfwrgf accessed
Αυγ 28, 2023 4:34:16 Μ.Μ. User toString
FINE: 1504: User Apostolos Kazopidis accessed
Αυγ 28, 2023 4:34:16 Μ.Μ. User toString
FINE: 1505: User Georgios Sakalas accessed
Αυγ 28, 2023 4:34:16 Μ.Μ. User toString
FINE: 1506: User test accessed
Αυγ 28, 2023 4:34:16 Μ.Μ. User toString
FINE: 1507: User Kal zzx accessed
Αυγ 28, 2023 4:34:16 Μ.Μ. User toString
FINE: 1508: User rwfrwfr rfwrgf accessed
Αυγ 28, 2023 4:34:16 Μ.Μ. User toString
FINE: 1509: User Apostolos Kazopidis accessed
Αυγ 28, 2023 4:34:16 Μ.Μ. User toString
FINE: 1510: User Georgios Sakalas accessed
Αυγ 28, 2023 4:34:16 Μ.Μ. User toString
FINE: 1511: User test accessed
Αυγ 28, 2023 4:34:16 Μ.Μ. User toString
FINE: 1512: User Kal zzx accessed
Αυγ 28, 2023 4:34:16 Μ.Μ. User toString
FINE: 1513: User rwfrwfr rfwrgf accessed
Αυγ 28, 2023 4:34:16 Μ.Μ. User toString
FINE: 1514: User Apostolos Kazopidis accessed
Αυγ 28, 2023 4:34:16 Μ.Μ. User toString
FINE: 1515: User Georgios Sakalas accessed
Αυγ 28, 2023 4:34:16 Μ.Μ. User toString
FINE: 1516: User test accessed
Αυγ 28, 2023 4:34:16 Μ.Μ. User toString
FINE: 1517: User Kal zzx accessed
Αυγ 28, 2023 4:34:16 Μ.Μ. User toString
FINE: 1518: User rwfrwfr rfwrgf accessed
Αυγ 28, 2023 4:34:16 Μ.Μ. User toString
FINE: 1519: User Apostolos Kazopidis accessed
Αυγ 28, 2023 4:34:16 Μ.Μ. User toString
FINE: 1520: User Georgios Sakalas accessed
Αυγ 28, 2023 4:34:16 Μ.Μ. User toString
FINE: 1521: User test accessed
Αυγ 28, 2023 4:34:16 Μ.Μ. User toString
FINE: 1522: User Kal zzx accessed
Αυγ 28, 2023 4:34:16 Μ.Μ. User toString
FINE: 1523: User rwfrwfr rfwrgf accessed
Αυγ 28, 2023 4:34:16 Μ.Μ. User toString
FINE: 1524: User Apostolos Kazopidis accessed
Αυγ 28, 2023 4:34:16 Μ.Μ. User toString
FINE: 1525: User Georgios Sakalas accessed
Αυγ 28, 2023 4:34:16 Μ.Μ. User toString
FINE: 1526: User test accessed
Αυγ 28, 2023 4:34:16 Μ.Μ. User toString
FINE: 1527: User Kal zzx accessed
Αυγ 28, 2023 4:34:16 Μ.Μ. User toString
FINE: 1528: User rwfrwfr rfwrgf accessed
Αυγ 28, 2023 4:34:16 Μ.Μ. User toString
FINE: 1529: User Apostolos Kazopidis accessed
Αυγ 28, 2023 4:34:16 Μ.Μ. User toString
FINE: 1530: User Georgios Sakalas accessed
Αυγ 28, 2023 4:34:16 Μ.Μ. User toString
FINE: 1531: User test accessed
Αυγ 28, 2023 4:34:16 Μ.Μ. User toString
FINE: 1532: User Kal zzx accessed
Αυγ 28, 2023 4:34:16 Μ.Μ. User toString
FINE: 1533: User rwfrwfr rfwrgf accessed
Αυγ 28, 2023 4:34:16 Μ.Μ. User toString
FINE: 1534: User Apostolos Kazopidis accessed
Αυγ 28, 2023 4:34:16 Μ.Μ. User toString
FINE: 1535: User Georgios Sakalas accessed
Αυγ 28, 2023 4:34:16 Μ.Μ. User toString
FINE: 1536: User test accessed
Αυγ 28, 2023 4:34:16 Μ.Μ. User toString
FINE: 1537: User Kal zzx accessed
Αυγ 28, 2023 4:34:16 Μ.Μ. User toString
FINE: 1538: User rwfrwfr rfwrgf accessed
Αυγ 28, 2023 4:34:16 Μ.Μ. User toString
FINE: 1539: User Apostolos Kazopidis accessed
Αυγ 28, 2023 4:34:16 Μ.Μ. User toString
FINE: 1540: User Georgios Sakalas accessed
Αυγ 28, 2023 4:34:16 Μ.Μ. User toString
FINE: 1541: User test accessed
Αυγ 28, 2023 4:34:16 Μ.Μ. User toString
FINE: 1542: User Kal zzx accessed
Αυγ 28, 2023 4:34:16 Μ.Μ. User toString
FINE: 1543: User rwfrwfr rfwrgf accessed
Αυγ 28, 2023 4:34:16 Μ.Μ. User toString
FINE: 1544: User Apostolos Kazopidis accessed
Αυγ 28, 2023 4:34:16 Μ.Μ. User toString
FINE: 1545: User Georgios Sakalas accessed
Αυγ 28, 2023 4:34:16 Μ.Μ. User toString
FINE: 1546: User test accessed
Αυγ 28, 2023 4:34:16 Μ.Μ. User toString
FINE: 1547: User Kal zzx accessed
Αυγ 28, 2023 4:34:16 Μ.Μ. User toString
FINE: 1548: User rwfrwfr rfwrgf accessed
Αυγ 28, 2023 4:34:16 Μ.Μ. User toString
FINE: 1549: User Apostolos Kazopidis accessed
Αυγ 28, 2023 4:34:16 Μ.Μ. User toString
FINE: 1550: User Georgios Sakalas accessed
Αυγ 28, 2023 4:34:16 Μ.Μ. User toString
FINE: 1551: User test accessed
Αυγ 28, 2023 4:34:16 Μ.Μ. User toString
FINE: 1552: User Kal zzx accessed
Αυγ 28, 2023 4:34:16 Μ.Μ. User toString
FINE: 1553: User rwfrwfr rfwrgf accessed
Αυγ 28, 2023 4:34:16 Μ.Μ. User toString
FINE: 1554: User Apostolos Kazopidis accessed
Αυγ 28, 2023 4:34:16 Μ.Μ. User toString
FINE: 1555: User Georgios Sakalas accessed
Αυγ 28, 2023 4:34:16 Μ.Μ. User toString
FINE: 1556: User test accessed
Αυγ 28, 2023 4:34:16 Μ.Μ. User toString
FINE: 1557: User Kal zzx accessed
Αυγ 28, 2023 4:34:16 Μ.Μ. User toString
FINE: 1558: User rwfrwfr rfwrgf accessed
Αυγ 28, 2023 4:34:16 Μ.Μ. User toString
FINE: 1559: User Apostolos Kazopidis accessed
Αυγ 28, 2023 4:34:16 Μ.Μ. User toString
FINE: 1560: User Georgios Sakalas accessed
Αυγ 28, 2023 4:34:16 Μ.Μ. User toString
FINE: 1561: User test accessed
Αυγ 28, 2023 4:34:16 Μ.Μ. User toString
FINE: 1562: User Kal zzx accessed
Αυγ 28, 2023 4:34:16 Μ.Μ. User toString
FINE: 1563: User rwfrwfr rfwrgf accessed
Αυγ 28, 2023 4:34:16 Μ.Μ. User toString
FINE: 1564: User Apostolos Kazopidis accessed
Αυγ 28, 2023 4:34:16 Μ.Μ. User toString
FINE: 1565: User Georgios Sakalas accessed
Αυγ 28, 2023 4:34:16 Μ.Μ. User toString
FINE: 1566: User test accessed
Αυγ 28, 2023 4:34:16 Μ.Μ. User toString
FINE: 1567: User Kal zzx accessed
Αυγ 28, 2023 4:34:16 Μ.Μ. User toString
FINE: 1568: User rwfrwfr rfwrgf accessed
Αυγ 28, 2023 4:34:16 Μ.Μ. User toString
FINE: 1569: User Apostolos Kazopidis accessed
Αυγ 28, 2023 4:34:16 Μ.Μ. User toString
FINE: 1570: User Georgios Sakalas accessed
Αυγ 28, 2023 4:34:16 Μ.Μ. User toString
FINE: 1571: User test accessed
Αυγ 28, 2023 4:34:16 Μ.Μ. User toString
FINE: 1572: User Kal zzx accessed
Αυγ 28, 2023 4:34:16 Μ.Μ. User toString
FINE: 1573: User rwfrwfr rfwrgf accessed
Αυγ 28, 2023 4:34:16 Μ.Μ. User toString
FINE: 1574: User Apostolos Kazopidis accessed
Αυγ 28, 2023 4:34:16 Μ.Μ. User toString
FINE: 1575: User Georgios Sakalas accessed
Αυγ 28, 2023 4:34:16 Μ.Μ. User toString
FINE: 1576: User test accessed
Αυγ 28, 2023 4:34:16 Μ.Μ. User toString
FINE: 1577: User Kal zzx accessed
Αυγ 28, 2023 4:34:16 Μ.Μ. User toString
FINE: 1578: User rwfrwfr rfwrgf accessed
Αυγ 28, 2023 4:34:16 Μ.Μ. User toString
FINE: 1579: User Apostolos Kazopidis accessed
Αυγ 28, 2023 4:34:16 Μ.Μ. User toString
FINE: 1580: User Georgios Sakalas accessed
Αυγ 28, 2023 4:34:16 Μ.Μ. User toString
FINE: 1581: User test accessed
Αυγ 28, 2023 4:34:16 Μ.Μ. User toString
FINE: 1582: User Kal zzx accessed
Αυγ 28, 2023 4:34:16 Μ.Μ. User toString
FINE: 1583: User rwfrwfr rfwrgf accessed
Αυγ 28, 2023 4:34:16 Μ.Μ. User toString
FINE: 1584: User Apostolos Kazopidis accessed
Αυγ 28, 2023 4:34:16 Μ.Μ. User toString
FINE: 1585: User Georgios Sakalas accessed
Αυγ 28, 2023 4:34:16 Μ.Μ. User toString
FINE: 1586: User test accessed
Αυγ 28, 2023 4:34:16 Μ.Μ. User toString
FINE: 1587: User Kal zzx accessed
Αυγ 28, 2023 4:34:16 Μ.Μ. User toString
FINE: 1588: User rwfrwfr rfwrgf accessed
Αυγ 28, 2023 4:34:16 Μ.Μ. User toString
FINE: 1589: User Apostolos Kazopidis accessed
Αυγ 28, 2023 4:34:16 Μ.Μ. User toString
FINE: 1590: User Georgios Sakalas accessed
Αυγ 28, 2023 4:34:16 Μ.Μ. User toString
FINE: 1591: User test accessed
Αυγ 28, 2023 4:34:16 Μ.Μ. User toString
FINE: 1592: User Kal zzx accessed
Αυγ 28, 2023 4:34:16 Μ.Μ. User toString
FINE: 1593: User rwfrwfr rfwrgf accessed
Αυγ 28, 2023 4:34:16 Μ.Μ. User toString
FINE: 1594: User Apostolos Kazopidis accessed
Αυγ 28, 2023 4:34:16 Μ.Μ. User toString
FINE: 1595: User Georgios Sakalas accessed
Αυγ 28, 2023 4:34:16 Μ.Μ. User toString
FINE: 1596: User test accessed
Αυγ 28, 2023 4:34:16 Μ.Μ. User toString
FINE: 1597: User Kal zzx accessed
Αυγ 28, 2023 4:34:16 Μ.Μ. User toString
FINE: 1598: User rwfrwfr rfwrgf accessed
Αυγ 28, 2023 4:34:16 Μ.Μ. User toString
FINE: 1599: User Apostolos Kazopidis accessed
Αυγ 28, 2023 4:34:16 Μ.Μ. User toString
FINE: 1600: User Georgios Sakalas accessed
Αυγ 28, 2023 4:34:16 Μ.Μ. User toString
FINE: 1601: User test accessed
Αυγ 28, 2023 4:34:16 Μ.Μ. User toString
FINE: 1602: User Kal zzx accessed
Αυγ 28, 2023 4:34:16 Μ.Μ. User toString
FINE: 1603: User rwfrwfr rfwrgf accessed
Αυγ 28, 2023 4:34:16 Μ.Μ. User toString
FINE: 1604: User Apostolos Kazopidis accessed
Αυγ 28, 2023 4:34:16 Μ.Μ. User toString
FINE: 1605: User Georgios Sakalas accessed
Αυγ 28, 2023 4:34:16 Μ.Μ. User toString
FINE: 1606: User test accessed
Αυγ 28, 2023 4:34:16 Μ.Μ. User toString
FINE: 1607: User Kal zzx accessed
Αυγ 28, 2023 4:34:16 Μ.Μ. User toString
FINE: 1608: User rwfrwfr rfwrgf accessed
Αυγ 28, 2023 4:34:16 Μ.Μ. User toString
FINE: 1609: User Apostolos Kazopidis accessed
Αυγ 28, 2023 4:34:16 Μ.Μ. User toString
FINE: 1610: User Georgios Sakalas accessed
Αυγ 28, 2023 4:34:16 Μ.Μ. User toString
FINE: 1611: User test accessed
Αυγ 28, 2023 4:34:16 Μ.Μ. User toString
FINE: 1612: User Kal zzx accessed
Αυγ 28, 2023 4:34:16 Μ.Μ. User toString
FINE: 1613: User rwfrwfr rfwrgf accessed
Αυγ 28, 2023 4:34:16 Μ.Μ. User toString
FINE: 1614: User Apostolos Kazopidis accessed
Αυγ 28, 2023 4:34:16 Μ.Μ. User toString
FINE: 1615: User Georgios Sakalas accessed
Αυγ 28, 2023 4:34:16 Μ.Μ. User toString
FINE: 1616: User test accessed
Αυγ 28, 2023 4:34:16 Μ.Μ. User toString
FINE: 1617: User Kal zzx accessed
Αυγ 28, 2023 4:34:16 Μ.Μ. User toString
FINE: 1618: User rwfrwfr rfwrgf accessed
Αυγ 28, 2023 4:34:16 Μ.Μ. User toString
FINE: 1619: User Apostolos Kazopidis accessed
Αυγ 28, 2023 4:34:16 Μ.Μ. User toString
FINE: 1620: User Georgios Sakalas accessed
Αυγ 28, 2023 4:34:16 Μ.Μ. User toString
FINE: 1621: User test accessed
Αυγ 28, 2023 4:34:16 Μ.Μ. User toString
FINE: 1622: User Kal zzx accessed
Αυγ 28, 2023 4:34:16 Μ.Μ. User toString
FINE: 1623: User rwfrwfr rfwrgf accessed
Αυγ 28, 2023 4:34:16 Μ.Μ. User toString
FINE: 1624: User Apostolos Kazopidis accessed
Αυγ 28, 2023 4:34:16 Μ.Μ. User toString
FINE: 1625: User Georgios Sakalas accessed
Αυγ 28, 2023 4:34:16 Μ.Μ. User toString
FINE: 1626: User test accessed
Αυγ 28, 2023 4:34:16 Μ.Μ. User toString
FINE: 1627: User Kal zzx accessed
Αυγ 28, 2023 4:34:16 Μ.Μ. User toString
FINE: 1628: User rwfrwfr rfwrgf accessed
Αυγ 28, 2023 4:34:16 Μ.Μ. User toString
FINE: 1629: User Apostolos Kazopidis accessed
Αυγ 28, 2023 4:34:16 Μ.Μ. User toString
FINE: 1630: User Georgios Sakalas accessed
Αυγ 28, 2023 4:34:16 Μ.Μ. User toString
FINE: 1631: User test accessed
Αυγ 28, 2023 4:34:16 Μ.Μ. User toString
FINE: 1632: User Kal zzx accessed
Αυγ 28, 2023 4:34:16 Μ.Μ. User toString
FINE: 1633: User rwfrwfr rfwrgf accessed
Αυγ 28, 2023 4:34:16 Μ.Μ. User toString
FINE: 1634: User Apostolos Kazopidis accessed
Αυγ 28, 2023 4:34:16 Μ.Μ. User toString
FINE: 1635: User Georgios Sakalas accessed
Αυγ 28, 2023 4:34:16 Μ.Μ. User toString
FINE: 1636: User test accessed
Αυγ 28, 2023 4:34:16 Μ.Μ. User toString
FINE: 1637: User Kal zzx accessed
Αυγ 28, 2023 4:34:16 Μ.Μ. User toString
FINE: 1638: User rwfrwfr rfwrgf accessed
Αυγ 28, 2023 4:34:16 Μ.Μ. User toString
FINE: 1639: User Apostolos Kazopidis accessed
Αυγ 28, 2023 4:34:16 Μ.Μ. User toString
FINE: 1640: User Georgios Sakalas accessed
Αυγ 28, 2023 4:34:16 Μ.Μ. User toString
FINE: 1641: User test accessed
Αυγ 28, 2023 4:34:16 Μ.Μ. User toString
FINE: 1642: User Kal zzx accessed
Αυγ 28, 2023 4:34:16 Μ.Μ. User toString
FINE: 1643: User rwfrwfr rfwrgf accessed
Αυγ 28, 2023 4:34:16 Μ.Μ. User toString
FINE: 1644: User Apostolos Kazopidis accessed
Αυγ 28, 2023 4:34:16 Μ.Μ. User toString
FINE: 1645: User Georgios Sakalas accessed
Αυγ 28, 2023 4:34:16 Μ.Μ. User toString
FINE: 1646: User test accessed
Αυγ 28, 2023 4:34:16 Μ.Μ. User toString
FINE: 1647: User Kal zzx accessed
Αυγ 28, 2023 4:34:16 Μ.Μ. User toString
FINE: 1648: User rwfrwfr rfwrgf accessed
Αυγ 28, 2023 4:34:16 Μ.Μ. User toString
FINE: 1649: User Apostolos Kazopidis accessed
Αυγ 28, 2023 4:34:16 Μ.Μ. User toString
FINE: 1650: User Georgios Sakalas accessed
Αυγ 28, 2023 4:34:16 Μ.Μ. User toString
FINE: 1651: User test accessed
Αυγ 28, 2023 4:34:16 Μ.Μ. User toString
FINE: 1652: User Kal zzx accessed
Αυγ 28, 2023 4:34:16 Μ.Μ. User toString
FINE: 1653: User rwfrwfr rfwrgf accessed
Αυγ 28, 2023 4:34:16 Μ.Μ. User toString
FINE: 1654: User Apostolos Kazopidis accessed
Αυγ 28, 2023 4:34:16 Μ.Μ. User toString
FINE: 1655: User Georgios Sakalas accessed
Αυγ 28, 2023 4:34:16 Μ.Μ. User toString
FINE: 1656: User test accessed
Αυγ 28, 2023 4:34:16 Μ.Μ. User toString
FINE: 1657: User Kal zzx accessed
Αυγ 28, 2023 4:34:16 Μ.Μ. User toString
FINE: 1658: User rwfrwfr rfwrgf accessed
Αυγ 28, 2023 4:34:16 Μ.Μ. User toString
FINE: 1659: User Apostolos Kazopidis accessed
Αυγ 28, 2023 4:34:16 Μ.Μ. User toString
FINE: 1660: User Georgios Sakalas accessed
Αυγ 28, 2023 4:34:16 Μ.Μ. User toString
FINE: 1661: User test accessed
Αυγ 28, 2023 4:34:16 Μ.Μ. User toString
FINE: 1662: User Kal zzx accessed
Αυγ 28, 2023 4:34:16 Μ.Μ. User toString
FINE: 1663: User rwfrwfr rfwrgf accessed
Αυγ 28, 2023 4:34:16 Μ.Μ. User toString
FINE: 1664: User Apostolos Kazopidis accessed
Αυγ 28, 2023 4:34:16 Μ.Μ. User toString
FINE: 1665: User Georgios Sakalas accessed
Αυγ 28, 2023 4:34:16 Μ.Μ. User toString
FINE: 1666: User test accessed
Αυγ 28, 2023 4:34:16 Μ.Μ. User toString
FINE: 1667: User Kal zzx accessed
Αυγ 28, 2023 4:34:16 Μ.Μ. User toString
FINE: 1668: User rwfrwfr rfwrgf accessed
Αυγ 28, 2023 4:34:16 Μ.Μ. User toString
FINE: 1669: User Apostolos Kazopidis accessed
Αυγ 28, 2023 4:34:16 Μ.Μ. User toString
FINE: 1670: User Georgios Sakalas accessed
Αυγ 28, 2023 4:34:16 Μ.Μ. User toString
FINE: 1671: User test accessed
Αυγ 28, 2023 4:34:16 Μ.Μ. User toString
FINE: 1672: User Kal zzx accessed
Αυγ 28, 2023 4:34:16 Μ.Μ. User toString
FINE: 1673: User rwfrwfr rfwrgf accessed
Αυγ 28, 2023 4:34:16 Μ.Μ. User toString
FINE: 1674: User Apostolos Kazopidis accessed
Αυγ 28, 2023 4:34:16 Μ.Μ. User toString
FINE: 1675: User Georgios Sakalas accessed
Αυγ 28, 2023 4:34:16 Μ.Μ. User toString
FINE: 1676: User test accessed
Αυγ 28, 2023 4:34:16 Μ.Μ. User toString
FINE: 1677: User Kal zzx accessed
Αυγ 28, 2023 4:34:16 Μ.Μ. User toString
FINE: 1678: User rwfrwfr rfwrgf accessed
Αυγ 28, 2023 4:34:16 Μ.Μ. User toString
FINE: 1679: User Apostolos Kazopidis accessed
Αυγ 28, 2023 4:34:16 Μ.Μ. User toString
FINE: 1680: User Georgios Sakalas accessed
Αυγ 28, 2023 4:34:16 Μ.Μ. User toString
FINE: 1681: User test accessed
Αυγ 28, 2023 4:34:16 Μ.Μ. User toString
FINE: 1682: User Kal zzx accessed
Αυγ 28, 2023 4:34:16 Μ.Μ. User toString
FINE: 1683: User rwfrwfr rfwrgf accessed
Αυγ 28, 2023 4:34:16 Μ.Μ. User toString
FINE: 1684: User Apostolos Kazopidis accessed
Αυγ 28, 2023 4:34:16 Μ.Μ. User toString
FINE: 1685: User Georgios Sakalas accessed
Αυγ 28, 2023 4:34:16 Μ.Μ. User toString
FINE: 1686: User test accessed
Αυγ 28, 2023 4:34:16 Μ.Μ. User toString
FINE: 1687: User Kal zzx accessed
Αυγ 28, 2023 4:34:16 Μ.Μ. User toString
FINE: 1688: User rwfrwfr rfwrgf accessed
Αυγ 28, 2023 4:34:16 Μ.Μ. User toString
FINE: 1689: User Apostolos Kazopidis accessed
Αυγ 28, 2023 4:34:16 Μ.Μ. User toString
FINE: 1690: User Georgios Sakalas accessed
Αυγ 28, 2023 4:34:16 Μ.Μ. User toString
FINE: 1691: User test accessed
Αυγ 28, 2023 4:34:16 Μ.Μ. User toString
FINE: 1692: User Kal zzx accessed
Αυγ 28, 2023 4:34:16 Μ.Μ. User toString
FINE: 1693: User rwfrwfr rfwrgf accessed
Αυγ 28, 2023 4:34:16 Μ.Μ. User toString
FINE: 1694: User Apostolos Kazopidis accessed
Αυγ 28, 2023 4:34:16 Μ.Μ. User toString
FINE: 1695: User Georgios Sakalas accessed
Αυγ 28, 2023 4:34:16 Μ.Μ. User toString
FINE: 1696: User test accessed
Αυγ 28, 2023 4:34:16 Μ.Μ. User toString
FINE: 1697: User Kal zzx accessed
Αυγ 28, 2023 4:34:16 Μ.Μ. User toString
FINE: 1698: User rwfrwfr rfwrgf accessed
Αυγ 28, 2023 4:34:16 Μ.Μ. User toString
FINE: 1699: User Apostolos Kazopidis accessed
Αυγ 28, 2023 4:34:16 Μ.Μ. User toString
FINE: 1700: User Georgios Sakalas accessed
Αυγ 28, 2023 4:34:16 Μ.Μ. User toString
FINE: 1701: User test accessed
Αυγ 28, 2023 4:34:16 Μ.Μ. User toString
FINE: 1702: User Kal zzx accessed
Αυγ 28, 2023 4:34:16 Μ.Μ. User toString
FINE: 1703: User rwfrwfr rfwrgf accessed
Αυγ 28, 2023 4:34:16 Μ.Μ. User toString
FINE: 1704: User Apostolos Kazopidis accessed
Αυγ 28, 2023 4:34:16 Μ.Μ. User toString
FINE: 1705: User Georgios Sakalas accessed
Αυγ 28, 2023 4:34:16 Μ.Μ. User toString
FINE: 1706: User test accessed
Αυγ 28, 2023 4:34:16 Μ.Μ. User toString
FINE: 1707: User Kal zzx accessed
Αυγ 28, 2023 4:34:16 Μ.Μ. User toString
FINE: 1708: User rwfrwfr rfwrgf accessed
Αυγ 28, 2023 4:34:16 Μ.Μ. User toString
FINE: 1709: User Apostolos Kazopidis accessed
Αυγ 28, 2023 4:34:16 Μ.Μ. User toString
FINE: 1710: User Georgios Sakalas accessed
Αυγ 28, 2023 4:34:16 Μ.Μ. User toString
FINE: 1711: User test accessed
Αυγ 28, 2023 4:34:16 Μ.Μ. User toString
FINE: 1712: User Kal zzx accessed
Αυγ 28, 2023 4:34:16 Μ.Μ. User toString
FINE: 1713: User rwfrwfr rfwrgf accessed
Αυγ 28, 2023 4:34:16 Μ.Μ. User toString
FINE: 1714: User Apostolos Kazopidis accessed
Αυγ 28, 2023 4:34:16 Μ.Μ. User toString
FINE: 1715: User Georgios Sakalas accessed
Αυγ 28, 2023 4:34:16 Μ.Μ. User toString
FINE: 1716: User test accessed
Αυγ 28, 2023 4:34:16 Μ.Μ. User toString
FINE: 1717: User Kal zzx accessed
Αυγ 28, 2023 4:34:16 Μ.Μ. User toString
FINE: 1718: User rwfrwfr rfwrgf accessed
Αυγ 28, 2023 4:34:16 Μ.Μ. User toString
FINE: 1719: User Apostolos Kazopidis accessed
Αυγ 28, 2023 4:34:16 Μ.Μ. User toString
FINE: 1720: User Georgios Sakalas accessed
Αυγ 28, 2023 4:34:16 Μ.Μ. User toString
FINE: 1721: User test accessed
Αυγ 28, 2023 4:34:16 Μ.Μ. User toString
FINE: 1722: User Kal zzx accessed
Αυγ 28, 2023 4:34:16 Μ.Μ. User toString
FINE: 1723: User rwfrwfr rfwrgf accessed
Αυγ 28, 2023 4:34:16 Μ.Μ. User toString
FINE: 1724: User Apostolos Kazopidis accessed
Αυγ 28, 2023 4:34:16 Μ.Μ. User toString
FINE: 1725: User Georgios Sakalas accessed
Αυγ 28, 2023 4:34:16 Μ.Μ. User toString
FINE: 1726: User test accessed
Αυγ 28, 2023 4:34:16 Μ.Μ. User toString
FINE: 1727: User Kal zzx accessed
Αυγ 28, 2023 4:34:16 Μ.Μ. User toString
FINE: 1728: User rwfrwfr rfwrgf accessed
Αυγ 28, 2023 4:34:16 Μ.Μ. User toString
FINE: 1729: User Apostolos Kazopidis accessed
Αυγ 28, 2023 4:34:16 Μ.Μ. User toString
FINE: 1730: User Georgios Sakalas accessed
Αυγ 28, 2023 4:34:16 Μ.Μ. User toString
FINE: 1731: User test accessed
Αυγ 28, 2023 4:34:16 Μ.Μ. User toString
FINE: 1732: User Kal zzx accessed
Αυγ 28, 2023 4:34:16 Μ.Μ. User toString
FINE: 1733: User rwfrwfr rfwrgf accessed
Αυγ 28, 2023 4:34:16 Μ.Μ. User toString
FINE: 1734: User Apostolos Kazopidis accessed
Αυγ 28, 2023 4:34:16 Μ.Μ. User toString
FINE: 1735: User Georgios Sakalas accessed
Αυγ 28, 2023 4:34:16 Μ.Μ. User toString
FINE: 1736: User test accessed
Αυγ 28, 2023 4:34:16 Μ.Μ. User toString
FINE: 1737: User Kal zzx accessed
Αυγ 28, 2023 4:34:16 Μ.Μ. User toString
FINE: 1738: User rwfrwfr rfwrgf accessed
Αυγ 28, 2023 4:34:16 Μ.Μ. User toString
FINE: 1739: User Apostolos Kazopidis accessed
Αυγ 28, 2023 4:34:16 Μ.Μ. User toString
FINE: 1740: User Georgios Sakalas accessed
Αυγ 28, 2023 4:34:16 Μ.Μ. User toString
FINE: 1741: User test accessed
Αυγ 28, 2023 4:34:16 Μ.Μ. User toString
FINE: 1742: User Kal zzx accessed
Αυγ 28, 2023 4:34:16 Μ.Μ. User toString
FINE: 1743: User rwfrwfr rfwrgf accessed
Αυγ 28, 2023 4:34:16 Μ.Μ. User toString
FINE: 1744: User Apostolos Kazopidis accessed
Αυγ 28, 2023 4:34:16 Μ.Μ. User toString
FINE: 1745: User Georgios Sakalas accessed
Αυγ 28, 2023 4:34:16 Μ.Μ. User toString
FINE: 1746: User test accessed
Αυγ 28, 2023 4:34:16 Μ.Μ. User toString
FINE: 1747: User Kal zzx accessed
Αυγ 28, 2023 4:34:16 Μ.Μ. User toString
FINE: 1748: User rwfrwfr rfwrgf accessed
Αυγ 28, 2023 4:34:16 Μ.Μ. User toString
FINE: 1749: User Apostolos Kazopidis accessed
Αυγ 28, 2023 4:34:16 Μ.Μ. User toString
FINE: 1750: User Georgios Sakalas accessed
Αυγ 28, 2023 4:34:16 Μ.Μ. User toString
FINE: 1751: User test accessed
Αυγ 28, 2023 4:34:16 Μ.Μ. User toString
FINE: 1752: User Kal zzx accessed
Αυγ 28, 2023 4:34:16 Μ.Μ. User toString
FINE: 1753: User rwfrwfr rfwrgf accessed
Αυγ 28, 2023 4:34:16 Μ.Μ. User toString
FINE: 1754: User Apostolos Kazopidis accessed
Αυγ 28, 2023 4:34:16 Μ.Μ. User toString
FINE: 1755: User Georgios Sakalas accessed
Αυγ 28, 2023 4:34:16 Μ.Μ. User toString
FINE: 1756: User test accessed
Αυγ 28, 2023 4:34:16 Μ.Μ. User toString
FINE: 1757: User Kal zzx accessed
Αυγ 28, 2023 4:34:16 Μ.Μ. User toString
FINE: 1758: User rwfrwfr rfwrgf accessed
Αυγ 28, 2023 4:34:16 Μ.Μ. User toString
FINE: 1759: User Apostolos Kazopidis accessed
Αυγ 28, 2023 4:34:16 Μ.Μ. User toString
FINE: 1760: User Georgios Sakalas accessed
Αυγ 28, 2023 4:34:16 Μ.Μ. User toString
FINE: 1761: User test accessed
Αυγ 28, 2023 4:34:16 Μ.Μ. User toString
FINE: 1762: User Kal zzx accessed
Αυγ 28, 2023 4:34:16 Μ.Μ. User toString
FINE: 1763: User rwfrwfr rfwrgf accessed
Αυγ 28, 2023 4:34:16 Μ.Μ. User toString
FINE: 1764: User Apostolos Kazopidis accessed
Αυγ 28, 2023 4:34:16 Μ.Μ. User toString
FINE: 1765: User Georgios Sakalas accessed
Αυγ 28, 2023 4:34:16 Μ.Μ. User toString
FINE: 1766: User test accessed
Αυγ 28, 2023 4:34:16 Μ.Μ. User toString
FINE: 1767: User Kal zzx accessed
Αυγ 28, 2023 4:34:16 Μ.Μ. User toString
FINE: 1768: User rwfrwfr rfwrgf accessed
Αυγ 28, 2023 4:34:16 Μ.Μ. User toString
FINE: 1769: User Apostolos Kazopidis accessed
Αυγ 28, 2023 4:34:16 Μ.Μ. User toString
FINE: 1770: User Georgios Sakalas accessed
Αυγ 28, 2023 4:34:16 Μ.Μ. User toString
FINE: 1771: User test accessed
Αυγ 28, 2023 4:34:16 Μ.Μ. User toString
FINE: 1772: User Kal zzx accessed
Αυγ 28, 2023 4:34:16 Μ.Μ. User toString
FINE: 1773: User rwfrwfr rfwrgf accessed
Αυγ 28, 2023 4:34:16 Μ.Μ. User toString
FINE: 1774: User Apostolos Kazopidis accessed
Αυγ 28, 2023 4:34:16 Μ.Μ. User toString
FINE: 1775: User Georgios Sakalas accessed
Αυγ 28, 2023 4:34:16 Μ.Μ. User toString
FINE: 1776: User test accessed
Αυγ 28, 2023 4:34:16 Μ.Μ. User toString
FINE: 1777: User Kal zzx accessed
Αυγ 28, 2023 4:34:16 Μ.Μ. User toString
FINE: 1778: User rwfrwfr rfwrgf accessed
Αυγ 28, 2023 4:34:16 Μ.Μ. User toString
FINE: 1779: User Apostolos Kazopidis accessed
Αυγ 28, 2023 4:34:16 Μ.Μ. User toString
FINE: 1780: User Georgios Sakalas accessed
Αυγ 28, 2023 4:34:16 Μ.Μ. User toString
FINE: 1781: User test accessed
Αυγ 28, 2023 4:34:16 Μ.Μ. User toString
FINE: 1782: User Kal zzx accessed
Αυγ 28, 2023 4:34:16 Μ.Μ. User toString
FINE: 1783: User rwfrwfr rfwrgf accessed
Αυγ 28, 2023 4:34:16 Μ.Μ. User toString
FINE: 1784: User Apostolos Kazopidis accessed
Αυγ 28, 2023 4:34:16 Μ.Μ. User toString
FINE: 1785: User Georgios Sakalas accessed
Αυγ 28, 2023 4:34:16 Μ.Μ. User toString
FINE: 1786: User test accessed
Αυγ 28, 2023 4:34:16 Μ.Μ. User toString
FINE: 1787: User Kal zzx accessed
Αυγ 28, 2023 4:34:16 Μ.Μ. User toString
FINE: 1788: User rwfrwfr rfwrgf accessed
Αυγ 28, 2023 4:34:16 Μ.Μ. User toString
FINE: 1789: User Apostolos Kazopidis accessed
Αυγ 28, 2023 4:34:16 Μ.Μ. User toString
FINE: 1790: User Georgios Sakalas accessed
Αυγ 28, 2023 4:34:16 Μ.Μ. User toString
FINE: 1791: User test accessed
Αυγ 28, 2023 4:34:16 Μ.Μ. User toString
FINE: 1792: User Kal zzx accessed
Αυγ 28, 2023 4:34:16 Μ.Μ. User toString
FINE: 1793: User rwfrwfr rfwrgf accessed
Αυγ 28, 2023 4:34:16 Μ.Μ. User toString
FINE: 1794: User Apostolos Kazopidis accessed
Αυγ 28, 2023 4:34:16 Μ.Μ. User toString
FINE: 1795: User Georgios Sakalas accessed
Αυγ 28, 2023 4:34:16 Μ.Μ. User toString
FINE: 1796: User test accessed
Αυγ 28, 2023 4:34:16 Μ.Μ. User toString
FINE: 1797: User Kal zzx accessed
Αυγ 28, 2023 4:34:16 Μ.Μ. User toString
FINE: 1798: User rwfrwfr rfwrgf accessed
Αυγ 28, 2023 4:34:16 Μ.Μ. User toString
FINE: 1799: User Apostolos Kazopidis accessed
Αυγ 28, 2023 4:34:16 Μ.Μ. User toString
FINE: 1800: User Georgios Sakalas accessed
Αυγ 28, 2023 4:34:16 Μ.Μ. User toString
FINE: 1801: User test accessed
Αυγ 28, 2023 4:34:16 Μ.Μ. User toString
FINE: 1802: User Kal zzx accessed
Αυγ 28, 2023 4:34:16 Μ.Μ. User toString
FINE: 1803: User rwfrwfr rfwrgf accessed
Αυγ 28, 2023 4:34:16 Μ.Μ. User toString
FINE: 1804: User Apostolos Kazopidis accessed
Αυγ 28, 2023 4:34:16 Μ.Μ. User toString
FINE: 1805: User Georgios Sakalas accessed
Αυγ 28, 2023 4:34:16 Μ.Μ. User toString
FINE: 1806: User test accessed
Αυγ 28, 2023 4:34:16 Μ.Μ. User toString
FINE: 1807: User Kal zzx accessed
Αυγ 28, 2023 4:34:16 Μ.Μ. User toString
FINE: 1808: User rwfrwfr rfwrgf accessed
Αυγ 28, 2023 4:34:16 Μ.Μ. User toString
FINE: 1809: User Apostolos Kazopidis accessed
Αυγ 28, 2023 4:34:16 Μ.Μ. User toString
FINE: 1810: User Georgios Sakalas accessed
Αυγ 28, 2023 4:34:16 Μ.Μ. User toString
FINE: 1811: User test accessed
Αυγ 28, 2023 4:34:16 Μ.Μ. User toString
FINE: 1812: User Kal zzx accessed
Αυγ 28, 2023 4:34:16 Μ.Μ. User toString
FINE: 1813: User rwfrwfr rfwrgf accessed
Αυγ 28, 2023 4:34:16 Μ.Μ. User toString
FINE: 1814: User Apostolos Kazopidis accessed
Αυγ 28, 2023 4:34:16 Μ.Μ. User toString
FINE: 1815: User Georgios Sakalas accessed
Αυγ 28, 2023 4:34:16 Μ.Μ. User toString
FINE: 1816: User test accessed
Αυγ 28, 2023 4:34:16 Μ.Μ. User toString
FINE: 1817: User Kal zzx accessed
Αυγ 28, 2023 4:34:16 Μ.Μ. User toString
FINE: 1818: User rwfrwfr rfwrgf accessed
Αυγ 28, 2023 4:34:16 Μ.Μ. User toString
FINE: 1819: User Apostolos Kazopidis accessed
Αυγ 28, 2023 4:34:16 Μ.Μ. User toString
FINE: 1820: User Georgios Sakalas accessed
Αυγ 28, 2023 4:34:16 Μ.Μ. User toString
FINE: 1821: User test accessed
Αυγ 28, 2023 4:34:16 Μ.Μ. User toString
FINE: 1822: User Kal zzx accessed
Αυγ 28, 2023 4:34:16 Μ.Μ. User toString
FINE: 1823: User rwfrwfr rfwrgf accessed
Αυγ 28, 2023 4:34:16 Μ.Μ. User toString
FINE: 1824: User Apostolos Kazopidis accessed
Αυγ 28, 2023 4:34:16 Μ.Μ. User toString
FINE: 1825: User Georgios Sakalas accessed
Αυγ 28, 2023 4:34:16 Μ.Μ. User toString
FINE: 1826: User test accessed
Αυγ 28, 2023 4:34:16 Μ.Μ. User toString
FINE: 1827: User Kal zzx accessed
Αυγ 28, 2023 4:34:16 Μ.Μ. User toString
FINE: 1828: User rwfrwfr rfwrgf accessed
Αυγ 28, 2023 4:34:16 Μ.Μ. User toString
FINE: 1829: User Apostolos Kazopidis accessed
Αυγ 28, 2023 4:34:16 Μ.Μ. User toString
FINE: 1830: User Georgios Sakalas accessed
Αυγ 28, 2023 4:34:16 Μ.Μ. User toString
FINE: 1831: User test accessed
Αυγ 28, 2023 4:34:16 Μ.Μ. User toString
FINE: 1832: User Kal zzx accessed
Αυγ 28, 2023 4:34:16 Μ.Μ. User toString
FINE: 1833: User rwfrwfr rfwrgf accessed
Αυγ 28, 2023 4:34:16 Μ.Μ. User toString
FINE: 1834: User Apostolos Kazopidis accessed
Αυγ 28, 2023 4:34:16 Μ.Μ. User toString
FINE: 1835: User Georgios Sakalas accessed
Αυγ 28, 2023 4:34:16 Μ.Μ. User toString
FINE: 1836: User test accessed
Αυγ 28, 2023 4:34:16 Μ.Μ. User toString
FINE: 1837: User Kal zzx accessed
Αυγ 28, 2023 4:34:16 Μ.Μ. User toString
FINE: 1838: User rwfrwfr rfwrgf accessed
Αυγ 28, 2023 4:34:16 Μ.Μ. User toString
FINE: 1839: User Apostolos Kazopidis accessed
Αυγ 28, 2023 4:34:16 Μ.Μ. User toString
FINE: 1840: User Georgios Sakalas accessed
Αυγ 28, 2023 4:34:16 Μ.Μ. User toString
FINE: 1841: User test accessed
Αυγ 28, 2023 4:34:16 Μ.Μ. User toString
FINE: 1842: User Kal zzx accessed
Αυγ 28, 2023 4:34:16 Μ.Μ. User toString
FINE: 1843: User rwfrwfr rfwrgf accessed
Αυγ 28, 2023 4:34:16 Μ.Μ. User toString
FINE: 1844: User Apostolos Kazopidis accessed
Αυγ 28, 2023 4:34:16 Μ.Μ. User toString
FINE: 1845: User Georgios Sakalas accessed
Αυγ 28, 2023 4:34:16 Μ.Μ. User toString
FINE: 1846: User test accessed
Αυγ 28, 2023 4:34:16 Μ.Μ. User toString
FINE: 1847: User Kal zzx accessed
Αυγ 28, 2023 4:34:16 Μ.Μ. User toString
FINE: 1848: User rwfrwfr rfwrgf accessed
Αυγ 28, 2023 4:34:16 Μ.Μ. User toString
FINE: 1849: User Apostolos Kazopidis accessed
Αυγ 28, 2023 4:34:16 Μ.Μ. User toString
FINE: 1850: User Georgios Sakalas accessed
Αυγ 28, 2023 4:34:16 Μ.Μ. User toString
FINE: 1851: User test accessed
Αυγ 28, 2023 4:34:16 Μ.Μ. User toString
FINE: 1852: User Kal zzx accessed
Αυγ 28, 2023 4:34:16 Μ.Μ. User toString
FINE: 1853: User rwfrwfr rfwrgf accessed
Αυγ 28, 2023 4:34:16 Μ.Μ. User toString
FINE: 1854: User Apostolos Kazopidis accessed
Αυγ 28, 2023 4:34:16 Μ.Μ. User toString
FINE: 1855: User Georgios Sakalas accessed
Αυγ 28, 2023 4:34:16 Μ.Μ. User toString
FINE: 1856: User test accessed
Αυγ 28, 2023 4:34:16 Μ.Μ. User toString
FINE: 1857: User Kal zzx accessed
Αυγ 28, 2023 4:34:16 Μ.Μ. User toString
FINE: 1858: User rwfrwfr rfwrgf accessed
Αυγ 28, 2023 4:34:16 Μ.Μ. User toString
FINE: 1859: User Apostolos Kazopidis accessed
Αυγ 28, 2023 4:34:16 Μ.Μ. User toString
FINE: 1860: User Georgios Sakalas accessed
Αυγ 28, 2023 4:34:16 Μ.Μ. User toString
FINE: 1861: User test accessed
Αυγ 28, 2023 4:34:16 Μ.Μ. User toString
FINE: 1862: User Kal zzx accessed
Αυγ 28, 2023 4:34:16 Μ.Μ. User toString
FINE: 1863: User rwfrwfr rfwrgf accessed
Αυγ 28, 2023 4:34:16 Μ.Μ. User toString
FINE: 1864: User Apostolos Kazopidis accessed
Αυγ 28, 2023 4:34:16 Μ.Μ. User toString
FINE: 1865: User Georgios Sakalas accessed
Αυγ 28, 2023 4:34:16 Μ.Μ. User toString
FINE: 1866: User test accessed
Αυγ 28, 2023 4:34:16 Μ.Μ. User toString
FINE: 1867: User Kal zzx accessed
Αυγ 28, 2023 4:34:16 Μ.Μ. User toString
FINE: 1868: User rwfrwfr rfwrgf accessed
Αυγ 28, 2023 4:34:16 Μ.Μ. User toString
FINE: 1869: User Apostolos Kazopidis accessed
Αυγ 28, 2023 4:34:16 Μ.Μ. User toString
FINE: 1870: User Georgios Sakalas accessed
Αυγ 28, 2023 4:34:16 Μ.Μ. User toString
FINE: 1871: User test accessed
Αυγ 28, 2023 4:34:16 Μ.Μ. User toString
FINE: 1872: User Kal zzx accessed
Αυγ 28, 2023 4:34:16 Μ.Μ. User toString
FINE: 1873: User rwfrwfr rfwrgf accessed
Αυγ 28, 2023 4:34:16 Μ.Μ. User toString
FINE: 1874: User Apostolos Kazopidis accessed
Αυγ 28, 2023 4:34:16 Μ.Μ. User toString
FINE: 1875: User Georgios Sakalas accessed
Αυγ 28, 2023 4:34:16 Μ.Μ. User toString
FINE: 1876: User test accessed
Αυγ 28, 2023 4:34:16 Μ.Μ. User toString
FINE: 1877: User Kal zzx accessed
Αυγ 28, 2023 4:34:16 Μ.Μ. User toString
FINE: 1878: User rwfrwfr rfwrgf accessed
Αυγ 28, 2023 4:34:16 Μ.Μ. User toString
FINE: 1879: User Apostolos Kazopidis accessed
Αυγ 28, 2023 4:34:16 Μ.Μ. User toString
FINE: 1880: User Georgios Sakalas accessed
Αυγ 28, 2023 4:34:16 Μ.Μ. User toString
FINE: 1881: User test accessed
Αυγ 28, 2023 4:34:16 Μ.Μ. User toString
FINE: 1882: User Kal zzx accessed
Αυγ 28, 2023 4:34:16 Μ.Μ. User toString
FINE: 1883: User rwfrwfr rfwrgf accessed
Αυγ 28, 2023 4:34:16 Μ.Μ. User toString
FINE: 1884: User Apostolos Kazopidis accessed
Αυγ 28, 2023 4:34:16 Μ.Μ. User toString
FINE: 1885: User Georgios Sakalas accessed
Αυγ 28, 2023 4:34:16 Μ.Μ. User toString
FINE: 1886: User test accessed
Αυγ 28, 2023 4:34:16 Μ.Μ. User toString
FINE: 1887: User Kal zzx accessed
Αυγ 28, 2023 4:34:16 Μ.Μ. User toString
FINE: 1888: User rwfrwfr rfwrgf accessed
Αυγ 28, 2023 4:34:16 Μ.Μ. User toString
FINE: 1889: User Apostolos Kazopidis accessed
Αυγ 28, 2023 4:34:16 Μ.Μ. User toString
FINE: 1890: User Georgios Sakalas accessed
Αυγ 28, 2023 4:34:16 Μ.Μ. User toString
FINE: 1891: User test accessed
Αυγ 28, 2023 4:34:16 Μ.Μ. User toString
FINE: 1892: User Kal zzx accessed
Αυγ 28, 2023 4:34:16 Μ.Μ. User toString
FINE: 1893: User rwfrwfr rfwrgf accessed
Αυγ 28, 2023 4:34:16 Μ.Μ. User toString
FINE: 1894: User Apostolos Kazopidis accessed
Αυγ 28, 2023 4:34:16 Μ.Μ. User toString
FINE: 1895: User Georgios Sakalas accessed
Αυγ 28, 2023 4:34:16 Μ.Μ. User toString
FINE: 1896: User test accessed
Αυγ 28, 2023 4:34:16 Μ.Μ. User toString
FINE: 1897: User Kal zzx accessed
Αυγ 28, 2023 4:34:16 Μ.Μ. User toString
FINE: 1898: User rwfrwfr rfwrgf accessed
Αυγ 28, 2023 4:34:16 Μ.Μ. User toString
FINE: 1899: User Apostolos Kazopidis accessed
Αυγ 28, 2023 4:34:16 Μ.Μ. User toString
FINE: 1900: User Georgios Sakalas accessed
Αυγ 28, 2023 4:34:16 Μ.Μ. User toString
FINE: 1901: User test accessed
Αυγ 28, 2023 4:34:16 Μ.Μ. User toString
FINE: 1902: User Kal zzx accessed
Αυγ 28, 2023 4:34:16 Μ.Μ. User toString
FINE: 1903: User rwfrwfr rfwrgf accessed
Αυγ 28, 2023 4:34:16 Μ.Μ. User toString
FINE: 1904: User Apostolos Kazopidis accessed
Αυγ 28, 2023 4:34:16 Μ.Μ. User toString
FINE: 1905: User Georgios Sakalas accessed
Αυγ 28, 2023 4:34:16 Μ.Μ. User toString
FINE: 1906: User test accessed
Αυγ 28, 2023 4:34:16 Μ.Μ. User toString
FINE: 1907: User Kal zzx accessed
Αυγ 28, 2023 4:34:16 Μ.Μ. User toString
FINE: 1908: User rwfrwfr rfwrgf accessed
Αυγ 28, 2023 4:34:16 Μ.Μ. User toString
FINE: 1909: User Apostolos Kazopidis accessed
Αυγ 28, 2023 4:34:16 Μ.Μ. User toString
FINE: 1910: User Georgios Sakalas accessed
Αυγ 28, 2023 4:34:16 Μ.Μ. User toString
FINE: 1911: User test accessed
Αυγ 28, 2023 4:34:16 Μ.Μ. User toString
FINE: 1912: User Kal zzx accessed
Αυγ 28, 2023 4:34:16 Μ.Μ. User toString
FINE: 1913: User rwfrwfr rfwrgf accessed
Αυγ 28, 2023 4:34:16 Μ.Μ. User toString
FINE: 1914: User Apostolos Kazopidis accessed
Αυγ 28, 2023 4:34:16 Μ.Μ. User toString
FINE: 1915: User Georgios Sakalas accessed
Αυγ 28, 2023 4:34:16 Μ.Μ. User toString
FINE: 1916: User test accessed
Αυγ 28, 2023 4:34:16 Μ.Μ. User toString
FINE: 1917: User Kal zzx accessed
Αυγ 28, 2023 4:34:16 Μ.Μ. User toString
FINE: 1918: User rwfrwfr rfwrgf accessed
Αυγ 28, 2023 4:34:16 Μ.Μ. User toString
FINE: 1919: User Apostolos Kazopidis accessed
Αυγ 28, 2023 4:34:16 Μ.Μ. User toString
FINE: 1920: User Georgios Sakalas accessed
Αυγ 28, 2023 4:34:16 Μ.Μ. User toString
FINE: 1921: User test accessed
Αυγ 28, 2023 4:34:16 Μ.Μ. User toString
FINE: 1922: User Kal zzx accessed
Αυγ 28, 2023 4:34:16 Μ.Μ. User toString
FINE: 1923: User rwfrwfr rfwrgf accessed
Αυγ 28, 2023 4:34:16 Μ.Μ. User toString
FINE: 1924: User Apostolos Kazopidis accessed
Αυγ 28, 2023 4:34:16 Μ.Μ. User toString
FINE: 1925: User Georgios Sakalas accessed
Αυγ 28, 2023 4:34:16 Μ.Μ. User toString
FINE: 1926: User test accessed
Αυγ 28, 2023 4:34:16 Μ.Μ. User toString
FINE: 1927: User Kal zzx accessed
Αυγ 28, 2023 4:34:16 Μ.Μ. User toString
FINE: 1928: User rwfrwfr rfwrgf accessed
Αυγ 28, 2023 4:34:16 Μ.Μ. User toString
FINE: 1929: User Apostolos Kazopidis accessed
Αυγ 28, 2023 4:34:16 Μ.Μ. User toString
FINE: 1930: User Georgios Sakalas accessed
Αυγ 28, 2023 4:34:16 Μ.Μ. User toString
FINE: 1931: User test accessed
Αυγ 28, 2023 4:34:16 Μ.Μ. User toString
FINE: 1932: User Kal zzx accessed
Αυγ 28, 2023 4:34:16 Μ.Μ. User toString
FINE: 1933: User rwfrwfr rfwrgf accessed
Αυγ 28, 2023 4:34:16 Μ.Μ. User toString
FINE: 1934: User Apostolos Kazopidis accessed
Αυγ 28, 2023 4:34:16 Μ.Μ. User toString
FINE: 1935: User Georgios Sakalas accessed
Αυγ 28, 2023 4:34:16 Μ.Μ. User toString
FINE: 1936: User test accessed
Αυγ 28, 2023 4:34:16 Μ.Μ. User toString
FINE: 1937: User Kal zzx accessed
Αυγ 28, 2023 4:34:16 Μ.Μ. User toString
FINE: 1938: User rwfrwfr rfwrgf accessed
Αυγ 28, 2023 4:34:16 Μ.Μ. User toString
FINE: 1939: User Apostolos Kazopidis accessed
Αυγ 28, 2023 4:34:16 Μ.Μ. User toString
FINE: 1940: User Georgios Sakalas accessed
Αυγ 28, 2023 4:34:16 Μ.Μ. User toString
FINE: 1941: User test accessed
Αυγ 28, 2023 4:34:16 Μ.Μ. User toString
FINE: 1942: User Kal zzx accessed
Αυγ 28, 2023 4:34:16 Μ.Μ. User toString
FINE: 1943: User rwfrwfr rfwrgf accessed
Αυγ 28, 2023 4:34:16 Μ.Μ. User toString
FINE: 1944: User Apostolos Kazopidis accessed
Αυγ 28, 2023 4:34:16 Μ.Μ. User toString
FINE: 1945: User Georgios Sakalas accessed
Αυγ 28, 2023 4:34:16 Μ.Μ. User toString
FINE: 1946: User test accessed
Αυγ 28, 2023 4:34:16 Μ.Μ. User toString
FINE: 1947: User Kal zzx accessed
Αυγ 28, 2023 4:34:16 Μ.Μ. User toString
FINE: 1948: User rwfrwfr rfwrgf accessed
Αυγ 28, 2023 4:34:16 Μ.Μ. User toString
FINE: 1949: User Apostolos Kazopidis accessed
Αυγ 28, 2023 4:34:16 Μ.Μ. User toString
FINE: 1950: User Georgios Sakalas accessed
Αυγ 28, 2023 4:34:16 Μ.Μ. User toString
FINE: 1951: User test accessed
Αυγ 28, 2023 4:34:16 Μ.Μ. User toString
FINE: 1952: User Kal zzx accessed
Αυγ 28, 2023 4:34:16 Μ.Μ. User toString
FINE: 1953: User rwfrwfr rfwrgf accessed
Αυγ 28, 2023 4:34:16 Μ.Μ. User toString
FINE: 1954: User Apostolos Kazopidis accessed
Αυγ 28, 2023 4:34:16 Μ.Μ. User toString
FINE: 1955: User Georgios Sakalas accessed
Αυγ 28, 2023 4:34:16 Μ.Μ. User toString
FINE: 1956: User test accessed
Αυγ 28, 2023 4:34:16 Μ.Μ. User toString
FINE: 1957: User Kal zzx accessed
Αυγ 28, 2023 4:34:16 Μ.Μ. User toString
FINE: 1958: User rwfrwfr rfwrgf accessed
Αυγ 28, 2023 4:34:16 Μ.Μ. User toString
FINE: 1959: User Apostolos Kazopidis accessed
Αυγ 28, 2023 4:34:16 Μ.Μ. User toString
FINE: 1960: User Georgios Sakalas accessed
Αυγ 28, 2023 4:34:16 Μ.Μ. User toString
FINE: 1961: User test accessed
Αυγ 28, 2023 4:34:16 Μ.Μ. User toString
FINE: 1962: User Kal zzx accessed
Αυγ 28, 2023 4:34:16 Μ.Μ. User toString
FINE: 1963: User rwfrwfr rfwrgf accessed
Αυγ 28, 2023 4:34:16 Μ.Μ. User toString
FINE: 1964: User Apostolos Kazopidis accessed
Αυγ 28, 2023 4:34:16 Μ.Μ. User toString
FINE: 1965: User Georgios Sakalas accessed
Αυγ 28, 2023 4:34:16 Μ.Μ. User toString
FINE: 1966: User test accessed
Αυγ 28, 2023 4:34:16 Μ.Μ. User toString
FINE: 1967: User Kal zzx accessed
Αυγ 28, 2023 4:34:16 Μ.Μ. User toString
FINE: 1968: User rwfrwfr rfwrgf accessed
Αυγ 28, 2023 4:34:16 Μ.Μ. User toString
FINE: 1969: User Apostolos Kazopidis accessed
Αυγ 28, 2023 4:34:16 Μ.Μ. User toString
FINE: 1970: User Georgios Sakalas accessed
Αυγ 28, 2023 4:34:16 Μ.Μ. User toString
FINE: 1971: User test accessed
Αυγ 28, 2023 4:34:16 Μ.Μ. User toString
FINE: 1972: User Kal zzx accessed
Αυγ 28, 2023 4:34:16 Μ.Μ. User toString
FINE: 1973: User rwfrwfr rfwrgf accessed
Αυγ 28, 2023 4:34:16 Μ.Μ. User toString
FINE: 1974: User Apostolos Kazopidis accessed
Αυγ 28, 2023 4:34:16 Μ.Μ. User toString
FINE: 1975: User Georgios Sakalas accessed
Αυγ 28, 2023 4:34:16 Μ.Μ. User toString
FINE: 1976: User test accessed
Αυγ 28, 2023 4:34:16 Μ.Μ. User toString
FINE: 1977: User Kal zzx accessed
Αυγ 28, 2023 4:34:16 Μ.Μ. User toString
FINE: 1978: User rwfrwfr rfwrgf accessed
Αυγ 28, 2023 4:34:16 Μ.Μ. User toString
FINE: 1979: User Apostolos Kazopidis accessed
Αυγ 28, 2023 4:34:16 Μ.Μ. User toString
FINE: 1980: User Georgios Sakalas accessed
Αυγ 28, 2023 4:34:16 Μ.Μ. User toString
FINE: 1981: User test accessed
Αυγ 28, 2023 4:34:16 Μ.Μ. User toString
FINE: 1982: User Kal zzx accessed
Αυγ 28, 2023 4:34:16 Μ.Μ. User toString
FINE: 1983: User rwfrwfr rfwrgf accessed
Αυγ 28, 2023 4:34:16 Μ.Μ. User toString
FINE: 1984: User Apostolos Kazopidis accessed
Αυγ 28, 2023 4:34:16 Μ.Μ. User toString
FINE: 1985: User Georgios Sakalas accessed
Αυγ 28, 2023 4:34:16 Μ.Μ. User toString
FINE: 1986: User test accessed
Αυγ 28, 2023 4:34:16 Μ.Μ. User toString
FINE: 1987: User Kal zzx accessed
Αυγ 28, 2023 4:34:16 Μ.Μ. User toString
FINE: 1988: User rwfrwfr rfwrgf accessed
Αυγ 28, 2023 4:34:16 Μ.Μ. User toString
FINE: 1989: User Apostolos Kazopidis accessed
Αυγ 28, 2023 4:34:16 Μ.Μ. User toString
FINE: 1990: User Georgios Sakalas accessed
Αυγ 28, 2023 4:34:16 Μ.Μ. User toString
FINE: 1991: User test accessed
Αυγ 28, 2023 4:34:16 Μ.Μ. User toString
FINE: 1992: User Kal zzx accessed
Αυγ 28, 2023 4:34:16 Μ.Μ. User toString
FINE: 1993: User rwfrwfr rfwrgf accessed
Αυγ 28, 2023 4:34:16 Μ.Μ. User toString
FINE: 1994: User Apostolos Kazopidis accessed
Αυγ 28, 2023 4:34:16 Μ.Μ. User toString
FINE: 1995: User Georgios Sakalas accessed
Αυγ 28, 2023 4:34:16 Μ.Μ. User toString
FINE: 1996: User test accessed
Αυγ 28, 2023 4:34:16 Μ.Μ. User toString
FINE: 1997: User Kal zzx accessed
Αυγ 28, 2023 4:34:16 Μ.Μ. User toString
FINE: 1998: User rwfrwfr rfwrgf accessed
Αυγ 28, 2023 4:34:16 Μ.Μ. User toString
FINE: 1999: User Apostolos Kazopidis accessed
Αυγ 28, 2023 4:34:16 Μ.Μ. User toString
FINE: 2000: User Georgios Sakalas accessed
Αυγ 28, 2023 4:34:16 Μ.Μ. User toString
FINE: 2001: User test accessed
Αυγ 28, 2023 4:34:16 Μ.Μ. User toString
FINE: 2002: User Kal zzx accessed
Αυγ 28, 2023 4:34:16 Μ.Μ. User toString
FINE: 2003: User rwfrwfr rfwrgf accessed
Αυγ 28, 2023 4:34:16 Μ.Μ. User toString
FINE: 2004: User Apostolos Kazopidis accessed
Αυγ 28, 2023 4:34:16 Μ.Μ. User toString
FINE: 2005: User Georgios Sakalas accessed
Αυγ 28, 2023 4:34:16 Μ.Μ. User toString
FINE: 2006: User test accessed
Αυγ 28, 2023 4:34:16 Μ.Μ. User toString
FINE: 2007: User Kal zzx accessed
Αυγ 28, 2023 4:34:16 Μ.Μ. User toString
FINE: 2008: User rwfrwfr rfwrgf accessed
Αυγ 28, 2023 4:34:16 Μ.Μ. User toString
FINE: 2009: User Apostolos Kazopidis accessed
Αυγ 28, 2023 4:34:16 Μ.Μ. User toString
FINE: 2010: User Georgios Sakalas accessed
Αυγ 28, 2023 4:34:16 Μ.Μ. User toString
FINE: 2011: User test accessed
Αυγ 28, 2023 4:34:16 Μ.Μ. User toString
FINE: 2012: User Kal zzx accessed
Αυγ 28, 2023 4:34:16 Μ.Μ. User toString
FINE: 2013: User rwfrwfr rfwrgf accessed
Αυγ 28, 2023 4:34:16 Μ.Μ. User toString
FINE: 2014: User Apostolos Kazopidis accessed
Αυγ 28, 2023 4:34:16 Μ.Μ. User toString
FINE: 2015: User Georgios Sakalas accessed
Αυγ 28, 2023 4:34:16 Μ.Μ. User toString
FINE: 2016: User test accessed
Αυγ 28, 2023 4:34:16 Μ.Μ. User toString
FINE: 2017: User Kal zzx accessed
Αυγ 28, 2023 4:34:16 Μ.Μ. User toString
FINE: 2018: User rwfrwfr rfwrgf accessed
Αυγ 28, 2023 4:34:16 Μ.Μ. User toString
FINE: 2019: User Apostolos Kazopidis accessed
Αυγ 28, 2023 4:34:16 Μ.Μ. User toString
FINE: 2020: User Georgios Sakalas accessed
Αυγ 28, 2023 4:34:16 Μ.Μ. User toString
FINE: 2021: User test accessed
Αυγ 28, 2023 4:34:16 Μ.Μ. User toString
FINE: 2022: User Kal zzx accessed
Αυγ 28, 2023 4:34:16 Μ.Μ. User toString
FINE: 2023: User rwfrwfr rfwrgf accessed
Αυγ 28, 2023 4:34:16 Μ.Μ. User toString
FINE: 2024: User Apostolos Kazopidis accessed
Αυγ 28, 2023 4:34:16 Μ.Μ. User toString
FINE: 2025: User Georgios Sakalas accessed
Αυγ 28, 2023 4:34:16 Μ.Μ. User toString
FINE: 2026: User test accessed
Αυγ 28, 2023 4:34:16 Μ.Μ. User toString
FINE: 2027: User Kal zzx accessed
Αυγ 28, 2023 4:34:16 Μ.Μ. User toString
FINE: 2028: User rwfrwfr rfwrgf accessed
Αυγ 28, 2023 4:34:16 Μ.Μ. User toString
FINE: 2029: User Apostolos Kazopidis accessed
Αυγ 28, 2023 4:34:16 Μ.Μ. User toString
FINE: 2030: User Georgios Sakalas accessed
Αυγ 28, 2023 4:34:16 Μ.Μ. User toString
FINE: 2031: User test accessed
Αυγ 28, 2023 4:34:16 Μ.Μ. User toString
FINE: 2032: User Kal zzx accessed
Αυγ 28, 2023 4:34:16 Μ.Μ. User toString
FINE: 2033: User rwfrwfr rfwrgf accessed
Αυγ 28, 2023 4:34:16 Μ.Μ. User toString
FINE: 2034: User Apostolos Kazopidis accessed
Αυγ 28, 2023 4:34:16 Μ.Μ. User toString
FINE: 2035: User Georgios Sakalas accessed
Αυγ 28, 2023 4:34:16 Μ.Μ. User toString
FINE: 2036: User test accessed
Αυγ 28, 2023 4:34:16 Μ.Μ. User toString
FINE: 2037: User Kal zzx accessed
Αυγ 28, 2023 4:34:16 Μ.Μ. User toString
FINE: 2038: User rwfrwfr rfwrgf accessed
Αυγ 28, 2023 4:34:16 Μ.Μ. User toString
FINE: 2039: User Apostolos Kazopidis accessed
Αυγ 28, 2023 4:34:16 Μ.Μ. User toString
FINE: 2040: User Georgios Sakalas accessed
Αυγ 28, 2023 4:34:16 Μ.Μ. User toString
FINE: 2041: User test accessed
Αυγ 28, 2023 4:34:16 Μ.Μ. User toString
FINE: 2042: User Kal zzx accessed
Αυγ 28, 2023 4:34:16 Μ.Μ. User toString
FINE: 2043: User rwfrwfr rfwrgf accessed
Αυγ 28, 2023 4:34:16 Μ.Μ. User toString
FINE: 2044: User Apostolos Kazopidis accessed
Αυγ 28, 2023 4:34:16 Μ.Μ. User toString
FINE: 2045: User Georgios Sakalas accessed
Αυγ 28, 2023 4:34:16 Μ.Μ. User toString
FINE: 2046: User test accessed
Αυγ 28, 2023 4:34:16 Μ.Μ. User toString
FINE: 2047: User Kal zzx accessed
Αυγ 28, 2023 4:34:16 Μ.Μ. User toString
FINE: 2048: User rwfrwfr rfwrgf accessed
Αυγ 28, 2023 4:34:16 Μ.Μ. User toString
FINE: 2049: User Apostolos Kazopidis accessed
Αυγ 28, 2023 4:34:16 Μ.Μ. User toString
FINE: 2050: User Georgios Sakalas accessed
Αυγ 28, 2023 4:34:16 Μ.Μ. User toString
FINE: 2051: User test accessed
Αυγ 28, 2023 4:34:16 Μ.Μ. User toString
FINE: 2052: User Kal zzx accessed
Αυγ 28, 2023 4:34:16 Μ.Μ. User toString
FINE: 2053: User rwfrwfr rfwrgf accessed
Αυγ 28, 2023 4:34:16 Μ.Μ. User toString
FINE: 2054: User Apostolos Kazopidis accessed
Αυγ 28, 2023 4:34:16 Μ.Μ. User toString
FINE: 2055: User Georgios Sakalas accessed
Αυγ 28, 2023 4:34:16 Μ.Μ. User toString
FINE: 2056: User test accessed
Αυγ 28, 2023 4:34:16 Μ.Μ. User toString
FINE: 2057: User Kal zzx accessed
Αυγ 28, 2023 4:34:16 Μ.Μ. User toString
FINE: 2058: User rwfrwfr rfwrgf accessed
Αυγ 28, 2023 4:34:16 Μ.Μ. User toString
FINE: 2059: User Apostolos Kazopidis accessed
Αυγ 28, 2023 4:34:16 Μ.Μ. User toString
FINE: 2060: User Georgios Sakalas accessed
Αυγ 28, 2023 4:34:16 Μ.Μ. User toString
FINE: 2061: User test accessed
Αυγ 28, 2023 4:34:16 Μ.Μ. User toString
FINE: 2062: User Kal zzx accessed
Αυγ 28, 2023 4:34:16 Μ.Μ. User toString
FINE: 2063: User rwfrwfr rfwrgf accessed
Αυγ 28, 2023 4:34:16 Μ.Μ. User toString
FINE: 2064: User Apostolos Kazopidis accessed
Αυγ 28, 2023 4:34:16 Μ.Μ. User toString
FINE: 2065: User Georgios Sakalas accessed
Αυγ 28, 2023 4:34:16 Μ.Μ. User toString
FINE: 2066: User test accessed
Αυγ 28, 2023 4:34:16 Μ.Μ. User toString
FINE: 2067: User Kal zzx accessed
Αυγ 28, 2023 4:34:16 Μ.Μ. User toString
FINE: 2068: User rwfrwfr rfwrgf accessed
Αυγ 28, 2023 4:34:16 Μ.Μ. User toString
FINE: 2069: User Apostolos Kazopidis accessed
Αυγ 28, 2023 4:34:16 Μ.Μ. User toString
FINE: 2070: User Georgios Sakalas accessed
Αυγ 28, 2023 4:34:16 Μ.Μ. User toString
FINE: 2071: User test accessed
Αυγ 28, 2023 4:34:16 Μ.Μ. User toString
FINE: 2072: User Kal zzx accessed
Αυγ 28, 2023 4:34:16 Μ.Μ. User toString
FINE: 2073: User rwfrwfr rfwrgf accessed
Αυγ 28, 2023 4:34:16 Μ.Μ. User toString
FINE: 2074: User Apostolos Kazopidis accessed
Αυγ 28, 2023 4:34:16 Μ.Μ. User toString
FINE: 2075: User Georgios Sakalas accessed
Αυγ 28, 2023 4:34:16 Μ.Μ. User toString
FINE: 2076: User test accessed
Αυγ 28, 2023 4:34:16 Μ.Μ. User toString
FINE: 2077: User Kal zzx accessed
Αυγ 28, 2023 4:34:16 Μ.Μ. User toString
FINE: 2078: User rwfrwfr rfwrgf accessed
Αυγ 28, 2023 4:34:16 Μ.Μ. User toString
FINE: 2079: User Apostolos Kazopidis accessed
Αυγ 28, 2023 4:34:16 Μ.Μ. User toString
FINE: 2080: User Georgios Sakalas accessed
Αυγ 28, 2023 4:34:16 Μ.Μ. User toString
FINE: 2081: User test accessed
Αυγ 28, 2023 4:34:16 Μ.Μ. User toString
FINE: 2082: User Kal zzx accessed
Αυγ 28, 2023 4:34:16 Μ.Μ. User toString
FINE: 2083: User rwfrwfr rfwrgf accessed
Αυγ 28, 2023 4:34:16 Μ.Μ. User toString
FINE: 2084: User Apostolos Kazopidis accessed
Αυγ 28, 2023 4:34:16 Μ.Μ. User toString
FINE: 2085: User Georgios Sakalas accessed
Αυγ 28, 2023 4:34:16 Μ.Μ. User toString
FINE: 2086: User test accessed
Αυγ 28, 2023 4:34:16 Μ.Μ. User toString
FINE: 2087: User Kal zzx accessed
Αυγ 28, 2023 4:34:16 Μ.Μ. User toString
FINE: 2088: User rwfrwfr rfwrgf accessed
Αυγ 28, 2023 4:34:16 Μ.Μ. User toString
FINE: 2089: User Apostolos Kazopidis accessed
Αυγ 28, 2023 4:34:16 Μ.Μ. User toString
FINE: 2090: User Georgios Sakalas accessed
Αυγ 28, 2023 4:34:16 Μ.Μ. User toString
FINE: 2091: User test accessed
Αυγ 28, 2023 4:34:16 Μ.Μ. User toString
FINE: 2092: User Kal zzx accessed
Αυγ 28, 2023 4:34:16 Μ.Μ. User toString
FINE: 2093: User rwfrwfr rfwrgf accessed
Αυγ 28, 2023 4:34:16 Μ.Μ. User toString
FINE: 2094: User Apostolos Kazopidis accessed
Αυγ 28, 2023 4:34:16 Μ.Μ. User toString
FINE: 2095: User Georgios Sakalas accessed
Αυγ 28, 2023 4:34:16 Μ.Μ. User toString
FINE: 2096: User test accessed
Αυγ 28, 2023 4:34:16 Μ.Μ. User toString
FINE: 2097: User Kal zzx accessed
Αυγ 28, 2023 4:34:16 Μ.Μ. User toString
FINE: 2098: User rwfrwfr rfwrgf accessed
Αυγ 28, 2023 4:34:16 Μ.Μ. User toString
FINE: 2099: User Apostolos Kazopidis accessed
Αυγ 28, 2023 4:34:16 Μ.Μ. User toString
FINE: 2100: User Georgios Sakalas accessed
Αυγ 28, 2023 4:34:16 Μ.Μ. User toString
FINE: 2101: User test accessed
Αυγ 28, 2023 4:34:16 Μ.Μ. User toString
FINE: 2102: User Kal zzx accessed
Αυγ 28, 2023 4:34:16 Μ.Μ. User toString
FINE: 2103: User rwfrwfr rfwrgf accessed
Αυγ 28, 2023 4:34:16 Μ.Μ. User toString
FINE: 2104: User Apostolos Kazopidis accessed
Αυγ 28, 2023 4:34:16 Μ.Μ. User toString
FINE: 2105: User Georgios Sakalas accessed
Αυγ 28, 2023 4:34:16 Μ.Μ. User toString
FINE: 2106: User test accessed
Αυγ 28, 2023 4:34:16 Μ.Μ. User toString
FINE: 2107: User Kal zzx accessed
Αυγ 28, 2023 4:34:16 Μ.Μ. User toString
FINE: 2108: User rwfrwfr rfwrgf accessed
Αυγ 28, 2023 4:34:16 Μ.Μ. User toString
FINE: 2109: User Apostolos Kazopidis accessed
Αυγ 28, 2023 4:34:16 Μ.Μ. User toString
FINE: 2110: User Georgios Sakalas accessed
Αυγ 28, 2023 4:34:16 Μ.Μ. User toString
FINE: 2111: User test accessed
Αυγ 28, 2023 4:34:16 Μ.Μ. User toString
FINE: 2112: User Kal zzx accessed
Αυγ 28, 2023 4:34:16 Μ.Μ. User toString
FINE: 2113: User rwfrwfr rfwrgf accessed
Αυγ 28, 2023 4:34:16 Μ.Μ. User toString
FINE: 2114: User Apostolos Kazopidis accessed
Αυγ 28, 2023 4:34:16 Μ.Μ. User toString
FINE: 2115: User Georgios Sakalas accessed
Αυγ 28, 2023 4:34:16 Μ.Μ. User toString
FINE: 2116: User test accessed
Αυγ 28, 2023 4:34:16 Μ.Μ. User toString
FINE: 2117: User Kal zzx accessed
Αυγ 28, 2023 4:34:16 Μ.Μ. User toString
FINE: 2118: User rwfrwfr rfwrgf accessed
Αυγ 28, 2023 4:34:16 Μ.Μ. User toString
FINE: 2119: User Apostolos Kazopidis accessed
Αυγ 28, 2023 4:34:16 Μ.Μ. User toString
FINE: 2120: User Georgios Sakalas accessed
Αυγ 28, 2023 4:34:16 Μ.Μ. User toString
FINE: 2121: User test accessed
Αυγ 28, 2023 4:34:16 Μ.Μ. User toString
FINE: 2122: User Kal zzx accessed
Αυγ 28, 2023 4:34:16 Μ.Μ. User toString
FINE: 2123: User rwfrwfr rfwrgf accessed
Αυγ 28, 2023 4:34:16 Μ.Μ. User toString
FINE: 2124: User Apostolos Kazopidis accessed
Αυγ 28, 2023 4:34:16 Μ.Μ. User toString
FINE: 2125: User Georgios Sakalas accessed
Αυγ 28, 2023 4:34:16 Μ.Μ. User toString
FINE: 2126: User test accessed
Αυγ 28, 2023 4:34:16 Μ.Μ. User toString
FINE: 2127: User Kal zzx accessed
Αυγ 28, 2023 4:34:16 Μ.Μ. User toString
FINE: 2128: User rwfrwfr rfwrgf accessed
Αυγ 28, 2023 4:34:16 Μ.Μ. User toString
FINE: 2129: User Apostolos Kazopidis accessed
Αυγ 28, 2023 4:34:16 Μ.Μ. User toString
FINE: 2130: User Georgios Sakalas accessed
Αυγ 28, 2023 4:34:16 Μ.Μ. User toString
FINE: 2131: User test accessed
Αυγ 28, 2023 4:34:16 Μ.Μ. User toString
FINE: 2132: User Kal zzx accessed
Αυγ 28, 2023 4:34:16 Μ.Μ. User toString
FINE: 2133: User rwfrwfr rfwrgf accessed
Αυγ 28, 2023 4:34:16 Μ.Μ. User toString
FINE: 2134: User Apostolos Kazopidis accessed
Αυγ 28, 2023 4:34:16 Μ.Μ. User toString
FINE: 2135: User Georgios Sakalas accessed
Αυγ 28, 2023 4:34:16 Μ.Μ. User toString
FINE: 2136: User test accessed
Αυγ 28, 2023 4:34:16 Μ.Μ. User toString
FINE: 2137: User Kal zzx accessed
Αυγ 28, 2023 4:34:16 Μ.Μ. User toString
FINE: 2138: User rwfrwfr rfwrgf accessed
Αυγ 28, 2023 4:34:16 Μ.Μ. User toString
FINE: 2139: User Apostolos Kazopidis accessed
Αυγ 28, 2023 4:34:16 Μ.Μ. User toString
FINE: 2140: User Georgios Sakalas accessed
Αυγ 28, 2023 4:34:16 Μ.Μ. User toString
FINE: 2141: User test accessed
Αυγ 28, 2023 4:34:16 Μ.Μ. User toString
FINE: 2142: User Kal zzx accessed
Αυγ 28, 2023 4:34:16 Μ.Μ. User toString
FINE: 2143: User rwfrwfr rfwrgf accessed
Αυγ 28, 2023 4:34:16 Μ.Μ. User toString
FINE: 2144: User Apostolos Kazopidis accessed
Αυγ 28, 2023 4:34:16 Μ.Μ. User toString
FINE: 2145: User Georgios Sakalas accessed
Αυγ 28, 2023 4:34:16 Μ.Μ. User toString
FINE: 2146: User test accessed
Αυγ 28, 2023 4:34:16 Μ.Μ. User toString
FINE: 2147: User Kal zzx accessed
Αυγ 28, 2023 4:34:16 Μ.Μ. User toString
FINE: 2148: User rwfrwfr rfwrgf accessed
Αυγ 28, 2023 4:34:16 Μ.Μ. User toString
FINE: 2149: User Apostolos Kazopidis accessed
Αυγ 28, 2023 4:34:16 Μ.Μ. User toString
FINE: 2150: User Georgios Sakalas accessed
Αυγ 28, 2023 4:34:16 Μ.Μ. User toString
FINE: 2151: User test accessed
Αυγ 28, 2023 4:34:16 Μ.Μ. User toString
FINE: 2152: User Kal zzx accessed
Αυγ 28, 2023 4:34:16 Μ.Μ. User toString
FINE: 2153: User rwfrwfr rfwrgf accessed
Αυγ 28, 2023 4:34:16 Μ.Μ. User toString
FINE: 2154: User Apostolos Kazopidis accessed
Αυγ 28, 2023 4:34:16 Μ.Μ. User toString
FINE: 2155: User Georgios Sakalas accessed
Αυγ 28, 2023 4:34:16 Μ.Μ. User toString
FINE: 2156: User test accessed
Αυγ 28, 2023 4:34:16 Μ.Μ. User toString
FINE: 2157: User Kal zzx accessed
Αυγ 28, 2023 4:34:16 Μ.Μ. User toString
FINE: 2158: User rwfrwfr rfwrgf accessed
Αυγ 28, 2023 4:34:16 Μ.Μ. User toString
FINE: 2159: User Apostolos Kazopidis accessed
Αυγ 28, 2023 4:34:16 Μ.Μ. User toString
FINE: 2160: User Georgios Sakalas accessed
Αυγ 28, 2023 4:34:16 Μ.Μ. User toString
FINE: 2161: User test accessed
Αυγ 28, 2023 4:34:16 Μ.Μ. User toString
FINE: 2162: User Kal zzx accessed
Αυγ 28, 2023 4:34:16 Μ.Μ. User toString
FINE: 2163: User rwfrwfr rfwrgf accessed
Αυγ 28, 2023 4:34:16 Μ.Μ. User toString
FINE: 2164: User Apostolos Kazopidis accessed
Αυγ 28, 2023 4:34:16 Μ.Μ. User toString
FINE: 2165: User Georgios Sakalas accessed
Αυγ 28, 2023 4:34:16 Μ.Μ. User toString
FINE: 2166: User test accessed
Αυγ 28, 2023 4:34:16 Μ.Μ. User toString
FINE: 2167: User Kal zzx accessed
Αυγ 28, 2023 4:34:16 Μ.Μ. User toString
FINE: 2168: User rwfrwfr rfwrgf accessed
Αυγ 28, 2023 4:34:16 Μ.Μ. User toString
FINE: 2169: User Apostolos Kazopidis accessed
Αυγ 28, 2023 4:34:16 Μ.Μ. User toString
FINE: 2170: User Georgios Sakalas accessed
Αυγ 28, 2023 4:34:16 Μ.Μ. User toString
FINE: 2171: User test accessed
Αυγ 28, 2023 4:34:16 Μ.Μ. User toString
FINE: 2172: User Kal zzx accessed
Αυγ 28, 2023 4:34:16 Μ.Μ. User toString
FINE: 2173: User rwfrwfr rfwrgf accessed
Αυγ 28, 2023 4:34:16 Μ.Μ. User toString
FINE: 2174: User Apostolos Kazopidis accessed
Αυγ 28, 2023 4:34:16 Μ.Μ. User toString
FINE: 2175: User Georgios Sakalas accessed
Αυγ 28, 2023 4:34:16 Μ.Μ. User toString
FINE: 2176: User test accessed
Αυγ 28, 2023 4:34:16 Μ.Μ. User toString
FINE: 2177: User Kal zzx accessed
Αυγ 28, 2023 4:34:16 Μ.Μ. User toString
FINE: 2178: User rwfrwfr rfwrgf accessed
Αυγ 28, 2023 4:34:16 Μ.Μ. User toString
FINE: 2179: User Apostolos Kazopidis accessed
Αυγ 28, 2023 4:34:16 Μ.Μ. User toString
FINE: 2180: User Georgios Sakalas accessed
Αυγ 28, 2023 4:34:16 Μ.Μ. User toString
FINE: 2181: User test accessed
Αυγ 28, 2023 4:34:16 Μ.Μ. User toString
FINE: 2182: User Kal zzx accessed
Αυγ 28, 2023 4:34:16 Μ.Μ. User toString
FINE: 2183: User rwfrwfr rfwrgf accessed
Αυγ 28, 2023 4:34:16 Μ.Μ. User toString
FINE: 2184: User Apostolos Kazopidis accessed
Αυγ 28, 2023 4:34:16 Μ.Μ. User toString
FINE: 2185: User Georgios Sakalas accessed
Αυγ 28, 2023 4:34:16 Μ.Μ. User toString
FINE: 2186: User test accessed
Αυγ 28, 2023 4:34:16 Μ.Μ. User toString
FINE: 2187: User Kal zzx accessed
Αυγ 28, 2023 4:34:16 Μ.Μ. User toString
FINE: 2188: User rwfrwfr rfwrgf accessed
Αυγ 28, 2023 4:34:16 Μ.Μ. User toString
FINE: 2189: User Apostolos Kazopidis accessed
Αυγ 28, 2023 4:34:16 Μ.Μ. User toString
FINE: 2190: User Georgios Sakalas accessed
Αυγ 28, 2023 4:34:16 Μ.Μ. User toString
FINE: 2191: User test accessed
Αυγ 28, 2023 4:34:16 Μ.Μ. User toString
FINE: 2192: User Kal zzx accessed
Αυγ 28, 2023 4:34:16 Μ.Μ. User toString
FINE: 2193: User rwfrwfr rfwrgf accessed
Αυγ 28, 2023 4:34:16 Μ.Μ. User toString
FINE: 2194: User Apostolos Kazopidis accessed
Αυγ 28, 2023 4:34:16 Μ.Μ. User toString
FINE: 2195: User Georgios Sakalas accessed
Αυγ 28, 2023 4:34:16 Μ.Μ. User toString
FINE: 2196: User test accessed
Αυγ 28, 2023 4:34:16 Μ.Μ. User toString
FINE: 2197: User Kal zzx accessed
Αυγ 28, 2023 4:34:16 Μ.Μ. User toString
FINE: 2198: User rwfrwfr rfwrgf accessed
Αυγ 28, 2023 4:34:16 Μ.Μ. User toString
FINE: 2199: User Apostolos Kazopidis accessed
Αυγ 28, 2023 4:34:16 Μ.Μ. User toString
FINE: 2200: User Georgios Sakalas accessed
Αυγ 28, 2023 4:34:16 Μ.Μ. User toString
FINE: 2201: User test accessed
Αυγ 28, 2023 4:34:16 Μ.Μ. User toString
FINE: 2202: User Kal zzx accessed
Αυγ 28, 2023 4:34:16 Μ.Μ. User toString
FINE: 2203: User rwfrwfr rfwrgf accessed
Αυγ 28, 2023 4:34:16 Μ.Μ. User toString
FINE: 2204: User Apostolos Kazopidis accessed
Αυγ 28, 2023 4:34:16 Μ.Μ. User toString
FINE: 2205: User Georgios Sakalas accessed
Αυγ 28, 2023 4:34:16 Μ.Μ. User toString
FINE: 2206: User test accessed
Αυγ 28, 2023 4:34:16 Μ.Μ. User toString
FINE: 2207: User Kal zzx accessed
Αυγ 28, 2023 4:34:16 Μ.Μ. User toString
FINE: 2208: User rwfrwfr rfwrgf accessed
Αυγ 28, 2023 4:34:16 Μ.Μ. User toString
FINE: 2209: User Apostolos Kazopidis accessed
Αυγ 28, 2023 4:34:16 Μ.Μ. User toString
FINE: 2210: User Georgios Sakalas accessed
Αυγ 28, 2023 4:34:16 Μ.Μ. User toString
FINE: 2211: User test accessed
Αυγ 28, 2023 4:34:16 Μ.Μ. User toString
FINE: 2212: User Kal zzx accessed
Αυγ 28, 2023 4:34:16 Μ.Μ. User toString
FINE: 2213: User rwfrwfr rfwrgf accessed
Αυγ 28, 2023 4:34:16 Μ.Μ. User toString
FINE: 2214: User Apostolos Kazopidis accessed
Αυγ 28, 2023 4:34:16 Μ.Μ. User toString
FINE: 2215: User Georgios Sakalas accessed
Αυγ 28, 2023 4:34:16 Μ.Μ. User toString
FINE: 2216: User test accessed
Αυγ 28, 2023 4:34:16 Μ.Μ. User toString
FINE: 2217: User Kal zzx accessed
Αυγ 28, 2023 4:34:16 Μ.Μ. User toString
FINE: 2218: User rwfrwfr rfwrgf accessed
Αυγ 28, 2023 4:34:16 Μ.Μ. User toString
FINE: 2219: User Apostolos Kazopidis accessed
Αυγ 28, 2023 4:34:16 Μ.Μ. User toString
FINE: 2220: User Georgios Sakalas accessed
Αυγ 28, 2023 4:34:16 Μ.Μ. User toString
FINE: 2221: User test accessed
Αυγ 28, 2023 4:34:16 Μ.Μ. User toString
FINE: 2222: User Kal zzx accessed
Αυγ 28, 2023 4:34:16 Μ.Μ. User toString
FINE: 2223: User rwfrwfr rfwrgf accessed
Αυγ 28, 2023 4:34:16 Μ.Μ. User toString
FINE: 2224: User Apostolos Kazopidis accessed
Αυγ 28, 2023 4:34:16 Μ.Μ. User toString
FINE: 2225: User Georgios Sakalas accessed
Αυγ 28, 2023 4:34:16 Μ.Μ. User toString
FINE: 2226: User test accessed
Αυγ 28, 2023 4:34:16 Μ.Μ. User toString
FINE: 2227: User Kal zzx accessed
Αυγ 28, 2023 4:34:16 Μ.Μ. User toString
FINE: 2228: User rwfrwfr rfwrgf accessed
Αυγ 28, 2023 4:34:16 Μ.Μ. User toString
FINE: 2229: User Apostolos Kazopidis accessed
Αυγ 28, 2023 4:34:16 Μ.Μ. User toString
FINE: 2230: User Georgios Sakalas accessed
Αυγ 28, 2023 4:34:16 Μ.Μ. User toString
FINE: 2231: User test accessed
Αυγ 28, 2023 4:34:16 Μ.Μ. User toString
FINE: 2232: User Kal zzx accessed
Αυγ 28, 2023 4:34:16 Μ.Μ. User toString
FINE: 2233: User rwfrwfr rfwrgf accessed
Αυγ 28, 2023 4:34:16 Μ.Μ. User toString
FINE: 2234: User Apostolos Kazopidis accessed
Αυγ 28, 2023 4:34:16 Μ.Μ. User toString
FINE: 2235: User Georgios Sakalas accessed
Αυγ 28, 2023 4:34:16 Μ.Μ. User toString
FINE: 2236: User test accessed
Αυγ 28, 2023 4:34:16 Μ.Μ. User toString
FINE: 2237: User Kal zzx accessed
Αυγ 28, 2023 4:34:16 Μ.Μ. User toString
FINE: 2238: User rwfrwfr rfwrgf accessed
Αυγ 28, 2023 4:34:16 Μ.Μ. User toString
FINE: 2239: User Apostolos Kazopidis accessed
Αυγ 28, 2023 4:34:16 Μ.Μ. User toString
FINE: 2240: User Georgios Sakalas accessed
Αυγ 28, 2023 4:34:16 Μ.Μ. User toString
FINE: 2241: User test accessed
Αυγ 28, 2023 4:34:16 Μ.Μ. User toString
FINE: 2242: User Kal zzx accessed
Αυγ 28, 2023 4:34:16 Μ.Μ. User toString
FINE: 2243: User rwfrwfr rfwrgf accessed
Αυγ 28, 2023 4:34:16 Μ.Μ. User toString
FINE: 2244: User Apostolos Kazopidis accessed
Αυγ 28, 2023 4:34:16 Μ.Μ. User toString
FINE: 2245: User Georgios Sakalas accessed
Αυγ 28, 2023 4:34:16 Μ.Μ. User toString
FINE: 2246: User test accessed
Αυγ 28, 2023 4:34:16 Μ.Μ. User toString
FINE: 2247: User Kal zzx accessed
Αυγ 28, 2023 4:34:16 Μ.Μ. User toString
FINE: 2248: User rwfrwfr rfwrgf accessed
Αυγ 28, 2023 4:34:16 Μ.Μ. User toString
FINE: 2249: User Apostolos Kazopidis accessed
Αυγ 28, 2023 4:34:16 Μ.Μ. User toString
FINE: 2250: User Georgios Sakalas accessed
Αυγ 28, 2023 4:34:16 Μ.Μ. User toString
FINE: 2251: User test accessed
Αυγ 28, 2023 4:34:16 Μ.Μ. User toString
FINE: 2252: User Kal zzx accessed
Αυγ 28, 2023 4:34:16 Μ.Μ. User toString
FINE: 2253: User rwfrwfr rfwrgf accessed
Αυγ 28, 2023 4:34:16 Μ.Μ. User toString
FINE: 2254: User Apostolos Kazopidis accessed
Αυγ 28, 2023 4:34:16 Μ.Μ. User toString
FINE: 2255: User Georgios Sakalas accessed
Αυγ 28, 2023 4:34:16 Μ.Μ. User toString
FINE: 2256: User test accessed
Αυγ 28, 2023 4:34:16 Μ.Μ. User toString
FINE: 2257: User Kal zzx accessed
Αυγ 28, 2023 4:34:16 Μ.Μ. User toString
FINE: 2258: User rwfrwfr rfwrgf accessed
Αυγ 28, 2023 4:34:16 Μ.Μ. User toString
FINE: 2259: User Apostolos Kazopidis accessed
Αυγ 28, 2023 4:34:16 Μ.Μ. User toString
FINE: 2260: User Georgios Sakalas accessed
Αυγ 28, 2023 4:34:16 Μ.Μ. User toString
FINE: 2261: User test accessed
Αυγ 28, 2023 4:34:16 Μ.Μ. User toString
FINE: 2262: User Kal zzx accessed
Αυγ 28, 2023 4:34:16 Μ.Μ. User toString
FINE: 2263: User rwfrwfr rfwrgf accessed
Αυγ 28, 2023 4:34:16 Μ.Μ. User toString
FINE: 2264: User Apostolos Kazopidis accessed
Αυγ 28, 2023 4:34:16 Μ.Μ. User toString
FINE: 2265: User Georgios Sakalas accessed
Αυγ 28, 2023 4:34:16 Μ.Μ. User toString
FINE: 2266: User test accessed
Αυγ 28, 2023 4:34:16 Μ.Μ. User toString
FINE: 2267: User Kal zzx accessed
Αυγ 28, 2023 4:34:16 Μ.Μ. User toString
FINE: 2268: User rwfrwfr rfwrgf accessed
Αυγ 28, 2023 4:34:16 Μ.Μ. User toString
FINE: 2269: User Apostolos Kazopidis accessed
Αυγ 28, 2023 4:34:16 Μ.Μ. User toString
FINE: 2270: User Georgios Sakalas accessed
Αυγ 28, 2023 4:34:16 Μ.Μ. User toString
FINE: 2271: User test accessed
Αυγ 28, 2023 4:34:16 Μ.Μ. User toString
FINE: 2272: User Kal zzx accessed
Αυγ 28, 2023 4:34:16 Μ.Μ. User toString
FINE: 2273: User rwfrwfr rfwrgf accessed
Αυγ 28, 2023 4:34:16 Μ.Μ. User toString
FINE: 2274: User Apostolos Kazopidis accessed
Αυγ 28, 2023 4:34:16 Μ.Μ. User toString
FINE: 2275: User Georgios Sakalas accessed
Αυγ 28, 2023 4:34:16 Μ.Μ. User toString
FINE: 2276: User test accessed
Αυγ 28, 2023 4:34:16 Μ.Μ. User toString
FINE: 2277: User Kal zzx accessed
Αυγ 28, 2023 4:34:16 Μ.Μ. User toString
FINE: 2278: User rwfrwfr rfwrgf accessed
Αυγ 28, 2023 4:34:16 Μ.Μ. User toString
FINE: 2279: User Apostolos Kazopidis accessed
Αυγ 28, 2023 4:34:16 Μ.Μ. User toString
FINE: 2280: User Georgios Sakalas accessed
Αυγ 28, 2023 4:34:16 Μ.Μ. User toString
FINE: 2281: User test accessed
Αυγ 28, 2023 4:34:16 Μ.Μ. User toString
FINE: 2282: User Kal zzx accessed
Αυγ 28, 2023 4:34:16 Μ.Μ. User toString
FINE: 2283: User rwfrwfr rfwrgf accessed
Αυγ 28, 2023 4:34:16 Μ.Μ. User toString
FINE: 2284: User Apostolos Kazopidis accessed
Αυγ 28, 2023 4:34:16 Μ.Μ. User toString
FINE: 2285: User Georgios Sakalas accessed
Αυγ 28, 2023 4:34:16 Μ.Μ. User toString
FINE: 2286: User test accessed
Αυγ 28, 2023 4:34:16 Μ.Μ. User toString
FINE: 2287: User Kal zzx accessed
Αυγ 28, 2023 4:34:16 Μ.Μ. User toString
FINE: 2288: User rwfrwfr rfwrgf accessed
Αυγ 28, 2023 4:34:16 Μ.Μ. User toString
FINE: 2289: User Apostolos Kazopidis accessed
Αυγ 28, 2023 4:34:16 Μ.Μ. User toString
FINE: 2290: User Georgios Sakalas accessed
Αυγ 28, 2023 4:34:16 Μ.Μ. User toString
FINE: 2291: User test accessed
Αυγ 28, 2023 4:34:16 Μ.Μ. User toString
FINE: 2292: User Kal zzx accessed
Αυγ 28, 2023 4:34:16 Μ.Μ. User toString
FINE: 2293: User rwfrwfr rfwrgf accessed
Αυγ 28, 2023 4:34:16 Μ.Μ. User toString
FINE: 2294: User Apostolos Kazopidis accessed
Αυγ 28, 2023 4:34:16 Μ.Μ. User toString
FINE: 2295: User Georgios Sakalas accessed
Αυγ 28, 2023 4:34:16 Μ.Μ. User toString
FINE: 2296: User test accessed
Αυγ 28, 2023 4:34:16 Μ.Μ. User toString
FINE: 2297: User Kal zzx accessed
Αυγ 28, 2023 4:34:16 Μ.Μ. User toString
FINE: 2298: User rwfrwfr rfwrgf accessed
Αυγ 28, 2023 4:34:16 Μ.Μ. User toString
FINE: 2299: User Apostolos Kazopidis accessed
Αυγ 28, 2023 4:34:16 Μ.Μ. User toString
FINE: 2300: User Georgios Sakalas accessed
Αυγ 28, 2023 4:34:16 Μ.Μ. User toString
FINE: 2301: User test accessed
Αυγ 28, 2023 4:34:16 Μ.Μ. User toString
FINE: 2302: User Kal zzx accessed
Αυγ 28, 2023 4:34:16 Μ.Μ. User toString
FINE: 2303: User rwfrwfr rfwrgf accessed
Αυγ 28, 2023 4:34:16 Μ.Μ. User toString
FINE: 2304: User Apostolos Kazopidis accessed
Αυγ 28, 2023 4:34:16 Μ.Μ. User toString
FINE: 2305: User Georgios Sakalas accessed
Αυγ 28, 2023 4:34:16 Μ.Μ. User toString
FINE: 2306: User test accessed
Αυγ 28, 2023 4:34:16 Μ.Μ. User toString
FINE: 2307: User Kal zzx accessed
Αυγ 28, 2023 4:34:16 Μ.Μ. User toString
FINE: 2308: User rwfrwfr rfwrgf accessed
Αυγ 28, 2023 4:34:16 Μ.Μ. User toString
FINE: 2309: User Apostolos Kazopidis accessed
Αυγ 28, 2023 4:34:16 Μ.Μ. User toString
FINE: 2310: User Georgios Sakalas accessed
Αυγ 28, 2023 4:34:16 Μ.Μ. User toString
FINE: 2311: User test accessed
Αυγ 28, 2023 4:34:16 Μ.Μ. User toString
FINE: 2312: User Kal zzx accessed
Αυγ 28, 2023 4:34:16 Μ.Μ. User toString
FINE: 2313: User rwfrwfr rfwrgf accessed
Αυγ 28, 2023 4:34:16 Μ.Μ. User toString
FINE: 2314: User Apostolos Kazopidis accessed
Αυγ 28, 2023 4:34:16 Μ.Μ. User toString
FINE: 2315: User Georgios Sakalas accessed
Αυγ 28, 2023 4:34:16 Μ.Μ. User toString
FINE: 2316: User test accessed
Αυγ 28, 2023 4:34:16 Μ.Μ. User toString
FINE: 2317: User Kal zzx accessed
Αυγ 28, 2023 4:34:16 Μ.Μ. User toString
FINE: 2318: User rwfrwfr rfwrgf accessed
Αυγ 28, 2023 4:34:16 Μ.Μ. User toString
FINE: 2319: User Apostolos Kazopidis accessed
Αυγ 28, 2023 4:34:16 Μ.Μ. User toString
FINE: 2320: User Georgios Sakalas accessed
Αυγ 28, 2023 4:34:16 Μ.Μ. User toString
FINE: 2321: User test accessed
Αυγ 28, 2023 4:34:16 Μ.Μ. User toString
FINE: 2322: User Kal zzx accessed
Αυγ 28, 2023 4:34:16 Μ.Μ. User toString
FINE: 2323: User rwfrwfr rfwrgf accessed
Αυγ 28, 2023 4:34:16 Μ.Μ. User toString
FINE: 2324: User Apostolos Kazopidis accessed
Αυγ 28, 2023 4:34:16 Μ.Μ. User toString
FINE: 2325: User Georgios Sakalas accessed
Αυγ 28, 2023 4:34:16 Μ.Μ. User toString
FINE: 2326: User test accessed
Αυγ 28, 2023 4:34:16 Μ.Μ. User toString
FINE: 2327: User Kal zzx accessed
Αυγ 28, 2023 4:34:16 Μ.Μ. User toString
FINE: 2328: User rwfrwfr rfwrgf accessed
Αυγ 28, 2023 4:34:16 Μ.Μ. User toString
FINE: 2329: User Apostolos Kazopidis accessed
Αυγ 28, 2023 4:34:16 Μ.Μ. User toString
FINE: 2330: User Georgios Sakalas accessed
Αυγ 28, 2023 4:34:16 Μ.Μ. User toString
FINE: 2331: User test accessed
Αυγ 28, 2023 4:34:16 Μ.Μ. User toString
FINE: 2332: User Kal zzx accessed
Αυγ 28, 2023 4:34:16 Μ.Μ. User toString
FINE: 2333: User rwfrwfr rfwrgf accessed
Αυγ 28, 2023 4:34:16 Μ.Μ. User toString
FINE: 2334: User Apostolos Kazopidis accessed
Αυγ 28, 2023 4:34:16 Μ.Μ. User toString
FINE: 2335: User Georgios Sakalas accessed
Αυγ 28, 2023 4:34:16 Μ.Μ. User toString
FINE: 2336: User test accessed
Αυγ 28, 2023 4:34:16 Μ.Μ. User toString
FINE: 2337: User Kal zzx accessed
Αυγ 28, 2023 4:34:16 Μ.Μ. User toString
FINE: 2338: User rwfrwfr rfwrgf accessed
Αυγ 28, 2023 4:34:16 Μ.Μ. User toString
FINE: 2339: User Apostolos Kazopidis accessed
Αυγ 28, 2023 4:34:16 Μ.Μ. User toString
FINE: 2340: User Georgios Sakalas accessed
Αυγ 28, 2023 4:34:16 Μ.Μ. User toString
FINE: 2341: User test accessed
Αυγ 28, 2023 4:34:16 Μ.Μ. User toString
FINE: 2342: User Kal zzx accessed
Αυγ 28, 2023 4:34:16 Μ.Μ. User toString
FINE: 2343: User rwfrwfr rfwrgf accessed
Αυγ 28, 2023 4:34:16 Μ.Μ. User toString
FINE: 2344: User Apostolos Kazopidis accessed
Αυγ 28, 2023 4:34:16 Μ.Μ. User toString
FINE: 2345: User Georgios Sakalas accessed
Αυγ 28, 2023 4:34:16 Μ.Μ. User toString
FINE: 2346: User test accessed
Αυγ 28, 2023 4:34:16 Μ.Μ. User toString
FINE: 2347: User Kal zzx accessed
Αυγ 28, 2023 4:34:16 Μ.Μ. User toString
FINE: 2348: User rwfrwfr rfwrgf accessed
Αυγ 28, 2023 4:34:16 Μ.Μ. User toString
FINE: 2349: User Apostolos Kazopidis accessed
Αυγ 28, 2023 4:34:16 Μ.Μ. User toString
FINE: 2350: User Georgios Sakalas accessed
Αυγ 28, 2023 4:34:16 Μ.Μ. User toString
FINE: 2351: User test accessed
Αυγ 28, 2023 4:34:16 Μ.Μ. User toString
FINE: 2352: User Kal zzx accessed
Αυγ 28, 2023 4:34:16 Μ.Μ. User toString
FINE: 2353: User rwfrwfr rfwrgf accessed
Αυγ 28, 2023 4:34:16 Μ.Μ. User toString
FINE: 2354: User Apostolos Kazopidis accessed
Αυγ 28, 2023 4:34:16 Μ.Μ. User toString
FINE: 2355: User Georgios Sakalas accessed
Αυγ 28, 2023 4:34:16 Μ.Μ. User toString
FINE: 2356: User test accessed
Αυγ 28, 2023 4:34:16 Μ.Μ. User toString
FINE: 2357: User Kal zzx accessed
Αυγ 28, 2023 4:34:16 Μ.Μ. User toString
FINE: 2358: User rwfrwfr rfwrgf accessed
Αυγ 28, 2023 4:34:16 Μ.Μ. User toString
FINE: 2359: User Apostolos Kazopidis accessed
Αυγ 28, 2023 4:34:16 Μ.Μ. User toString
FINE: 2360: User Georgios Sakalas accessed
Αυγ 28, 2023 4:34:16 Μ.Μ. User toString
FINE: 2361: User test accessed
Αυγ 28, 2023 4:34:16 Μ.Μ. User toString
FINE: 2362: User Kal zzx accessed
Αυγ 28, 2023 4:34:16 Μ.Μ. User toString
FINE: 2363: User rwfrwfr rfwrgf accessed
Αυγ 28, 2023 4:34:16 Μ.Μ. User toString
FINE: 2364: User Apostolos Kazopidis accessed
Αυγ 28, 2023 4:34:16 Μ.Μ. User toString
FINE: 2365: User Georgios Sakalas accessed
Αυγ 28, 2023 4:34:16 Μ.Μ. User toString
FINE: 2366: User test accessed
Αυγ 28, 2023 4:34:16 Μ.Μ. User toString
FINE: 2367: User Kal zzx accessed
Αυγ 28, 2023 4:34:16 Μ.Μ. User toString
FINE: 2368: User rwfrwfr rfwrgf accessed
Αυγ 28, 2023 4:34:16 Μ.Μ. User toString
FINE: 2369: User Apostolos Kazopidis accessed
Αυγ 28, 2023 4:34:16 Μ.Μ. User toString
FINE: 2370: User Georgios Sakalas accessed
Αυγ 28, 2023 4:34:16 Μ.Μ. User toString
FINE: 2371: User test accessed
Αυγ 28, 2023 4:34:16 Μ.Μ. User toString
FINE: 2372: User Kal zzx accessed
Αυγ 28, 2023 4:34:16 Μ.Μ. User toString
FINE: 2373: User rwfrwfr rfwrgf accessed
Αυγ 28, 2023 4:34:16 Μ.Μ. User toString
FINE: 2374: User Apostolos Kazopidis accessed
Αυγ 28, 2023 4:34:16 Μ.Μ. User toString
FINE: 2375: User Georgios Sakalas accessed
Αυγ 28, 2023 4:34:16 Μ.Μ. User toString
FINE: 2376: User test accessed
Αυγ 28, 2023 4:34:16 Μ.Μ. User toString
FINE: 2377: User Kal zzx accessed
Αυγ 28, 2023 4:34:16 Μ.Μ. User toString
FINE: 2378: User rwfrwfr rfwrgf accessed
Αυγ 28, 2023 4:34:16 Μ.Μ. User toString
FINE: 2379: User Apostolos Kazopidis accessed
Αυγ 28, 2023 4:34:16 Μ.Μ. User toString
FINE: 2380: User Georgios Sakalas accessed
Αυγ 28, 2023 4:34:16 Μ.Μ. User toString
FINE: 2381: User test accessed
Αυγ 28, 2023 4:34:16 Μ.Μ. User toString
FINE: 2382: User Kal zzx accessed
Αυγ 28, 2023 4:34:16 Μ.Μ. User toString
FINE: 2383: User rwfrwfr rfwrgf accessed
Αυγ 28, 2023 4:34:16 Μ.Μ. User toString
FINE: 2384: User Apostolos Kazopidis accessed
Αυγ 28, 2023 4:34:16 Μ.Μ. User toString
FINE: 2385: User Georgios Sakalas accessed
Αυγ 28, 2023 4:34:16 Μ.Μ. User toString
FINE: 2386: User test accessed
Αυγ 28, 2023 4:34:16 Μ.Μ. User toString
FINE: 2387: User Kal zzx accessed
Αυγ 28, 2023 4:34:16 Μ.Μ. User toString
FINE: 2388: User rwfrwfr rfwrgf accessed
Αυγ 28, 2023 4:34:16 Μ.Μ. User toString
FINE: 2389: User Apostolos Kazopidis accessed
Αυγ 28, 2023 4:34:16 Μ.Μ. User toString
FINE: 2390: User Georgios Sakalas accessed
Αυγ 28, 2023 4:34:16 Μ.Μ. User toString
FINE: 2391: User test accessed
Αυγ 28, 2023 4:34:16 Μ.Μ. User toString
FINE: 2392: User Kal zzx accessed
Αυγ 28, 2023 4:34:16 Μ.Μ. User toString
FINE: 2393: User rwfrwfr rfwrgf accessed
Αυγ 28, 2023 4:34:16 Μ.Μ. User toString
FINE: 2394: User Apostolos Kazopidis accessed
