Αυγ 28, 2023 4:34:16 Μ.Μ. User toString
FINE: 0: User Georgios Sakalas accessed
Αυγ 28, 2023 4:34:16 Μ.Μ. User toString
FINE: 1: User test accessed
Αυγ 28, 2023 4:34:16 Μ.Μ. User toString
FINE: 2: User Kal zzx accessed
Αυγ 28, 2023 4:34:16 Μ.Μ. User toString
FINE: 3: User rwfrwfr rfwrgf accessed
Αυγ 28, 2023 4:34:16 Μ.Μ. User toString
FINE: 4: User Apostolos Kazopidis accessed
Αυγ 28, 2023 4:34:16 Μ.Μ. User toString
FINE: 5: User Georgios Sakalas accessed
Αυγ 28, 2023 4:34:16 Μ.Μ. User toString
FINE: 6: User test accessed
Αυγ 28, 2023 4:34:16 Μ.Μ. User toString
FINE: 7: User Kal zzx accessed
Αυγ 28, 2023 4:34:16 Μ.Μ. User toString
FINE: 8: User rwfrwfr rfwrgf accessed
Αυγ 28, 2023 4:34:16 Μ.Μ. User toString
FINE: 9: User Apostolos Kazopidis accessed
Αυγ 28, 2023 4:34:16 Μ.Μ. User toString
FINE: 10: User Georgios Sakalas accessed
Αυγ 28, 2023 4:34:16 Μ.Μ. User toString
FINE: 11: User test accessed
Αυγ 28, 2023 4:34:16 Μ.Μ. User toString
FINE: 12: User Kal zzx accessed
Αυγ 28, 2023 4:34:16 Μ.Μ. User toString
FINE: 13: User rwfrwfr rfwrgf accessed
Αυγ 28, 2023 4:34:16 Μ.Μ. User toString
FINE: 14: User Apostolos Kazopidis accessed
Αυγ 28, 2023 4:34:16 Μ.Μ. User toString
FINE: 15: User Georgios Sakalas accessed
Αυγ 28, 2023 4:34:16 Μ.Μ. User toString
FINE: 16: User test accessed
Αυγ 28, 2023 4:34:16 Μ.Μ. User toString
FINE: 17: User Kal zzx accessed
Αυγ 28, 2023 4:34:16 Μ.Μ. User toString
FINE: 18: User rwfrwfr rfwrgf accessed
Αυγ 28, 2023 4:34:16 Μ.Μ. User toString
FINE: 19: User Apostolos Kazopidis accessed
Αυγ 28, 2023 4:34:16 Μ.Μ. User toString
FINE: 20: User Georgios Sakalas accessed
Αυγ 28, 2023 4:34:16 Μ.Μ. User toString
FINE: 21: User test accessed
Αυγ 28, 2023 4:34:16 Μ.Μ. User toString
FINE: 22: User Kal zzx accessed
Αυγ 28, 2023 4:34:16 Μ.Μ. User toString
FINE: 23: User rwfrwfr rfwrgf accessed
Αυγ 28, 2023 4:34:16 Μ.Μ. User toString
FINE: 24: User Apostolos Kazopidis accessed
Αυγ 28, 2023 4:34:16 Μ.Μ. User toString
FINE: 25: User Georgios Sakalas accessed
Αυγ 28, 2023 4:34:16 Μ.Μ. User toString
FINE: 26: User test accessed
Αυγ 28, 2023 4:34:16 Μ.Μ. User toString
FINE: 27: User Kal zzx accessed
Αυγ 28, 2023 4:34:16 Μ.Μ. User toString
FINE: 28: User rwfrwfr rfwrgf accessed
Αυγ 28, 2023 4:34:16 Μ.Μ. User toString
FINE: 29: User Apostolos Kazopidis accessed
Αυγ 28, 2023 4:34:16 Μ.Μ. User toString
FINE: 30: User Georgios Sakalas accessed
Αυγ 28, 2023 4:34:16 Μ.Μ. User toString
FINE: 31: User test accessed
Αυγ 28, 2023 4:34:16 Μ.Μ. User toString
FINE: 32: User Kal zzx accessed
Αυγ 28, 2023 4:34:16 Μ.Μ. User toString
FINE: 33: User rwfrwfr rfwrgf accessed
Αυγ 28, 2023 4:34:16 Μ.Μ. User toString
FINE: 34: User Apostolos Kazopidis accessed
Αυγ 28, 2023 4:34:16 Μ.Μ. User toString
FINE: 35: User Georgios Sakalas accessed
Αυγ 28, 2023 4:34:16 Μ.Μ. User toString
FINE: 36: User test accessed
Αυγ 28, 2023 4:34:16 Μ.Μ. User toString
FINE: 37: User Kal zzx accessed
Αυγ 28, 2023 4:34:16 Μ.Μ. User toString
FINE: 38: User rwfrwfr rfwrgf accessed
Αυγ 28, 2023 4:34:16 Μ.Μ. User toString
FINE: 39: User Apostolos Kazopidis accessed
Αυγ 28, 2023 4:34:16 Μ.Μ. User toString
FINE: 40: User Georgios Sakalas accessed
Αυγ 28, 2023 4:34:16 Μ.Μ. User toString
FINE: 41: User test accessed
Αυγ 28, 2023 4:34:16 Μ.Μ. User toString
FINE: 42: User Kal zzx accessed
Αυγ 28, 2023 4:34:16 Μ.Μ. User toString
FINE: 43: User rwfrwfr rfwrgf accessed
Αυγ 28, 2023 4:34:16 Μ.Μ. User toString
FINE: 44: User Apostolos Kazopidis accessed
Αυγ 28, 2023 4:34:16 Μ.Μ. User toString
FINE: 45: User Georgios Sakalas accessed
Αυγ 28, 2023 4:34:16 Μ.Μ. User toString
FINE: 46: User test accessed
Αυγ 28, 2023 4:34:16 Μ.Μ. User toString
FINE: 47: User Kal zzx accessed
Αυγ 28, 2023 4:34:16 Μ.Μ. User toString
FINE: 48: User rwfrwfr rfwrgf accessed
Αυγ 28, 2023 4:34:16 Μ.Μ. User toString
FINE: 49: User Apostolos Kazopidis accessed
Αυγ 28, 2023 4:34:16 Μ.Μ. User toString
FINE: 50: User Georgios Sakalas accessed
Αυγ 28, 2023 4:34:16 Μ.Μ. User toString
FINE: 51: User test accessed
Αυγ 28, 2023 4:34:16 Μ.Μ. User toString
FINE: 52: User Kal zzx accessed
Αυγ 28, 2023 4:34:16 Μ.Μ. User toString
FINE: 53: User rwfrwfr rfwrgf accessed
Αυγ 28, 2023 4:34:16 Μ.Μ. User toString
FINE: 54: User Apostolos Kazopidis accessed
Αυγ 28, 2023 4:34:16 Μ.Μ. User toString
FINE: 55: User Georgios Sakalas accessed
Αυγ 28, 2023 4:34:16 Μ.Μ. User toString
FINE: 56: User test accessed
Αυγ 28, 2023 4:34:16 Μ.Μ. User toString
FINE: 57: User Kal zzx accessed
Αυγ 28, 2023 4:34:16 Μ.Μ. User toString
FINE: 58: User rwfrwfr rfwrgf accessed
Αυγ 28, 2023 4:34:16 Μ.Μ. User toString
FINE: 59: User Apostolos Kazopidis accessed
Αυγ 28, 2023 4:34:16 Μ.Μ. User toString
FINE: 60: User Georgios Sakalas accessed
Αυγ 28, 2023 4:34:16 Μ.Μ. User toString
FINE: 61: User test accessed
Αυγ 28, 2023 4:34:16 Μ.Μ. User toString
FINE: 62: User Kal zzx accessed
Αυγ 28, 2023 4:34:16 Μ.Μ. User toString
FINE: 63: User rwfrwfr rfwrgf accessed
Αυγ 28, 2023 4:34:16 Μ.Μ. User toString
FINE: 64: User Apostolos Kazopidis accessed
Αυγ 28, 2023 4:34:16 Μ.Μ. User toString
FINE: 65: User Georgios Sakalas accessed
Αυγ 28, 2023 4:34:16 Μ.Μ. User toString
FINE: 66: User test accessed
Αυγ 28, 2023 4:34:16 Μ.Μ. User toString
FINE: 67: User Kal zzx accessed
Αυγ 28, 2023 4:34:16 Μ.Μ. User toString
FINE: 68: User rwfrwfr rfwrgf accessed
Αυγ 28, 2023 4:34:16 Μ.Μ. User toString
FINE: 69: User Apostolos Kazopidis accessed
Αυγ 28, 2023 4:34:16 Μ.Μ. User toString
FINE: 70: User Georgios Sakalas accessed
Αυγ 28, 2023 4:34:16 Μ.Μ. User toString
FINE: 71: User test accessed
Αυγ 28, 2023 4:34:16 Μ.Μ. User toString
FINE: 72: User Kal zzx accessed
Αυγ 28, 2023 4:34:16 Μ.Μ. User toString
FINE: 73: User rwfrwfr rfwrgf accessed
Αυγ 28, 2023 4:34:16 Μ.Μ. User toString
FINE: 74: User Apostolos Kazopidis accessed
Αυγ 28, 2023 4:34:16 Μ.Μ. User toString
FINE: 75: User Georgios Sakalas accessed
Αυγ 28, 2023 4:34:16 Μ.Μ. User toString
FINE: 76: User test accessed
Αυγ 28, 2023 4:34:16 Μ.Μ. User toString
FINE: 77: User Kal zzx accessed
Αυγ 28, 2023 4:34:16 Μ.Μ. User toString
FINE: 78: User rwfrwfr rfwrgf accessed
Αυγ 28, 2023 4:34:16 Μ.Μ. User toString
FINE: 79: User Apostolos Kazopidis accessed
Αυγ 28, 2023 4:34:16 Μ.Μ. User toString
FINE: 80: User Georgios Sakalas accessed
Αυγ 28, 2023 4:34:16 Μ.Μ. User toString
FINE: 81: User test accessed
Αυγ 28, 2023 4:34:16 Μ.Μ. User toString
FINE: 82: User Kal zzx accessed
Αυγ 28, 2023 4:34:16 Μ.Μ. User toString
FINE: 83: User rwfrwfr rfwrgf accessed
Αυγ 28, 2023 4:34:16 Μ.Μ. User toString
FINE: 84: User Apostolos Kazopidis accessed
Αυγ 28, 2023 4:34:16 Μ.Μ. User toString
FINE: 85: User Georgios Sakalas accessed
Αυγ 28, 2023 4:34:16 Μ.Μ. User toString
FINE: 86: User test accessed
Αυγ 28, 2023 4:34:16 Μ.Μ. User toString
FINE: 87: User Kal zzx accessed
Αυγ 28, 2023 4:34:16 Μ.Μ. User toString
FINE: 88: User rwfrwfr rfwrgf accessed
Αυγ 28, 2023 4:34:16 Μ.Μ. User toString
FINE: 89: User Apostolos Kazopidis accessed
Αυγ 28, 2023 4:34:16 Μ.Μ. User toString
FINE: 90: User Georgios Sakalas accessed
Αυγ 28, 2023 4:34:16 Μ.Μ. User toString
FINE: 91: User test accessed
Αυγ 28, 2023 4:34:16 Μ.Μ. User toString
FINE: 92: User Kal zzx accessed
Αυγ 28, 2023 4:34:16 Μ.Μ. User toString
FINE: 93: User rwfrwfr rfwrgf accessed
Αυγ 28, 2023 4:34:16 Μ.Μ. User toString
FINE: 94: User Apostolos Kazopidis accessed
Αυγ 28, 2023 4:34:16 Μ.Μ. User toString
FINE: 95: User Georgios Sakalas accessed
Αυγ 28, 2023 4:34:16 Μ.Μ. User toString
FINE: 96: User test accessed
Αυγ 28, 2023 4:34:16 Μ.Μ. User toString
FINE: 97: User Kal zzx accessed
Αυγ 28, 2023 4:34:16 Μ.Μ. User toString
FINE: 98: User rwfrwfr rfwrgf accessed
Αυγ 28, 2023 4:34:16 Μ.Μ. User toString
FINE: 99: User Apostolos Kazopidis accessed
Αυγ 28, 2023 4:34:16 Μ.Μ. User toString
FINE: 100: User Georgios Sakalas accessed
Αυγ 28, 2023 4:34:16 Μ.Μ. User toString
FINE: 101: User test accessed
Αυγ 28, 2023 4:34:16 Μ.Μ. User toString
FINE: 102: User Kal zzx accessed
Αυγ 28, 2023 4:34:16 Μ.Μ. User toString
FINE: 103: User rwfrwfr rfwrgf accessed
Αυγ 28, 2023 4:34:16 Μ.Μ. User toString
FINE: 104: User Apostolos Kazopidis accessed
Αυγ 28, 2023 4:34:16 Μ.Μ. User toString
FINE: 105: User Georgios Sakalas accessed
Αυγ 28, 2023 4:34:16 Μ.Μ. User toString
FINE: 106: User test accessed
Αυγ 28, 2023 4:34:16 Μ.Μ. User toString
FINE: 107: User Kal zzx accessed
Αυγ 28, 2023 4:34:16 Μ.Μ. User toString
FINE: 108: User rwfrwfr rfwrgf accessed
Αυγ 28, 2023 4:34:16 Μ.Μ. User toString
FINE: 109: User Apostolos Kazopidis accessed
Αυγ 28, 2023 4:34:16 Μ.Μ. User toString
FINE: 110: User Georgios Sakalas accessed
Αυγ 28, 2023 4:34:16 Μ.Μ. User toString
FINE: 111: User test accessed
Αυγ 28, 2023 4:34:16 Μ.Μ. User toString
FINE: 112: User Kal zzx accessed
Αυγ 28, 2023 4:34:16 Μ.Μ. User toString
FINE: 113: User rwfrwfr rfwrgf accessed
Αυγ 28, 2023 4:34:16 Μ.Μ. User toString
FINE: 114: User Apostolos Kazopidis accessed
Αυγ 28, 2023 4:34:16 Μ.Μ. User toString
FINE: 115: User Georgios Sakalas accessed
Αυγ 28, 2023 4:34:16 Μ.Μ. User toString
FINE: 116: User test accessed
Αυγ 28, 2023 4:34:16 Μ.Μ. User toString
FINE: 117: User Kal zzx accessed
Αυγ 28, 2023 4:34:16 Μ.Μ. User toString
FINE: 118: User rwfrwfr rfwrgf accessed
Αυγ 28, 2023 4:34:16 Μ.Μ. User toString
FINE: 119: User Apostolos Kazopidis accessed
Αυγ 28, 2023 4:34:16 Μ.Μ. User toString
FINE: 120: User Georgios Sakalas accessed
Αυγ 28, 2023 4:34:16 Μ.Μ. User toString
FINE: 121: User test accessed
Αυγ 28, 2023 4:34:16 Μ.Μ. User toString
FINE: 122: User Kal zzx accessed
Αυγ 28, 2023 4:34:16 Μ.Μ. User toString
FINE: 123: User rwfrwfr rfwrgf accessed
Αυγ 28, 2023 4:34:16 Μ.Μ. User toString
FINE: 124: User Apostolos Kazopidis accessed
Αυγ 28, 2023 4:34:16 Μ.Μ. User toString
FINE: 125: User Georgios Sakalas accessed
Αυγ 28, 2023 4:34:16 Μ.Μ. User toString
FINE: 126: User test accessed
Αυγ 28, 2023 4:34:16 Μ.Μ. User toString
FINE: 127: User Kal zzx accessed
Αυγ 28, 2023 4:34:16 Μ.Μ. User toString
FINE: 128: User rwfrwfr rfwrgf accessed
Αυγ 28, 2023 4:34:16 Μ.Μ. User toString
FINE: 129: User Apostolos Kazopidis accessed
Αυγ 28, 2023 4:34:16 Μ.Μ. User toString
FINE: 130: User Georgios Sakalas accessed
Αυγ 28, 2023 4:34:16 Μ.Μ. User toString
FINE: 131: User test accessed
Αυγ 28, 2023 4:34:16 Μ.Μ. User toString
FINE: 132: User Kal zzx accessed
Αυγ 28, 2023 4:34:16 Μ.Μ. User toString
FINE: 133: User rwfrwfr rfwrgf accessed
Αυγ 28, 2023 4:34:16 Μ.Μ. User toString
FINE: 134: User Apostolos Kazopidis accessed
Αυγ 28, 2023 4:34:16 Μ.Μ. User toString
FINE: 135: User Georgios Sakalas accessed
Αυγ 28, 2023 4:34:16 Μ.Μ. User toString
FINE: 136: User test accessed
Αυγ 28, 2023 4:34:16 Μ.Μ. User toString
FINE: 137: User Kal zzx accessed
Αυγ 28, 2023 4:34:16 Μ.Μ. User toString
FINE: 138: User rwfrwfr rfwrgf accessed
Αυγ 28, 2023 4:34:16 Μ.Μ. User toString
FINE: 139: User Apostolos Kazopidis accessed
Αυγ 28, 2023 4:34:16 Μ.Μ. User toString
FINE: 140: User Georgios Sakalas accessed
Αυγ 28, 2023 4:34:16 Μ.Μ. User toString
FINE: 141: User test accessed
Αυγ 28, 2023 4:34:16 Μ.Μ. User toString
FINE: 142: User Kal zzx accessed
Αυγ 28, 2023 4:34:16 Μ.Μ. User toString
FINE: 143: User rwfrwfr rfwrgf accessed
Αυγ 28, 2023 4:34:16 Μ.Μ. User toString
FINE: 144: User Apostolos Kazopidis accessed
Αυγ 28, 2023 4:34:16 Μ.Μ. User toString
FINE: 145: User Georgios Sakalas accessed
Αυγ 28, 2023 4:34:16 Μ.Μ. User toString
FINE: 146: User test accessed
Αυγ 28, 2023 4:34:16 Μ.Μ. User toString
FINE: 147: User Kal zzx accessed
Αυγ 28, 2023 4:34:16 Μ.Μ. User toString
FINE: 148: User rwfrwfr rfwrgf accessed
Αυγ 28, 2023 4:34:16 Μ.Μ. User toString
FINE: 149: User Apostolos Kazopidis accessed
Αυγ 28, 2023 4:34:16 Μ.Μ. User toString
FINE: 150: User Georgios Sakalas accessed
Αυγ 28, 2023 4:34:16 Μ.Μ. User toString
FINE: 151: User test accessed
Αυγ 28, 2023 4:34:16 Μ.Μ. User toString
FINE: 152: User Kal zzx accessed
Αυγ 28, 2023 4:34:16 Μ.Μ. User toString
FINE: 153: User rwfrwfr rfwrgf accessed
Αυγ 28, 2023 4:34:16 Μ.Μ. User toString
FINE: 154: User Apostolos Kazopidis accessed
Αυγ 28, 2023 4:34:16 Μ.Μ. User toString
FINE: 155: User Georgios Sakalas accessed
Αυγ 28, 2023 4:34:16 Μ.Μ. User toString
FINE: 156: User test accessed
Αυγ 28, 2023 4:34:16 Μ.Μ. User toString
FINE: 157: User Kal zzx accessed
Αυγ 28, 2023 4:34:16 Μ.Μ. User toString
FINE: 158: User rwfrwfr rfwrgf accessed
Αυγ 28, 2023 4:34:16 Μ.Μ. User toString
FINE: 159: User Apostolos Kazopidis accessed
Αυγ 28, 2023 4:34:16 Μ.Μ. User toString
FINE: 160: User Georgios Sakalas accessed
Αυγ 28, 2023 4:34:16 Μ.Μ. User toString
FINE: 161: User test accessed
Αυγ 28, 2023 4:34:16 Μ.Μ. User toString
FINE: 162: User Kal zzx accessed
Αυγ 28, 2023 4:34:16 Μ.Μ. User toString
FINE: 163: User rwfrwfr rfwrgf accessed
Αυγ 28, 2023 4:34:16 Μ.Μ. User toString
FINE: 164: User Apostolos Kazopidis accessed
Αυγ 28, 2023 4:34:16 Μ.Μ. User toString
FINE: 165: User Georgios Sakalas accessed
Αυγ 28, 2023 4:34:16 Μ.Μ. User toString
FINE: 166: User test accessed
Αυγ 28, 2023 4:34:16 Μ.Μ. User toString
FINE: 167: User Kal zzx accessed
Αυγ 28, 2023 4:34:16 Μ.Μ. User toString
FINE: 168: User rwfrwfr rfwrgf accessed
Αυγ 28, 2023 4:34:16 Μ.Μ. User toString
FINE: 169: User Apostolos Kazopidis accessed
Αυγ 28, 2023 4:34:16 Μ.Μ. User toString
FINE: 170: User Georgios Sakalas accessed
Αυγ 28, 2023 4:34:16 Μ.Μ. User toString
FINE: 171: User test accessed
Αυγ 28, 2023 4:34:16 Μ.Μ. User toString
FINE: 172: User Kal zzx accessed
Αυγ 28, 2023 4:34:16 Μ.Μ. User toString
FINE: 173: User rwfrwfr rfwrgf accessed
Αυγ 28, 2023 4:34:16 Μ.Μ. User toString
FINE: 174: User Apostolos Kazopidis accessed
Αυγ 28, 2023 4:34:16 Μ.Μ. User toString
FINE: 175: User Georgios Sakalas accessed
Αυγ 28, 2023 4:34:16 Μ.Μ. User toString
FINE: 176: User test accessed
Αυγ 28, 2023 4:34:16 Μ.Μ. User toString
FINE: 177: User Kal zzx accessed
Αυγ 28, 2023 4:34:16 Μ.Μ. User toString
FINE: 178: User rwfrwfr rfwrgf accessed
Αυγ 28, 2023 4:34:16 Μ.Μ. User toString
FINE: 179: User Apostolos Kazopidis accessed
Αυγ 28, 2023 4:34:16 Μ.Μ. User toString
FINE: 180: User Georgios Sakalas accessed
Αυγ 28, 2023 4:34:16 Μ.Μ. User toString
FINE: 181: User test accessed
Αυγ 28, 2023 4:34:16 Μ.Μ. User toString
FINE: 182: User Kal zzx accessed
Αυγ 28, 2023 4:34:16 Μ.Μ. User toString
FINE: 183: User rwfrwfr rfwrgf accessed
Αυγ 28, 2023 4:34:16 Μ.Μ. User toString
FINE: 184: User Apostolos Kazopidis accessed
Αυγ 28, 2023 4:34:16 Μ.Μ. User toString
FINE: 185: User Georgios Sakalas accessed
Αυγ 28, 2023 4:34:16 Μ.Μ. User toString
FINE: 186: User test accessed
Αυγ 28, 2023 4:34:16 Μ.Μ. User toString
FINE: 187: User Kal zzx accessed
Αυγ 28, 2023 4:34:16 Μ.Μ. User toString
FINE: 188: User rwfrwfr rfwrgf accessed
Αυγ 28, 2023 4:34:16 Μ.Μ. User toString
FINE: 189: User Apostolos Kazopidis accessed
Αυγ 28, 2023 4:34:16 Μ.Μ. User toString
FINE: 190: User Georgios Sakalas accessed
Αυγ 28, 2023 4:34:16 Μ.Μ. User toString
FINE: 191: User test accessed
Αυγ 28, 2023 4:34:16 Μ.Μ. User toString
FINE: 192: User Kal zzx accessed
Αυγ 28, 2023 4:34:16 Μ.Μ. User toString
FINE: 193: User rwfrwfr rfwrgf accessed
Αυγ 28, 2023 4:34:16 Μ.Μ. User toString
FINE: 194: User Apostolos Kazopidis accessed
Αυγ 28, 2023 4:34:16 Μ.Μ. User toString
FINE: 195: User Georgios Sakalas accessed
Αυγ 28, 2023 4:34:16 Μ.Μ. User toString
FINE: 196: User test accessed
Αυγ 28, 2023 4:34:16 Μ.Μ. User toString
FINE: 197: User Kal zzx accessed
Αυγ 28, 2023 4:34:16 Μ.Μ. User toString
FINE: 198: User rwfrwfr rfwrgf accessed
Αυγ 28, 2023 4:34:16 Μ.Μ. User toString
FINE: 199: User Apostolos Kazopidis accessed
Αυγ 28, 2023 4:34:16 Μ.Μ. User toString
FINE: 200: User Georgios Sakalas accessed
Αυγ 28, 2023 4:34:16 Μ.Μ. User toString
FINE: 201: User test accessed
Αυγ 28, 2023 4:34:16 Μ.Μ. User toString
FINE: 202: User Kal zzx accessed
Αυγ 28, 2023 4:34:16 Μ.Μ. User toString
FINE: 203: User rwfrwfr rfwrgf accessed
Αυγ 28, 2023 4:34:16 Μ.Μ. User toString
FINE: 204: User Apostolos Kazopidis accessed
Αυγ 28, 2023 4:34:16 Μ.Μ. User toString
FINE: 205: User Georgios Sakalas accessed
Αυγ 28, 2023 4:34:16 Μ.Μ. User toString
FINE: 206: User test accessed
Αυγ 28, 2023 4:34:16 Μ.Μ. User toString
FINE: 207: User Kal zzx accessed
Αυγ 28, 2023 4:34:16 Μ.Μ. User toString
FINE: 208: User rwfrwfr rfwrgf accessed
Αυγ 28, 2023 4:34:16 Μ.Μ. User toString
FINE: 209: User Apostolos Kazopidis accessed
Αυγ 28, 2023 4:34:16 Μ.Μ. User toString
FINE: 210: User Georgios Sakalas accessed
Αυγ 28, 2023 4:34:16 Μ.Μ. User toString
FINE: 211: User test accessed
Αυγ 28, 2023 4:34:16 Μ.Μ. User toString
FINE: 212: User Kal zzx accessed
Αυγ 28, 2023 4:34:16 Μ.Μ. User toString
FINE: 213: User rwfrwfr rfwrgf accessed
Αυγ 28, 2023 4:34:16 Μ.Μ. User toString
FINE: 214: User Apostolos Kazopidis accessed
Αυγ 28, 2023 4:34:16 Μ.Μ. User toString
FINE: 215: User Georgios Sakalas accessed
Αυγ 28, 2023 4:34:16 Μ.Μ. User toString
FINE: 216: User test accessed
Αυγ 28, 2023 4:34:16 Μ.Μ. User toString
FINE: 217: User Kal zzx accessed
Αυγ 28, 2023 4:34:16 Μ.Μ. User toString
FINE: 218: User rwfrwfr rfwrgf accessed
Αυγ 28, 2023 4:34:16 Μ.Μ. User toString
FINE: 219: User Apostolos Kazopidis accessed
Αυγ 28, 2023 4:34:16 Μ.Μ. User toString
FINE: 220: User Georgios Sakalas accessed
Αυγ 28, 2023 4:34:16 Μ.Μ. User toString
FINE: 221: User test accessed
Αυγ 28, 2023 4:34:16 Μ.Μ. User toString
FINE: 222: User Kal zzx accessed
Αυγ 28, 2023 4:34:16 Μ.Μ. User toString
FINE: 223: User rwfrwfr rfwrgf accessed
Αυγ 28, 2023 4:34:16 Μ.Μ. User toString
FINE: 224: User Apostolos Kazopidis accessed
Αυγ 28, 2023 4:34:16 Μ.Μ. User toString
FINE: 225: User Georgios Sakalas accessed
Αυγ 28, 2023 4:34:16 Μ.Μ. User toString
FINE: 226: User test accessed
Αυγ 28, 2023 4:34:16 Μ.Μ. User toString
FINE: 227: User Kal zzx accessed
Αυγ 28, 2023 4:34:16 Μ.Μ. User toString
FINE: 228: User rwfrwfr rfwrgf accessed
Αυγ 28, 2023 4:34:16 Μ.Μ. User toString
FINE: 229: User Apostolos Kazopidis accessed
Αυγ 28, 2023 4:34:16 Μ.Μ. User toString
FINE: 230: User Georgios Sakalas accessed
Αυγ 28, 2023 4:34:16 Μ.Μ. User toString
FINE: 231: User test accessed
Αυγ 28, 2023 4:34:16 Μ.Μ. User toString
FINE: 232: User Kal zzx accessed
Αυγ 28, 2023 4:34:16 Μ.Μ. User toString
FINE: 233: User rwfrwfr rfwrgf accessed
Αυγ 28, 2023 4:34:16 Μ.Μ. User toString
FINE: 234: User Apostolos Kazopidis accessed
Αυγ 28, 2023 4:34:16 Μ.Μ. User toString
FINE: 235: User Georgios Sakalas accessed
Αυγ 28, 2023 4:34:16 Μ.Μ. User toString
FINE: 236: User test accessed
Αυγ 28, 2023 4:34:16 Μ.Μ. User toString
FINE: 237: User Kal zzx accessed
Αυγ 28, 2023 4:34:16 Μ.Μ. User toString
FINE: 238: User rwfrwfr rfwrgf accessed
Αυγ 28, 2023 4:34:16 Μ.Μ. User toString
FINE: 239: User Apostolos Kazopidis accessed
Αυγ 28, 2023 4:34:16 Μ.Μ. User toString
FINE: 240: User Georgios Sakalas accessed
Αυγ 28, 2023 4:34:16 Μ.Μ. User toString
FINE: 241: User test accessed
Αυγ 28, 2023 4:34:16 Μ.Μ. User toString
FINE: 242: User Kal zzx accessed
Αυγ 28, 2023 4:34:16 Μ.Μ. User toString
FINE: 243: User rwfrwfr rfwrgf accessed
Αυγ 28, 2023 4:34:16 Μ.Μ. User toString
FINE: 244: User Apostolos Kazopidis accessed
Αυγ 28, 2023 4:34:16 Μ.Μ. User toString
FINE: 245: User Georgios Sakalas accessed
Αυγ 28, 2023 4:34:16 Μ.Μ. User toString
FINE: 246: User test accessed
Αυγ 28, 2023 4:34:16 Μ.Μ. User toString
FINE: 247: User Kal zzx accessed
Αυγ 28, 2023 4:34:16 Μ.Μ. User toString
FINE: 248: User rwfrwfr rfwrgf accessed
Αυγ 28, 2023 4:34:16 Μ.Μ. User toString
FINE: 249: User Apostolos Kazopidis accessed
Αυγ 28, 2023 4:34:16 Μ.Μ. User toString
FINE: 250: User Georgios Sakalas accessed
Αυγ 28, 2023 4:34:16 Μ.Μ. User toString
FINE: 251: User test accessed
Αυγ 28, 2023 4:34:16 Μ.Μ. User toString
FINE: 252: User Kal zzx accessed
Αυγ 28, 2023 4:34:16 Μ.Μ. User toString
FINE: 253: User rwfrwfr rfwrgf accessed
Αυγ 28, 2023 4:34:16 Μ.Μ. User toString
FINE: 254: User Apostolos Kazopidis accessed
Αυγ 28, 2023 4:34:16 Μ.Μ. User toString
FINE: 255: User Georgios Sakalas accessed
Αυγ 28, 2023 4:34:16 Μ.Μ. User toString
FINE: 256: User test accessed
Αυγ 28, 2023 4:34:16 Μ.Μ. User toString
FINE: 257: User Kal zzx accessed
Αυγ 28, 2023 4:34:16 Μ.Μ. User toString
FINE: 258: User rwfrwfr rfwrgf accessed
Αυγ 28, 2023 4:34:16 Μ.Μ. User toString
FINE: 259: User Apostolos Kazopidis accessed
Αυγ 28, 2023 4:34:16 Μ.Μ. User toString
FINE: 260: User Georgios Sakalas accessed
Αυγ 28, 2023 4:34:16 Μ.Μ. User toString
FINE: 261: User test accessed
Αυγ 28, 2023 4:34:16 Μ.Μ. User toString
FINE: 262: User Kal zzx accessed
Αυγ 28, 2023 4:34:16 Μ.Μ. User toString
FINE: 263: User rwfrwfr rfwrgf accessed
Αυγ 28, 2023 4:34:16 Μ.Μ. User toString
FINE: 264: User Apostolos Kazopidis accessed
Αυγ 28, 2023 4:34:16 Μ.Μ. User toString
FINE: 265: User Georgios Sakalas accessed
Αυγ 28, 2023 4:34:16 Μ.Μ. User toString
FINE: 266: User test accessed
Αυγ 28, 2023 4:34:16 Μ.Μ. User toString
FINE: 267: User Kal zzx accessed
Αυγ 28, 2023 4:34:16 Μ.Μ. User toString
FINE: 268: User rwfrwfr rfwrgf accessed
Αυγ 28, 2023 4:34:16 Μ.Μ. User toString
FINE: 269: User Apostolos Kazopidis accessed
Αυγ 28, 2023 4:34:16 Μ.Μ. User toString
FINE: 270: User Georgios Sakalas accessed
Αυγ 28, 2023 4:34:16 Μ.Μ. User toString
FINE: 271: User test accessed
Αυγ 28, 2023 4:34:16 Μ.Μ. User toString
FINE: 272: User Kal zzx accessed
Αυγ 28, 2023 4:34:16 Μ.Μ. User toString
FINE: 273: User rwfrwfr rfwrgf accessed
Αυγ 28, 2023 4:34:16 Μ.Μ. User toString
FINE: 274: User Apostolos Kazopidis accessed
Αυγ 28, 2023 4:34:16 Μ.Μ. User toString
FINE: 275: User Georgios Sakalas accessed
Αυγ 28, 2023 4:34:16 Μ.Μ. User toString
FINE: 276: User test accessed
Αυγ 28, 2023 4:34:16 Μ.Μ. User toString
FINE: 277: User Kal zzx accessed
Αυγ 28, 2023 4:34:16 Μ.Μ. User toString
FINE: 278: User rwfrwfr rfwrgf accessed
Αυγ 28, 2023 4:34:16 Μ.Μ. User toString
FINE: 279: User Apostolos Kazopidis accessed
Αυγ 28, 2023 4:34:16 Μ.Μ. User toString
FINE: 280: User Georgios Sakalas accessed
Αυγ 28, 2023 4:34:16 Μ.Μ. User toString
FINE: 281: User test accessed
Αυγ 28, 2023 4:34:16 Μ.Μ. User toString
FINE: 282: User Kal zzx accessed
Αυγ 28, 2023 4:34:16 Μ.Μ. User toString
FINE: 283: User rwfrwfr rfwrgf accessed
Αυγ 28, 2023 4:34:16 Μ.Μ. User toString
FINE: 284: User Apostolos Kazopidis accessed
Αυγ 28, 2023 4:34:16 Μ.Μ. User toString
FINE: 285: User Georgios Sakalas accessed
Αυγ 28, 2023 4:34:16 Μ.Μ. User toString
FINE: 286: User test accessed
Αυγ 28, 2023 4:34:16 Μ.Μ. User toString
FINE: 287: User Kal zzx accessed
Αυγ 28, 2023 4:34:16 Μ.Μ. User toString
FINE: 288: User rwfrwfr rfwrgf accessed
Αυγ 28, 2023 4:34:16 Μ.Μ. User toString
FINE: 289: User Apostolos Kazopidis accessed
Αυγ 28, 2023 4:34:16 Μ.Μ. User toString
FINE: 290: User Georgios Sakalas accessed
Αυγ 28, 2023 4:34:16 Μ.Μ. User toString
FINE: 291: User test accessed
Αυγ 28, 2023 4:34:16 Μ.Μ. User toString
FINE: 292: User Kal zzx accessed
Αυγ 28, 2023 4:34:16 Μ.Μ. User toString
FINE: 293: User rwfrwfr rfwrgf accessed
Αυγ 28, 2023 4:34:16 Μ.Μ. User toString
FINE: 294: User Apostolos Kazopidis accessed
Αυγ 28, 2023 4:34:16 Μ.Μ. User toString
FINE: 295: User Georgios Sakalas accessed
Αυγ 28, 2023 4:34:16 Μ.Μ. User toString
FINE: 296: User test accessed
Αυγ 28, 2023 4:34:16 Μ.Μ. User toString
FINE: 297: User Kal zzx accessed
Αυγ 28, 2023 4:34:16 Μ.Μ. User toString
FINE: 298: User rwfrwfr rfwrgf accessed
Αυγ 28, 2023 4:34:16 Μ.Μ. User toString
FINE: 299: User Apostolos Kazopidis accessed
Αυγ 28, 2023 4:34:16 Μ.Μ. User toString
FINE: 300: User Georgios Sakalas accessed
Αυγ 28, 2023 4:34:16 Μ.Μ. User toString
FINE: 301: User test accessed
Αυγ 28, 2023 4:34:16 Μ.Μ. User toString
FINE: 302: User Kal zzx accessed
Αυγ 28, 2023 4:34:16 Μ.Μ. User toString
FINE: 303: User rwfrwfr rfwrgf accessed
Αυγ 28, 2023 4:34:16 Μ.Μ. User toString
FINE: 304: User Apostolos Kazopidis accessed
Αυγ 28, 2023 4:34:16 Μ.Μ. User toString
FINE: 305: User Georgios Sakalas accessed
Αυγ 28, 2023 4:34:16 Μ.Μ. User toString
FINE: 306: User test accessed
Αυγ 28, 2023 4:34:16 Μ.Μ. User toString
FINE: 307: User Kal zzx accessed
Αυγ 28, 2023 4:34:16 Μ.Μ. User toString
FINE: 308: User rwfrwfr rfwrgf accessed
Αυγ 28, 2023 4:34:16 Μ.Μ. User toString
FINE: 309: User Apostolos Kazopidis accessed
Αυγ 28, 2023 4:34:16 Μ.Μ. User toString
FINE: 310: User Georgios Sakalas accessed
Αυγ 28, 2023 4:34:16 Μ.Μ. User toString
FINE: 311: User test accessed
Αυγ 28, 2023 4:34:16 Μ.Μ. User toString
FINE: 312: User Kal zzx accessed
Αυγ 28, 2023 4:34:16 Μ.Μ. User toString
FINE: 313: User rwfrwfr rfwrgf accessed
Αυγ 28, 2023 4:34:16 Μ.Μ. User toString
FINE: 314: User Apostolos Kazopidis accessed
Αυγ 28, 2023 4:34:16 Μ.Μ. User toString
FINE: 315: User Georgios Sakalas accessed
Αυγ 28, 2023 4:34:16 Μ.Μ. User toString
FINE: 316: User test accessed
Αυγ 28, 2023 4:34:16 Μ.Μ. User toString
FINE: 317: User Kal zzx accessed
Αυγ 28, 2023 4:34:16 Μ.Μ. User toString
FINE: 318: User rwfrwfr rfwrgf accessed
Αυγ 28, 2023 4:34:16 Μ.Μ. User toString
FINE: 319: User Apostolos Kazopidis accessed
Αυγ 28, 2023 4:34:16 Μ.Μ. User toString
FINE: 320: User Georgios Sakalas accessed
Αυγ 28, 2023 4:34:16 Μ.Μ. User toString
FINE: 321: User test accessed
Αυγ 28, 2023 4:34:16 Μ.Μ. User toString
FINE: 322: User Kal zzx accessed
Αυγ 28, 2023 4:34:16 Μ.Μ. User toString
FINE: 323: User rwfrwfr rfwrgf accessed
Αυγ 28, 2023 4:34:16 Μ.Μ. User toString
FINE: 324: User Apostolos Kazopidis accessed
Αυγ 28, 2023 4:34:16 Μ.Μ. User toString
FINE: 325: User Georgios Sakalas accessed
Αυγ 28, 2023 4:34:16 Μ.Μ. User toString
FINE: 326: User test accessed
Αυγ 28, 2023 4:34:16 Μ.Μ. User toString
FINE: 327: User Kal zzx accessed
Αυγ 28, 2023 4:34:16 Μ.Μ. User toString
FINE: 328: User rwfrwfr rfwrgf accessed
Αυγ 28, 2023 4:34:16 Μ.Μ. User toString
FINE: 329: User Apostolos Kazopidis accessed
Αυγ 28, 2023 4:34:16 Μ.Μ. User toString
FINE: 330: User Georgios Sakalas accessed
Αυγ 28, 2023 4:34:16 Μ.Μ. User toString
FINE: 331: User test accessed
Αυγ 28, 2023 4:34:16 Μ.Μ. User toString
FINE: 332: User Kal zzx accessed
Αυγ 28, 2023 4:34:16 Μ.Μ. User toString
FINE: 333: User rwfrwfr rfwrgf accessed
Αυγ 28, 2023 4:34:16 Μ.Μ. User toString
FINE: 334: User Apostolos Kazopidis accessed
Αυγ 28, 2023 4:34:16 Μ.Μ. User toString
FINE: 335: User Georgios Sakalas accessed
Αυγ 28, 2023 4:34:16 Μ.Μ. User toString
FINE: 336: User test accessed
Αυγ 28, 2023 4:34:16 Μ.Μ. User toString
FINE: 337: User Kal zzx accessed
Αυγ 28, 2023 4:34:16 Μ.Μ. User toString
FINE: 338: User rwfrwfr rfwrgf accessed
Αυγ 28, 2023 4:34:16 Μ.Μ. User toString
FINE: 339: User Apostolos Kazopidis accessed
Αυγ 28, 2023 4:34:16 Μ.Μ. User toString
FINE: 340: User Georgios Sakalas accessed
Αυγ 28, 2023 4:34:16 Μ.Μ. User toString
FINE: 341: User test accessed
Αυγ 28, 2023 4:34:16 Μ.Μ. User toString
FINE: 342: User Kal zzx accessed
Αυγ 28, 2023 4:34:16 Μ.Μ. User toString
FINE: 343: User rwfrwfr rfwrgf accessed
Αυγ 28, 2023 4:34:16 Μ.Μ. User toString
FINE: 344: User Apostolos Kazopidis accessed
Αυγ 28, 2023 4:34:16 Μ.Μ. User toString
FINE: 345: User Georgios Sakalas accessed
Αυγ 28, 2023 4:34:16 Μ.Μ. User toString
FINE: 346: User test accessed
Αυγ 28, 2023 4:34:16 Μ.Μ. User toString
FINE: 347: User Kal zzx accessed
Αυγ 28, 2023 4:34:16 Μ.Μ. User toString
FINE: 348: User rwfrwfr rfwrgf accessed
Αυγ 28, 2023 4:34:16 Μ.Μ. User toString
FINE: 349: User Apostolos Kazopidis accessed
Αυγ 28, 2023 4:34:16 Μ.Μ. User toString
FINE: 350: User Georgios Sakalas accessed
Αυγ 28, 2023 4:34:16 Μ.Μ. User toString
FINE: 351: User test accessed
Αυγ 28, 2023 4:34:16 Μ.Μ. User toString
FINE: 352: User Kal zzx accessed
Αυγ 28, 2023 4:34:16 Μ.Μ. User toString
FINE: 353: User rwfrwfr rfwrgf accessed
Αυγ 28, 2023 4:34:16 Μ.Μ. User toString
FINE: 354: User Apostolos Kazopidis accessed
Αυγ 28, 2023 4:34:16 Μ.Μ. User toString
FINE: 355: User Georgios Sakalas accessed
Αυγ 28, 2023 4:34:16 Μ.Μ. User toString
FINE: 356: User test accessed
Αυγ 28, 2023 4:34:16 Μ.Μ. User toString
FINE: 357: User Kal zzx accessed
Αυγ 28, 2023 4:34:16 Μ.Μ. User toString
FINE: 358: User rwfrwfr rfwrgf accessed
Αυγ 28, 2023 4:34:16 Μ.Μ. User toString
FINE: 359: User Apostolos Kazopidis accessed
Αυγ 28, 2023 4:34:16 Μ.Μ. User toString
FINE: 360: User Georgios Sakalas accessed
Αυγ 28, 2023 4:34:16 Μ.Μ. User toString
FINE: 361: User test accessed
Αυγ 28, 2023 4:34:16 Μ.Μ. User toString
FINE: 362: User Kal zzx accessed
Αυγ 28, 2023 4:34:16 Μ.Μ. User toString
FINE: 363: User rwfrwfr rfwrgf accessed
Αυγ 28, 2023 4:34:16 Μ.Μ. User toString
FINE: 364: User Apostolos Kazopidis accessed
Αυγ 28, 2023 4:34:16 Μ.Μ. User toString
FINE: 365: User Georgios Sakalas accessed
Αυγ 28, 2023 4:34:16 Μ.Μ. User toString
FINE: 366: User test accessed
Αυγ 28, 2023 4:34:16 Μ.Μ. User toString
FINE: 367: User Kal zzx accessed
Αυγ 28, 2023 4:34:16 Μ.Μ. User toString
FINE: 368: User rwfrwfr rfwrgf accessed
Αυγ 28, 2023 4:34:16 Μ.Μ. User toString
FINE: 369: User Apostolos Kazopidis accessed
Αυγ 28, 2023 4:34:16 Μ.Μ. User toString
FINE: 370: User Georgios Sakalas accessed
Αυγ 28, 2023 4:34:16 Μ.Μ. User toString
FINE: 371: User test accessed
Αυγ 28, 2023 4:34:16 Μ.Μ. User toString
FINE: 372: User Kal zzx accessed
Αυγ 28, 2023 4:34:16 Μ.Μ. User toString
FINE: 373: User rwfrwfr rfwrgf accessed
Αυγ 28, 2023 4:34:16 Μ.Μ. User toString
FINE: 374: User Apostolos Kazopidis accessed
Αυγ 28, 2023 4:34:16 Μ.Μ. User toString
FINE: 375: User Georgios Sakalas accessed
Αυγ 28, 2023 4:34:16 Μ.Μ. User toString
FINE: 376: User test accessed
Αυγ 28, 2023 4:34:16 Μ.Μ. User toString
FINE: 377: User Kal zzx accessed
Αυγ 28, 2023 4:34:16 Μ.Μ. User toString
FINE: 378: User rwfrwfr rfwrgf accessed
Αυγ 28, 2023 4:34:16 Μ.Μ. User toString
FINE: 379: User Apostolos Kazopidis accessed
Αυγ 28, 2023 4:34:16 Μ.Μ. User toString
FINE: 380: User Georgios Sakalas accessed
Αυγ 28, 2023 4:34:16 Μ.Μ. User toString
FINE: 381: User test accessed
Αυγ 28, 2023 4:34:16 Μ.Μ. User toString
FINE: 382: User Kal zzx accessed
Αυγ 28, 2023 4:34:16 Μ.Μ. User toString
FINE: 383: User rwfrwfr rfwrgf accessed
Αυγ 28, 2023 4:34:16 Μ.Μ. User toString
FINE: 384: User Apostolos Kazopidis accessed
Αυγ 28, 2023 4:34:16 Μ.Μ. User toString
FINE: 385: User Georgios Sakalas accessed
Αυγ 28, 2023 4:34:16 Μ.Μ. User toString
FINE: 386: User test accessed
Αυγ 28, 2023 4:34:16 Μ.Μ. User toString
FINE: 387: User Kal zzx accessed
Αυγ 28, 2023 4:34:16 Μ.Μ. User toString
FINE: 388: User rwfrwfr rfwrgf accessed
Αυγ 28, 2023 4:34:16 Μ.Μ. User toString
FINE: 389: User Apostolos Kazopidis accessed
Αυγ 28, 2023 4:34:16 Μ.Μ. User toString
FINE: 390: User Georgios Sakalas accessed
Αυγ 28, 2023 4:34:16 Μ.Μ. User toString
FINE: 391: User test accessed
Αυγ 28, 2023 4:34:16 Μ.Μ. User toString
FINE: 392: User Kal zzx accessed
Αυγ 28, 2023 4:34:16 Μ.Μ. User toString
FINE: 393: User rwfrwfr rfwrgf accessed
Αυγ 28, 2023 4:34:16 Μ.Μ. User toString
FINE: 394: User Apostolos Kazopidis accessed
Αυγ 28, 2023 4:34:16 Μ.Μ. User toString
FINE: 395: User Georgios Sakalas accessed
Αυγ 28, 2023 4:34:16 Μ.Μ. User toString
FINE: 396: User test accessed
Αυγ 28, 2023 4:34:16 Μ.Μ. User toString
FINE: 397: User Kal zzx accessed
Αυγ 28, 2023 4:34:16 Μ.Μ. User toString
FINE: 398: User rwfrwfr rfwrgf accessed
Αυγ 28, 2023 4:34:16 Μ.Μ. User toString
FINE: 399: User Apostolos Kazopidis accessed
Αυγ 28, 2023 4:34:16 Μ.Μ. User toString
FINE: 400: User Georgios Sakalas accessed
Αυγ 28, 2023 4:34:16 Μ.Μ. User toString
FINE: 401: User test accessed
Αυγ 28, 2023 4:34:16 Μ.Μ. User toString
FINE: 402: User Kal zzx accessed
Αυγ 28, 2023 4:34:16 Μ.Μ. User toString
FINE: 403: User rwfrwfr rfwrgf accessed
Αυγ 28, 2023 4:34:16 Μ.Μ. User toString
FINE: 404: User Apostolos Kazopidis accessed
Αυγ 28, 2023 4:34:16 Μ.Μ. User toString
FINE: 405: User Georgios Sakalas accessed
Αυγ 28, 2023 4:34:16 Μ.Μ. User toString
FINE: 406: User test accessed
Αυγ 28, 2023 4:34:16 Μ.Μ. User toString
FINE: 407: User Kal zzx accessed
Αυγ 28, 2023 4:34:16 Μ.Μ. User toString
FINE: 408: User rwfrwfr rfwrgf accessed
Αυγ 28, 2023 4:34:16 Μ.Μ. User toString
FINE: 409: User Apostolos Kazopidis accessed
Αυγ 28, 2023 4:34:16 Μ.Μ. User toString
FINE: 410: User Georgios Sakalas accessed
Αυγ 28, 2023 4:34:16 Μ.Μ. User toString
FINE: 411: User test accessed
Αυγ 28, 2023 4:34:16 Μ.Μ. User toString
FINE: 412: User Kal zzx accessed
Αυγ 28, 2023 4:34:16 Μ.Μ. User toString
FINE: 413: User rwfrwfr rfwrgf accessed
Αυγ 28, 2023 4:34:16 Μ.Μ. User toString
FINE: 414: User Apostolos Kazopidis accessed
Αυγ 28, 2023 4:34:16 Μ.Μ. User toString
FINE: 415: User Georgios Sakalas accessed
Αυγ 28, 2023 4:34:16 Μ.Μ. User toString
FINE: 416: User test accessed
Αυγ 28, 2023 4:34:16 Μ.Μ. User toString
FINE: 417: User Kal zzx accessed
Αυγ 28, 2023 4:34:16 Μ.Μ. User toString
FINE: 418: User rwfrwfr rfwrgf accessed
Αυγ 28, 2023 4:34:16 Μ.Μ. User toString
FINE: 419: User Apostolos Kazopidis accessed
Αυγ 28, 2023 4:34:16 Μ.Μ. User toString
FINE: 420: User Georgios Sakalas accessed
Αυγ 28, 2023 4:34:16 Μ.Μ. User toString
FINE: 421: User test accessed
Αυγ 28, 2023 4:34:16 Μ.Μ. User toString
FINE: 422: User Kal zzx accessed
Αυγ 28, 2023 4:34:16 Μ.Μ. User toString
FINE: 423: User rwfrwfr rfwrgf accessed
Αυγ 28, 2023 4:34:16 Μ.Μ. User toString
FINE: 424: User Apostolos Kazopidis accessed
Αυγ 28, 2023 4:34:16 Μ.Μ. User toString
FINE: 425: User Georgios Sakalas accessed
Αυγ 28, 2023 4:34:16 Μ.Μ. User toString
FINE: 426: User test accessed
Αυγ 28, 2023 4:34:16 Μ.Μ. User toString
FINE: 427: User Kal zzx accessed
Αυγ 28, 2023 4:34:16 Μ.Μ. User toString
FINE: 428: User rwfrwfr rfwrgf accessed
Αυγ 28, 2023 4:34:16 Μ.Μ. User toString
FINE: 429: User Apostolos Kazopidis accessed
Αυγ 28, 2023 4:34:16 Μ.Μ. User toString
FINE: 430: User Georgios Sakalas accessed
Αυγ 28, 2023 4:34:16 Μ.Μ. User toString
FINE: 431: User test accessed
Αυγ 28, 2023 4:34:16 Μ.Μ. User toString
FINE: 432: User Kal zzx accessed
Αυγ 28, 2023 4:34:16 Μ.Μ. User toString
FINE: 433: User rwfrwfr rfwrgf accessed
Αυγ 28, 2023 4:34:16 Μ.Μ. User toString
FINE: 434: User Apostolos Kazopidis accessed
Αυγ 28, 2023 4:34:16 Μ.Μ. User toString
FINE: 435: User Georgios Sakalas accessed
Αυγ 28, 2023 4:34:16 Μ.Μ. User toString
FINE: 436: User test accessed
Αυγ 28, 2023 4:34:16 Μ.Μ. User toString
FINE: 437: User Kal zzx accessed
Αυγ 28, 2023 4:34:16 Μ.Μ. User toString
FINE: 438: User rwfrwfr rfwrgf accessed
Αυγ 28, 2023 4:34:16 Μ.Μ. User toString
FINE: 439: User Apostolos Kazopidis accessed
Αυγ 28, 2023 4:34:16 Μ.Μ. User toString
FINE: 440: User Georgios Sakalas accessed
Αυγ 28, 2023 4:34:16 Μ.Μ. User toString
FINE: 441: User test accessed
Αυγ 28, 2023 4:34:16 Μ.Μ. User toString
FINE: 442: User Kal zzx accessed
Αυγ 28, 2023 4:34:16 Μ.Μ. User toString
FINE: 443: User rwfrwfr rfwrgf accessed
Αυγ 28, 2023 4:34:16 Μ.Μ. User toString
FINE: 444: User Apostolos Kazopidis accessed
Αυγ 28, 2023 4:34:16 Μ.Μ. User toString
FINE: 445: User Georgios Sakalas accessed
Αυγ 28, 2023 4:34:16 Μ.Μ. User toString
FINE: 446: User test accessed
Αυγ 28, 2023 4:34:16 Μ.Μ. User toString
FINE: 447: User Kal zzx accessed
Αυγ 28, 2023 4:34:16 Μ.Μ. User toString
FINE: 448: User rwfrwfr rfwrgf accessed
Αυγ 28, 2023 4:34:16 Μ.Μ. User toString
FINE: 449: User Apostolos Kazopidis accessed
Αυγ 28, 2023 4:34:16 Μ.Μ. User toString
FINE: 450: User Georgios Sakalas accessed
Αυγ 28, 2023 4:34:16 Μ.Μ. User toString
FINE: 451: User test accessed
Αυγ 28, 2023 4:34:16 Μ.Μ. User toString
FINE: 452: User Kal zzx accessed
Αυγ 28, 2023 4:34:16 Μ.Μ. User toString
FINE: 453: User rwfrwfr rfwrgf accessed
Αυγ 28, 2023 4:34:16 Μ.Μ. User toString
FINE: 454: User Apostolos Kazopidis accessed
Αυγ 28, 2023 4:34:16 Μ.Μ. User toString
FINE: 455: User Georgios Sakalas accessed
Αυγ 28, 2023 4:34:16 Μ.Μ. User toString
FINE: 456: User test accessed
Αυγ 28, 2023 4:34:16 Μ.Μ. User toString
FINE: 457: User Kal zzx accessed
Αυγ 28, 2023 4:34:16 Μ.Μ. User toString
FINE: 458: User rwfrwfr rfwrgf accessed
Αυγ 28, 2023 4:34:16 Μ.Μ. User toString
FINE: 459: User Apostolos Kazopidis accessed
Αυγ 28, 2023 4:34:16 Μ.Μ. User toString
FINE: 460: User Georgios Sakalas accessed
Αυγ 28, 2023 4:34:16 Μ.Μ. User toString
FINE: 461: User test accessed
Αυγ 28, 2023 4:34:16 Μ.Μ. User toString
FINE: 462: User Kal zzx accessed
Αυγ 28, 2023 4:34:16 Μ.Μ. User toString
FINE: 463: User rwfrwfr rfwrgf accessed
Αυγ 28, 2023 4:34:16 Μ.Μ. User toString
FINE: 464: User Apostolos Kazopidis accessed
Αυγ 28, 2023 4:34:16 Μ.Μ. User toString
FINE: 465: User Georgios Sakalas accessed
Αυγ 28, 2023 4:34:16 Μ.Μ. User toString
FINE: 466: User test accessed
Αυγ 28, 2023 4:34:16 Μ.Μ. User toString
FINE: 467: User Kal zzx accessed
Αυγ 28, 2023 4:34:16 Μ.Μ. User toString
FINE: 468: User rwfrwfr rfwrgf accessed
Αυγ 28, 2023 4:34:16 Μ.Μ. User toString
FINE: 469: User Apostolos Kazopidis accessed
Αυγ 28, 2023 4:34:16 Μ.Μ. User toString
FINE: 470: User Georgios Sakalas accessed
Αυγ 28, 2023 4:34:16 Μ.Μ. User toString
FINE: 471: User test accessed
Αυγ 28, 2023 4:34:16 Μ.Μ. User toString
FINE: 472: User Kal zzx accessed
Αυγ 28, 2023 4:34:16 Μ.Μ. User toString
FINE: 473: User rwfrwfr rfwrgf accessed
Αυγ 28, 2023 4:34:16 Μ.Μ. User toString
FINE: 474: User Apostolos Kazopidis accessed
Αυγ 28, 2023 4:34:16 Μ.Μ. User toString
FINE: 475: User Georgios Sakalas accessed
Αυγ 28, 2023 4:34:16 Μ.Μ. User toString
FINE: 476: User test accessed
Αυγ 28, 2023 4:34:16 Μ.Μ. User toString
FINE: 477: User Kal zzx accessed
Αυγ 28, 2023 4:34:16 Μ.Μ. User toString
FINE: 478: User rwfrwfr rfwrgf accessed
Αυγ 28, 2023 4:34:16 Μ.Μ. User toString
FINE: 479: User Apostolos Kazopidis accessed
Αυγ 28, 2023 4:34:16 Μ.Μ. User toString
FINE: 480: User Georgios Sakalas accessed
Αυγ 28, 2023 4:34:16 Μ.Μ. User toString
FINE: 481: User test accessed
Αυγ 28, 2023 4:34:16 Μ.Μ. User toString
FINE: 482: User Kal zzx accessed
Αυγ 28, 2023 4:34:16 Μ.Μ. User toString
FINE: 483: User rwfrwfr rfwrgf accessed
Αυγ 28, 2023 4:34:16 Μ.Μ. User toString
FINE: 484: User Apostolos Kazopidis accessed
Αυγ 28, 2023 4:34:16 Μ.Μ. User toString
FINE: 485: User Georgios Sakalas accessed
Αυγ 28, 2023 4:34:16 Μ.Μ. User toString
FINE: 486: User test accessed
Αυγ 28, 2023 4:34:16 Μ.Μ. User toString
FINE: 487: User Kal zzx accessed
Αυγ 28, 2023 4:34:16 Μ.Μ. User toString
FINE: 488: User rwfrwfr rfwrgf accessed
Αυγ 28, 2023 4:34:16 Μ.Μ. User toString
FINE: 489: User Apostolos Kazopidis accessed
Αυγ 28, 2023 4:34:16 Μ.Μ. User toString
FINE: 490: User Georgios Sakalas accessed
Αυγ 28, 2023 4:34:16 Μ.Μ. User toString
FINE: 491: User test accessed
Αυγ 28, 2023 4:34:16 Μ.Μ. User toString
FINE: 492: User Kal zzx accessed
Αυγ 28, 2023 4:34:16 Μ.Μ. User toString
FINE: 493: User rwfrwfr rfwrgf accessed
Αυγ 28, 2023 4:34:16 Μ.Μ. User toString
FINE: 494: User Apostolos Kazopidis accessed
Αυγ 28, 2023 4:34:16 Μ.Μ. User toString
FINE: 495: User Georgios Sakalas accessed
Αυγ 28, 2023 4:34:16 Μ.Μ. User toString
FINE: 496: User test accessed
Αυγ 28, 2023 4:34:16 Μ.Μ. User toString
FINE: 497: User Kal zzx accessed
Αυγ 28, 2023 4:34:16 Μ.Μ. User toString
FINE: 498: User rwfrwfr rfwrgf accessed
Αυγ 28, 2023 4:34:16 Μ.Μ. User toString
FINE: 499: User Apostolos Kazopidis accessed
Αυγ 28, 2023 4:34:16 Μ.Μ. User toString
FINE: 500: User Georgios Sakalas accessed
Αυγ 28, 2023 4:34:16 Μ.Μ. User toString
FINE: 501: User test accessed
Αυγ 28, 2023 4:34:16 Μ.Μ. User toString
FINE: 502: User Kal zzx accessed
Αυγ 28, 2023 4:34:16 Μ.Μ. User toString
FINE: 503: User rwfrwfr rfwrgf accessed
Αυγ 28, 2023 4:34:16 Μ.Μ. User toString
FINE: 504: User Apostolos Kazopidis accessed
Αυγ 28, 2023 4:34:16 Μ.Μ. User toString
FINE: 505: User Georgios Sakalas accessed
Αυγ 28, 2023 4:34:16 Μ.Μ. User toString
FINE: 506: User test accessed
Αυγ 28, 2023 4:34:16 Μ.Μ. User toString
FINE: 507: User Kal zzx accessed
Αυγ 28, 2023 4:34:16 Μ.Μ. User toString
FINE: 508: User rwfrwfr rfwrgf accessed
Αυγ 28, 2023 4:34:16 Μ.Μ. User toString
FINE: 509: User Apostolos Kazopidis accessed
Αυγ 28, 2023 4:34:16 Μ.Μ. User toString
FINE: 510: User Georgios Sakalas accessed
Αυγ 28, 2023 4:34:16 Μ.Μ. User toString
FINE: 511: User test accessed
Αυγ 28, 2023 4:34:16 Μ.Μ. User toString
FINE: 512: User Kal zzx accessed
Αυγ 28, 2023 4:34:16 Μ.Μ. User toString
FINE: 513: User rwfrwfr rfwrgf accessed
Αυγ 28, 2023 4:34:16 Μ.Μ. User toString
FINE: 514: User Apostolos Kazopidis accessed
Αυγ 28, 2023 4:34:16 Μ.Μ. User toString
FINE: 515: User Georgios Sakalas accessed
Αυγ 28, 2023 4:34:16 Μ.Μ. User toString
FINE: 516: User test accessed
Αυγ 28, 2023 4:34:16 Μ.Μ. User toString
FINE: 517: User Kal zzx accessed
Αυγ 28, 2023 4:34:16 Μ.Μ. User toString
FINE: 518: User rwfrwfr rfwrgf accessed
Αυγ 28, 2023 4:34:16 Μ.Μ. User toString
FINE: 519: User Apostolos Kazopidis accessed
Αυγ 28, 2023 4:34:16 Μ.Μ. User toString
FINE: 520: User Georgios Sakalas accessed
Αυγ 28, 2023 4:34:16 Μ.Μ. User toString
FINE: 521: User test accessed
Αυγ 28, 2023 4:34:16 Μ.Μ. User toString
FINE: 522: User Kal zzx accessed
Αυγ 28, 2023 4:34:16 Μ.Μ. User toString
FINE: 523: User rwfrwfr rfwrgf accessed
Αυγ 28, 2023 4:34:16 Μ.Μ. User toString
FINE: 524: User Apostolos Kazopidis accessed
Αυγ 28, 2023 4:34:16 Μ.Μ. User toString
FINE: 525: User Georgios Sakalas accessed
Αυγ 28, 2023 4:34:16 Μ.Μ. User toString
FINE: 526: User test accessed
Αυγ 28, 2023 4:34:16 Μ.Μ. User toString
FINE: 527: User Kal zzx accessed
Αυγ 28, 2023 4:34:16 Μ.Μ. User toString
FINE: 528: User rwfrwfr rfwrgf accessed
Αυγ 28, 2023 4:34:16 Μ.Μ. User toString
FINE: 529: User Apostolos Kazopidis accessed
Αυγ 28, 2023 4:34:16 Μ.Μ. User toString
FINE: 530: User Georgios Sakalas accessed
Αυγ 28, 2023 4:34:16 Μ.Μ. User toString
FINE: 531: User test accessed
Αυγ 28, 2023 4:34:16 Μ.Μ. User toString
FINE: 532: User Kal zzx accessed
Αυγ 28, 2023 4:34:16 Μ.Μ. User toString
FINE: 533: User rwfrwfr rfwrgf accessed
Αυγ 28, 2023 4:34:16 Μ.Μ. User toString
FINE: 534: User Apostolos Kazopidis accessed
Αυγ 28, 2023 4:34:16 Μ.Μ. User toString
FINE: 535: User Georgios Sakalas accessed
Αυγ 28, 2023 4:34:16 Μ.Μ. User toString
FINE: 536: User test accessed
Αυγ 28, 2023 4:34:16 Μ.Μ. User toString
FINE: 537: User Kal zzx accessed
Αυγ 28, 2023 4:34:16 Μ.Μ. User toString
FINE: 538: User rwfrwfr rfwrgf accessed
Αυγ 28, 2023 4:34:16 Μ.Μ. User toString
FINE: 539: User Apostolos Kazopidis accessed
Αυγ 28, 2023 4:34:16 Μ.Μ. User toString
FINE: 540: User Georgios Sakalas accessed
Αυγ 28, 2023 4:34:16 Μ.Μ. User toString
FINE: 541: User test accessed
Αυγ 28, 2023 4:34:16 Μ.Μ. User toString
FINE: 542: User Kal zzx accessed
Αυγ 28, 2023 4:34:16 Μ.Μ. User toString
FINE: 543: User rwfrwfr rfwrgf accessed
Αυγ 28, 2023 4:34:16 Μ.Μ. User toString
FINE: 544: User Apostolos Kazopidis accessed
Αυγ 28, 2023 4:34:16 Μ.Μ. User toString
FINE: 545: User Georgios Sakalas accessed
Αυγ 28, 2023 4:34:16 Μ.Μ. User toString
FINE: 546: User test accessed
Αυγ 28, 2023 4:34:16 Μ.Μ. User toString
FINE: 547: User Kal zzx accessed
Αυγ 28, 2023 4:34:16 Μ.Μ. User toString
FINE: 548: User rwfrwfr rfwrgf accessed
Αυγ 28, 2023 4:34:16 Μ.Μ. User toString
FINE: 549: User Apostolos Kazopidis accessed
Αυγ 28, 2023 4:34:16 Μ.Μ. User toString
FINE: 550: User Georgios Sakalas accessed
Αυγ 28, 2023 4:34:16 Μ.Μ. User toString
FINE: 551: User test accessed
Αυγ 28, 2023 4:34:16 Μ.Μ. User toString
FINE: 552: User Kal zzx accessed
Αυγ 28, 2023 4:34:16 Μ.Μ. User toString
FINE: 553: User rwfrwfr rfwrgf accessed
Αυγ 28, 2023 4:34:16 Μ.Μ. User toString
FINE: 554: User Apostolos Kazopidis accessed
Αυγ 28, 2023 4:34:16 Μ.Μ. User toString
FINE: 555: User Georgios Sakalas accessed
Αυγ 28, 2023 4:34:16 Μ.Μ. User toString
FINE: 556: User test accessed
Αυγ 28, 2023 4:34:16 Μ.Μ. User toString
FINE: 557: User Kal zzx accessed
Αυγ 28, 2023 4:34:16 Μ.Μ. User toString
FINE: 558: User rwfrwfr rfwrgf accessed
Αυγ 28, 2023 4:34:16 Μ.Μ. User toString
FINE: 559: User Apostolos Kazopidis accessed
Αυγ 28, 2023 4:34:16 Μ.Μ. User toString
FINE: 560: User Georgios Sakalas accessed
Αυγ 28, 2023 4:34:16 Μ.Μ. User toString
FINE: 561: User test accessed
Αυγ 28, 2023 4:34:16 Μ.Μ. User toString
FINE: 562: User Kal zzx accessed
Αυγ 28, 2023 4:34:16 Μ.Μ. User toString
FINE: 563: User rwfrwfr rfwrgf accessed
Αυγ 28, 2023 4:34:16 Μ.Μ. User toString
FINE: 564: User Apostolos Kazopidis accessed
Αυγ 28, 2023 4:34:16 Μ.Μ. User toString
FINE: 565: User Georgios Sakalas accessed
Αυγ 28, 2023 4:34:16 Μ.Μ. User toString
FINE: 566: User test accessed
Αυγ 28, 2023 4:34:16 Μ.Μ. User toString
FINE: 567: User Kal zzx accessed
Αυγ 28, 2023 4:34:16 Μ.Μ. User toString
FINE: 568: User rwfrwfr rfwrgf accessed
Αυγ 28, 2023 4:34:16 Μ.Μ. User toString
FINE: 569: User Apostolos Kazopidis accessed
Αυγ 28, 2023 4:34:16 Μ.Μ. User toString
FINE: 570: User Georgios Sakalas accessed
Αυγ 28, 2023 4:34:16 Μ.Μ. User toString
FINE: 571: User test accessed
Αυγ 28, 2023 4:34:16 Μ.Μ. User toString
FINE: 572: User Kal zzx accessed
Αυγ 28, 2023 4:34:16 Μ.Μ. User toString
FINE: 573: User rwfrwfr rfwrgf accessed
Αυγ 28, 2023 4:34:16 Μ.Μ. User toString
FINE: 574: User Apostolos Kazopidis accessed
Αυγ 28, 2023 4:34:16 Μ.Μ. User toString
FINE: 575: User Georgios Sakalas accessed
Αυγ 28, 2023 4:34:16 Μ.Μ. User toString
FINE: 576: User test accessed
Αυγ 28, 2023 4:34:16 Μ.Μ. User toString
FINE: 577: User Kal zzx accessed
Αυγ 28, 2023 4:34:16 Μ.Μ. User toString
FINE: 578: User rwfrwfr rfwrgf accessed
Αυγ 28, 2023 4:34:16 Μ.Μ. User toString
FINE: 579: User Apostolos Kazopidis accessed
Αυγ 28, 2023 4:34:16 Μ.Μ. User toString
FINE: 580: User Georgios Sakalas accessed
Αυγ 28, 2023 4:34:16 Μ.Μ. User toString
FINE: 581: User test accessed
Αυγ 28, 2023 4:34:16 Μ.Μ. User toString
FINE: 582: User Kal zzx accessed
Αυγ 28, 2023 4:34:16 Μ.Μ. User toString
FINE: 583: User rwfrwfr rfwrgf accessed
Αυγ 28, 2023 4:34:16 Μ.Μ. User toString
FINE: 584: User Apostolos Kazopidis accessed
Αυγ 28, 2023 4:34:16 Μ.Μ. User toString
FINE: 585: User Georgios Sakalas accessed
Αυγ 28, 2023 4:34:16 Μ.Μ. User toString
FINE: 586: User test accessed
Αυγ 28, 2023 4:34:16 Μ.Μ. User toString
FINE: 587: User Kal zzx accessed
Αυγ 28, 2023 4:34:16 Μ.Μ. User toString
FINE: 588: User rwfrwfr rfwrgf accessed
Αυγ 28, 2023 4:34:16 Μ.Μ. User toString
FINE: 589: User Apostolos Kazopidis accessed
Αυγ 28, 2023 4:34:16 Μ.Μ. User toString
FINE: 590: User Georgios Sakalas accessed
Αυγ 28, 2023 4:34:16 Μ.Μ. User toString
FINE: 591: User test accessed
Αυγ 28, 2023 4:34:16 Μ.Μ. User toString
FINE: 592: User Kal zzx accessed
Αυγ 28, 2023 4:34:16 Μ.Μ. User toString
FINE: 593: User rwfrwfr rfwrgf accessed
Αυγ 28, 2023 4:34:16 Μ.Μ. User toString
FINE: 594: User Apostolos Kazopidis accessed
Αυγ 28, 2023 4:34:16 Μ.Μ. User toString
FINE: 595: User Georgios Sakalas accessed
Αυγ 28, 2023 4:34:16 Μ.Μ. User toString
FINE: 596: User test accessed
Αυγ 28, 2023 4:34:16 Μ.Μ. User toString
FINE: 597: User Kal zzx accessed
Αυγ 28, 2023 4:34:16 Μ.Μ. User toString
FINE: 598: User rwfrwfr rfwrgf accessed
Αυγ 28, 2023 4:34:16 Μ.Μ. User toString
FINE: 599: User Apostolos Kazopidis accessed
Αυγ 28, 2023 4:34:16 Μ.Μ. User toString
FINE: 600: User Georgios Sakalas accessed
Αυγ 28, 2023 4:34:16 Μ.Μ. User toString
FINE: 601: User test accessed
Αυγ 28, 2023 4:34:16 Μ.Μ. User toString
FINE: 602: User Kal zzx accessed
Αυγ 28, 2023 4:34:16 Μ.Μ. User toString
FINE: 603: User rwfrwfr rfwrgf accessed
Αυγ 28, 2023 4:34:16 Μ.Μ. User toString
FINE: 604: User Apostolos Kazopidis accessed
Αυγ 28, 2023 4:34:16 Μ.Μ. User toString
FINE: 605: User Georgios Sakalas accessed
Αυγ 28, 2023 4:34:16 Μ.Μ. User toString
FINE: 606: User test accessed
Αυγ 28, 2023 4:34:16 Μ.Μ. User toString
FINE: 607: User Kal zzx accessed
Αυγ 28, 2023 4:34:16 Μ.Μ. User toString
FINE: 608: User rwfrwfr rfwrgf accessed
Αυγ 28, 2023 4:34:16 Μ.Μ. User toString
FINE: 609: User Apostolos Kazopidis accessed
Αυγ 28, 2023 4:34:16 Μ.Μ. User toString
FINE: 610: User Georgios Sakalas accessed
Αυγ 28, 2023 4:34:16 Μ.Μ. User toString
FINE: 611: User test accessed
Αυγ 28, 2023 4:34:16 Μ.Μ. User toString
FINE: 612: User Kal zzx accessed
Αυγ 28, 2023 4:34:16 Μ.Μ. User toString
FINE: 613: User rwfrwfr rfwrgf accessed
Αυγ 28, 2023 4:34:16 Μ.Μ. User toString
FINE: 614: User Apostolos Kazopidis accessed
Αυγ 28, 2023 4:34:16 Μ.Μ. User toString
FINE: 615: User Georgios Sakalas accessed
Αυγ 28, 2023 4:34:16 Μ.Μ. User toString
FINE: 616: User test accessed
Αυγ 28, 2023 4:34:16 Μ.Μ. User toString
FINE: 617: User Kal zzx accessed
Αυγ 28, 2023 4:34:16 Μ.Μ. User toString
FINE: 618: User rwfrwfr rfwrgf accessed
Αυγ 28, 2023 4:34:16 Μ.Μ. User toString
FINE: 619: User Apostolos Kazopidis accessed
Αυγ 28, 2023 4:34:16 Μ.Μ. User toString
FINE: 620: User Georgios Sakalas accessed
Αυγ 28, 2023 4:34:16 Μ.Μ. User toString
FINE: 621: User test accessed
Αυγ 28, 2023 4:34:16 Μ.Μ. User toString
FINE: 622: User Kal zzx accessed
Αυγ 28, 2023 4:34:16 Μ.Μ. User toString
FINE: 623: User rwfrwfr rfwrgf accessed
Αυγ 28, 2023 4:34:16 Μ.Μ. User toString
FINE: 624: User Apostolos Kazopidis accessed
Αυγ 28, 2023 4:34:16 Μ.Μ. User toString
FINE: 625: User Georgios Sakalas accessed
Αυγ 28, 2023 4:34:16 Μ.Μ. User toString
FINE: 626: User test accessed
Αυγ 28, 2023 4:34:16 Μ.Μ. User toString
FINE: 627: User Kal zzx accessed
Αυγ 28, 2023 4:34:16 Μ.Μ. User toString
FINE: 628: User rwfrwfr rfwrgf accessed
Αυγ 28, 2023 4:34:16 Μ.Μ. User toString
FINE: 629: User Apostolos Kazopidis accessed
Αυγ 28, 2023 4:34:16 Μ.Μ. User toString
FINE: 630: User Georgios Sakalas accessed
Αυγ 28, 2023 4:34:16 Μ.Μ. User toString
FINE: 631: User test accessed
Αυγ 28, 2023 4:34:16 Μ.Μ. User toString
FINE: 632: User Kal zzx accessed
Αυγ 28, 2023 4:34:16 Μ.Μ. User toString
FINE: 633: User rwfrwfr rfwrgf accessed
Αυγ 28, 2023 4:34:16 Μ.Μ. User toString
FINE: 634: User Apostolos Kazopidis accessed
Αυγ 28, 2023 4:34:16 Μ.Μ. User toString
FINE: 635: User Georgios Sakalas accessed
Αυγ 28, 2023 4:34:16 Μ.Μ. User toString
FINE: 636: User test accessed
Αυγ 28, 2023 4:34:16 Μ.Μ. User toString
FINE: 637: User Kal zzx accessed
Αυγ 28, 2023 4:34:16 Μ.Μ. User toString
FINE: 638: User rwfrwfr rfwrgf accessed
Αυγ 28, 2023 4:34:16 Μ.Μ. User toString
FINE: 639: User Apostolos Kazopidis accessed
Αυγ 28, 2023 4:34:16 Μ.Μ. User toString
FINE: 640: User Georgios Sakalas accessed
Αυγ 28, 2023 4:34:16 Μ.Μ. User toString
FINE: 641: User test accessed
Αυγ 28, 2023 4:34:16 Μ.Μ. User toString
FINE: 642: User Kal zzx accessed
Αυγ 28, 2023 4:34:16 Μ.Μ. User toString
FINE: 643: User rwfrwfr rfwrgf accessed
Αυγ 28, 2023 4:34:16 Μ.Μ. User toString
FINE: 644: User Apostolos Kazopidis accessed
Αυγ 28, 2023 4:34:16 Μ.Μ. User toString
FINE: 645: User Georgios Sakalas accessed
Αυγ 28, 2023 4:34:16 Μ.Μ. User toString
FINE: 646: User test accessed
Αυγ 28, 2023 4:34:16 Μ.Μ. User toString
FINE: 647: User Kal zzx accessed
Αυγ 28, 2023 4:34:16 Μ.Μ. User toString
FINE: 648: User rwfrwfr rfwrgf accessed
Αυγ 28, 2023 4:34:16 Μ.Μ. User toString
FINE: 649: User Apostolos Kazopidis accessed
Αυγ 28, 2023 4:34:16 Μ.Μ. User toString
FINE: 650: User Georgios Sakalas accessed
Αυγ 28, 2023 4:34:16 Μ.Μ. User toString
FINE: 651: User test accessed
Αυγ 28, 2023 4:34:16 Μ.Μ. User toString
FINE: 652: User Kal zzx accessed
Αυγ 28, 2023 4:34:16 Μ.Μ. User toString
FINE: 653: User rwfrwfr rfwrgf accessed
Αυγ 28, 2023 4:34:16 Μ.Μ. User toString
FINE: 654: User Apostolos Kazopidis accessed
Αυγ 28, 2023 4:34:16 Μ.Μ. User toString
FINE: 655: User Georgios Sakalas accessed
Αυγ 28, 2023 4:34:16 Μ.Μ. User toString
FINE: 656: User test accessed
Αυγ 28, 2023 4:34:16 Μ.Μ. User toString
FINE: 657: User Kal zzx accessed
Αυγ 28, 2023 4:34:16 Μ.Μ. User toString
FINE: 658: User rwfrwfr rfwrgf accessed
Αυγ 28, 2023 4:34:16 Μ.Μ. User toString
FINE: 659: User Apostolos Kazopidis accessed
Αυγ 28, 2023 4:34:16 Μ.Μ. User toString
FINE: 660: User Georgios Sakalas accessed
Αυγ 28, 2023 4:34:16 Μ.Μ. User toString
FINE: 661: User test accessed
Αυγ 28, 2023 4:34:16 Μ.Μ. User toString
FINE: 662: User Kal zzx accessed
Αυγ 28, 2023 4:34:16 Μ.Μ. User toString
FINE: 663: User rwfrwfr rfwrgf accessed
Αυγ 28, 2023 4:34:16 Μ.Μ. User toString
FINE: 664: User Apostolos Kazopidis accessed
Αυγ 28, 2023 4:34:16 Μ.Μ. User toString
FINE: 665: User Georgios Sakalas accessed
Αυγ 28, 2023 4:34:16 Μ.Μ. User toString
FINE: 666: User test accessed
Αυγ 28, 2023 4:34:16 Μ.Μ. User toString
FINE: 667: User Kal zzx accessed
Αυγ 28, 2023 4:34:16 Μ.Μ. User toString
FINE: 668: User rwfrwfr rfwrgf accessed
Αυγ 28, 2023 4:34:16 Μ.Μ. User toString
FINE: 669: User Apostolos Kazopidis accessed
Αυγ 28, 2023 4:34:16 Μ.Μ. User toString
FINE: 670: User Georgios Sakalas accessed
Αυγ 28, 2023 4:34:16 Μ.Μ. User toString
FINE: 671: User test accessed
Αυγ 28, 2023 4:34:16 Μ.Μ. User toString
FINE: 672: User Kal zzx accessed
Αυγ 28, 2023 4:34:16 Μ.Μ. User toString
FINE: 673: User rwfrwfr rfwrgf accessed
Αυγ 28, 2023 4:34:16 Μ.Μ. User toString
FINE: 674: User Apostolos Kazopidis accessed
Αυγ 28, 2023 4:34:16 Μ.Μ. User toString
FINE: 675: User Georgios Sakalas accessed
Αυγ 28, 2023 4:34:16 Μ.Μ. User toString
FINE: 676: User test accessed
Αυγ 28, 2023 4:34:16 Μ.Μ. User toString
FINE: 677: User Kal zzx accessed
Αυγ 28, 2023 4:34:16 Μ.Μ. User toString
FINE: 678: User rwfrwfr rfwrgf accessed
Αυγ 28, 2023 4:34:16 Μ.Μ. User toString
FINE: 679: User Apostolos Kazopidis accessed
Αυγ 28, 2023 4:34:16 Μ.Μ. User toString
FINE: 680: User Georgios Sakalas accessed
Αυγ 28, 2023 4:34:16 Μ.Μ. User toString
FINE: 681: User test accessed
Αυγ 28, 2023 4:34:16 Μ.Μ. User toString
FINE: 682: User Kal zzx accessed
Αυγ 28, 2023 4:34:16 Μ.Μ. User toString
FINE: 683: User rwfrwfr rfwrgf accessed
Αυγ 28, 2023 4:34:16 Μ.Μ. User toString
FINE: 684: User Apostolos Kazopidis accessed
Αυγ 28, 2023 4:34:16 Μ.Μ. User toString
FINE: 685: User Georgios Sakalas accessed
Αυγ 28, 2023 4:34:16 Μ.Μ. User toString
FINE: 686: User test accessed
Αυγ 28, 2023 4:34:16 Μ.Μ. User toString
FINE: 687: User Kal zzx accessed
Αυγ 28, 2023 4:34:16 Μ.Μ. User toString
FINE: 688: User rwfrwfr rfwrgf accessed
Αυγ 28, 2023 4:34:16 Μ.Μ. User toString
FINE: 689: User Apostolos Kazopidis accessed
Αυγ 28, 2023 4:34:16 Μ.Μ. User toString
FINE: 690: User Georgios Sakalas accessed
Αυγ 28, 2023 4:34:16 Μ.Μ. User toString
FINE: 691: User test accessed
Αυγ 28, 2023 4:34:16 Μ.Μ. User toString
FINE: 692: User Kal zzx accessed
Αυγ 28, 2023 4:34:16 Μ.Μ. User toString
FINE: 693: User rwfrwfr rfwrgf accessed
Αυγ 28, 2023 4:34:16 Μ.Μ. User toString
FINE: 694: User Apostolos Kazopidis accessed
Αυγ 28, 2023 4:34:16 Μ.Μ. User toString
FINE: 695: User Georgios Sakalas accessed
Αυγ 28, 2023 4:34:16 Μ.Μ. User toString
FINE: 696: User test accessed
Αυγ 28, 2023 4:34:16 Μ.Μ. User toString
FINE: 697: User Kal zzx accessed
Αυγ 28, 2023 4:34:16 Μ.Μ. User toString
FINE: 698: User rwfrwfr rfwrgf accessed
Αυγ 28, 2023 4:34:16 Μ.Μ. User toString
FINE: 699: User Apostolos Kazopidis accessed
Αυγ 28, 2023 4:34:16 Μ.Μ. User toString
FINE: 700: User Georgios Sakalas accessed
Αυγ 28, 2023 4:34:16 Μ.Μ. User toString
FINE: 701: User test accessed
Αυγ 28, 2023 4:34:16 Μ.Μ. User toString
FINE: 702: User Kal zzx accessed
Αυγ 28, 2023 4:34:16 Μ.Μ. User toString
FINE: 703: User rwfrwfr rfwrgf accessed
Αυγ 28, 2023 4:34:16 Μ.Μ. User toString
FINE: 704: User Apostolos Kazopidis accessed
Αυγ 28, 2023 4:34:16 Μ.Μ. User toString
FINE: 705: User Georgios Sakalas accessed
Αυγ 28, 2023 4:34:16 Μ.Μ. User toString
FINE: 706: User test accessed
Αυγ 28, 2023 4:34:16 Μ.Μ. User toString
FINE: 707: User Kal zzx accessed
Αυγ 28, 2023 4:34:16 Μ.Μ. User toString
FINE: 708: User rwfrwfr rfwrgf accessed
Αυγ 28, 2023 4:34:16 Μ.Μ. User toString
FINE: 709: User Apostolos Kazopidis accessed
Αυγ 28, 2023 4:34:16 Μ.Μ. User toString
FINE: 710: User Georgios Sakalas accessed
Αυγ 28, 2023 4:34:16 Μ.Μ. User toString
FINE: 711: User test accessed
Αυγ 28, 2023 4:34:16 Μ.Μ. User toString
FINE: 712: User Kal zzx accessed
Αυγ 28, 2023 4:34:16 Μ.Μ. User toString
FINE: 713: User rwfrwfr rfwrgf accessed
Αυγ 28, 2023 4:34:16 Μ.Μ. User toString
FINE: 714: User Apostolos Kazopidis accessed
Αυγ 28, 2023 4:34:16 Μ.Μ. User toString
FINE: 715: User Georgios Sakalas accessed
Αυγ 28, 2023 4:34:16 Μ.Μ. User toString
FINE: 716: User test accessed
Αυγ 28, 2023 4:34:16 Μ.Μ. User toString
FINE: 717: User Kal zzx accessed
Αυγ 28, 2023 4:34:16 Μ.Μ. User toString
FINE: 718: User rwfrwfr rfwrgf accessed
Αυγ 28, 2023 4:34:16 Μ.Μ. User toString
FINE: 719: User Apostolos Kazopidis accessed
Αυγ 28, 2023 4:34:16 Μ.Μ. User toString
FINE: 720: User Georgios Sakalas accessed
Αυγ 28, 2023 4:34:16 Μ.Μ. User toString
FINE: 721: User test accessed
Αυγ 28, 2023 4:34:16 Μ.Μ. User toString
FINE: 722: User Kal zzx accessed
Αυγ 28, 2023 4:34:16 Μ.Μ. User toString
FINE: 723: User rwfrwfr rfwrgf accessed
Αυγ 28, 2023 4:34:16 Μ.Μ. User toString
FINE: 724: User Apostolos Kazopidis accessed
Αυγ 28, 2023 4:34:16 Μ.Μ. User toString
FINE: 725: User Georgios Sakalas accessed
Αυγ 28, 2023 4:34:16 Μ.Μ. User toString
FINE: 726: User test accessed
Αυγ 28, 2023 4:34:16 Μ.Μ. User toString
FINE: 727: User Kal zzx accessed
Αυγ 28, 2023 4:34:16 Μ.Μ. User toString
FINE: 728: User rwfrwfr rfwrgf accessed
Αυγ 28, 2023 4:34:16 Μ.Μ. User toString
FINE: 729: User Apostolos Kazopidis accessed
Αυγ 28, 2023 4:34:16 Μ.Μ. User toString
FINE: 730: User Georgios Sakalas accessed
Αυγ 28, 2023 4:34:16 Μ.Μ. User toString
FINE: 731: User test accessed
Αυγ 28, 2023 4:34:16 Μ.Μ. User toString
FINE: 732: User Kal zzx accessed
Αυγ 28, 2023 4:34:16 Μ.Μ. User toString
FINE: 733: User rwfrwfr rfwrgf accessed
Αυγ 28, 2023 4:34:16 Μ.Μ. User toString
FINE: 734: User Apostolos Kazopidis accessed
Αυγ 28, 2023 4:34:16 Μ.Μ. User toString
FINE: 735: User Georgios Sakalas accessed
Αυγ 28, 2023 4:34:16 Μ.Μ. User toString
FINE: 736: User test accessed
Αυγ 28, 2023 4:34:16 Μ.Μ. User toString
FINE: 737: User Kal zzx accessed
Αυγ 28, 2023 4:34:16 Μ.Μ. User toString
FINE: 738: User rwfrwfr rfwrgf accessed
Αυγ 28, 2023 4:34:16 Μ.Μ. User toString
FINE: 739: User Apostolos Kazopidis accessed
Αυγ 28, 2023 4:34:16 Μ.Μ. User toString
FINE: 740: User Georgios Sakalas accessed
Αυγ 28, 2023 4:34:16 Μ.Μ. User toString
FINE: 741: User test accessed
Αυγ 28, 2023 4:34:16 Μ.Μ. User toString
FINE: 742: User Kal zzx accessed
Αυγ 28, 2023 4:34:16 Μ.Μ. User toString
FINE: 743: User rwfrwfr rfwrgf accessed
Αυγ 28, 2023 4:34:16 Μ.Μ. User toString
FINE: 744: User Apostolos Kazopidis accessed
Αυγ 28, 2023 4:34:16 Μ.Μ. User toString
FINE: 745: User Georgios Sakalas accessed
Αυγ 28, 2023 4:34:16 Μ.Μ. User toString
FINE: 746: User test accessed
Αυγ 28, 2023 4:34:16 Μ.Μ. User toString
FINE: 747: User Kal zzx accessed
Αυγ 28, 2023 4:34:16 Μ.Μ. User toString
FINE: 748: User rwfrwfr rfwrgf accessed
Αυγ 28, 2023 4:34:16 Μ.Μ. User toString
FINE: 749: User Apostolos Kazopidis accessed
Αυγ 28, 2023 4:34:16 Μ.Μ. User toString
FINE: 750: User Georgios Sakalas accessed
Αυγ 28, 2023 4:34:16 Μ.Μ. User toString
FINE: 751: User test accessed
Αυγ 28, 2023 4:34:16 Μ.Μ. User toString
FINE: 752: User Kal zzx accessed
Αυγ 28, 2023 4:34:16 Μ.Μ. User toString
FINE: 753: User rwfrwfr rfwrgf accessed
Αυγ 28, 2023 4:34:16 Μ.Μ. User toString
FINE: 754: User Apostolos Kazopidis accessed
Αυγ 28, 2023 4:34:16 Μ.Μ. User toString
FINE: 755: User Georgios Sakalas accessed
Αυγ 28, 2023 4:34:16 Μ.Μ. User toString
FINE: 756: User test accessed
Αυγ 28, 2023 4:34:16 Μ.Μ. User toString
FINE: 757: User Kal zzx accessed
Αυγ 28, 2023 4:34:16 Μ.Μ. User toString
FINE: 758: User rwfrwfr rfwrgf accessed
Αυγ 28, 2023 4:34:16 Μ.Μ. User toString
FINE: 759: User Apostolos Kazopidis accessed
Αυγ 28, 2023 4:34:16 Μ.Μ. User toString
FINE: 760: User Georgios Sakalas accessed
Αυγ 28, 2023 4:34:16 Μ.Μ. User toString
FINE: 761: User test accessed
Αυγ 28, 2023 4:34:16 Μ.Μ. User toString
FINE: 762: User Kal zzx accessed
Αυγ 28, 2023 4:34:16 Μ.Μ. User toString
FINE: 763: User rwfrwfr rfwrgf accessed
Αυγ 28, 2023 4:34:16 Μ.Μ. User toString
FINE: 764: User Apostolos Kazopidis accessed
Αυγ 28, 2023 4:34:16 Μ.Μ. User toString
FINE: 765: User Georgios Sakalas accessed
Αυγ 28, 2023 4:34:16 Μ.Μ. User toString
FINE: 766: User test accessed
Αυγ 28, 2023 4:34:16 Μ.Μ. User toString
FINE: 767: User Kal zzx accessed
Αυγ 28, 2023 4:34:16 Μ.Μ. User toString
FINE: 768: User rwfrwfr rfwrgf accessed
Αυγ 28, 2023 4:34:16 Μ.Μ. User toString
FINE: 769: User Apostolos Kazopidis accessed
Αυγ 28, 2023 4:34:16 Μ.Μ. User toString
FINE: 770: User Georgios Sakalas accessed
Αυγ 28, 2023 4:34:16 Μ.Μ. User toString
FINE: 771: User test accessed
Αυγ 28, 2023 4:34:16 Μ.Μ. User toString
FINE: 772: User Kal zzx accessed
Αυγ 28, 2023 4:34:16 Μ.Μ. User toString
FINE: 773: User rwfrwfr rfwrgf accessed
Αυγ 28, 2023 4:34:16 Μ.Μ. User toString
FINE: 774: User Apostolos Kazopidis accessed
Αυγ 28, 2023 4:34:16 Μ.Μ. User toString
FINE: 775: User Georgios Sakalas accessed
Αυγ 28, 2023 4:34:16 Μ.Μ. User toString
FINE: 776: User test accessed
Αυγ 28, 2023 4:34:16 Μ.Μ. User toString
FINE: 777: User Kal zzx accessed
Αυγ 28, 2023 4:34:16 Μ.Μ. User toString
FINE: 778: User rwfrwfr rfwrgf accessed
Αυγ 28, 2023 4:34:16 Μ.Μ. User toString
FINE: 779: User Apostolos Kazopidis accessed
Αυγ 28, 2023 4:34:16 Μ.Μ. User toString
FINE: 780: User Georgios Sakalas accessed
Αυγ 28, 2023 4:34:16 Μ.Μ. User toString
FINE: 781: User test accessed
Αυγ 28, 2023 4:34:16 Μ.Μ. User toString
FINE: 782: User Kal zzx accessed
Αυγ 28, 2023 4:34:16 Μ.Μ. User toString
FINE: 783: User rwfrwfr rfwrgf accessed
Αυγ 28, 2023 4:34:16 Μ.Μ. User toString
FINE: 784: User Apostolos Kazopidis accessed
Αυγ 28, 2023 4:34:16 Μ.Μ. User toString
FINE: 785: User Georgios Sakalas accessed
Αυγ 28, 2023 4:34:16 Μ.Μ. User toString
FINE: 786: User test accessed
Αυγ 28, 2023 4:34:16 Μ.Μ. User toString
FINE: 787: User Kal zzx accessed
Αυγ 28, 2023 4:34:16 Μ.Μ. User toString
FINE: 788: User rwfrwfr rfwrgf accessed
Αυγ 28, 2023 4:34:16 Μ.Μ. User toString
FINE: 789: User Apostolos Kazopidis accessed
Αυγ 28, 2023 4:34:16 Μ.Μ. User toString
FINE: 790: User Georgios Sakalas accessed
Αυγ 28, 2023 4:34:16 Μ.Μ. User toString
FINE: 791: User test accessed
Αυγ 28, 2023 4:34:16 Μ.Μ. User toString
FINE: 792: User Kal zzx accessed
Αυγ 28, 2023 4:34:16 Μ.Μ. User toString
FINE: 793: User rwfrwfr rfwrgf accessed
Αυγ 28, 2023 4:34:16 Μ.Μ. User toString
FINE: 794: User Apostolos Kazopidis accessed
Αυγ 28, 2023 4:34:16 Μ.Μ. User toString
FINE: 795: User Georgios Sakalas accessed
Αυγ 28, 2023 4:34:16 Μ.Μ. User toString
FINE: 796: User test accessed
Αυγ 28, 2023 4:34:16 Μ.Μ. User toString
FINE: 797: User Kal zzx accessed
Αυγ 28, 2023 4:34:16 Μ.Μ. User toString
FINE: 798: User rwfrwfr rfwrgf accessed
Αυγ 28, 2023 4:34:16 Μ.Μ. User toString
FINE: 799: User Apostolos Kazopidis accessed
Αυγ 28, 2023 4:34:16 Μ.Μ. User toString
FINE: 800: User Georgios Sakalas accessed
Αυγ 28, 2023 4:34:16 Μ.Μ. User toString
FINE: 801: User test accessed
Αυγ 28, 2023 4:34:16 Μ.Μ. User toString
FINE: 802: User Kal zzx accessed
Αυγ 28, 2023 4:34:16 Μ.Μ. User toString
FINE: 803: User rwfrwfr rfwrgf accessed
Αυγ 28, 2023 4:34:16 Μ.Μ. User toString
FINE: 804: User Apostolos Kazopidis accessed
Αυγ 28, 2023 4:34:16 Μ.Μ. User toString
FINE: 805: User Georgios Sakalas accessed
Αυγ 28, 2023 4:34:16 Μ.Μ. User toString
FINE: 806: User test accessed
Αυγ 28, 2023 4:34:16 Μ.Μ. User toString
FINE: 807: User Kal zzx accessed
Αυγ 28, 2023 4:34:16 Μ.Μ. User toString
FINE: 808: User rwfrwfr rfwrgf accessed
Αυγ 28, 2023 4:34:16 Μ.Μ. User toString
FINE: 809: User Apostolos Kazopidis accessed
Αυγ 28, 2023 4:34:16 Μ.Μ. User toString
FINE: 810: User Georgios Sakalas accessed
Αυγ 28, 2023 4:34:16 Μ.Μ. User toString
FINE: 811: User test accessed
Αυγ 28, 2023 4:34:16 Μ.Μ. User toString
FINE: 812: User Kal zzx accessed
Αυγ 28, 2023 4:34:16 Μ.Μ. User toString
FINE: 813: User rwfrwfr rfwrgf accessed
Αυγ 28, 2023 4:34:16 Μ.Μ. User toString
FINE: 814: User Apostolos Kazopidis accessed
Αυγ 28, 2023 4:34:16 Μ.Μ. User toString
FINE: 815: User Georgios Sakalas accessed
Αυγ 28, 2023 4:34:16 Μ.Μ. User toString
FINE: 816: User test accessed
Αυγ 28, 2023 4:34:16 Μ.Μ. User toString
FINE: 817: User Kal zzx accessed
Αυγ 28, 2023 4:34:16 Μ.Μ. User toString
FINE: 818: User rwfrwfr rfwrgf accessed
Αυγ 28, 2023 4:34:16 Μ.Μ. User toString
FINE: 819: User Apostolos Kazopidis accessed
Αυγ 28, 2023 4:34:16 Μ.Μ. User toString
FINE: 820: User Georgios Sakalas accessed
Αυγ 28, 2023 4:34:16 Μ.Μ. User toString
FINE: 821: User test accessed
Αυγ 28, 2023 4:34:16 Μ.Μ. User toString
FINE: 822: User Kal zzx accessed
Αυγ 28, 2023 4:34:16 Μ.Μ. User toString
FINE: 823: User rwfrwfr rfwrgf accessed
Αυγ 28, 2023 4:34:16 Μ.Μ. User toString
FINE: 824: User Apostolos Kazopidis accessed
Αυγ 28, 2023 4:34:16 Μ.Μ. User toString
FINE: 825: User Georgios Sakalas accessed
Αυγ 28, 2023 4:34:16 Μ.Μ. User toString
FINE: 826: User test accessed
Αυγ 28, 2023 4:34:16 Μ.Μ. User toString
FINE: 827: User Kal zzx accessed
Αυγ 28, 2023 4:34:16 Μ.Μ. User toString
FINE: 828: User rwfrwfr rfwrgf accessed
Αυγ 28, 2023 4:34:16 Μ.Μ. User toString
FINE: 829: User Apostolos Kazopidis accessed
Αυγ 28, 2023 4:34:16 Μ.Μ. User toString
FINE: 830: User Georgios Sakalas accessed
Αυγ 28, 2023 4:34:16 Μ.Μ. User toString
FINE: 831: User test accessed
Αυγ 28, 2023 4:34:16 Μ.Μ. User toString
FINE: 832: User Kal zzx accessed
Αυγ 28, 2023 4:34:16 Μ.Μ. User toString
FINE: 833: User rwfrwfr rfwrgf accessed
Αυγ 28, 2023 4:34:16 Μ.Μ. User toString
FINE: 834: User Apostolos Kazopidis accessed
Αυγ 28, 2023 4:34:16 Μ.Μ. User toString
FINE: 835: User Georgios Sakalas accessed
Αυγ 28, 2023 4:34:16 Μ.Μ. User toString
FINE: 836: User test accessed
Αυγ 28, 2023 4:34:16 Μ.Μ. User toString
FINE: 837: User Kal zzx accessed
Αυγ 28, 2023 4:34:16 Μ.Μ. User toString
FINE: 838: User rwfrwfr rfwrgf accessed
Αυγ 28, 2023 4:34:16 Μ.Μ. User toString
FINE: 839: User Apostolos Kazopidis accessed
Αυγ 28, 2023 4:34:16 Μ.Μ. User toString
FINE: 840: User Georgios Sakalas accessed
Αυγ 28, 2023 4:34:16 Μ.Μ. User toString
FINE: 841: User test accessed
Αυγ 28, 2023 4:34:16 Μ.Μ. User toString
FINE: 842: User Kal zzx accessed
Αυγ 28, 2023 4:34:16 Μ.Μ. User toString
FINE: 843: User rwfrwfr rfwrgf accessed
Αυγ 28, 2023 4:34:16 Μ.Μ. User toString
FINE: 844: User Apostolos Kazopidis accessed
Αυγ 28, 2023 4:34:16 Μ.Μ. User toString
FINE: 845: User Georgios Sakalas accessed
Αυγ 28, 2023 4:34:16 Μ.Μ. User toString
FINE: 846: User test accessed
Αυγ 28, 2023 4:34:16 Μ.Μ. User toString
FINE: 847: User Kal zzx accessed
Αυγ 28, 2023 4:34:16 Μ.Μ. User toString
FINE: 848: User rwfrwfr rfwrgf accessed
Αυγ 28, 2023 4:34:16 Μ.Μ. User toString
FINE: 849: User Apostolos Kazopidis accessed
Αυγ 28, 2023 4:34:16 Μ.Μ. User toString
FINE: 850: User Georgios Sakalas accessed
Αυγ 28, 2023 4:34:16 Μ.Μ. User toString
FINE: 851: User test accessed
Αυγ 28, 2023 4:34:16 Μ.Μ. User toString
FINE: 852: User Kal zzx accessed
Αυγ 28, 2023 4:34:16 Μ.Μ. User toString
FINE: 853: User rwfrwfr rfwrgf accessed
Αυγ 28, 2023 4:34:16 Μ.Μ. User toString
FINE: 854: User Apostolos Kazopidis accessed
Αυγ 28, 2023 4:34:16 Μ.Μ. User toString
FINE: 855: User Georgios Sakalas accessed
Αυγ 28, 2023 4:34:16 Μ.Μ. User toString
FINE: 856: User test accessed
Αυγ 28, 2023 4:34:16 Μ.Μ. User toString
FINE: 857: User Kal zzx accessed
Αυγ 28, 2023 4:34:16 Μ.Μ. User toString
FINE: 858: User rwfrwfr rfwrgf accessed
Αυγ 28, 2023 4:34:16 Μ.Μ. User toString
FINE: 859: User Apostolos Kazopidis accessed
Αυγ 28, 2023 4:34:16 Μ.Μ. User toString
FINE: 860: User Georgios Sakalas accessed
Αυγ 28, 2023 4:34:16 Μ.Μ. User toString
FINE: 861: User test accessed
Αυγ 28, 2023 4:34:16 Μ.Μ. User toString
FINE: 862: User Kal zzx accessed
Αυγ 28, 2023 4:34:16 Μ.Μ. User toString
FINE: 863: User rwfrwfr rfwrgf accessed
Αυγ 28, 2023 4:34:16 Μ.Μ. User toString
FINE: 864: User Apostolos Kazopidis accessed
Αυγ 28, 2023 4:34:16 Μ.Μ. User toString
FINE: 865: User Georgios Sakalas accessed
Αυγ 28, 2023 4:34:16 Μ.Μ. User toString
FINE: 866: User test accessed
Αυγ 28, 2023 4:34:16 Μ.Μ. User toString
FINE: 867: User Kal zzx accessed
Αυγ 28, 2023 4:34:16 Μ.Μ. User toString
FINE: 868: User rwfrwfr rfwrgf accessed
Αυγ 28, 2023 4:34:16 Μ.Μ. User toString
FINE: 869: User Apostolos Kazopidis accessed
Αυγ 28, 2023 4:34:16 Μ.Μ. User toString
FINE: 870: User Georgios Sakalas accessed
Αυγ 28, 2023 4:34:16 Μ.Μ. User toString
FINE: 871: User test accessed
Αυγ 28, 2023 4:34:16 Μ.Μ. User toString
FINE: 872: User Kal zzx accessed
Αυγ 28, 2023 4:34:16 Μ.Μ. User toString
FINE: 873: User rwfrwfr rfwrgf accessed
Αυγ 28, 2023 4:34:16 Μ.Μ. User toString
FINE: 874: User Apostolos Kazopidis accessed
Αυγ 28, 2023 4:34:16 Μ.Μ. User toString
FINE: 875: User Georgios Sakalas accessed
Αυγ 28, 2023 4:34:16 Μ.Μ. User toString
FINE: 876: User test accessed
Αυγ 28, 2023 4:34:16 Μ.Μ. User toString
FINE: 877: User Kal zzx accessed
Αυγ 28, 2023 4:34:16 Μ.Μ. User toString
FINE: 878: User rwfrwfr rfwrgf accessed
Αυγ 28, 2023 4:34:16 Μ.Μ. User toString
FINE: 879: User Apostolos Kazopidis accessed
Αυγ 28, 2023 4:34:16 Μ.Μ. User toString
FINE: 880: User Georgios Sakalas accessed
Αυγ 28, 2023 4:34:16 Μ.Μ. User toString
FINE: 881: User test accessed
Αυγ 28, 2023 4:34:16 Μ.Μ. User toString
FINE: 882: User Kal zzx accessed
Αυγ 28, 2023 4:34:16 Μ.Μ. User toString
FINE: 883: User rwfrwfr rfwrgf accessed
Αυγ 28, 2023 4:34:16 Μ.Μ. User toString
FINE: 884: User Apostolos Kazopidis accessed
Αυγ 28, 2023 4:34:16 Μ.Μ. User toString
FINE: 885: User Georgios Sakalas accessed
Αυγ 28, 2023 4:34:16 Μ.Μ. User toString
FINE: 886: User test accessed
Αυγ 28, 2023 4:34:16 Μ.Μ. User toString
FINE: 887: User Kal zzx accessed
Αυγ 28, 2023 4:34:16 Μ.Μ. User toString
FINE: 888: User rwfrwfr rfwrgf accessed
Αυγ 28, 2023 4:34:16 Μ.Μ. User toString
FINE: 889: User Apostolos Kazopidis accessed
Αυγ 28, 2023 4:34:16 Μ.Μ. User toString
FINE: 890: User Georgios Sakalas accessed
Αυγ 28, 2023 4:34:16 Μ.Μ. User toString
FINE: 891: User test accessed
Αυγ 28, 2023 4:34:16 Μ.Μ. User toString
FINE: 892: User Kal zzx accessed
Αυγ 28, 2023 4:34:16 Μ.Μ. User toString
FINE: 893: User rwfrwfr rfwrgf accessed
Αυγ 28, 2023 4:34:16 Μ.Μ. User toString
FINE: 894: User Apostolos Kazopidis accessed
Αυγ 28, 2023 4:34:16 Μ.Μ. User toString
FINE: 895: User Georgios Sakalas accessed
Αυγ 28, 2023 4:34:16 Μ.Μ. User toString
FINE: 896: User test accessed
Αυγ 28, 2023 4:34:16 Μ.Μ. User toString
FINE: 897: User Kal zzx accessed
Αυγ 28, 2023 4:34:16 Μ.Μ. User toString
FINE: 898: User rwfrwfr rfwrgf accessed
Αυγ 28, 2023 4:34:16 Μ.Μ. User toString
FINE: 899: User Apostolos Kazopidis accessed
Αυγ 28, 2023 4:34:16 Μ.Μ. User toString
FINE: 900: User Georgios Sakalas accessed
Αυγ 28, 2023 4:34:16 Μ.Μ. User toString
FINE: 901: User test accessed
Αυγ 28, 2023 4:34:16 Μ.Μ. User toString
FINE: 902: User Kal zzx accessed
Αυγ 28, 2023 4:34:16 Μ.Μ. User toString
FINE: 903: User rwfrwfr rfwrgf accessed
Αυγ 28, 2023 4:34:16 Μ.Μ. User toString
FINE: 904: User Apostolos Kazopidis accessed
Αυγ 28, 2023 4:34:16 Μ.Μ. User toString
FINE: 905: User Georgios Sakalas accessed
Αυγ 28, 2023 4:34:16 Μ.Μ. User toString
FINE: 906: User test accessed
Αυγ 28, 2023 4:34:16 Μ.Μ. User toString
FINE: 907: User Kal zzx accessed
Αυγ 28, 2023 4:34:16 Μ.Μ. User toString
FINE: 908: User rwfrwfr rfwrgf accessed
Αυγ 28, 2023 4:34:16 Μ.Μ. User toString
FINE: 909: User Apostolos Kazopidis accessed
Αυγ 28, 2023 4:34:16 Μ.Μ. User toString
FINE: 910: User Georgios Sakalas accessed
Αυγ 28, 2023 4:34:16 Μ.Μ. User toString
FINE: 911: User test accessed
Αυγ 28, 2023 4:34:16 Μ.Μ. User toString
FINE: 912: User Kal zzx accessed
Αυγ 28, 2023 4:34:16 Μ.Μ. User toString
FINE: 913: User rwfrwfr rfwrgf accessed
Αυγ 28, 2023 4:34:16 Μ.Μ. User toString
FINE: 914: User Apostolos Kazopidis accessed
Αυγ 28, 2023 4:34:16 Μ.Μ. User toString
FINE: 915: User Georgios Sakalas accessed
Αυγ 28, 2023 4:34:16 Μ.Μ. User toString
FINE: 916: User test accessed
Αυγ 28, 2023 4:34:16 Μ.Μ. User toString
FINE: 917: User Kal zzx accessed
Αυγ 28, 2023 4:34:16 Μ.Μ. User toString
FINE: 918: User rwfrwfr rfwrgf accessed
Αυγ 28, 2023 4:34:16 Μ.Μ. User toString
FINE: 919: User Apostolos Kazopidis accessed
Αυγ 28, 2023 4:34:16 Μ.Μ. User toString
FINE: 920: User Georgios Sakalas accessed
Αυγ 28, 2023 4:34:16 Μ.Μ. User toString
FINE: 921: User test accessed
Αυγ 28, 2023 4:34:16 Μ.Μ. User toString
FINE: 922: User Kal zzx accessed
Αυγ 28, 2023 4:34:16 Μ.Μ. User toString
FINE: 923: User rwfrwfr rfwrgf accessed
Αυγ 28, 2023 4:34:16 Μ.Μ. User toString
FINE: 924: User Apostolos Kazopidis accessed
Αυγ 28, 2023 4:34:16 Μ.Μ. User toString
FINE: 925: User Georgios Sakalas accessed
Αυγ 28, 2023 4:34:16 Μ.Μ. User toString
FINE: 926: User test accessed
Αυγ 28, 2023 4:34:16 Μ.Μ. User toString
FINE: 927: User Kal zzx accessed
Αυγ 28, 2023 4:34:16 Μ.Μ. User toString
FINE: 928: User rwfrwfr rfwrgf accessed
Αυγ 28, 2023 4:34:16 Μ.Μ. User toString
FINE: 929: User Apostolos Kazopidis accessed
Αυγ 28, 2023 4:34:16 Μ.Μ. User toString
FINE: 930: User Georgios Sakalas accessed
Αυγ 28, 2023 4:34:16 Μ.Μ. User toString
FINE: 931: User test accessed
Αυγ 28, 2023 4:34:16 Μ.Μ. User toString
FINE: 932: User Kal zzx accessed
Αυγ 28, 2023 4:34:16 Μ.Μ. User toString
FINE: 933: User rwfrwfr rfwrgf accessed
Αυγ 28, 2023 4:34:16 Μ.Μ. User toString
FINE: 934: User Apostolos Kazopidis accessed
Αυγ 28, 2023 4:34:16 Μ.Μ. User toString
FINE: 935: User Georgios Sakalas accessed
Αυγ 28, 2023 4:34:16 Μ.Μ. User toString
FINE: 936: User test accessed
Αυγ 28, 2023 4:34:16 Μ.Μ. User toString
FINE: 937: User Kal zzx accessed
Αυγ 28, 2023 4:34:16 Μ.Μ. User toString
FINE: 938: User rwfrwfr rfwrgf accessed
Αυγ 28, 2023 4:34:16 Μ.Μ. User toString
FINE: 939: User Apostolos Kazopidis accessed
Αυγ 28, 2023 4:34:16 Μ.Μ. User toString
FINE: 940: User Georgios Sakalas accessed
Αυγ 28, 2023 4:34:16 Μ.Μ. User toString
FINE: 941: User test accessed
Αυγ 28, 2023 4:34:16 Μ.Μ. User toString
FINE: 942: User Kal zzx accessed
Αυγ 28, 2023 4:34:16 Μ.Μ. User toString
FINE: 943: User rwfrwfr rfwrgf accessed
Αυγ 28, 2023 4:34:16 Μ.Μ. User toString
FINE: 944: User Apostolos Kazopidis accessed
Αυγ 28, 2023 4:34:16 Μ.Μ. User toString
FINE: 945: User Georgios Sakalas accessed
Αυγ 28, 2023 4:34:16 Μ.Μ. User toString
FINE: 946: User test accessed
Αυγ 28, 2023 4:34:16 Μ.Μ. User toString
FINE: 947: User Kal zzx accessed
Αυγ 28, 2023 4:34:16 Μ.Μ. User toString
FINE: 948: User rwfrwfr rfwrgf accessed
Αυγ 28, 2023 4:34:16 Μ.Μ. User toString
FINE: 949: User Apostolos Kazopidis accessed
Αυγ 28, 2023 4:34:16 Μ.Μ. User toString
FINE: 950: User Georgios Sakalas accessed
Αυγ 28, 2023 4:34:16 Μ.Μ. User toString
FINE: 951: User test accessed
Αυγ 28, 2023 4:34:16 Μ.Μ. User toString
FINE: 952: User Kal zzx accessed
Αυγ 28, 2023 4:34:16 Μ.Μ. User toString
FINE: 953: User rwfrwfr rfwrgf accessed
Αυγ 28, 2023 4:34:16 Μ.Μ. User toString
FINE: 954: User Apostolos Kazopidis accessed
Αυγ 28, 2023 4:34:16 Μ.Μ. User toString
FINE: 955: User Georgios Sakalas accessed
Αυγ 28, 2023 4:34:16 Μ.Μ. User toString
FINE: 956: User test accessed
Αυγ 28, 2023 4:34:16 Μ.Μ. User toString
FINE: 957: User Kal zzx accessed
Αυγ 28, 2023 4:34:16 Μ.Μ. User toString
FINE: 958: User rwfrwfr rfwrgf accessed
Αυγ 28, 2023 4:34:16 Μ.Μ. User toString
FINE: 959: User Apostolos Kazopidis accessed
Αυγ 28, 2023 4:34:16 Μ.Μ. User toString
FINE: 960: User Georgios Sakalas accessed
Αυγ 28, 2023 4:34:16 Μ.Μ. User toString
FINE: 961: User test accessed
Αυγ 28, 2023 4:34:16 Μ.Μ. User toString
FINE: 962: User Kal zzx accessed
Αυγ 28, 2023 4:34:16 Μ.Μ. User toString
FINE: 963: User rwfrwfr rfwrgf accessed
Αυγ 28, 2023 4:34:16 Μ.Μ. User toString
FINE: 964: User Apostolos Kazopidis accessed
Αυγ 28, 2023 4:34:16 Μ.Μ. User toString
FINE: 965: User Georgios Sakalas accessed
Αυγ 28, 2023 4:34:16 Μ.Μ. User toString
FINE: 966: User test accessed
Αυγ 28, 2023 4:34:16 Μ.Μ. User toString
FINE: 967: User Kal zzx accessed
Αυγ 28, 2023 4:34:16 Μ.Μ. User toString
FINE: 968: User rwfrwfr rfwrgf accessed
Αυγ 28, 2023 4:34:16 Μ.Μ. User toString
FINE: 969: User Apostolos Kazopidis accessed
Αυγ 28, 2023 4:34:16 Μ.Μ. User toString
FINE: 970: User Georgios Sakalas accessed
Αυγ 28, 2023 4:34:16 Μ.Μ. User toString
FINE: 971: User test accessed
Αυγ 28, 2023 4:34:16 Μ.Μ. User toString
FINE: 972: User Kal zzx accessed
Αυγ 28, 2023 4:34:16 Μ.Μ. User toString
FINE: 973: User rwfrwfr rfwrgf accessed
Αυγ 28, 2023 4:34:16 Μ.Μ. User toString
FINE: 974: User Apostolos Kazopidis accessed
Αυγ 28, 2023 4:34:16 Μ.Μ. User toString
FINE: 975: User Georgios Sakalas accessed
Αυγ 28, 2023 4:34:16 Μ.Μ. User toString
FINE: 976: User test accessed
Αυγ 28, 2023 4:34:16 Μ.Μ. User toString
FINE: 977: User Kal zzx accessed
Αυγ 28, 2023 4:34:16 Μ.Μ. User toString
FINE: 978: User rwfrwfr rfwrgf accessed
Αυγ 28, 2023 4:34:16 Μ.Μ. User toString
FINE: 979: User Apostolos Kazopidis accessed
Αυγ 28, 2023 4:34:16 Μ.Μ. User toString
FINE: 980: User Georgios Sakalas accessed
Αυγ 28, 2023 4:34:16 Μ.Μ. User toString
FINE: 981: User test accessed
Αυγ 28, 2023 4:34:16 Μ.Μ. User toString
FINE: 982: User Kal zzx accessed
Αυγ 28, 2023 4:34:16 Μ.Μ. User toString
FINE: 983: User rwfrwfr rfwrgf accessed
Αυγ 28, 2023 4:34:16 Μ.Μ. User toString
FINE: 984: User Apostolos Kazopidis accessed
Αυγ 28, 2023 4:34:16 Μ.Μ. User toString
FINE: 985: User Georgios Sakalas accessed
Αυγ 28, 2023 4:34:16 Μ.Μ. User toString
FINE: 986: User test accessed
Αυγ 28, 2023 4:34:16 Μ.Μ. User toString
FINE: 987: User Kal zzx accessed
Αυγ 28, 2023 4:34:16 Μ.Μ. User toString
FINE: 988: User rwfrwfr rfwrgf accessed
Αυγ 28, 2023 4:34:16 Μ.Μ. User toString
FINE: 989: User Apostolos Kazopidis accessed
Αυγ 28, 2023 4:34:16 Μ.Μ. User toString
FINE: 990: User Georgios Sakalas accessed
Αυγ 28, 2023 4:34:16 Μ.Μ. User toString
FINE: 991: User test accessed
Αυγ 28, 2023 4:34:16 Μ.Μ. User toString
FINE: 992: User Kal zzx accessed
Αυγ 28, 2023 4:34:16 Μ.Μ. User toString
FINE: 993: User rwfrwfr rfwrgf accessed
Αυγ 28, 2023 4:34:16 Μ.Μ. User toString
FINE: 994: User Apostolos Kazopidis accessed
Αυγ 28, 2023 4:34:16 Μ.Μ. User toString
FINE: 995: User Georgios Sakalas accessed
Αυγ 28, 2023 4:34:16 Μ.Μ. User toString
FINE: 996: User test accessed
Αυγ 28, 2023 4:34:16 Μ.Μ. User toString
FINE: 997: User Kal zzx accessed
Αυγ 28, 2023 4:34:16 Μ.Μ. User toString
FINE: 998: User rwfrwfr rfwrgf accessed
Αυγ 28, 2023 4:34:16 Μ.Μ. User toString
FINE: 999: User Apostolos Kazopidis accessed
Αυγ 28, 2023 4:34:16 Μ.Μ. User toString
FINE: 1000: User Georgios Sakalas accessed
Αυγ 28, 2023 4:34:16 Μ.Μ. User toString
FINE: 1001: User test accessed
Αυγ 28, 2023 4:34:16 Μ.Μ. User toString
FINE: 1002: User Kal zzx accessed
Αυγ 28, 2023 4:34:16 Μ.Μ. User toString
FINE: 1003: User rwfrwfr rfwrgf accessed
Αυγ 28, 2023 4:34:16 Μ.Μ. User toString
FINE: 1004: User Apostolos Kazopidis accessed
Αυγ 28, 2023 4:34:16 Μ.Μ. User toString
FINE: 1005: User Georgios Sakalas accessed
Αυγ 28, 2023 4:34:16 Μ.Μ. User toString
FINE: 1006: User test accessed
Αυγ 28, 2023 4:34:16 Μ.Μ. User toString
FINE: 1007: User Kal zzx accessed
Αυγ 28, 2023 4:34:16 Μ.Μ. User toString
FINE: 1008: User rwfrwfr rfwrgf accessed
Αυγ 28, 2023 4:34:16 Μ.Μ. User toString
FINE: 1009: User Apostolos Kazopidis accessed
Αυγ 28, 2023 4:34:16 Μ.Μ. User toString
FINE: 1010: User Georgios Sakalas accessed
Αυγ 28, 2023 4:34:16 Μ.Μ. User toString
FINE: 1011: User test accessed
Αυγ 28, 2023 4:34:16 Μ.Μ. User toString
FINE: 1012: User Kal zzx accessed
Αυγ 28, 2023 4:34:16 Μ.Μ. User toString
FINE: 1013: User rwfrwfr rfwrgf accessed
Αυγ 28, 2023 4:34:16 Μ.Μ. User toString
FINE: 1014: User Apostolos Kazopidis accessed
Αυγ 28, 2023 4:34:16 Μ.Μ. User toString
FINE: 1015: User Georgios Sakalas accessed
Αυγ 28, 2023 4:34:16 Μ.Μ. User toString
FINE: 1016: User test accessed
Αυγ 28, 2023 4:34:16 Μ.Μ. User toString
FINE: 1017: User Kal zzx accessed
Αυγ 28, 2023 4:34:16 Μ.Μ. User toString
FINE: 1018: User rwfrwfr rfwrgf accessed
Αυγ 28, 2023 4:34:16 Μ.Μ. User toString
FINE: 1019: User Apostolos Kazopidis accessed
Αυγ 28, 2023 4:34:16 Μ.Μ. User toString
FINE: 1020: User Georgios Sakalas accessed
Αυγ 28, 2023 4:34:16 Μ.Μ. User toString
FINE: 1021: User test accessed
Αυγ 28, 2023 4:34:16 Μ.Μ. User toString
FINE: 1022: User Kal zzx accessed
Αυγ 28, 2023 4:34:16 Μ.Μ. User toString
FINE: 1023: User rwfrwfr rfwrgf accessed
Αυγ 28, 2023 4:34:16 Μ.Μ. User toString
FINE: 1024: User Apostolos Kazopidis accessed
Αυγ 28, 2023 4:34:16 Μ.Μ. User toString
FINE: 1025: User Georgios Sakalas accessed
Αυγ 28, 2023 4:34:16 Μ.Μ. User toString
FINE: 1026: User test accessed
Αυγ 28, 2023 4:34:16 Μ.Μ. User toString
FINE: 1027: User Kal zzx accessed
Αυγ 28, 2023 4:34:16 Μ.Μ. User toString
FINE: 1028: User rwfrwfr rfwrgf accessed
Αυγ 28, 2023 4:34:16 Μ.Μ. User toString
FINE: 1029: User Apostolos Kazopidis accessed
Αυγ 28, 2023 4:34:16 Μ.Μ. User toString
FINE: 1030: User Georgios Sakalas accessed
Αυγ 28, 2023 4:34:16 Μ.Μ. User toString
FINE: 1031: User test accessed
Αυγ 28, 2023 4:34:16 Μ.Μ. User toString
FINE: 1032: User Kal zzx accessed
Αυγ 28, 2023 4:34:16 Μ.Μ. User toString
FINE: 1033: User rwfrwfr rfwrgf accessed
Αυγ 28, 2023 4:34:16 Μ.Μ. User toString
FINE: 1034: User Apostolos Kazopidis accessed
Αυγ 28, 2023 4:34:16 Μ.Μ. User toString
FINE: 1035: User Georgios Sakalas accessed
Αυγ 28, 2023 4:34:16 Μ.Μ. User toString
FINE: 1036: User test accessed
Αυγ 28, 2023 4:34:16 Μ.Μ. User toString
FINE: 1037: User Kal zzx accessed
Αυγ 28, 2023 4:34:16 Μ.Μ. User toString
FINE: 1038: User rwfrwfr rfwrgf accessed
Αυγ 28, 2023 4:34:16 Μ.Μ. User toString
FINE: 1039: User Apostolos Kazopidis accessed
Αυγ 28, 2023 4:34:16 Μ.Μ. User toString
FINE: 1040: User Georgios Sakalas accessed
Αυγ 28, 2023 4:34:16 Μ.Μ. User toString
FINE: 1041: User test accessed
Αυγ 28, 2023 4:34:16 Μ.Μ. User toString
FINE: 1042: User Kal zzx accessed
Αυγ 28, 2023 4:34:16 Μ.Μ. User toString
FINE: 1043: User rwfrwfr rfwrgf accessed
Αυγ 28, 2023 4:34:16 Μ.Μ. User toString
FINE: 1044: User Apostolos Kazopidis accessed
Αυγ 28, 2023 4:34:16 Μ.Μ. User toString
FINE: 1045: User Georgios Sakalas accessed
Αυγ 28, 2023 4:34:16 Μ.Μ. User toString
FINE: 1046: User test accessed
Αυγ 28, 2023 4:34:16 Μ.Μ. User toString
FINE: 1047: User Kal zzx accessed
Αυγ 28, 2023 4:34:16 Μ.Μ. User toString
FINE: 1048: User rwfrwfr rfwrgf accessed
Αυγ 28, 2023 4:34:16 Μ.Μ. User toString
FINE: 1049: User Apostolos Kazopidis accessed
Αυγ 28, 2023 4:34:16 Μ.Μ. User toString
FINE: 1050: User Georgios Sakalas accessed
Αυγ 28, 2023 4:34:16 Μ.Μ. User toString
FINE: 1051: User test accessed
Αυγ 28, 2023 4:34:16 Μ.Μ. User toString
FINE: 1052: User Kal zzx accessed
Αυγ 28, 2023 4:34:16 Μ.Μ. User toString
FINE: 1053: User rwfrwfr rfwrgf accessed
Αυγ 28, 2023 4:34:16 Μ.Μ. User toString
FINE: 1054: User Apostolos Kazopidis accessed
Αυγ 28, 2023 4:34:16 Μ.Μ. User toString
FINE: 1055: User Georgios Sakalas accessed
Αυγ 28, 2023 4:34:16 Μ.Μ. User toString
FINE: 1056: User test accessed
Αυγ 28, 2023 4:34:16 Μ.Μ. User toString
FINE: 1057: User Kal zzx accessed
Αυγ 28, 2023 4:34:16 Μ.Μ. User toString
FINE: 1058: User rwfrwfr rfwrgf accessed
Αυγ 28, 2023 4:34:16 Μ.Μ. User toString
FINE: 1059: User Apostolos Kazopidis accessed
Αυγ 28, 2023 4:34:16 Μ.Μ. User toString
FINE: 1060: User Georgios Sakalas accessed
Αυγ 28, 2023 4:34:16 Μ.Μ. User toString
FINE: 1061: User test accessed
Αυγ 28, 2023 4:34:16 Μ.Μ. User toString
FINE: 1062: User Kal zzx accessed
Αυγ 28, 2023 4:34:16 Μ.Μ. User toString
FINE: 1063: User rwfrwfr rfwrgf accessed
Αυγ 28, 2023 4:34:16 Μ.Μ. User toString
FINE: 1064: User Apostolos Kazopidis accessed
Αυγ 28, 2023 4:34:16 Μ.Μ. User toString
FINE: 1065: User Georgios Sakalas accessed
Αυγ 28, 2023 4:34:16 Μ.Μ. User toString
FINE: 1066: User test accessed
Αυγ 28, 2023 4:34:16 Μ.Μ. User toString
FINE: 1067: User Kal zzx accessed
Αυγ 28, 2023 4:34:16 Μ.Μ. User toString
FINE: 1068: User rwfrwfr rfwrgf accessed
Αυγ 28, 2023 4:34:16 Μ.Μ. User toString
FINE: 1069: User Apostolos Kazopidis accessed
Αυγ 28, 2023 4:34:16 Μ.Μ. User toString
FINE: 1070: User Georgios Sakalas accessed
Αυγ 28, 2023 4:34:16 Μ.Μ. User toString
FINE: 1071: User test accessed
Αυγ 28, 2023 4:34:16 Μ.Μ. User toString
FINE: 1072: User Kal zzx accessed
Αυγ 28, 2023 4:34:16 Μ.Μ. User toString
FINE: 1073: User rwfrwfr rfwrgf accessed
Αυγ 28, 2023 4:34:16 Μ.Μ. User toString
FINE: 1074: User Apostolos Kazopidis accessed
Αυγ 28, 2023 4:34:16 Μ.Μ. User toString
FINE: 1075: User Georgios Sakalas accessed
Αυγ 28, 2023 4:34:16 Μ.Μ. User toString
FINE: 1076: User test accessed
Αυγ 28, 2023 4:34:16 Μ.Μ. User toString
FINE: 1077: User Kal zzx accessed
Αυγ 28, 2023 4:34:16 Μ.Μ. User toString
FINE: 1078: User rwfrwfr rfwrgf accessed
Αυγ 28, 2023 4:34:16 Μ.Μ. User toString
FINE: 1079: User Apostolos Kazopidis accessed
Αυγ 28, 2023 4:34:16 Μ.Μ. User toString
FINE: 1080: User Georgios Sakalas accessed
Αυγ 28, 2023 4:34:16 Μ.Μ. User toString
FINE: 1081: User test accessed
Αυγ 28, 2023 4:34:16 Μ.Μ. User toString
FINE: 1082: User Kal zzx accessed
Αυγ 28, 2023 4:34:16 Μ.Μ. User toString
FINE: 1083: User rwfrwfr rfwrgf accessed
Αυγ 28, 2023 4:34:16 Μ.Μ. User toString
FINE: 1084: User Apostolos Kazopidis accessed
Αυγ 28, 2023 4:34:16 Μ.Μ. User toString
FINE: 1085: User Georgios Sakalas accessed
Αυγ 28, 2023 4:34:16 Μ.Μ. User toString
FINE: 1086: User test accessed
Αυγ 28, 2023 4:34:16 Μ.Μ. User toString
FINE: 1087: User Kal zzx accessed
Αυγ 28, 2023 4:34:16 Μ.Μ. User toString
FINE: 1088: User rwfrwfr rfwrgf accessed
Αυγ 28, 2023 4:34:16 Μ.Μ. User toString
FINE: 1089: User Apostolos Kazopidis accessed
Αυγ 28, 2023 4:34:16 Μ.Μ. User toString
FINE: 1090: User Georgios Sakalas accessed
Αυγ 28, 2023 4:34:16 Μ.Μ. User toString
FINE: 1091: User test accessed
Αυγ 28, 2023 4:34:16 Μ.Μ. User toString
FINE: 1092: User Kal zzx accessed
Αυγ 28, 2023 4:34:16 Μ.Μ. User toString
FINE: 1093: User rwfrwfr rfwrgf accessed
Αυγ 28, 2023 4:34:16 Μ.Μ. User toString
FINE: 1094: User Apostolos Kazopidis accessed
Αυγ 28, 2023 4:34:16 Μ.Μ. User toString
FINE: 1095: User Georgios Sakalas accessed
Αυγ 28, 2023 4:34:16 Μ.Μ. User toString
FINE: 1096: User test accessed
Αυγ 28, 2023 4:34:16 Μ.Μ. User toString
FINE: 1097: User Kal zzx accessed
Αυγ 28, 2023 4:34:16 Μ.Μ. User toString
FINE: 1098: User rwfrwfr rfwrgf accessed
Αυγ 28, 2023 4:34:16 Μ.Μ. User toString
FINE: 1099: User Apostolos Kazopidis accessed
Αυγ 28, 2023 4:34:16 Μ.Μ. User toString
FINE: 1100: User Georgios Sakalas accessed
Αυγ 28, 2023 4:34:16 Μ.Μ. User toString
FINE: 1101: User test accessed
Αυγ 28, 2023 4:34:16 Μ.Μ. User toString
FINE: 1102: User Kal zzx accessed
Αυγ 28, 2023 4:34:16 Μ.Μ. User toString
FINE: 1103: User rwfrwfr rfwrgf accessed
Αυγ 28, 2023 4:34:16 Μ.Μ. User toString
FINE: 1104: User Apostolos Kazopidis accessed
Αυγ 28, 2023 4:34:16 Μ.Μ. User toString
FINE: 1105: User Georgios Sakalas accessed
Αυγ 28, 2023 4:34:16 Μ.Μ. User toString
FINE: 1106: User test accessed
Αυγ 28, 2023 4:34:16 Μ.Μ. User toString
FINE: 1107: User Kal zzx accessed
Αυγ 28, 2023 4:34:16 Μ.Μ. User toString
FINE: 1108: User rwfrwfr rfwrgf accessed
Αυγ 28, 2023 4:34:16 Μ.Μ. User toString
FINE: 1109: User Apostolos Kazopidis accessed
Αυγ 28, 2023 4:34:16 Μ.Μ. User toString
FINE: 1110: User Georgios Sakalas accessed
Αυγ 28, 2023 4:34:16 Μ.Μ. User toString
FINE: 1111: User test accessed
Αυγ 28, 2023 4:34:16 Μ.Μ. User toString
FINE: 1112: User Kal zzx accessed
Αυγ 28, 2023 4:34:16 Μ.Μ. User toString
FINE: 1113: User rwfrwfr rfwrgf accessed
Αυγ 28, 2023 4:34:16 Μ.Μ. User toString
FINE: 1114: User Apostolos Kazopidis accessed
Αυγ 28, 2023 4:34:16 Μ.Μ. User toString
FINE: 1115: User Georgios Sakalas accessed
Αυγ 28, 2023 4:34:16 Μ.Μ. User toString
FINE: 1116: User test accessed
Αυγ 28, 2023 4:34:16 Μ.Μ. User toString
FINE: 1117: User Kal zzx accessed
Αυγ 28, 2023 4:34:16 Μ.Μ. User toString
FINE: 1118: User rwfrwfr rfwrgf accessed
Αυγ 28, 2023 4:34:16 Μ.Μ. User toString
FINE: 1119: User Apostolos Kazopidis accessed
Αυγ 28, 2023 4:34:16 Μ.Μ. User toString
FINE: 1120: User Georgios Sakalas accessed
Αυγ 28, 2023 4:34:16 Μ.Μ. User toString
FINE: 1121: User test accessed
Αυγ 28, 2023 4:34:16 Μ.Μ. User toString
FINE: 1122: User Kal zzx accessed
Αυγ 28, 2023 4:34:16 Μ.Μ. User toString
FINE: 1123: User rwfrwfr rfwrgf accessed
Αυγ 28, 2023 4:34:16 Μ.Μ. User toString
FINE: 1124: User Apostolos Kazopidis accessed
Αυγ 28, 2023 4:34:16 Μ.Μ. User toString
FINE: 1125: User Georgios Sakalas accessed
Αυγ 28, 2023 4:34:16 Μ.Μ. User toString
FINE: 1126: User test accessed
Αυγ 28, 2023 4:34:16 Μ.Μ. User toString
FINE: 1127: User Kal zzx accessed
Αυγ 28, 2023 4:34:16 Μ.Μ. User toString
FINE: 1128: User rwfrwfr rfwrgf accessed
Αυγ 28, 2023 4:34:16 Μ.Μ. User toString
FINE: 1129: User Apostolos Kazopidis accessed
Αυγ 28, 2023 4:34:16 Μ.Μ. User toString
FINE: 1130: User Georgios Sakalas accessed
Αυγ 28, 2023 4:34:16 Μ.Μ. User toString
FINE: 1131: User test accessed
Αυγ 28, 2023 4:34:16 Μ.Μ. User toString
FINE: 1132: User Kal zzx accessed
Αυγ 28, 2023 4:34:16 Μ.Μ. User toString
FINE: 1133: User rwfrwfr rfwrgf accessed
Αυγ 28, 2023 4:34:16 Μ.Μ. User toString
FINE: 1134: User Apostolos Kazopidis accessed
Αυγ 28, 2023 4:34:16 Μ.Μ. User toString
FINE: 1135: User Georgios Sakalas accessed
Αυγ 28, 2023 4:34:16 Μ.Μ. User toString
FINE: 1136: User test accessed
Αυγ 28, 2023 4:34:16 Μ.Μ. User toString
FINE: 1137: User Kal zzx accessed
Αυγ 28, 2023 4:34:16 Μ.Μ. User toString
FINE: 1138: User rwfrwfr rfwrgf accessed
Αυγ 28, 2023 4:34:16 Μ.Μ. User toString
FINE: 1139: User Apostolos Kazopidis accessed
Αυγ 28, 2023 4:34:16 Μ.Μ. User toString
FINE: 1140: User Georgios Sakalas accessed
Αυγ 28, 2023 4:34:16 Μ.Μ. User toString
FINE: 1141: User test accessed
Αυγ 28, 2023 4:34:16 Μ.Μ. User toString
FINE: 1142: User Kal zzx accessed
Αυγ 28, 2023 4:34:16 Μ.Μ. User toString
FINE: 1143: User rwfrwfr rfwrgf accessed
Αυγ 28, 2023 4:34:16 Μ.Μ. User toString
FINE: 1144: User Apostolos Kazopidis accessed
Αυγ 28, 2023 4:34:16 Μ.Μ. User toString
FINE: 1145: User Georgios Sakalas accessed
Αυγ 28, 2023 4:34:16 Μ.Μ. User toString
FINE: 1146: User test accessed
Αυγ 28, 2023 4:34:16 Μ.Μ. User toString
FINE: 1147: User Kal zzx accessed
Αυγ 28, 2023 4:34:16 Μ.Μ. User toString
FINE: 1148: User rwfrwfr rfwrgf accessed
Αυγ 28, 2023 4:34:16 Μ.Μ. User toString
FINE: 1149: User Apostolos Kazopidis accessed
Αυγ 28, 2023 4:34:16 Μ.Μ. User toString
FINE: 1150: User Georgios Sakalas accessed
Αυγ 28, 2023 4:34:16 Μ.Μ. User toString
FINE: 1151: User test accessed
Αυγ 28, 2023 4:34:16 Μ.Μ. User toString
FINE: 1152: User Kal zzx accessed
Αυγ 28, 2023 4:34:16 Μ.Μ. User toString
FINE: 1153: User rwfrwfr rfwrgf accessed
Αυγ 28, 2023 4:34:16 Μ.Μ. User toString
FINE: 1154: User Apostolos Kazopidis accessed
Αυγ 28, 2023 4:34:16 Μ.Μ. User toString
FINE: 1155: User Georgios Sakalas accessed
Αυγ 28, 2023 4:34:16 Μ.Μ. User toString
FINE: 1156: User test accessed
Αυγ 28, 2023 4:34:16 Μ.Μ. User toString
FINE: 1157: User Kal zzx accessed
Αυγ 28, 2023 4:34:16 Μ.Μ. User toString
FINE: 1158: User rwfrwfr rfwrgf accessed
Αυγ 28, 2023 4:34:16 Μ.Μ. User toString
FINE: 1159: User Apostolos Kazopidis accessed
Αυγ 28, 2023 4:34:16 Μ.Μ. User toString
FINE: 1160: User Georgios Sakalas accessed
Αυγ 28, 2023 4:34:16 Μ.Μ. User toString
FINE: 1161: User test accessed
Αυγ 28, 2023 4:34:16 Μ.Μ. User toString
FINE: 1162: User Kal zzx accessed
Αυγ 28, 2023 4:34:16 Μ.Μ. User toString
FINE: 1163: User rwfrwfr rfwrgf accessed
Αυγ 28, 2023 4:34:16 Μ.Μ. User toString
FINE: 1164: User Apostolos Kazopidis accessed
Αυγ 28, 2023 4:34:16 Μ.Μ. User toString
FINE: 1165: User Georgios Sakalas accessed
Αυγ 28, 2023 4:34:16 Μ.Μ. User toString
FINE: 1166: User test accessed
Αυγ 28, 2023 4:34:16 Μ.Μ. User toString
FINE: 1167: User Kal zzx accessed
Αυγ 28, 2023 4:34:16 Μ.Μ. User toString
FINE: 1168: User rwfrwfr rfwrgf accessed
Αυγ 28, 2023 4:34:16 Μ.Μ. User toString
FINE: 1169: User Apostolos Kazopidis accessed
Αυγ 28, 2023 4:34:16 Μ.Μ. User toString
FINE: 1170: User Georgios Sakalas accessed
Αυγ 28, 2023 4:34:16 Μ.Μ. User toString
FINE: 1171: User test accessed
Αυγ 28, 2023 4:34:16 Μ.Μ. User toString
FINE: 1172: User Kal zzx accessed
Αυγ 28, 2023 4:34:16 Μ.Μ. User toString
FINE: 1173: User rwfrwfr rfwrgf accessed
Αυγ 28, 2023 4:34:16 Μ.Μ. User toString
FINE: 1174: User Apostolos Kazopidis accessed
Αυγ 28, 2023 4:34:16 Μ.Μ. User toString
FINE: 1175: User Georgios Sakalas accessed
Αυγ 28, 2023 4:34:16 Μ.Μ. User toString
FINE: 1176: User test accessed
Αυγ 28, 2023 4:34:16 Μ.Μ. User toString
FINE: 1177: User Kal zzx accessed
Αυγ 28, 2023 4:34:16 Μ.Μ. User toString
FINE: 1178: User rwfrwfr rfwrgf accessed
Αυγ 28, 2023 4:34:16 Μ.Μ. User toString
FINE: 1179: User Apostolos Kazopidis accessed
Αυγ 28, 2023 4:34:16 Μ.Μ. User toString
FINE: 1180: User Georgios Sakalas accessed
Αυγ 28, 2023 4:34:16 Μ.Μ. User toString
FINE: 1181: User test accessed
Αυγ 28, 2023 4:34:16 Μ.Μ. User toString
FINE: 1182: User Kal zzx accessed
Αυγ 28, 2023 4:34:16 Μ.Μ. User toString
FINE: 1183: User rwfrwfr rfwrgf accessed
Αυγ 28, 2023 4:34:16 Μ.Μ. User toString
FINE: 1184: User Apostolos Kazopidis accessed
Αυγ 28, 2023 4:34:16 Μ.Μ. User toString
FINE: 1185: User Georgios Sakalas accessed
Αυγ 28, 2023 4:34:16 Μ.Μ. User toString
FINE: 1186: User test accessed
Αυγ 28, 2023 4:34:16 Μ.Μ. User toString
FINE: 1187: User Kal zzx accessed
Αυγ 28, 2023 4:34:16 Μ.Μ. User toString
FINE: 1188: User rwfrwfr rfwrgf accessed
Αυγ 28, 2023 4:34:16 Μ.Μ. User toString
FINE: 1189: User Apostolos Kazopidis accessed
Αυγ 28, 2023 4:34:16 Μ.Μ. User toString
FINE: 1190: User Georgios Sakalas accessed
Αυγ 28, 2023 4:34:16 Μ.Μ. User toString
FINE: 1191: User test accessed
Αυγ 28, 2023 4:34:16 Μ.Μ. User toString
FINE: 1192: User Kal zzx accessed
Αυγ 28, 2023 4:34:16 Μ.Μ. User toString
FINE: 1193: User rwfrwfr rfwrgf accessed
Αυγ 28, 2023 4:34:16 Μ.Μ. User toString
FINE: 1194: User Apostolos Kazopidis accessed
Αυγ 28, 2023 4:34:16 Μ.Μ. User toString
FINE: 1195: User Georgios Sakalas accessed
Αυγ 28, 2023 4:34:16 Μ.Μ. User toString
FINE: 1196: User test accessed
Αυγ 28, 2023 4:34:16 Μ.Μ. User toString
FINE: 1197: User Kal zzx accessed
Αυγ 28, 2023 4:34:16 Μ.Μ. User toString
FINE: 1198: User rwfrwfr rfwrgf accessed
Αυγ 28, 2023 4:34:16 Μ.Μ. User toString
FINE: 1199: User Apostolos Kazopidis accessed
Αυγ 28, 2023 4:34:16 Μ.Μ. User toString
FINE: 1200: User Georgios Sakalas accessed
Αυγ 28, 2023 4:34:16 Μ.Μ. User toString
FINE: 1201: User test accessed
Αυγ 28, 2023 4:34:16 Μ.Μ. User toString
FINE: 1202: User Kal zzx accessed
Αυγ 28, 2023 4:34:16 Μ.Μ. User toString
FINE: 1203: User rwfrwfr rfwrgf accessed
